2025-03-17 13:06:12,790 [INFO] Activator:176 - 


2025-03-17 13:06:12,801 [INFO] Activator:177 - !SESSION log4j initialized
2025-03-17 13:06:24,776 [INFO] LogOutputStream:77 - [STDOUT_REDIRECT] 
2025-03-17 13:06:28,906 [INFO] ApplicationProperties:184 - Using Application install path: C:\ST\STM32CubeIDE_1.16.1\STM32CubeIDE\plugins\com.st.stm32cube.common.mx_6.12.1.202409122256
2025-03-17 13:06:28,946 [INFO] DbMcusXml:78 - Set database path to: C:\ST\STM32CubeIDE_1.16.1\STM32CubeIDE\plugins\com.st.stm32cube.common.mx_6.12.1.202409122256\\db\/mcu/
2025-03-17 13:06:28,946 [INFO] ApiDb:274 - Set plugin database path to: C:\ST\STM32CubeIDE_1.16.1\STM32CubeIDE\plugins\com.st.stm32cube.common.mx_6.12.1.202409122256\\db\/plugins/boardmanager/
2025-03-17 13:06:28,946 [WARN] ApiDb:259 - Overriding images path with different value:  => C:\ST\STM32CubeIDE_1.16.1\STM32CubeIDE\plugins\com.st.stm32cube.common.mx_6.12.1.202409122256\\db\/plugins/mcufinder/images/
2025-03-17 13:06:28,968 [INFO] ApiDb:250 - Set database path to: C:\Users\talur\.stmcufinder\plugins\mcufinder//mcu/
2025-03-17 13:06:28,969 [INFO] DbMcusAds:125 - Set database path to: C:\Users\talur\.stmcufinder\plugins\mcufinder//mcu/
2025-03-17 13:06:28,973 [INFO] CrossReferenceDbSqlite:203 - Set database path to: C:\Users\talur\.stmcufinder\plugins\mcufinder//mcu/cs/
2025-03-17 13:06:29,189 [INFO] RulesReader:64 - Compatibility file has been processed (297 Rules)
2025-03-17 13:06:29,350 [INFO] DbMcusXml:78 - Set database path to: C:\ST\STM32CubeIDE_1.16.1\STM32CubeIDE\plugins\com.st.stm32cube.common.mx_6.12.1.202409122256\\db\/mcu/
2025-03-17 13:06:29,350 [INFO] ApiDb:274 - Set plugin database path to: C:\ST\STM32CubeIDE_1.16.1\STM32CubeIDE\plugins\com.st.stm32cube.common.mx_6.12.1.202409122256\\db\/plugins/boardmanager/
2025-03-17 13:06:29,350 [INFO] ApiDb:261 - Set plugin images path to: C:\ST\STM32CubeIDE_1.16.1\STM32CubeIDE\plugins\com.st.stm32cube.common.mx_6.12.1.202409122256\\db\/plugins/mcufinder/images/
2025-03-17 13:06:29,350 [WARN] DbFile:41 - Overriding database path with different value: C:\Users\talur\.stmcufinder\plugins\mcufinder/ => C:\Users\talur\.stmcufinder\plugins\mcufinder
2025-03-17 13:06:29,350 [INFO] ApiDb:250 - Set database path to: C:\Users\talur\.stmcufinder\plugins\mcufinder//mcu/
2025-03-17 13:06:29,350 [WARN] DbFile:41 - Overriding database path with different value: C:\Users\talur\.stmcufinder\plugins\mcufinder/ => C:\Users\talur\.stmcufinder\plugins\mcufinder
2025-03-17 13:06:29,350 [INFO] DbMcusAds:125 - Set database path to: C:\Users\talur\.stmcufinder\plugins\mcufinder//mcu/
2025-03-17 13:06:29,350 [WARN] DbFile:41 - Overriding database path with different value: C:\Users\talur\.stmcufinder\plugins\mcufinder/ => C:\Users\talur\.stmcufinder\plugins\mcufinder
2025-03-17 13:06:29,350 [WARN] DbFile:41 - Overriding database path with different value: C:\Users\talur\.stmcufinder\plugins\mcufinder/ => C:\Users\talur\.stmcufinder\plugins\mcufinder
2025-03-17 13:06:29,358 [INFO] CrossReferenceDbSqlite:203 - Set database path to: C:\Users\talur\.stmcufinder\plugins\mcufinder//mcu/cs/
2025-03-17 13:06:29,520 [INFO] MainPanel:268 - HeapMemory: 268435456
2025-03-17 13:06:29,771 [INFO] DbMcusXml:78 - Set database path to: C:\ST\STM32CubeIDE_1.16.1\STM32CubeIDE\plugins\com.st.stm32cube.common.mx_6.12.1.202409122256\\db\/mcu/
2025-03-17 13:06:29,771 [INFO] ApiDb:274 - Set plugin database path to: C:\ST\STM32CubeIDE_1.16.1\STM32CubeIDE\plugins\com.st.stm32cube.common.mx_6.12.1.202409122256\\db\/plugins/boardmanager/
2025-03-17 13:06:29,771 [INFO] ApiDb:261 - Set plugin images path to: C:\ST\STM32CubeIDE_1.16.1\STM32CubeIDE\plugins\com.st.stm32cube.common.mx_6.12.1.202409122256\\db\/plugins/mcufinder/images/
2025-03-17 13:06:29,771 [WARN] DbFile:41 - Overriding database path with different value: C:\Users\talur\.stmcufinder\plugins\mcufinder/ => C:\Users\talur\.stmcufinder\plugins\mcufinder
2025-03-17 13:06:29,773 [INFO] ApiDb:250 - Set database path to: C:\Users\talur\.stmcufinder\plugins\mcufinder//mcu/
2025-03-17 13:06:29,773 [WARN] DbFile:41 - Overriding database path with different value: C:\Users\talur\.stmcufinder\plugins\mcufinder/ => C:\Users\talur\.stmcufinder\plugins\mcufinder
2025-03-17 13:06:29,773 [INFO] DbMcusAds:125 - Set database path to: C:\Users\talur\.stmcufinder\plugins\mcufinder//mcu/
2025-03-17 13:06:29,773 [WARN] DbFile:41 - Overriding database path with different value: C:\Users\talur\.stmcufinder\plugins\mcufinder/ => C:\Users\talur\.stmcufinder\plugins\mcufinder
2025-03-17 13:06:29,773 [WARN] DbFile:41 - Overriding database path with different value: C:\Users\talur\.stmcufinder\plugins\mcufinder/ => C:\Users\talur\.stmcufinder\plugins\mcufinder
2025-03-17 13:06:29,773 [INFO] CrossReferenceDbSqlite:203 - Set database path to: C:\Users\talur\.stmcufinder\plugins\mcufinder//mcu/cs/
2025-03-17 13:06:29,812 [INFO] ApplicationProperties:184 - Using Application install path: C:\ST\STM32CubeIDE_1.16.1\STM32CubeIDE\plugins\com.st.stm32cube.common.mx_6.12.1.202409122256
2025-03-17 13:06:29,816 [INFO] PluginManage:196 - Search for loadable plugins [exclusion list=, ]
2025-03-17 13:06:29,820 [INFO] PluginManage:310 - Check plugin analytics
2025-03-17 13:06:30,169 [INFO] AnalyticsPlugin:253 - Accepted Software Licenses: 
2025-03-17 13:06:30,169 [INFO] AnalyticsPlugin:255 - Accepted CMSIS Pack Licenses: 
2025-03-17 13:06:30,171 [INFO] AnalyticsPlugin:257 - Accepted Firmware Licenses: FW.F4.1.28.0
2025-03-17 13:06:30,176 [INFO] PluginManage:359 - Loaded plugin analytics (category:tool,tabindex:-1)
2025-03-17 13:06:30,176 [INFO] PluginManage:310 - Check plugin cadmodel
2025-03-17 13:06:30,211 [INFO] CADModel:105 - Init CAD model plugin
2025-03-17 13:06:30,211 [INFO] PluginManage:359 - Loaded plugin cadmodel (category:power,tabindex:5)
2025-03-17 13:06:30,211 [INFO] PluginManage:310 - Check plugin clock
2025-03-17 13:06:30,250 [INFO] PluginManage:359 - Loaded plugin clock (category:base,tabindex:2)
2025-03-17 13:06:30,250 [INFO] PluginManage:310 - Check plugin ddr
2025-03-17 13:06:30,255 [INFO] PluginManage:359 - Loaded plugin ddr (category:tool,tabindex:6)
2025-03-17 13:06:30,255 [INFO] PluginManage:310 - Check plugin filemanager
2025-03-17 13:06:30,402 [ERROR] ConfigurationRetriever:142 - IOException on connection: Read timed out
2025-03-17 13:06:30,531 [INFO] PluginManage:359 - Loaded plugin filemanager (category:base,tabindex:10)
2025-03-17 13:06:30,531 [INFO] PluginManage:310 - Check plugin ipmanager
2025-03-17 13:06:30,546 [INFO] PluginManage:359 - Loaded plugin ipmanager (category:base,tabindex:5)
2025-03-17 13:06:30,546 [INFO] PluginManage:310 - Check plugin lpbam
2025-03-17 13:06:30,578 [INFO] PluginManage:359 - Loaded plugin lpbam (category:base,tabindex:0)
2025-03-17 13:06:30,578 [INFO] PluginManage:310 - Check plugin memorymap
2025-03-17 13:06:30,627 [INFO] PluginManage:359 - Loaded plugin memorymap (category:base,tabindex:4)
2025-03-17 13:06:30,628 [INFO] PluginManage:310 - Check plugin pinoutandconfiguration
2025-03-17 13:06:30,660 [INFO] PluginManage:359 - Loaded plugin pinoutandconfiguration (category:base,tabindex:1)
2025-03-17 13:06:30,660 [INFO] PluginManage:310 - Check plugin pinoutconfig
2025-03-17 13:06:30,858 [WARN] SupportedApi:132 - Cannot load RTOS API schema: s4s-elt-must-match.1: The content of 'definitions' must match (annotation?, (simpleType | complexType)?, (unique | key | keyref)*)). A problem was found starting at: attribute.
2025-03-17 13:06:31,107 [INFO] PluginManage:359 - Loaded plugin pinoutconfig (category:base,tabindex:0)
2025-03-17 13:06:31,107 [INFO] PluginManage:310 - Check plugin power
2025-03-17 13:06:31,150 [INFO] PluginManage:359 - Loaded plugin power (category:power,tabindex:4)
2025-03-17 13:06:31,151 [INFO] PluginManage:310 - Check plugin projectmanager
2025-03-17 13:06:31,180 [INFO] PluginManage:359 - Loaded plugin projectmanager (category:projectmanager,tabindex:4)
2025-03-17 13:06:31,181 [INFO] PluginManage:310 - Check plugin rif
2025-03-17 13:06:31,219 [INFO] PluginManage:359 - Loaded plugin rif (category:base,tabindex:3)
2025-03-17 13:06:31,220 [INFO] PluginManage:310 - Check plugin thirdparty
2025-03-17 13:06:31,804 [INFO] PluginManage:359 - Loaded plugin thirdparty (category:base,tabindex:-1)
2025-03-17 13:06:31,804 [WARN] IntegrityCheckThread:84 - waiting for thirdparty lock release [integrity check]
2025-03-17 13:06:31,805 [INFO] IntegrityCheckThread:86 - entering critical section [integrity check]
2025-03-17 13:06:31,805 [INFO] PluginManage:310 - Check plugin tools
2025-03-17 13:06:31,805 [INFO] ThirdPartyUpdaterWithRetryManager:70 - Updater plugin not ready yet. [1/15]
2025-03-17 13:06:31,882 [INFO] PluginManage:359 - Loaded plugin tools (category:base,tabindex:7)
2025-03-17 13:06:31,882 [INFO] PluginManage:310 - Check plugin tutovideos
2025-03-17 13:06:32,313 [INFO] PluginManage:359 - Loaded plugin tutovideos (category:base,tabindex:-1)
2025-03-17 13:06:32,313 [INFO] PluginManage:310 - Check plugin updater
2025-03-17 13:06:32,345 [INFO] PluginManage:359 - Loaded plugin updater (category:base,tabindex:12)
2025-03-17 13:06:32,346 [INFO] PluginManage:310 - Check plugin userauth
2025-03-17 13:06:32,356 [INFO] UserAuth:113 - Init User Auth plugin
2025-03-17 13:06:32,357 [INFO] PluginManage:359 - Loaded plugin userauth (category:base,tabindex:14)
2025-03-17 13:06:32,358 [INFO] PluginManage:283 - PluginManage : Loaded plugins [18]
2025-03-17 13:06:32,908 [INFO] PinOutPanel:1561 - setPackage(No Configuration,No Configuration)
2025-03-17 13:06:33,108 [INFO] CADModel:165 - CPN selected for project level
2025-03-17 13:06:33,109 [INFO] CADModel:114 - Register for checkConnection events
2025-03-17 13:06:33,162 [INFO] IPUIPlugin:80 - create IPUIPlugin
2025-03-17 13:06:33,162 [INFO] PluginManager:220 - loadIPPluginJar : add adc
2025-03-17 13:06:33,253 [INFO] IPUIPlugin:80 - create IPUIPlugin
2025-03-17 13:06:33,253 [INFO] PluginManager:220 - loadIPPluginJar : add aes
2025-03-17 13:06:33,351 [INFO] IPUIPlugin:80 - create IPUIPlugin
2025-03-17 13:06:33,351 [INFO] PluginManager:220 - loadIPPluginJar : add can
2025-03-17 13:06:33,404 [INFO] IPUIPlugin:80 - create IPUIPlugin
2025-03-17 13:06:33,404 [INFO] PluginManager:220 - loadIPPluginJar : add comp
2025-03-17 13:06:33,481 [INFO] IPUIPlugin:80 - create IPUIPlugin
2025-03-17 13:06:33,481 [INFO] PluginManager:220 - loadIPPluginJar : add cryp
2025-03-17 13:06:33,506 [INFO] IPUIPlugin:80 - create IPUIPlugin
2025-03-17 13:06:33,506 [INFO] PluginManager:220 - loadIPPluginJar : add ddr_ctrl_phy
2025-03-17 13:06:33,567 [INFO] IPUIPlugin:80 - create IPUIPlugin
2025-03-17 13:06:33,567 [INFO] PluginManager:220 - loadIPPluginJar : add dfsdm
2025-03-17 13:06:33,592 [INFO] IPUIPlugin:80 - create IPUIPlugin
2025-03-17 13:06:33,593 [INFO] PluginManager:220 - loadIPPluginJar : add dma
2025-03-17 13:06:33,681 [INFO] IPUIPlugin:80 - create IPUIPlugin
2025-03-17 13:06:33,681 [INFO] PluginManager:220 - loadIPPluginJar : add dma3
2025-03-17 13:06:33,774 [INFO] IPUIPlugin:80 - create IPUIPlugin
2025-03-17 13:06:33,774 [INFO] PluginManager:220 - loadIPPluginJar : add extmemmanager
2025-03-17 13:06:33,816 [INFO] IPUIPlugin:80 - create IPUIPlugin
2025-03-17 13:06:33,816 [INFO] PluginManager:220 - loadIPPluginJar : add fatfs
2025-03-17 13:06:33,903 [INFO] IPUIPlugin:80 - create IPUIPlugin
2025-03-17 13:06:33,905 [INFO] PluginManager:220 - loadIPPluginJar : add fmc
2025-03-17 13:06:33,932 [INFO] IPUIPlugin:80 - create IPUIPlugin
2025-03-17 13:06:33,932 [INFO] PluginManager:220 - loadIPPluginJar : add freertos
2025-03-17 13:06:33,977 [INFO] IPUIPlugin:80 - create IPUIPlugin
2025-03-17 13:06:33,978 [INFO] PluginManager:220 - loadIPPluginJar : add genericplugin
2025-03-17 13:06:34,181 [INFO] IPUIPlugin:80 - create IPUIPlugin
2025-03-17 13:06:34,181 [INFO] PluginManager:220 - loadIPPluginJar : add gfxmmu
2025-03-17 13:06:34,450 [INFO] IPUIPlugin:80 - create IPUIPlugin
2025-03-17 13:06:34,450 [INFO] PluginManager:220 - loadIPPluginJar : add gic
2025-03-17 13:06:34,474 [INFO] IPUIPlugin:80 - create IPUIPlugin
2025-03-17 13:06:34,474 [INFO] PluginManager:220 - loadIPPluginJar : add gpio
2025-03-17 13:06:34,652 [INFO] IPUIPlugin:80 - create IPUIPlugin
2025-03-17 13:06:34,652 [INFO] PluginManager:220 - loadIPPluginJar : add gtzc
2025-03-17 13:06:34,731 [INFO] IPUIPlugin:80 - create IPUIPlugin
2025-03-17 13:06:34,732 [INFO] PluginManager:220 - loadIPPluginJar : add hash
2025-03-17 13:06:34,807 [INFO] ThirdPartyUpdaterWithRetryManager:70 - Updater plugin not ready yet. [2/15]
2025-03-17 13:06:34,839 [INFO] IPUIPlugin:80 - create IPUIPlugin
2025-03-17 13:06:34,839 [INFO] PluginManager:220 - loadIPPluginJar : add i2c
2025-03-17 13:06:34,930 [INFO] IPUIPlugin:80 - create IPUIPlugin
2025-03-17 13:06:34,930 [INFO] PluginManager:220 - loadIPPluginJar : add i2s
2025-03-17 13:06:35,013 [INFO] IPUIPlugin:80 - create IPUIPlugin
2025-03-17 13:06:35,013 [INFO] PluginManager:220 - loadIPPluginJar : add i3c
2025-03-17 13:06:35,178 [ERROR] ConfigurationRetriever:142 - IOException on connection: Connect timed out
2025-03-17 13:06:35,216 [INFO] IPUIPlugin:80 - create IPUIPlugin
2025-03-17 13:06:35,216 [INFO] PluginManager:220 - loadIPPluginJar : add ipddr
2025-03-17 13:06:35,402 [INFO] IPUIPlugin:80 - create IPUIPlugin
2025-03-17 13:06:35,402 [INFO] PluginManager:220 - loadIPPluginJar : add linkedlist
2025-03-17 13:06:35,469 [INFO] IPUIPlugin:80 - create IPUIPlugin
2025-03-17 13:06:35,469 [INFO] PluginManager:220 - loadIPPluginJar : add lorawan
2025-03-17 13:06:35,540 [INFO] IPUIPlugin:80 - create IPUIPlugin
2025-03-17 13:06:35,541 [INFO] PluginManager:220 - loadIPPluginJar : add ltdc
2025-03-17 13:06:35,567 [INFO] IPUIPlugin:80 - create IPUIPlugin
2025-03-17 13:06:35,567 [INFO] PluginManager:220 - loadIPPluginJar : add mdma
2025-03-17 13:06:35,588 [INFO] IPUIPlugin:80 - create IPUIPlugin
2025-03-17 13:06:35,588 [INFO] PluginManager:220 - loadIPPluginJar : add nvic
2025-03-17 13:06:35,669 [INFO] IPUIPlugin:80 - create IPUIPlugin
2025-03-17 13:06:35,669 [INFO] PluginManager:220 - loadIPPluginJar : add opamp
2025-03-17 13:06:35,782 [INFO] IPUIPlugin:80 - create IPUIPlugin
2025-03-17 13:06:35,782 [INFO] PluginManager:220 - loadIPPluginJar : add openamp
2025-03-17 13:06:35,862 [INFO] IPUIPlugin:80 - create IPUIPlugin
2025-03-17 13:06:35,863 [INFO] PluginManager:220 - loadIPPluginJar : add pdm2pcm
2025-03-17 13:06:35,886 [INFO] IPUIPlugin:80 - create IPUIPlugin
2025-03-17 13:06:35,890 [INFO] PluginManager:220 - loadIPPluginJar : add plateformsettings
2025-03-17 13:06:35,930 [INFO] IPUIPlugin:80 - create IPUIPlugin
2025-03-17 13:06:35,930 [INFO] PluginManager:220 - loadIPPluginJar : add quadspi
2025-03-17 13:06:35,977 [INFO] IPUIPlugin:80 - create IPUIPlugin
2025-03-17 13:06:35,979 [INFO] PluginManager:220 - loadIPPluginJar : add radio
2025-03-17 13:06:36,000 [INFO] IPUIPlugin:80 - create IPUIPlugin
2025-03-17 13:06:36,000 [INFO] PluginManager:220 - loadIPPluginJar : add resmgrutility
2025-03-17 13:06:36,080 [INFO] IPUIPlugin:80 - create IPUIPlugin
2025-03-17 13:06:36,081 [INFO] PluginManager:220 - loadIPPluginJar : add sai
2025-03-17 13:06:36,149 [INFO] IPUIPlugin:80 - create IPUIPlugin
2025-03-17 13:06:36,149 [INFO] PluginManager:220 - loadIPPluginJar : add spi
2025-03-17 13:06:36,274 [INFO] IPUIPlugin:80 - create IPUIPlugin
2025-03-17 13:06:36,274 [INFO] PluginManager:220 - loadIPPluginJar : add stm32_wpan
2025-03-17 13:06:36,326 [INFO] IPUIPlugin:80 - create IPUIPlugin
2025-03-17 13:06:36,326 [INFO] PluginManager:220 - loadIPPluginJar : add tim
2025-03-17 13:06:36,439 [INFO] IPUIPlugin:80 - create IPUIPlugin
2025-03-17 13:06:36,440 [INFO] PluginManager:220 - loadIPPluginJar : add touchsensing
2025-03-17 13:06:36,495 [INFO] IPUIPlugin:80 - create IPUIPlugin
2025-03-17 13:06:36,496 [INFO] PluginManager:220 - loadIPPluginJar : add tracer_emb
2025-03-17 13:06:36,539 [INFO] IPUIPlugin:80 - create IPUIPlugin
2025-03-17 13:06:36,539 [INFO] PluginManager:220 - loadIPPluginJar : add ts
2025-03-17 13:06:36,584 [INFO] IPUIPlugin:80 - create IPUIPlugin
2025-03-17 13:06:36,584 [INFO] PluginManager:220 - loadIPPluginJar : add tsc
2025-03-17 13:06:36,624 [INFO] IPUIPlugin:80 - create IPUIPlugin
2025-03-17 13:06:36,624 [INFO] PluginManager:220 - loadIPPluginJar : add ucpd
2025-03-17 13:06:36,723 [INFO] IPUIPlugin:80 - create IPUIPlugin
2025-03-17 13:06:36,723 [INFO] PluginManager:220 - loadIPPluginJar : add usart
2025-03-17 13:06:36,801 [INFO] IPUIPlugin:80 - create IPUIPlugin
2025-03-17 13:06:36,801 [INFO] PluginManager:220 - loadIPPluginJar : add usbx
2025-03-17 13:06:36,971 [INFO] CADModel:165 - CPN selected for project level
2025-03-17 13:06:36,971 [INFO] CADModel:114 - Register for checkConnection events
2025-03-17 13:06:36,971 [FATAL] Updater:334 - Updater called before beeing initialized
2025-03-17 13:06:36,971 [ERROR] CADModel:125 - Updater not yet initialized, retry later 
2025-03-17 13:06:37,187 [INFO] CADModel:165 - CPN selected for project level
2025-03-17 13:06:37,187 [INFO] CADModel:114 - Register for checkConnection events
2025-03-17 13:06:37,187 [FATAL] Updater:334 - Updater called before beeing initialized
2025-03-17 13:06:37,188 [ERROR] CADModel:125 - Updater not yet initialized, retry later 
2025-03-17 13:06:37,195 [FATAL] Updater:334 - Updater called before beeing initialized
2025-03-17 13:06:37,374 [FATAL] Updater:334 - Updater called before beeing initialized
2025-03-17 13:06:37,389 [INFO] DbMcusAds:53 - JSON generation date=Thu Mar 06 20:24:21 IST 2025 (1741272861825)
2025-03-17 13:06:37,389 [FATAL] Updater:334 - Updater called before beeing initialized
2025-03-17 13:06:37,445 [WARN] DetailPanel:346 - Failed to get advertising image, set to default
2025-03-17 13:06:37,585 [FATAL] Updater:334 - Updater called before beeing initialized
2025-03-17 13:06:37,590 [FATAL] Updater:334 - Updater called before beeing initialized
2025-03-17 13:06:37,590 [FATAL] Updater:334 - Updater called before beeing initialized
2025-03-17 13:06:37,590 [WARN] DetailPanel:346 - Failed to get advertising image, set to default
2025-03-17 13:06:37,592 [FATAL] Updater:334 - Updater called before beeing initialized
2025-03-17 13:06:37,717 [ERROR] Updater:1164 - MainUpdater not yet initialized. External WinMGr cannot be set.
2025-03-17 13:06:37,739 [INFO] Updater:1100 - Updater Version found : 6.12.1
2025-03-17 13:06:37,772 [INFO] ApplicationProperties:184 - Using Application install path: C:\ST\STM32CubeIDE_1.16.1\STM32CubeIDE\plugins\com.st.stm32cube.common.mx_6.12.1.202409122256
2025-03-17 13:06:37,808 [INFO] ThirdPartyUpdaterWithRetryManager:70 - Updater plugin not ready yet. [3/15]
2025-03-17 13:06:39,391 [ERROR] LogOutputStream:75 - [STDERR_REDIRECT] Mar 17, 2025 1:06:39 PM java.util.prefs.WindowsPreferences <init>
2025-03-17 13:06:39,394 [ERROR] LogOutputStream:75 - [STDERR_REDIRECT] WARNING: Could not open/create prefs root node Software\JavaSoft\Prefs at root 0xffffffff80000002. Windows RegCreateKeyEx(...) returned error code 5.
2025-03-17 13:06:39,394 [ERROR] LogOutputStream:75 - [STDERR_REDIRECT] 
2025-03-17 13:06:40,183 [ERROR] ConfigurationRetriever:142 - IOException on connection: Connect timed out
2025-03-17 13:06:40,811 [FATAL] Updater:334 - Updater called before beeing initialized
2025-03-17 13:06:40,812 [ERROR] IntegrityCheckThread:130 - Cannot retrieve database content from updater: error 21
2025-03-17 13:06:40,814 [INFO] ThirdParty:978 - Integrity check success = false
2025-03-17 13:06:40,815 [INFO] IntegrityCheckThread:100 - exiting critical section [integrity check]
2025-03-17 13:06:40,815 [INFO] IntegrityCheckThread:103 - End integrity checks thread
2025-03-17 13:06:44,079 [WARN] CheckConnectionManager:291 - Warning during Server Connection :  timeout Connect to sw-center.st.com:443 [sw-center.st.com/23.46.187.145, sw-center.st.com/23.46.187.155] failed: Connect timed out
2025-03-17 13:06:45,186 [ERROR] ConfigurationRetriever:142 - IOException on connection: Connect timed out
2025-03-17 13:06:48,086 [WARN] CheckConnectionManager:291 - Warning during Server Connection :  timeout Connect to sw-center.st.com:443 [sw-center.st.com/23.46.187.145, sw-center.st.com/23.46.187.155] failed: Connect timed out
2025-03-17 13:06:48,094 [INFO] MainUpdater:2873 - connection check result : 22
2025-03-17 13:06:48,097 [INFO] MainUpdater:290 - Updater Check For Update Now.
2025-03-17 13:06:48,097 [INFO] MicroXplorer:498 - Change Database Version : DB.6.0.121
2025-03-17 13:06:48,184 [INFO] McuFinderGlobals:63 - Set McuFinder mode to 2 (CubeIDE integrated)
2025-03-17 13:06:48,186 [INFO] UserAuth:179 - activating auth plugin
2025-03-17 13:06:48,194 [INFO] UserAuth:417 - Internet connection configuration mode: 2
2025-03-17 13:06:48,250 [INFO] UserAuth:417 - Internet connection configuration mode: 2
2025-03-17 13:06:48,576 [INFO] CheckServerUpdateThread:120 - End of CheckServer Thread
2025-03-17 21:46:10,594 [ERROR] LogOutputStream:75 - [STDERR_REDIRECT] 
