2024-11-29 10:18:53,339 [INFO] Activator:176 - 


2024-11-29 10:18:53,347 [INFO] Activator:177 - !SESSION log4j initialized
2024-11-29 10:19:04,043 [INFO] LogOutputStream:77 - [STDOUT_REDIRECT] 
2024-11-29 10:19:06,840 [INFO] ApplicationProperties:184 - Using Application install path: C:\ST\STM32CubeIDE_1.16.1\STM32CubeIDE\plugins\com.st.stm32cube.common.mx_6.12.1.202409122256
2024-11-29 10:19:06,879 [INFO] DbMcusXml:78 - Set database path to: C:\ST\STM32CubeIDE_1.16.1\STM32CubeIDE\plugins\com.st.stm32cube.common.mx_6.12.1.202409122256\\db\/mcu/
2024-11-29 10:19:06,880 [INFO] ApiDb:274 - Set plugin database path to: C:\ST\STM32CubeIDE_1.16.1\STM32CubeIDE\plugins\com.st.stm32cube.common.mx_6.12.1.202409122256\\db\/plugins/boardmanager/
2024-11-29 10:19:06,881 [WARN] ApiDb:259 - Overriding images path with different value:  => C:\ST\STM32CubeIDE_1.16.1\STM32CubeIDE\plugins\com.st.stm32cube.common.mx_6.12.1.202409122256\\db\/plugins/mcufinder/images/
2024-11-29 10:19:06,907 [INFO] ApiDb:250 - Set database path to: C:\Users\talur\.stmcufinder\plugins\mcufinder//mcu/
2024-11-29 10:19:06,909 [INFO] DbMcusAds:125 - Set database path to: C:\Users\talur\.stmcufinder\plugins\mcufinder//mcu/
2024-11-29 10:19:06,915 [INFO] CrossReferenceDbSqlite:203 - Set database path to: C:\Users\talur\.stmcufinder\plugins\mcufinder//mcu/cs/
2024-11-29 10:19:07,109 [INFO] RulesReader:64 - Compatibility file has been processed (297 Rules)
2024-11-29 10:19:07,235 [INFO] DbMcusXml:78 - Set database path to: C:\ST\STM32CubeIDE_1.16.1\STM32CubeIDE\plugins\com.st.stm32cube.common.mx_6.12.1.202409122256\\db\/mcu/
2024-11-29 10:19:07,236 [INFO] ApiDb:274 - Set plugin database path to: C:\ST\STM32CubeIDE_1.16.1\STM32CubeIDE\plugins\com.st.stm32cube.common.mx_6.12.1.202409122256\\db\/plugins/boardmanager/
2024-11-29 10:19:07,236 [INFO] ApiDb:261 - Set plugin images path to: C:\ST\STM32CubeIDE_1.16.1\STM32CubeIDE\plugins\com.st.stm32cube.common.mx_6.12.1.202409122256\\db\/plugins/mcufinder/images/
2024-11-29 10:19:07,237 [WARN] DbFile:41 - Overriding database path with different value: C:\Users\talur\.stmcufinder\plugins\mcufinder/ => C:\Users\talur\.stmcufinder\plugins\mcufinder
2024-11-29 10:19:07,237 [INFO] ApiDb:250 - Set database path to: C:\Users\talur\.stmcufinder\plugins\mcufinder//mcu/
2024-11-29 10:19:07,238 [WARN] DbFile:41 - Overriding database path with different value: C:\Users\talur\.stmcufinder\plugins\mcufinder/ => C:\Users\talur\.stmcufinder\plugins\mcufinder
2024-11-29 10:19:07,238 [INFO] DbMcusAds:125 - Set database path to: C:\Users\talur\.stmcufinder\plugins\mcufinder//mcu/
2024-11-29 10:19:07,239 [WARN] DbFile:41 - Overriding database path with different value: C:\Users\talur\.stmcufinder\plugins\mcufinder/ => C:\Users\talur\.stmcufinder\plugins\mcufinder
2024-11-29 10:19:07,239 [WARN] DbFile:41 - Overriding database path with different value: C:\Users\talur\.stmcufinder\plugins\mcufinder/ => C:\Users\talur\.stmcufinder\plugins\mcufinder
2024-11-29 10:19:07,239 [INFO] CrossReferenceDbSqlite:203 - Set database path to: C:\Users\talur\.stmcufinder\plugins\mcufinder//mcu/cs/
2024-11-29 10:19:07,406 [INFO] MainPanel:268 - HeapMemory: 268435456
2024-11-29 10:19:07,710 [INFO] DbMcusXml:78 - Set database path to: C:\ST\STM32CubeIDE_1.16.1\STM32CubeIDE\plugins\com.st.stm32cube.common.mx_6.12.1.202409122256\\db\/mcu/
2024-11-29 10:19:07,710 [INFO] ApiDb:274 - Set plugin database path to: C:\ST\STM32CubeIDE_1.16.1\STM32CubeIDE\plugins\com.st.stm32cube.common.mx_6.12.1.202409122256\\db\/plugins/boardmanager/
2024-11-29 10:19:07,710 [INFO] ApiDb:261 - Set plugin images path to: C:\ST\STM32CubeIDE_1.16.1\STM32CubeIDE\plugins\com.st.stm32cube.common.mx_6.12.1.202409122256\\db\/plugins/mcufinder/images/
2024-11-29 10:19:07,711 [WARN] DbFile:41 - Overriding database path with different value: C:\Users\talur\.stmcufinder\plugins\mcufinder/ => C:\Users\talur\.stmcufinder\plugins\mcufinder
2024-11-29 10:19:07,711 [INFO] ApiDb:250 - Set database path to: C:\Users\talur\.stmcufinder\plugins\mcufinder//mcu/
2024-11-29 10:19:07,711 [WARN] DbFile:41 - Overriding database path with different value: C:\Users\talur\.stmcufinder\plugins\mcufinder/ => C:\Users\talur\.stmcufinder\plugins\mcufinder
2024-11-29 10:19:07,711 [INFO] DbMcusAds:125 - Set database path to: C:\Users\talur\.stmcufinder\plugins\mcufinder//mcu/
2024-11-29 10:19:07,711 [WARN] DbFile:41 - Overriding database path with different value: C:\Users\talur\.stmcufinder\plugins\mcufinder/ => C:\Users\talur\.stmcufinder\plugins\mcufinder
2024-11-29 10:19:07,711 [WARN] DbFile:41 - Overriding database path with different value: C:\Users\talur\.stmcufinder\plugins\mcufinder/ => C:\Users\talur\.stmcufinder\plugins\mcufinder
2024-11-29 10:19:07,711 [INFO] CrossReferenceDbSqlite:203 - Set database path to: C:\Users\talur\.stmcufinder\plugins\mcufinder//mcu/cs/
2024-11-29 10:19:07,738 [INFO] ApplicationProperties:184 - Using Application install path: C:\ST\STM32CubeIDE_1.16.1\STM32CubeIDE\plugins\com.st.stm32cube.common.mx_6.12.1.202409122256
2024-11-29 10:19:07,740 [INFO] PluginManage:196 - Search for loadable plugins [exclusion list=, ]
2024-11-29 10:19:07,742 [INFO] PluginManage:310 - Check plugin analytics
2024-11-29 10:19:08,079 [INFO] AnalyticsPlugin:253 - Accepted Software Licenses: 
2024-11-29 10:19:08,080 [INFO] AnalyticsPlugin:255 - Accepted CMSIS Pack Licenses: 
2024-11-29 10:19:08,081 [INFO] AnalyticsPlugin:257 - Accepted Firmware Licenses: FW.F4.1.28.0
2024-11-29 10:19:08,092 [INFO] PluginManage:359 - Loaded plugin analytics (category:tool,tabindex:-1)
2024-11-29 10:19:08,093 [INFO] PluginManage:310 - Check plugin cadmodel
2024-11-29 10:19:08,138 [INFO] CADModel:105 - Init CAD model plugin
2024-11-29 10:19:08,140 [INFO] PluginManage:359 - Loaded plugin cadmodel (category:power,tabindex:5)
2024-11-29 10:19:08,140 [INFO] PluginManage:310 - Check plugin clock
2024-11-29 10:19:08,209 [INFO] PluginManage:359 - Loaded plugin clock (category:base,tabindex:2)
2024-11-29 10:19:08,209 [INFO] PluginManage:310 - Check plugin ddr
2024-11-29 10:19:08,221 [INFO] PluginManage:359 - Loaded plugin ddr (category:tool,tabindex:6)
2024-11-29 10:19:08,222 [INFO] PluginManage:310 - Check plugin filemanager
2024-11-29 10:19:08,607 [INFO] PluginManage:359 - Loaded plugin filemanager (category:base,tabindex:10)
2024-11-29 10:19:08,607 [INFO] PluginManage:310 - Check plugin ipmanager
2024-11-29 10:19:08,626 [INFO] PluginManage:359 - Loaded plugin ipmanager (category:base,tabindex:5)
2024-11-29 10:19:08,627 [INFO] PluginManage:310 - Check plugin lpbam
2024-11-29 10:19:08,670 [INFO] PluginManage:359 - Loaded plugin lpbam (category:base,tabindex:0)
2024-11-29 10:19:08,671 [INFO] PluginManage:310 - Check plugin memorymap
2024-11-29 10:19:08,755 [INFO] PluginManage:359 - Loaded plugin memorymap (category:base,tabindex:4)
2024-11-29 10:19:08,756 [INFO] PluginManage:310 - Check plugin pinoutandconfiguration
2024-11-29 10:19:08,815 [INFO] PluginManage:359 - Loaded plugin pinoutandconfiguration (category:base,tabindex:1)
2024-11-29 10:19:08,816 [INFO] PluginManage:310 - Check plugin pinoutconfig
2024-11-29 10:19:09,102 [WARN] SupportedApi:132 - Cannot load RTOS API schema: s4s-elt-must-match.1: The content of 'definitions' must match (annotation?, (simpleType | complexType)?, (unique | key | keyref)*)). A problem was found starting at: attribute.
2024-11-29 10:19:09,427 [INFO] PluginManage:359 - Loaded plugin pinoutconfig (category:base,tabindex:0)
2024-11-29 10:19:09,428 [INFO] PluginManage:310 - Check plugin power
2024-11-29 10:19:09,480 [INFO] PluginManage:359 - Loaded plugin power (category:power,tabindex:4)
2024-11-29 10:19:09,481 [INFO] PluginManage:310 - Check plugin projectmanager
2024-11-29 10:19:09,524 [INFO] PluginManage:359 - Loaded plugin projectmanager (category:projectmanager,tabindex:4)
2024-11-29 10:19:09,525 [INFO] PluginManage:310 - Check plugin rif
2024-11-29 10:19:09,564 [INFO] PluginManage:359 - Loaded plugin rif (category:base,tabindex:3)
2024-11-29 10:19:09,565 [INFO] PluginManage:310 - Check plugin thirdparty
2024-11-29 10:19:10,023 [INFO] PluginManage:359 - Loaded plugin thirdparty (category:base,tabindex:-1)
2024-11-29 10:19:10,023 [WARN] IntegrityCheckThread:84 - waiting for thirdparty lock release [integrity check]
2024-11-29 10:19:10,024 [INFO] PluginManage:310 - Check plugin tools
2024-11-29 10:19:10,024 [INFO] IntegrityCheckThread:86 - entering critical section [integrity check]
2024-11-29 10:19:10,025 [INFO] ThirdPartyUpdaterWithRetryManager:70 - Updater plugin not ready yet. [1/15]
2024-11-29 10:19:10,085 [INFO] PluginManage:359 - Loaded plugin tools (category:base,tabindex:7)
2024-11-29 10:19:10,086 [INFO] PluginManage:310 - Check plugin tutovideos
2024-11-29 10:19:10,543 [INFO] PluginManage:359 - Loaded plugin tutovideos (category:base,tabindex:-1)
2024-11-29 10:19:10,544 [INFO] PluginManage:310 - Check plugin updater
2024-11-29 10:19:10,583 [INFO] PluginManage:359 - Loaded plugin updater (category:base,tabindex:12)
2024-11-29 10:19:10,583 [INFO] PluginManage:310 - Check plugin userauth
2024-11-29 10:19:10,598 [INFO] UserAuth:113 - Init User Auth plugin
2024-11-29 10:19:10,598 [INFO] PluginManage:359 - Loaded plugin userauth (category:base,tabindex:14)
2024-11-29 10:19:10,600 [INFO] PluginManage:283 - PluginManage : Loaded plugins [18]
2024-11-29 10:19:10,929 [INFO] PinOutPanel:1561 - setPackage(No Configuration,No Configuration)
2024-11-29 10:19:11,050 [INFO] CADModel:165 - CPN selected for project level
2024-11-29 10:19:11,051 [INFO] CADModel:114 - Register for checkConnection events
2024-11-29 10:19:11,101 [INFO] IPUIPlugin:80 - create IPUIPlugin
2024-11-29 10:19:11,102 [INFO] PluginManager:220 - loadIPPluginJar : add adc
2024-11-29 10:19:11,209 [INFO] IPUIPlugin:80 - create IPUIPlugin
2024-11-29 10:19:11,209 [INFO] PluginManager:220 - loadIPPluginJar : add aes
2024-11-29 10:19:11,313 [INFO] IPUIPlugin:80 - create IPUIPlugin
2024-11-29 10:19:11,314 [INFO] PluginManager:220 - loadIPPluginJar : add can
2024-11-29 10:19:11,351 [INFO] IPUIPlugin:80 - create IPUIPlugin
2024-11-29 10:19:11,353 [INFO] PluginManager:220 - loadIPPluginJar : add comp
2024-11-29 10:19:11,404 [INFO] IPUIPlugin:80 - create IPUIPlugin
2024-11-29 10:19:11,404 [INFO] PluginManager:220 - loadIPPluginJar : add cryp
2024-11-29 10:19:11,424 [INFO] IPUIPlugin:80 - create IPUIPlugin
2024-11-29 10:19:11,424 [INFO] PluginManager:220 - loadIPPluginJar : add ddr_ctrl_phy
2024-11-29 10:19:11,529 [INFO] IPUIPlugin:80 - create IPUIPlugin
2024-11-29 10:19:11,529 [INFO] PluginManager:220 - loadIPPluginJar : add dfsdm
2024-11-29 10:19:11,566 [INFO] IPUIPlugin:80 - create IPUIPlugin
2024-11-29 10:19:11,568 [INFO] PluginManager:220 - loadIPPluginJar : add dma
2024-11-29 10:19:11,679 [INFO] IPUIPlugin:80 - create IPUIPlugin
2024-11-29 10:19:11,679 [INFO] PluginManager:220 - loadIPPluginJar : add dma3
2024-11-29 10:19:11,749 [INFO] IPUIPlugin:80 - create IPUIPlugin
2024-11-29 10:19:11,750 [INFO] PluginManager:220 - loadIPPluginJar : add extmemmanager
2024-11-29 10:19:11,785 [INFO] IPUIPlugin:80 - create IPUIPlugin
2024-11-29 10:19:11,785 [INFO] PluginManager:220 - loadIPPluginJar : add fatfs
2024-11-29 10:19:11,859 [INFO] IPUIPlugin:80 - create IPUIPlugin
2024-11-29 10:19:11,860 [INFO] PluginManager:220 - loadIPPluginJar : add fmc
2024-11-29 10:19:11,880 [INFO] IPUIPlugin:80 - create IPUIPlugin
2024-11-29 10:19:11,881 [INFO] PluginManager:220 - loadIPPluginJar : add freertos
2024-11-29 10:19:11,913 [INFO] IPUIPlugin:80 - create IPUIPlugin
2024-11-29 10:19:11,914 [INFO] PluginManager:220 - loadIPPluginJar : add genericplugin
2024-11-29 10:19:12,064 [INFO] IPUIPlugin:80 - create IPUIPlugin
2024-11-29 10:19:12,064 [INFO] PluginManager:220 - loadIPPluginJar : add gfxmmu
2024-11-29 10:19:12,259 [INFO] IPUIPlugin:80 - create IPUIPlugin
2024-11-29 10:19:12,259 [INFO] PluginManager:220 - loadIPPluginJar : add gic
2024-11-29 10:19:12,277 [INFO] IPUIPlugin:80 - create IPUIPlugin
2024-11-29 10:19:12,277 [INFO] PluginManager:220 - loadIPPluginJar : add gpio
2024-11-29 10:19:12,400 [INFO] IPUIPlugin:80 - create IPUIPlugin
2024-11-29 10:19:12,400 [INFO] PluginManager:220 - loadIPPluginJar : add gtzc
2024-11-29 10:19:12,447 [INFO] IPUIPlugin:80 - create IPUIPlugin
2024-11-29 10:19:12,447 [INFO] PluginManager:220 - loadIPPluginJar : add hash
2024-11-29 10:19:12,521 [INFO] IPUIPlugin:80 - create IPUIPlugin
2024-11-29 10:19:12,521 [INFO] PluginManager:220 - loadIPPluginJar : add i2c
2024-11-29 10:19:12,579 [INFO] IPUIPlugin:80 - create IPUIPlugin
2024-11-29 10:19:12,579 [INFO] PluginManager:220 - loadIPPluginJar : add i2s
2024-11-29 10:19:12,636 [INFO] IPUIPlugin:80 - create IPUIPlugin
2024-11-29 10:19:12,636 [INFO] PluginManager:220 - loadIPPluginJar : add i3c
2024-11-29 10:19:12,770 [INFO] IPUIPlugin:80 - create IPUIPlugin
2024-11-29 10:19:12,770 [INFO] PluginManager:220 - loadIPPluginJar : add ipddr
2024-11-29 10:19:12,904 [INFO] IPUIPlugin:80 - create IPUIPlugin
2024-11-29 10:19:12,904 [INFO] PluginManager:220 - loadIPPluginJar : add linkedlist
2024-11-29 10:19:12,959 [INFO] IPUIPlugin:80 - create IPUIPlugin
2024-11-29 10:19:12,959 [INFO] PluginManager:220 - loadIPPluginJar : add lorawan
2024-11-29 10:19:13,011 [INFO] IPUIPlugin:80 - create IPUIPlugin
2024-11-29 10:19:13,011 [INFO] PluginManager:220 - loadIPPluginJar : add ltdc
2024-11-29 10:19:13,026 [INFO] ThirdPartyUpdaterWithRetryManager:70 - Updater plugin not ready yet. [2/15]
2024-11-29 10:19:13,030 [INFO] IPUIPlugin:80 - create IPUIPlugin
2024-11-29 10:19:13,031 [INFO] PluginManager:220 - loadIPPluginJar : add mdma
2024-11-29 10:19:13,048 [INFO] IPUIPlugin:80 - create IPUIPlugin
2024-11-29 10:19:13,048 [INFO] PluginManager:220 - loadIPPluginJar : add nvic
2024-11-29 10:19:13,103 [INFO] IPUIPlugin:80 - create IPUIPlugin
2024-11-29 10:19:13,103 [INFO] PluginManager:220 - loadIPPluginJar : add opamp
2024-11-29 10:19:13,201 [INFO] IPUIPlugin:80 - create IPUIPlugin
2024-11-29 10:19:13,201 [INFO] PluginManager:220 - loadIPPluginJar : add openamp
2024-11-29 10:19:13,262 [INFO] IPUIPlugin:80 - create IPUIPlugin
2024-11-29 10:19:13,262 [INFO] PluginManager:220 - loadIPPluginJar : add pdm2pcm
2024-11-29 10:19:13,285 [INFO] IPUIPlugin:80 - create IPUIPlugin
2024-11-29 10:19:13,289 [INFO] PluginManager:220 - loadIPPluginJar : add plateformsettings
2024-11-29 10:19:13,327 [INFO] IPUIPlugin:80 - create IPUIPlugin
2024-11-29 10:19:13,328 [INFO] PluginManager:220 - loadIPPluginJar : add quadspi
2024-11-29 10:19:13,371 [INFO] IPUIPlugin:80 - create IPUIPlugin
2024-11-29 10:19:13,372 [INFO] PluginManager:220 - loadIPPluginJar : add radio
2024-11-29 10:19:13,393 [INFO] IPUIPlugin:80 - create IPUIPlugin
2024-11-29 10:19:13,393 [INFO] PluginManager:220 - loadIPPluginJar : add resmgrutility
2024-11-29 10:19:13,459 [INFO] IPUIPlugin:80 - create IPUIPlugin
2024-11-29 10:19:13,459 [INFO] PluginManager:220 - loadIPPluginJar : add sai
2024-11-29 10:19:13,520 [INFO] IPUIPlugin:80 - create IPUIPlugin
2024-11-29 10:19:13,521 [INFO] PluginManager:220 - loadIPPluginJar : add spi
2024-11-29 10:19:13,627 [INFO] IPUIPlugin:80 - create IPUIPlugin
2024-11-29 10:19:13,627 [INFO] PluginManager:220 - loadIPPluginJar : add stm32_wpan
2024-11-29 10:19:13,666 [INFO] IPUIPlugin:80 - create IPUIPlugin
2024-11-29 10:19:13,667 [INFO] PluginManager:220 - loadIPPluginJar : add tim
2024-11-29 10:19:13,751 [INFO] IPUIPlugin:80 - create IPUIPlugin
2024-11-29 10:19:13,752 [INFO] PluginManager:220 - loadIPPluginJar : add touchsensing
2024-11-29 10:19:13,789 [INFO] IPUIPlugin:80 - create IPUIPlugin
2024-11-29 10:19:13,790 [INFO] PluginManager:220 - loadIPPluginJar : add tracer_emb
2024-11-29 10:19:13,828 [INFO] IPUIPlugin:80 - create IPUIPlugin
2024-11-29 10:19:13,828 [INFO] PluginManager:220 - loadIPPluginJar : add ts
2024-11-29 10:19:13,864 [INFO] IPUIPlugin:80 - create IPUIPlugin
2024-11-29 10:19:13,865 [INFO] PluginManager:220 - loadIPPluginJar : add tsc
2024-11-29 10:19:13,901 [INFO] IPUIPlugin:80 - create IPUIPlugin
2024-11-29 10:19:13,901 [INFO] PluginManager:220 - loadIPPluginJar : add ucpd
2024-11-29 10:19:13,979 [INFO] IPUIPlugin:80 - create IPUIPlugin
2024-11-29 10:19:13,979 [INFO] PluginManager:220 - loadIPPluginJar : add usart
2024-11-29 10:19:14,042 [INFO] IPUIPlugin:80 - create IPUIPlugin
2024-11-29 10:19:14,042 [INFO] PluginManager:220 - loadIPPluginJar : add usbx
2024-11-29 10:19:14,212 [INFO] CADModel:165 - CPN selected for project level
2024-11-29 10:19:14,212 [INFO] CADModel:114 - Register for checkConnection events
2024-11-29 10:19:14,212 [FATAL] Updater:334 - Updater called before beeing initialized
2024-11-29 10:19:14,212 [ERROR] CADModel:125 - Updater not yet initialized, retry later 
2024-11-29 10:19:14,398 [INFO] CADModel:165 - CPN selected for project level
2024-11-29 10:19:14,398 [INFO] CADModel:114 - Register for checkConnection events
2024-11-29 10:19:14,399 [FATAL] Updater:334 - Updater called before beeing initialized
2024-11-29 10:19:14,399 [ERROR] CADModel:125 - Updater not yet initialized, retry later 
2024-11-29 10:19:14,404 [FATAL] Updater:334 - Updater called before beeing initialized
2024-11-29 10:19:14,679 [FATAL] Updater:334 - Updater called before beeing initialized
2024-11-29 10:19:14,696 [INFO] DbMcusAds:53 - JSON generation date=Fri Sep 20 18:34:38 IST 2024 (1726837478367)
2024-11-29 10:19:14,696 [FATAL] Updater:334 - Updater called before beeing initialized
2024-11-29 10:19:14,745 [WARN] DetailPanel:346 - Failed to get advertising image, set to default
2024-11-29 10:19:14,851 [FATAL] Updater:334 - Updater called before beeing initialized
2024-11-29 10:19:14,853 [FATAL] Updater:334 - Updater called before beeing initialized
2024-11-29 10:19:14,853 [FATAL] Updater:334 - Updater called before beeing initialized
2024-11-29 10:19:14,853 [WARN] DetailPanel:346 - Failed to get advertising image, set to default
2024-11-29 10:19:14,855 [FATAL] Updater:334 - Updater called before beeing initialized
2024-11-29 10:19:14,969 [ERROR] Updater:1164 - MainUpdater not yet initialized. External WinMGr cannot be set.
2024-11-29 10:19:14,988 [INFO] Updater:1100 - Updater Version found : 6.12.1
2024-11-29 10:19:15,020 [INFO] ApplicationProperties:184 - Using Application install path: C:\ST\STM32CubeIDE_1.16.1\STM32CubeIDE\plugins\com.st.stm32cube.common.mx_6.12.1.202409122256
2024-11-29 10:19:16,027 [INFO] ThirdPartyUpdaterWithRetryManager:70 - Updater plugin not ready yet. [3/15]
2024-11-29 10:19:16,612 [ERROR] LogOutputStream:75 - [STDERR_REDIRECT] Nov 29, 2024 10:19:16 AM java.util.prefs.WindowsPreferences <init>
2024-11-29 10:19:16,613 [ERROR] LogOutputStream:75 - [STDERR_REDIRECT] WARNING: Could not open/create prefs root node Software\JavaSoft\Prefs at root 0xffffffff80000002. Windows RegCreateKeyEx(...) returned error code 5.
2024-11-29 10:19:16,614 [ERROR] LogOutputStream:75 - [STDERR_REDIRECT] 
2024-11-29 10:19:17,042 [INFO] MainUpdater:2873 - connection check result : 10
2024-11-29 10:19:17,043 [INFO] MainUpdater:3567 - Updater definition file requires update
2024-11-29 10:19:17,044 [INFO] MainUpdater:290 - Updater Check For Update Now.
2024-11-29 10:19:17,045 [INFO] MicroXplorer:498 - Change Database Version : DB.6.0.121
2024-11-29 10:19:17,076 [INFO] McuFinderGlobals:63 - Set McuFinder mode to 2 (CubeIDE integrated)
2024-11-29 10:19:17,077 [INFO] UserAuth:179 - activating auth plugin
2024-11-29 10:19:17,082 [INFO] UserAuth:417 - Internet connection configuration mode: 1
2024-11-29 10:19:17,089 [INFO] ServerAccessManage:473 - Download File updaters.zip
2024-11-29 10:19:17,140 [INFO] JxBrowserEngine:152 - Initiate JxBrowser Engine with user profile folder
2024-11-29 10:19:17,240 [INFO] FileExtend:240 - Unzip File : updaters.zip
2024-11-29 10:19:17,241 [INFO] FileExtend:255 - Standard Zip Deflate
2024-11-29 10:19:18,595 [INFO] ServerAccessManage:473 - Download File PacksControlFlags.xml
2024-11-29 10:19:18,860 [INFO] ServerAccessManage:473 - Download File cubemx.pidx
2024-11-29 10:19:19,081 [WARN] MainUpdater:1194 - Updater busy. Cannot search thirdparties
2024-11-29 10:19:19,082 [INFO] ThirdPartyUpdaterWithRetryManager:96 - Updater plugin is busy. [1/15]
2024-11-29 10:19:19,121 [INFO] LoadServerUpdatesThread:375 - End of LoadServerUpdate Thread
2024-11-29 10:19:19,621 [INFO] CheckServerUpdateThread:120 - End of CheckServer Thread
2024-11-29 10:19:22,777 [WARN] PackLoader:240 - Cannot read IP mode file for STMicroelectronics.FP-SNS-MOTENVWB1.1.4.0
2024-11-29 10:19:22,818 [WARN] PackLoader:240 - Cannot read IP mode file for STMicroelectronics.FP-ATR-ASTRA1.2.0.1
2024-11-29 10:19:22,856 [WARN] PackLoader:240 - Cannot read IP mode file for STMicroelectronics.X-CUBE-SMBUS.2.1.0
2024-11-29 10:19:22,892 [WARN] PackLoader:240 - Cannot read IP mode file for STMicroelectronics.X-CUBE-WB05N.1.1.0
2024-11-29 10:19:22,970 [WARN] PackLoader:240 - Cannot read IP mode file for STMicroelectronics.X-CUBE-AZRTOS-F7.1.1.0
2024-11-29 10:19:23,118 [WARN] PackLoader:240 - Cannot read IP mode file for STMicroelectronics.X-CUBE-MEMS1.11.0.0
2024-11-29 10:19:23,387 [WARN] PackLoader:240 - Cannot read IP mode file for STMicroelectronics.FP-SNS-FLIGHT1.5.0.2
2024-11-29 10:19:23,428 [WARN] PackLoader:240 - Cannot read IP mode file for STMicroelectronics.X-CUBE-DISPLAY.3.0.0
2024-11-29 10:19:23,472 [WARN] PackLoader:240 - Cannot read IP mode file for STMicroelectronics.X-CUBE-BLE1.7.0.0
2024-11-29 10:19:23,514 [WARN] PackLoader:240 - Cannot read IP mode file for STMicroelectronics.X-CUBE-NFC10.1.0.0
2024-11-29 10:19:23,561 [WARN] PackLoader:240 - Cannot read IP mode file for emotas.I-CUBE-CANOPEN.1.3.0
2024-11-29 10:19:23,602 [WARN] PackLoader:240 - Cannot read IP mode file for STMicroelectronics.X-CUBE-BLEMGR.3.1.0
2024-11-29 10:19:23,645 [WARN] PackLoader:240 - Cannot read IP mode file for STMicroelectronics.FP-SNS-SMARTAG2.1.2.0
2024-11-29 10:19:23,695 [INFO] LogOutputStream:77 - [STDOUT_REDIRECT] 1 : Invalid condition id : UX_CORESTACK_Condition cause : null
2024-11-29 10:19:23,697 [INFO] LogOutputStream:77 - [STDOUT_REDIRECT] 1 : Invalid condition id : UX_CORESTACK_Condition cause : null
2024-11-29 10:19:23,699 [INFO] LogOutputStream:77 - [STDOUT_REDIRECT] 1 : Invalid condition id : UX_CORESTACK_Condition cause : null
2024-11-29 10:19:23,701 [INFO] LogOutputStream:77 - [STDOUT_REDIRECT] 1 : Invalid condition id : UX_CORESTACK_Condition cause : null
2024-11-29 10:19:23,704 [INFO] LogOutputStream:77 - [STDOUT_REDIRECT] 1 : Invalid condition id : UX_CORESTACK_Condition cause : null
2024-11-29 10:19:23,711 [WARN] PackLoader:240 - Cannot read IP mode file for STMicroelectronics.X-CUBE-AZRTOS-WL.2.0.0
2024-11-29 10:19:23,764 [WARN] PackLoader:240 - Cannot read IP mode file for STMicroelectronics.FP-SNS-MOTENV1.5.0.0
2024-11-29 10:19:23,799 [WARN] PackLoader:240 - Cannot read IP mode file for wolfSSL.I-CUBE-wolfMQTT.1.19.0
2024-11-29 10:19:23,838 [WARN] PackLoader:240 - Cannot read IP mode file for WES.I-CUBE-Cesium.1.3.0
2024-11-29 10:19:23,875 [WARN] PackLoader:240 - Cannot read IP mode file for STMicroelectronics.X-CUBE-BLE2.3.3.0
2024-11-29 10:19:23,913 [WARN] PackLoader:240 - Cannot read IP mode file for STMicroelectronics.X-CUBE-NFC9.1.0.0
2024-11-29 10:19:23,952 [WARN] PackLoader:240 - Cannot read IP mode file for STMicroelectronics.X-CUBE-TCPP.4.1.0
2024-11-29 10:19:24,011 [WARN] PackLoader:240 - Cannot read IP mode file for STMicroelectronics.X-CUBE-AZRTOS-G0.1.1.0
2024-11-29 10:19:24,052 [WARN] PackLoader:240 - Cannot read IP mode file for STMicroelectronics.X-CUBE-SAFEA1.1.2.2
2024-11-29 10:19:24,085 [WARN] PackLoader:240 - Cannot read IP mode file for STMicroelectronics.X-CUBE-NFC4.3.0.0
2024-11-29 10:19:24,130 [WARN] PackLoader:240 - Cannot read IP mode file for EmbeddedOffice.I-CUBE-FS-RTOS.1.0.1
2024-11-29 10:19:24,130 [ERROR] ConditionMgr:805 - Attr not supported : Dmpu
2024-11-29 10:19:24,131 [ERROR] ConditionMgr:805 - Attr not supported : Dmpu
2024-11-29 10:19:24,131 [ERROR] ConditionMgr:805 - Attr not supported : Dmpu
2024-11-29 10:19:24,132 [ERROR] ConditionMgr:805 - Attr not supported : Dmpu
2024-11-29 10:19:24,132 [ERROR] ConditionMgr:805 - Attr not supported : Dmpu
2024-11-29 10:19:24,132 [ERROR] ConditionMgr:805 - Attr not supported : Dmpu
2024-11-29 10:19:24,132 [ERROR] ConditionMgr:805 - Attr not supported : Dmpu
2024-11-29 10:19:24,132 [ERROR] ConditionMgr:805 - Attr not supported : Dmpu
2024-11-29 10:19:24,132 [ERROR] ConditionMgr:805 - Attr not supported : Dmpu
2024-11-29 10:19:24,132 [ERROR] ConditionMgr:805 - Attr not supported : Dmpu
2024-11-29 10:19:24,132 [ERROR] ConditionMgr:805 - Attr not supported : Dmpu
2024-11-29 10:19:24,132 [ERROR] ConditionMgr:805 - Attr not supported : Dmpu
2024-11-29 10:19:24,132 [ERROR] ConditionMgr:805 - Attr not supported : Dmpu
2024-11-29 10:19:24,133 [ERROR] ConditionMgr:805 - Attr not supported : Dmpu
2024-11-29 10:19:24,133 [ERROR] ConditionMgr:805 - Attr not supported : Dmpu
2024-11-29 10:19:24,133 [ERROR] ConditionMgr:805 - Attr not supported : Dmpu
2024-11-29 10:19:24,133 [ERROR] ConditionMgr:805 - Attr not supported : Dmpu
2024-11-29 10:19:24,133 [ERROR] ConditionMgr:805 - Attr not supported : Dmpu
2024-11-29 10:19:24,133 [ERROR] ConditionMgr:805 - Attr not supported : Dmpu
2024-11-29 10:19:24,133 [ERROR] ConditionMgr:805 - Attr not supported : Dmpu
2024-11-29 10:19:24,133 [ERROR] ConditionMgr:805 - Attr not supported : Dmpu
2024-11-29 10:19:24,133 [ERROR] ConditionMgr:805 - Attr not supported : Dmpu
2024-11-29 10:19:24,133 [ERROR] ConditionMgr:805 - Attr not supported : Dmpu
2024-11-29 10:19:24,133 [ERROR] ConditionMgr:805 - Attr not supported : Dmpu
2024-11-29 10:19:24,134 [ERROR] ConditionMgr:805 - Attr not supported : Dmpu
2024-11-29 10:19:24,134 [ERROR] ConditionMgr:805 - Attr not supported : Dmpu
2024-11-29 10:19:24,134 [ERROR] ConditionMgr:805 - Attr not supported : Dmpu
2024-11-29 10:19:24,134 [ERROR] ConditionMgr:805 - Attr not supported : Dmpu
2024-11-29 10:19:24,134 [ERROR] ConditionMgr:805 - Attr not supported : Dmpu
2024-11-29 10:19:24,134 [ERROR] ConditionMgr:805 - Attr not supported : Dmpu
2024-11-29 10:19:24,134 [ERROR] ConditionMgr:805 - Attr not supported : Dmpu
2024-11-29 10:19:24,134 [ERROR] ConditionMgr:805 - Attr not supported : Dmpu
2024-11-29 10:19:24,134 [ERROR] ConditionMgr:805 - Attr not supported : Dmpu
2024-11-29 10:19:24,134 [ERROR] ConditionMgr:805 - Attr not supported : Dmpu
2024-11-29 10:19:24,134 [ERROR] ConditionMgr:805 - Attr not supported : Dmpu
2024-11-29 10:19:24,134 [ERROR] ConditionMgr:805 - Attr not supported : Dmpu
2024-11-29 10:19:24,135 [ERROR] ConditionMgr:805 - Attr not supported : Dmpu
2024-11-29 10:19:24,135 [ERROR] ConditionMgr:805 - Attr not supported : Dmpu
2024-11-29 10:19:24,135 [ERROR] ConditionMgr:805 - Attr not supported : Dmpu
2024-11-29 10:19:24,135 [ERROR] ConditionMgr:805 - Attr not supported : Dmpu
2024-11-29 10:19:24,135 [ERROR] ConditionMgr:805 - Attr not supported : Dmpu
2024-11-29 10:19:24,135 [ERROR] ConditionMgr:805 - Attr not supported : Dmpu
2024-11-29 10:19:24,135 [ERROR] ConditionMgr:805 - Attr not supported : Dmpu
2024-11-29 10:19:24,135 [ERROR] ConditionMgr:805 - Attr not supported : Dmpu
2024-11-29 10:19:24,136 [ERROR] ConditionMgr:805 - Attr not supported : Dmpu
2024-11-29 10:19:24,136 [ERROR] ConditionMgr:805 - Attr not supported : Dmpu
2024-11-29 10:19:24,136 [ERROR] ConditionMgr:805 - Attr not supported : Dmpu
2024-11-29 10:19:24,136 [ERROR] ConditionMgr:805 - Attr not supported : Dmpu
2024-11-29 10:19:24,136 [ERROR] ConditionMgr:805 - Attr not supported : Dmpu
2024-11-29 10:19:24,136 [ERROR] ConditionMgr:805 - Attr not supported : Dmpu
2024-11-29 10:19:24,136 [ERROR] ConditionMgr:805 - Attr not supported : Dmpu
2024-11-29 10:19:24,136 [ERROR] ConditionMgr:805 - Attr not supported : Dmpu
2024-11-29 10:19:24,136 [ERROR] ConditionMgr:805 - Attr not supported : Dmpu
2024-11-29 10:19:24,137 [ERROR] ConditionMgr:805 - Attr not supported : Dmpu
2024-11-29 10:19:24,137 [ERROR] ConditionMgr:805 - Attr not supported : Dmpu
2024-11-29 10:19:24,137 [ERROR] ConditionMgr:805 - Attr not supported : Dmpu
2024-11-29 10:19:24,137 [ERROR] ConditionMgr:805 - Attr not supported : Dmpu
2024-11-29 10:19:24,137 [ERROR] ConditionMgr:805 - Attr not supported : Dmpu
2024-11-29 10:19:24,137 [ERROR] ConditionMgr:805 - Attr not supported : Dmpu
2024-11-29 10:19:24,137 [ERROR] ConditionMgr:805 - Attr not supported : Dmpu
2024-11-29 10:19:24,137 [ERROR] ConditionMgr:805 - Attr not supported : Dmpu
2024-11-29 10:19:24,138 [ERROR] ConditionMgr:805 - Attr not supported : Dmpu
2024-11-29 10:19:24,138 [ERROR] ConditionMgr:805 - Attr not supported : Dmpu
2024-11-29 10:19:24,138 [ERROR] ConditionMgr:805 - Attr not supported : Dmpu
2024-11-29 10:19:24,173 [WARN] PackLoader:240 - Cannot read IP mode file for RealThread.X-CUBE-RT-Thread_Nano.4.1.1
2024-11-29 10:19:24,206 [WARN] PackLoader:240 - Cannot read IP mode file for STMicroelectronics.FP-ATR-SIGFOX1.3.2.0
2024-11-29 10:19:24,239 [WARN] PackLoader:240 - Cannot read IP mode file for wolfSSL.I-CUBE-wolfSSL.5.7.2
2024-11-29 10:19:24,273 [WARN] ConditionMgr:438 - getConditionDescription Invalid condition id : Cortex-A Device cause : null
2024-11-29 10:19:24,333 [WARN] ConditionMgr:1039 - genDependencies : Invalid condition id : Cortex-A Device cause : null
2024-11-29 10:19:24,334 [WARN] ConditionMgr:1039 - genDependencies : Invalid condition id : Cortex-A Device cause : null
2024-11-29 10:19:24,334 [WARN] ConditionMgr:1039 - genDependencies : Invalid condition id : Cortex-A Device cause : null
2024-11-29 10:19:24,373 [WARN] PackLoader:240 - Cannot read IP mode file for STMicroelectronics.X-CUBE-EEPRMA1.5.1.0
2024-11-29 10:19:24,414 [WARN] PackLoader:240 - Cannot read IP mode file for wolfSSL.I-CUBE-wolfSSL.5.7.4
2024-11-29 10:19:24,609 [WARN] PackLoader:240 - Cannot read IP mode file for ITTIA_DB.I-CUBE-ITTIADB.8.9.0
2024-11-29 10:19:24,860 [WARN] PackLoader:240 - Cannot read IP mode file for SEGGER.I-CUBE-embOS.1.3.1
2024-11-29 10:19:25,003 [WARN] PackLoader:240 - Cannot read IP mode file for STMicroelectronics.X-CUBE-ALGOBUILD.1.4.0
2024-11-29 10:19:25,047 [WARN] PackLoader:240 - Cannot read IP mode file for STMicroelectronics.X-CUBE-AI.9.1.0
2024-11-29 10:19:25,140 [WARN] PackLoader:240 - Cannot read IP mode file for STMicroelectronics.X-CUBE-AZRTOS-F4.1.1.0
2024-11-29 10:19:25,193 [WARN] PackLoader:240 - Cannot read IP mode file for STMicroelectronics.X-CUBE-ISPU.2.1.0
2024-11-29 10:19:25,229 [WARN] PackLoader:240 - Cannot read IP mode file for STMicroelectronics.X-CUBE-FREERTOS.1.2.0
2024-11-29 10:19:25,307 [WARN] PackLoader:240 - Cannot read IP mode file for STMicroelectronics.X-CUBE-AZRTOS-L5.2.0.0
2024-11-29 10:19:25,421 [WARN] PackLoader:240 - Cannot read IP mode file for STMicroelectronics.X-CUBE-NFC6.3.1.0
2024-11-29 10:19:25,487 [WARN] PackLoader:240 - Cannot read IP mode file for STMicroelectronics.X-CUBE-DPower.1.2.0
2024-11-29 10:19:25,541 [WARN] PackLoader:240 - Cannot read IP mode file for STMicroelectronics.X-CUBE-AI.9.0.0
2024-11-29 10:19:25,599 [WARN] PackLoader:240 - Cannot read IP mode file for STMicroelectronics.X-CUBE-NFC7.1.0.1
2024-11-29 10:19:25,691 [WARN] ConditionMgr:438 - getConditionDescription Invalid condition id : LAN8742 Phy interface Condition cause : null
2024-11-29 10:19:25,693 [WARN] PackLoader:240 - Cannot read IP mode file for STMicroelectronics.X-CUBE-AZRTOS-L4.2.0.0
2024-11-29 10:19:25,696 [WARN] ConditionMgr:1039 - genDependencies : Invalid condition id : LAN8742 Phy interface Condition cause : null
2024-11-29 10:19:25,697 [WARN] ConditionMgr:1039 - genDependencies : Invalid condition id : LAN8742 Phy interface Condition cause : null
2024-11-29 10:19:25,701 [WARN] ConditionMgr:1039 - genDependencies : Invalid condition id : LAN8742 Phy interface Condition cause : null
2024-11-29 10:19:25,799 [WARN] PackLoader:240 - Cannot read IP mode file for STMicroelectronics.X-CUBE-SFXS2LP1.4.0.0
2024-11-29 10:19:25,964 [WARN] PackLoader:240 - Cannot read IP mode file for STMicroelectronics.X-CUBE-AZRTOS-H7.3.3.0
2024-11-29 10:19:26,013 [WARN] PackLoader:240 - Cannot read IP mode file for STMicroelectronics.X-CUBE-IPS.3.0.0
2024-11-29 10:19:26,075 [WARN] ConditionMgr:438 - getConditionDescription Invalid condition id : UX DEVICE CLASS RTOS Condition cause : null
2024-11-29 10:19:26,076 [WARN] ConditionMgr:438 - getConditionDescription Invalid condition id : UX DEVICE CLASS RTOS Condition cause : null
2024-11-29 10:19:26,080 [WARN] PackLoader:240 - Cannot read IP mode file for STMicroelectronics.X-CUBE-AZRTOS-WB.2.0.0
2024-11-29 10:19:26,081 [WARN] ConditionMgr:1039 - genDependencies : Invalid condition id : UX DEVICE CLASS RTOS Condition cause : null
2024-11-29 10:19:26,082 [WARN] ConditionMgr:1039 - genDependencies : Invalid condition id : UX DEVICE CLASS RTOS Condition cause : null
2024-11-29 10:19:26,084 [WARN] ConditionMgr:1039 - genDependencies : Invalid condition id : UX DEVICE CLASS RTOS Condition cause : null
2024-11-29 10:19:26,084 [WARN] ConditionMgr:1039 - genDependencies : Invalid condition id : UX DEVICE CLASS RTOS Condition cause : null
2024-11-29 10:19:26,085 [WARN] ConditionMgr:1039 - genDependencies : Invalid condition id : UX DEVICE CLASS RTOS Condition cause : null
2024-11-29 10:19:26,125 [WARN] PackLoader:240 - Cannot read IP mode file for STMicroelectronics.X-CUBE-GNSS1.7.0.0
2024-11-29 10:19:26,171 [WARN] PackLoader:240 - Cannot read IP mode file for STMicroelectronics.FP-SNS-STBOX1.2.0.0
2024-11-29 10:19:26,224 [WARN] PackLoader:240 - Cannot read IP mode file for STMicroelectronics.X-CUBE-SUBG2.5.0.0
2024-11-29 10:19:26,264 [WARN] PackLoader:240 - Cannot read IP mode file for Cesanta.I-CUBE-Mongoose.7.13.0
2024-11-29 10:19:26,320 [WARN] PackLoader:240 - Cannot read IP mode file for STMicroelectronics.X-CUBE-AZRTOS-G4.2.0.0
2024-11-29 10:19:26,357 [WARN] PackLoader:240 - Cannot read IP mode file for STMicroelectronics.X-CUBE-ISPU.2.0.0
2024-11-29 10:19:26,393 [WARN] PackLoader:240 - Cannot read IP mode file for STMicroelectronics.X-CUBE-ALS.1.0.2
2024-11-29 10:19:26,429 [WARN] PackLoader:240 - Cannot read IP mode file for STMicroelectronics.X-CUBE-TOUCHGFX.4.24.0
2024-11-29 10:19:26,458 [WARN] PackLoader:240 - Cannot read IP mode file for STMicroelectronics.X-CUBE-TOUCHGFX.4.24.1
2024-11-29 10:19:26,491 [WARN] PackLoader:240 - Cannot read IP mode file for wolfSSL.I-CUBE-wolfTPM.3.4.0
2024-11-29 10:19:26,527 [WARN] PackLoader:240 - Cannot read IP mode file for portGmbH.I-Cube-SoM-uGOAL.1.1.0
2024-11-29 10:19:26,590 [WARN] PackLoader:240 - Cannot read IP mode file for STMicroelectronics.X-CUBE-AZRTOS-H7RS.1.0.0
2024-11-29 10:19:26,625 [WARN] PackLoader:240 - Cannot read IP mode file for STMicroelectronics.FP-ATR-ASTRA1.2.0.0
2024-11-29 10:19:26,674 [WARN] PackLoader:240 - Cannot read IP mode file for STMicroelectronics.X-CUBE-TOF1.3.4.2
2024-11-29 10:19:26,773 [WARN] PackLoader:240 - Cannot read IP mode file for Infineon.AIROC-Wi-Fi-Bluetooth-STM32.1.6.1
2024-11-29 10:19:26,807 [WARN] PackLoader:240 - Cannot read IP mode file for wolfSSL.I-CUBE-wolfSSH.1.4.17
2024-11-29 10:19:26,808 [INFO] ThirdParty:978 - Integrity check success = true
2024-11-29 10:19:26,809 [INFO] IntegrityCheckThread:100 - exiting critical section [integrity check]
2024-11-29 10:19:26,809 [INFO] IntegrityCheckThread:103 - End integrity checks thread
2024-11-29 10:19:29,333 [INFO] WebApp:167 - Instantiating new browser for Auth
2024-11-29 10:19:31,620 [INFO] WebApp:448 - Apply proxy settings
2024-11-29 10:19:31,622 [INFO] WebApp:533 - Chromium requires no authentication
2024-11-29 10:19:31,649 [INFO] WebApp:476 - Direct internet connection detected
2024-11-29 10:19:31,715 [INFO] WebApp:869 - Register for checkConnection events
2024-11-29 10:19:31,715 [INFO] WebApp:448 - Apply proxy settings
2024-11-29 10:19:31,715 [INFO] WebApp:533 - Chromium requires no authentication
2024-11-29 10:19:31,717 [INFO] WebApp:476 - Direct internet connection detected
2024-11-29 10:19:32,146 [INFO] WebApp:220 - Starting web application
2024-11-29 10:19:32,147 [INFO] WebApp:578 - Web application path used C:\ST\STM32CubeIDE_1.16.1\STM32CubeIDE\plugins\com.st.stm32cube.common.mx_6.12.1.202409122256\db\plugins\mcufinder\reactClient1\index.html
2024-11-29 10:19:32,487 [INFO] WebApp:186 - Connection restablished
2024-11-29 10:38:22,796 [INFO] WebApp:189 - Connection lost
2024-11-29 10:38:23,343 [INFO] WebApp:186 - Connection restablished
2024-11-29 13:31:16,953 [INFO] WebApp:189 - Connection lost
2024-11-29 13:31:17,518 [INFO] WebApp:186 - Connection restablished
2024-11-29 15:17:58,846 [INFO] WebApp:189 - Connection lost
2024-11-29 15:17:59,300 [INFO] WebApp:186 - Connection restablished
2024-11-29 15:18:02,780 [INFO] WebApp:189 - Connection lost
2024-11-29 15:18:03,013 [INFO] WebApp:186 - Connection restablished
2024-11-29 17:27:15,297 [ERROR] LogOutputStream:75 - [STDERR_REDIRECT] 
