2025-03-10 18:07:10,494 [INFO] Activator:176 - 


2025-03-10 18:07:10,505 [INFO] Activator:177 - !SESSION log4j initialized
2025-03-10 18:07:21,658 [INFO] LogOutputStream:77 - [STDOUT_REDIRECT] 
2025-03-10 18:07:25,046 [INFO] ApplicationProperties:184 - Using Application install path: C:\ST\STM32CubeIDE_1.16.1\STM32CubeIDE\plugins\com.st.stm32cube.common.mx_6.12.1.202409122256
2025-03-10 18:07:25,075 [INFO] DbMcusXml:78 - Set database path to: C:\ST\STM32CubeIDE_1.16.1\STM32CubeIDE\plugins\com.st.stm32cube.common.mx_6.12.1.202409122256\\db\/mcu/
2025-03-10 18:07:25,075 [INFO] ApiDb:274 - Set plugin database path to: C:\ST\STM32CubeIDE_1.16.1\STM32CubeIDE\plugins\com.st.stm32cube.common.mx_6.12.1.202409122256\\db\/plugins/boardmanager/
2025-03-10 18:07:25,075 [WARN] ApiDb:259 - Overriding images path with different value:  => C:\ST\STM32CubeIDE_1.16.1\STM32CubeIDE\plugins\com.st.stm32cube.common.mx_6.12.1.202409122256\\db\/plugins/mcufinder/images/
2025-03-10 18:07:25,100 [INFO] ApiDb:250 - Set database path to: C:\Users\talur\.stmcufinder\plugins\mcufinder//mcu/
2025-03-10 18:07:25,101 [INFO] DbMcusAds:125 - Set database path to: C:\Users\talur\.stmcufinder\plugins\mcufinder//mcu/
2025-03-10 18:07:25,108 [INFO] CrossReferenceDbSqlite:203 - Set database path to: C:\Users\talur\.stmcufinder\plugins\mcufinder//mcu/cs/
2025-03-10 18:07:25,314 [INFO] RulesReader:64 - Compatibility file has been processed (297 Rules)
2025-03-10 18:07:25,454 [INFO] DbMcusXml:78 - Set database path to: C:\ST\STM32CubeIDE_1.16.1\STM32CubeIDE\plugins\com.st.stm32cube.common.mx_6.12.1.202409122256\\db\/mcu/
2025-03-10 18:07:25,454 [INFO] ApiDb:274 - Set plugin database path to: C:\ST\STM32CubeIDE_1.16.1\STM32CubeIDE\plugins\com.st.stm32cube.common.mx_6.12.1.202409122256\\db\/plugins/boardmanager/
2025-03-10 18:07:25,454 [INFO] ApiDb:261 - Set plugin images path to: C:\ST\STM32CubeIDE_1.16.1\STM32CubeIDE\plugins\com.st.stm32cube.common.mx_6.12.1.202409122256\\db\/plugins/mcufinder/images/
2025-03-10 18:07:25,454 [WARN] DbFile:41 - Overriding database path with different value: C:\Users\talur\.stmcufinder\plugins\mcufinder/ => C:\Users\talur\.stmcufinder\plugins\mcufinder
2025-03-10 18:07:25,454 [INFO] ApiDb:250 - Set database path to: C:\Users\talur\.stmcufinder\plugins\mcufinder//mcu/
2025-03-10 18:07:25,454 [WARN] DbFile:41 - Overriding database path with different value: C:\Users\talur\.stmcufinder\plugins\mcufinder/ => C:\Users\talur\.stmcufinder\plugins\mcufinder
2025-03-10 18:07:25,454 [INFO] DbMcusAds:125 - Set database path to: C:\Users\talur\.stmcufinder\plugins\mcufinder//mcu/
2025-03-10 18:07:25,454 [WARN] DbFile:41 - Overriding database path with different value: C:\Users\talur\.stmcufinder\plugins\mcufinder/ => C:\Users\talur\.stmcufinder\plugins\mcufinder
2025-03-10 18:07:25,454 [WARN] DbFile:41 - Overriding database path with different value: C:\Users\talur\.stmcufinder\plugins\mcufinder/ => C:\Users\talur\.stmcufinder\plugins\mcufinder
2025-03-10 18:07:25,460 [INFO] CrossReferenceDbSqlite:203 - Set database path to: C:\Users\talur\.stmcufinder\plugins\mcufinder//mcu/cs/
2025-03-10 18:07:25,597 [INFO] MainPanel:268 - HeapMemory: 268435456
2025-03-10 18:07:25,800 [INFO] DbMcusXml:78 - Set database path to: C:\ST\STM32CubeIDE_1.16.1\STM32CubeIDE\plugins\com.st.stm32cube.common.mx_6.12.1.202409122256\\db\/mcu/
2025-03-10 18:07:25,800 [INFO] ApiDb:274 - Set plugin database path to: C:\ST\STM32CubeIDE_1.16.1\STM32CubeIDE\plugins\com.st.stm32cube.common.mx_6.12.1.202409122256\\db\/plugins/boardmanager/
2025-03-10 18:07:25,800 [INFO] ApiDb:261 - Set plugin images path to: C:\ST\STM32CubeIDE_1.16.1\STM32CubeIDE\plugins\com.st.stm32cube.common.mx_6.12.1.202409122256\\db\/plugins/mcufinder/images/
2025-03-10 18:07:25,800 [WARN] DbFile:41 - Overriding database path with different value: C:\Users\talur\.stmcufinder\plugins\mcufinder/ => C:\Users\talur\.stmcufinder\plugins\mcufinder
2025-03-10 18:07:25,800 [INFO] ApiDb:250 - Set database path to: C:\Users\talur\.stmcufinder\plugins\mcufinder//mcu/
2025-03-10 18:07:25,800 [WARN] DbFile:41 - Overriding database path with different value: C:\Users\talur\.stmcufinder\plugins\mcufinder/ => C:\Users\talur\.stmcufinder\plugins\mcufinder
2025-03-10 18:07:25,800 [INFO] DbMcusAds:125 - Set database path to: C:\Users\talur\.stmcufinder\plugins\mcufinder//mcu/
2025-03-10 18:07:25,800 [WARN] DbFile:41 - Overriding database path with different value: C:\Users\talur\.stmcufinder\plugins\mcufinder/ => C:\Users\talur\.stmcufinder\plugins\mcufinder
2025-03-10 18:07:25,800 [WARN] DbFile:41 - Overriding database path with different value: C:\Users\talur\.stmcufinder\plugins\mcufinder/ => C:\Users\talur\.stmcufinder\plugins\mcufinder
2025-03-10 18:07:25,800 [INFO] CrossReferenceDbSqlite:203 - Set database path to: C:\Users\talur\.stmcufinder\plugins\mcufinder//mcu/cs/
2025-03-10 18:07:25,832 [INFO] ApplicationProperties:184 - Using Application install path: C:\ST\STM32CubeIDE_1.16.1\STM32CubeIDE\plugins\com.st.stm32cube.common.mx_6.12.1.202409122256
2025-03-10 18:07:25,835 [INFO] PluginManage:196 - Search for loadable plugins [exclusion list=, ]
2025-03-10 18:07:25,838 [INFO] PluginManage:310 - Check plugin analytics
2025-03-10 18:07:26,156 [INFO] AnalyticsPlugin:253 - Accepted Software Licenses: 
2025-03-10 18:07:26,156 [INFO] AnalyticsPlugin:255 - Accepted CMSIS Pack Licenses: 
2025-03-10 18:07:26,156 [INFO] AnalyticsPlugin:257 - Accepted Firmware Licenses: FW.F4.1.28.0
2025-03-10 18:07:26,162 [INFO] PluginManage:359 - Loaded plugin analytics (category:tool,tabindex:-1)
2025-03-10 18:07:26,162 [INFO] PluginManage:310 - Check plugin cadmodel
2025-03-10 18:07:26,201 [INFO] CADModel:105 - Init CAD model plugin
2025-03-10 18:07:26,202 [INFO] PluginManage:359 - Loaded plugin cadmodel (category:power,tabindex:5)
2025-03-10 18:07:26,202 [INFO] PluginManage:310 - Check plugin clock
2025-03-10 18:07:26,249 [INFO] PluginManage:359 - Loaded plugin clock (category:base,tabindex:2)
2025-03-10 18:07:26,251 [INFO] PluginManage:310 - Check plugin ddr
2025-03-10 18:07:26,257 [INFO] PluginManage:359 - Loaded plugin ddr (category:tool,tabindex:6)
2025-03-10 18:07:26,257 [INFO] PluginManage:310 - Check plugin filemanager
2025-03-10 18:07:26,534 [INFO] PluginManage:359 - Loaded plugin filemanager (category:base,tabindex:10)
2025-03-10 18:07:26,534 [INFO] PluginManage:310 - Check plugin ipmanager
2025-03-10 18:07:26,545 [INFO] PluginManage:359 - Loaded plugin ipmanager (category:base,tabindex:5)
2025-03-10 18:07:26,545 [INFO] PluginManage:310 - Check plugin lpbam
2025-03-10 18:07:26,576 [INFO] PluginManage:359 - Loaded plugin lpbam (category:base,tabindex:0)
2025-03-10 18:07:26,576 [INFO] PluginManage:310 - Check plugin memorymap
2025-03-10 18:07:26,624 [INFO] PluginManage:359 - Loaded plugin memorymap (category:base,tabindex:4)
2025-03-10 18:07:26,624 [INFO] PluginManage:310 - Check plugin pinoutandconfiguration
2025-03-10 18:07:26,656 [INFO] PluginManage:359 - Loaded plugin pinoutandconfiguration (category:base,tabindex:1)
2025-03-10 18:07:26,656 [INFO] PluginManage:310 - Check plugin pinoutconfig
2025-03-10 18:07:26,810 [WARN] SupportedApi:132 - Cannot load RTOS API schema: s4s-elt-must-match.1: The content of 'definitions' must match (annotation?, (simpleType | complexType)?, (unique | key | keyref)*)). A problem was found starting at: attribute.
2025-03-10 18:07:27,037 [INFO] PluginManage:359 - Loaded plugin pinoutconfig (category:base,tabindex:0)
2025-03-10 18:07:27,037 [INFO] PluginManage:310 - Check plugin power
2025-03-10 18:07:27,072 [INFO] PluginManage:359 - Loaded plugin power (category:power,tabindex:4)
2025-03-10 18:07:27,072 [INFO] PluginManage:310 - Check plugin projectmanager
2025-03-10 18:07:27,099 [INFO] PluginManage:359 - Loaded plugin projectmanager (category:projectmanager,tabindex:4)
2025-03-10 18:07:27,099 [INFO] PluginManage:310 - Check plugin rif
2025-03-10 18:07:27,130 [INFO] PluginManage:359 - Loaded plugin rif (category:base,tabindex:3)
2025-03-10 18:07:27,130 [INFO] PluginManage:310 - Check plugin thirdparty
2025-03-10 18:07:27,767 [INFO] PluginManage:359 - Loaded plugin thirdparty (category:base,tabindex:-1)
2025-03-10 18:07:27,767 [WARN] IntegrityCheckThread:84 - waiting for thirdparty lock release [integrity check]
2025-03-10 18:07:27,768 [INFO] IntegrityCheckThread:86 - entering critical section [integrity check]
2025-03-10 18:07:27,768 [INFO] PluginManage:310 - Check plugin tools
2025-03-10 18:07:27,769 [INFO] ThirdPartyUpdaterWithRetryManager:70 - Updater plugin not ready yet. [1/15]
2025-03-10 18:07:27,836 [INFO] PluginManage:359 - Loaded plugin tools (category:base,tabindex:7)
2025-03-10 18:07:27,836 [INFO] PluginManage:310 - Check plugin tutovideos
2025-03-10 18:07:28,133 [INFO] PluginManage:359 - Loaded plugin tutovideos (category:base,tabindex:-1)
2025-03-10 18:07:28,133 [INFO] PluginManage:310 - Check plugin updater
2025-03-10 18:07:28,160 [INFO] PluginManage:359 - Loaded plugin updater (category:base,tabindex:12)
2025-03-10 18:07:28,160 [INFO] PluginManage:310 - Check plugin userauth
2025-03-10 18:07:28,169 [INFO] UserAuth:113 - Init User Auth plugin
2025-03-10 18:07:28,169 [INFO] PluginManage:359 - Loaded plugin userauth (category:base,tabindex:14)
2025-03-10 18:07:28,171 [INFO] PluginManage:283 - PluginManage : Loaded plugins [18]
2025-03-10 18:07:28,531 [INFO] PinOutPanel:1561 - setPackage(No Configuration,No Configuration)
2025-03-10 18:07:28,687 [INFO] CADModel:165 - CPN selected for project level
2025-03-10 18:07:28,687 [INFO] CADModel:114 - Register for checkConnection events
2025-03-10 18:07:28,731 [INFO] IPUIPlugin:80 - create IPUIPlugin
2025-03-10 18:07:28,731 [INFO] PluginManager:220 - loadIPPluginJar : add adc
2025-03-10 18:07:28,794 [INFO] IPUIPlugin:80 - create IPUIPlugin
2025-03-10 18:07:28,794 [INFO] PluginManager:220 - loadIPPluginJar : add aes
2025-03-10 18:07:28,866 [INFO] IPUIPlugin:80 - create IPUIPlugin
2025-03-10 18:07:28,866 [INFO] PluginManager:220 - loadIPPluginJar : add can
2025-03-10 18:07:28,906 [INFO] IPUIPlugin:80 - create IPUIPlugin
2025-03-10 18:07:28,906 [INFO] PluginManager:220 - loadIPPluginJar : add comp
2025-03-10 18:07:28,957 [INFO] IPUIPlugin:80 - create IPUIPlugin
2025-03-10 18:07:28,957 [INFO] PluginManager:220 - loadIPPluginJar : add cryp
2025-03-10 18:07:28,985 [INFO] IPUIPlugin:80 - create IPUIPlugin
2025-03-10 18:07:28,985 [INFO] PluginManager:220 - loadIPPluginJar : add ddr_ctrl_phy
2025-03-10 18:07:29,032 [INFO] IPUIPlugin:80 - create IPUIPlugin
2025-03-10 18:07:29,032 [INFO] PluginManager:220 - loadIPPluginJar : add dfsdm
2025-03-10 18:07:29,064 [INFO] IPUIPlugin:80 - create IPUIPlugin
2025-03-10 18:07:29,064 [INFO] PluginManager:220 - loadIPPluginJar : add dma
2025-03-10 18:07:29,176 [INFO] IPUIPlugin:80 - create IPUIPlugin
2025-03-10 18:07:29,176 [INFO] PluginManager:220 - loadIPPluginJar : add dma3
2025-03-10 18:07:29,284 [INFO] IPUIPlugin:80 - create IPUIPlugin
2025-03-10 18:07:29,286 [INFO] PluginManager:220 - loadIPPluginJar : add extmemmanager
2025-03-10 18:07:29,327 [INFO] IPUIPlugin:80 - create IPUIPlugin
2025-03-10 18:07:29,327 [INFO] PluginManager:220 - loadIPPluginJar : add fatfs
2025-03-10 18:07:29,423 [INFO] IPUIPlugin:80 - create IPUIPlugin
2025-03-10 18:07:29,423 [INFO] PluginManager:220 - loadIPPluginJar : add fmc
2025-03-10 18:07:29,450 [INFO] IPUIPlugin:80 - create IPUIPlugin
2025-03-10 18:07:29,450 [INFO] PluginManager:220 - loadIPPluginJar : add freertos
2025-03-10 18:07:29,479 [INFO] IPUIPlugin:80 - create IPUIPlugin
2025-03-10 18:07:29,479 [INFO] PluginManager:220 - loadIPPluginJar : add genericplugin
2025-03-10 18:07:29,654 [INFO] IPUIPlugin:80 - create IPUIPlugin
2025-03-10 18:07:29,654 [INFO] PluginManager:220 - loadIPPluginJar : add gfxmmu
2025-03-10 18:07:29,921 [INFO] IPUIPlugin:80 - create IPUIPlugin
2025-03-10 18:07:29,921 [INFO] PluginManager:220 - loadIPPluginJar : add gic
2025-03-10 18:07:29,961 [INFO] IPUIPlugin:80 - create IPUIPlugin
2025-03-10 18:07:29,961 [INFO] PluginManager:220 - loadIPPluginJar : add gpio
2025-03-10 18:07:30,118 [INFO] IPUIPlugin:80 - create IPUIPlugin
2025-03-10 18:07:30,118 [INFO] PluginManager:220 - loadIPPluginJar : add gtzc
2025-03-10 18:07:30,175 [INFO] IPUIPlugin:80 - create IPUIPlugin
2025-03-10 18:07:30,175 [INFO] PluginManager:220 - loadIPPluginJar : add hash
2025-03-10 18:07:30,271 [INFO] IPUIPlugin:80 - create IPUIPlugin
2025-03-10 18:07:30,271 [INFO] PluginManager:220 - loadIPPluginJar : add i2c
2025-03-10 18:07:30,345 [INFO] IPUIPlugin:80 - create IPUIPlugin
2025-03-10 18:07:30,345 [INFO] PluginManager:220 - loadIPPluginJar : add i2s
2025-03-10 18:07:30,420 [INFO] IPUIPlugin:80 - create IPUIPlugin
2025-03-10 18:07:30,420 [INFO] PluginManager:220 - loadIPPluginJar : add i3c
2025-03-10 18:07:30,602 [INFO] IPUIPlugin:80 - create IPUIPlugin
2025-03-10 18:07:30,602 [INFO] PluginManager:220 - loadIPPluginJar : add ipddr
2025-03-10 18:07:30,776 [INFO] IPUIPlugin:80 - create IPUIPlugin
2025-03-10 18:07:30,776 [INFO] PluginManager:220 - loadIPPluginJar : add linkedlist
2025-03-10 18:07:30,776 [INFO] ThirdPartyUpdaterWithRetryManager:70 - Updater plugin not ready yet. [2/15]
2025-03-10 18:07:30,839 [INFO] IPUIPlugin:80 - create IPUIPlugin
2025-03-10 18:07:30,839 [INFO] PluginManager:220 - loadIPPluginJar : add lorawan
2025-03-10 18:07:30,903 [INFO] IPUIPlugin:80 - create IPUIPlugin
2025-03-10 18:07:30,903 [INFO] PluginManager:220 - loadIPPluginJar : add ltdc
2025-03-10 18:07:30,919 [INFO] IPUIPlugin:80 - create IPUIPlugin
2025-03-10 18:07:30,919 [INFO] PluginManager:220 - loadIPPluginJar : add mdma
2025-03-10 18:07:30,950 [INFO] IPUIPlugin:80 - create IPUIPlugin
2025-03-10 18:07:30,950 [INFO] PluginManager:220 - loadIPPluginJar : add nvic
2025-03-10 18:07:31,013 [INFO] IPUIPlugin:80 - create IPUIPlugin
2025-03-10 18:07:31,013 [INFO] PluginManager:220 - loadIPPluginJar : add opamp
2025-03-10 18:07:31,151 [INFO] IPUIPlugin:80 - create IPUIPlugin
2025-03-10 18:07:31,151 [INFO] PluginManager:220 - loadIPPluginJar : add openamp
2025-03-10 18:07:31,225 [INFO] IPUIPlugin:80 - create IPUIPlugin
2025-03-10 18:07:31,225 [INFO] PluginManager:220 - loadIPPluginJar : add pdm2pcm
2025-03-10 18:07:31,248 [INFO] IPUIPlugin:80 - create IPUIPlugin
2025-03-10 18:07:31,251 [INFO] PluginManager:220 - loadIPPluginJar : add plateformsettings
2025-03-10 18:07:31,296 [INFO] IPUIPlugin:80 - create IPUIPlugin
2025-03-10 18:07:31,296 [INFO] PluginManager:220 - loadIPPluginJar : add quadspi
2025-03-10 18:07:31,341 [INFO] IPUIPlugin:80 - create IPUIPlugin
2025-03-10 18:07:31,341 [INFO] PluginManager:220 - loadIPPluginJar : add radio
2025-03-10 18:07:31,364 [INFO] IPUIPlugin:80 - create IPUIPlugin
2025-03-10 18:07:31,364 [INFO] PluginManager:220 - loadIPPluginJar : add resmgrutility
2025-03-10 18:07:31,453 [INFO] IPUIPlugin:80 - create IPUIPlugin
2025-03-10 18:07:31,453 [INFO] PluginManager:220 - loadIPPluginJar : add sai
2025-03-10 18:07:31,522 [INFO] IPUIPlugin:80 - create IPUIPlugin
2025-03-10 18:07:31,522 [INFO] PluginManager:220 - loadIPPluginJar : add spi
2025-03-10 18:07:31,649 [INFO] IPUIPlugin:80 - create IPUIPlugin
2025-03-10 18:07:31,649 [INFO] PluginManager:220 - loadIPPluginJar : add stm32_wpan
2025-03-10 18:07:31,697 [INFO] IPUIPlugin:80 - create IPUIPlugin
2025-03-10 18:07:31,697 [INFO] PluginManager:220 - loadIPPluginJar : add tim
2025-03-10 18:07:31,807 [INFO] IPUIPlugin:80 - create IPUIPlugin
2025-03-10 18:07:31,807 [INFO] PluginManager:220 - loadIPPluginJar : add touchsensing
2025-03-10 18:07:31,857 [INFO] IPUIPlugin:80 - create IPUIPlugin
2025-03-10 18:07:31,857 [INFO] PluginManager:220 - loadIPPluginJar : add tracer_emb
2025-03-10 18:07:31,899 [INFO] IPUIPlugin:80 - create IPUIPlugin
2025-03-10 18:07:31,901 [INFO] PluginManager:220 - loadIPPluginJar : add ts
2025-03-10 18:07:31,937 [INFO] IPUIPlugin:80 - create IPUIPlugin
2025-03-10 18:07:31,937 [INFO] PluginManager:220 - loadIPPluginJar : add tsc
2025-03-10 18:07:31,980 [INFO] IPUIPlugin:80 - create IPUIPlugin
2025-03-10 18:07:31,980 [INFO] PluginManager:220 - loadIPPluginJar : add ucpd
2025-03-10 18:07:32,080 [INFO] IPUIPlugin:80 - create IPUIPlugin
2025-03-10 18:07:32,082 [INFO] PluginManager:220 - loadIPPluginJar : add usart
2025-03-10 18:07:32,149 [INFO] IPUIPlugin:80 - create IPUIPlugin
2025-03-10 18:07:32,149 [INFO] PluginManager:220 - loadIPPluginJar : add usbx
2025-03-10 18:07:32,308 [INFO] CADModel:165 - CPN selected for project level
2025-03-10 18:07:32,308 [INFO] CADModel:114 - Register for checkConnection events
2025-03-10 18:07:32,308 [FATAL] Updater:334 - Updater called before beeing initialized
2025-03-10 18:07:32,308 [ERROR] CADModel:125 - Updater not yet initialized, retry later 
2025-03-10 18:07:32,551 [INFO] CADModel:165 - CPN selected for project level
2025-03-10 18:07:32,551 [INFO] CADModel:114 - Register for checkConnection events
2025-03-10 18:07:32,551 [FATAL] Updater:334 - Updater called before beeing initialized
2025-03-10 18:07:32,551 [ERROR] CADModel:125 - Updater not yet initialized, retry later 
2025-03-10 18:07:32,557 [FATAL] Updater:334 - Updater called before beeing initialized
2025-03-10 18:07:32,727 [FATAL] Updater:334 - Updater called before beeing initialized
2025-03-10 18:07:32,740 [INFO] DbMcusAds:53 - JSON generation date=Tue Dec 17 21:31:15 IST 2024 (1734451275111)
2025-03-10 18:07:32,740 [FATAL] Updater:334 - Updater called before beeing initialized
2025-03-10 18:07:32,796 [WARN] DetailPanel:346 - Failed to get advertising image, set to default
2025-03-10 18:07:32,900 [FATAL] Updater:334 - Updater called before beeing initialized
2025-03-10 18:07:32,902 [FATAL] Updater:334 - Updater called before beeing initialized
2025-03-10 18:07:32,902 [FATAL] Updater:334 - Updater called before beeing initialized
2025-03-10 18:07:32,902 [WARN] DetailPanel:346 - Failed to get advertising image, set to default
2025-03-10 18:07:32,902 [FATAL] Updater:334 - Updater called before beeing initialized
2025-03-10 18:07:32,987 [ERROR] Updater:1164 - MainUpdater not yet initialized. External WinMGr cannot be set.
2025-03-10 18:07:33,002 [INFO] Updater:1100 - Updater Version found : 6.12.1
2025-03-10 18:07:33,034 [INFO] ApplicationProperties:184 - Using Application install path: C:\ST\STM32CubeIDE_1.16.1\STM32CubeIDE\plugins\com.st.stm32cube.common.mx_6.12.1.202409122256
2025-03-10 18:07:33,783 [INFO] ThirdPartyUpdaterWithRetryManager:70 - Updater plugin not ready yet. [3/15]
2025-03-10 18:07:34,660 [ERROR] LogOutputStream:75 - [STDERR_REDIRECT] Mar 10, 2025 6:07:34 PM java.util.prefs.WindowsPreferences <init>
2025-03-10 18:07:34,662 [ERROR] LogOutputStream:75 - [STDERR_REDIRECT] WARNING: Could not open/create prefs root node Software\JavaSoft\Prefs at root 0xffffffff80000002. Windows RegCreateKeyEx(...) returned error code 5.
2025-03-10 18:07:34,662 [ERROR] LogOutputStream:75 - [STDERR_REDIRECT] 
2025-03-10 18:07:35,305 [INFO] MainUpdater:2873 - connection check result : 10
2025-03-10 18:07:35,309 [INFO] MainUpdater:3567 - Updater definition file requires update
2025-03-10 18:07:35,312 [INFO] MainUpdater:290 - Updater Check For Update Now.
2025-03-10 18:07:35,312 [INFO] MicroXplorer:498 - Change Database Version : DB.6.0.121
2025-03-10 18:07:35,348 [INFO] McuFinderGlobals:63 - Set McuFinder mode to 2 (CubeIDE integrated)
2025-03-10 18:07:35,348 [INFO] UserAuth:179 - activating auth plugin
2025-03-10 18:07:35,363 [INFO] UserAuth:417 - Internet connection configuration mode: 1
2025-03-10 18:07:35,424 [INFO] ServerAccessManage:473 - Download File updaters.zip
2025-03-10 18:07:35,428 [INFO] JxBrowserEngine:152 - Initiate JxBrowser Engine with user profile folder
2025-03-10 18:07:35,639 [INFO] FileExtend:240 - Unzip File : updaters.zip
2025-03-10 18:07:35,639 [INFO] FileExtend:255 - Standard Zip Deflate
2025-03-10 18:07:36,789 [WARN] MainUpdater:1194 - Updater busy. Cannot search thirdparties
2025-03-10 18:07:36,789 [INFO] ThirdPartyUpdaterWithRetryManager:96 - Updater plugin is busy. [1/15]
2025-03-10 18:07:37,849 [INFO] ServerAccessManage:473 - Download File PacksControlFlags.xml
2025-03-10 18:07:38,115 [INFO] ServerAccessManage:473 - Download File cubemx.pidx
2025-03-10 18:07:39,799 [WARN] MainUpdater:1194 - Updater busy. Cannot search thirdparties
2025-03-10 18:07:39,799 [INFO] ThirdPartyUpdaterWithRetryManager:96 - Updater plugin is busy. [2/15]
2025-03-10 18:07:40,736 [INFO] ServerAccessManage:473 - Download File STMicroelectronics.X-CUBE-TOUCHGFX.pdsc
2025-03-10 18:07:42,815 [WARN] MainUpdater:1194 - Updater busy. Cannot search thirdparties
2025-03-10 18:07:42,815 [INFO] ThirdPartyUpdaterWithRetryManager:96 - Updater plugin is busy. [3/15]
2025-03-10 18:07:43,977 [WARN] PackLoader:240 - Cannot read IP mode file for STMicroelectronics.X-CUBE-TOUCHGFX.4.25.0
2025-03-10 18:07:43,981 [INFO] PopulateThirdPartyThread:66 - Ending populate Thread
2025-03-10 18:07:43,983 [INFO] ThirdParty:1030 - CMSIS Pack Vendor :STMicroelectronics X-CUBE-TOUCHGFX 4.25.0
2025-03-10 18:07:43,983 [INFO] LoadServerUpdatesThread:375 - End of LoadServerUpdate Thread
2025-03-10 18:07:44,205 [INFO] CheckServerUpdateThread:120 - End of CheckServer Thread
2025-03-10 18:07:44,508 [INFO] WebApp:167 - Instantiating new browser for Auth
2025-03-10 18:07:46,205 [INFO] WebApp:448 - Apply proxy settings
2025-03-10 18:07:46,206 [INFO] WebApp:533 - Chromium requires no authentication
2025-03-10 18:07:46,239 [INFO] WebApp:476 - Direct internet connection detected
2025-03-10 18:07:46,318 [INFO] WebApp:869 - Register for checkConnection events
2025-03-10 18:07:46,324 [INFO] WebApp:448 - Apply proxy settings
2025-03-10 18:07:46,324 [INFO] WebApp:533 - Chromium requires no authentication
2025-03-10 18:07:46,326 [INFO] WebApp:476 - Direct internet connection detected
2025-03-10 18:07:46,718 [INFO] WebApp:186 - Connection restablished
2025-03-10 18:07:46,901 [INFO] WebApp:220 - Starting web application
2025-03-10 18:07:46,901 [INFO] WebApp:578 - Web application path used C:\ST\STM32CubeIDE_1.16.1\STM32CubeIDE\plugins\com.st.stm32cube.common.mx_6.12.1.202409122256\db\plugins\mcufinder\reactClient1\index.html
2025-03-10 18:07:46,955 [WARN] PackLoader:240 - Cannot read IP mode file for STMicroelectronics.FP-SNS-MOTENVWB1.1.4.0
2025-03-10 18:07:46,984 [WARN] PackLoader:240 - Cannot read IP mode file for STMicroelectronics.FP-ATR-ASTRA1.2.0.2
2025-03-10 18:07:47,028 [WARN] PackLoader:240 - Cannot read IP mode file for STMicroelectronics.FP-ATR-ASTRA1.2.0.1
2025-03-10 18:07:47,083 [WARN] PackLoader:240 - Cannot read IP mode file for STMicroelectronics.X-CUBE-SMBUS.2.1.0
2025-03-10 18:07:47,142 [WARN] PackLoader:240 - Cannot read IP mode file for STMicroelectronics.X-CUBE-WB05N.1.1.0
2025-03-10 18:07:47,287 [WARN] PackLoader:240 - Cannot read IP mode file for STMicroelectronics.X-CUBE-AZRTOS-F7.1.1.0
2025-03-10 18:07:47,452 [WARN] PackLoader:240 - Cannot read IP mode file for STMicroelectronics.X-CUBE-MEMS1.11.0.0
2025-03-10 18:07:47,738 [WARN] PackLoader:240 - Cannot read IP mode file for STMicroelectronics.FP-SNS-FLIGHT1.5.0.2
2025-03-10 18:07:47,785 [WARN] PackLoader:240 - Cannot read IP mode file for STMicroelectronics.X-CUBE-DISPLAY.3.0.0
2025-03-10 18:07:47,839 [WARN] PackLoader:240 - Cannot read IP mode file for STMicroelectronics.X-CUBE-BLE1.7.0.0
2025-03-10 18:07:47,888 [WARN] PackLoader:240 - Cannot read IP mode file for STMicroelectronics.X-CUBE-NFC10.1.0.0
2025-03-10 18:07:47,955 [WARN] PackLoader:240 - Cannot read IP mode file for STMicroelectronics.X-CUBE-BLEMGR.4.0.0
2025-03-10 18:07:48,014 [WARN] PackLoader:240 - Cannot read IP mode file for emotas.I-CUBE-CANOPEN.1.3.0
2025-03-10 18:07:48,065 [WARN] PackLoader:240 - Cannot read IP mode file for STMicroelectronics.X-CUBE-BLEMGR.3.1.0
2025-03-10 18:07:48,122 [WARN] PackLoader:240 - Cannot read IP mode file for STMicroelectronics.X-CUBE-AI.10.0.0
2025-03-10 18:07:48,171 [WARN] PackLoader:240 - Cannot read IP mode file for STMicroelectronics.FP-SNS-SMARTAG2.1.2.0
2025-03-10 18:07:48,337 [WARN] PackLoader:240 - Cannot read IP mode file for STMicroelectronics.X-CUBE-MEMS1.11.1.0
2025-03-10 18:07:48,597 [INFO] LogOutputStream:77 - [STDOUT_REDIRECT] 1 : Invalid condition id : UX_CORESTACK_Condition cause : null
2025-03-10 18:07:48,600 [INFO] LogOutputStream:77 - [STDOUT_REDIRECT] 1 : Invalid condition id : UX_CORESTACK_Condition cause : null
2025-03-10 18:07:48,605 [INFO] LogOutputStream:77 - [STDOUT_REDIRECT] 1 : Invalid condition id : UX_CORESTACK_Condition cause : null
2025-03-10 18:07:48,607 [INFO] LogOutputStream:77 - [STDOUT_REDIRECT] 1 : Invalid condition id : UX_CORESTACK_Condition cause : null
2025-03-10 18:07:48,609 [INFO] LogOutputStream:77 - [STDOUT_REDIRECT] 1 : Invalid condition id : UX_CORESTACK_Condition cause : null
2025-03-10 18:07:48,618 [WARN] PackLoader:240 - Cannot read IP mode file for STMicroelectronics.X-CUBE-AZRTOS-WL.2.0.0
2025-03-10 18:07:48,669 [WARN] PackLoader:240 - Cannot read IP mode file for STMicroelectronics.FP-SNS-MOTENV1.5.0.0
2025-03-10 18:07:48,694 [WARN] PackLoader:240 - Cannot read IP mode file for wolfSSL.I-CUBE-wolfMQTT.1.19.0
2025-03-10 18:07:48,751 [WARN] PackLoader:240 - Cannot read IP mode file for WES.I-CUBE-Cesium.1.3.0
2025-03-10 18:07:48,803 [WARN] PackLoader:240 - Cannot read IP mode file for STMicroelectronics.X-CUBE-BLE2.3.3.0
2025-03-10 18:07:48,853 [WARN] PackLoader:240 - Cannot read IP mode file for STMicroelectronics.X-CUBE-NFC9.1.0.0
2025-03-10 18:07:48,898 [WARN] PackLoader:240 - Cannot read IP mode file for STMicroelectronics.X-CUBE-BLE1.7.1.0
2025-03-10 18:07:48,948 [WARN] PackLoader:240 - Cannot read IP mode file for STMicroelectronics.X-CUBE-TCPP.4.1.0
2025-03-10 18:07:49,029 [WARN] PackLoader:240 - Cannot read IP mode file for STMicroelectronics.X-CUBE-AZRTOS-G0.1.1.0
2025-03-10 18:07:49,084 [WARN] PackLoader:240 - Cannot read IP mode file for STMicroelectronics.X-CUBE-SAFEA1.1.2.2
2025-03-10 18:07:49,126 [WARN] PackLoader:240 - Cannot read IP mode file for STMicroelectronics.X-CUBE-NFC4.3.0.0
2025-03-10 18:07:49,174 [WARN] PackLoader:240 - Cannot read IP mode file for EmbeddedOffice.I-CUBE-FS-RTOS.1.0.1
2025-03-10 18:07:49,175 [ERROR] ConditionMgr:805 - Attr not supported : Dmpu
2025-03-10 18:07:49,175 [ERROR] ConditionMgr:805 - Attr not supported : Dmpu
2025-03-10 18:07:49,176 [ERROR] ConditionMgr:805 - Attr not supported : Dmpu
2025-03-10 18:07:49,176 [ERROR] ConditionMgr:805 - Attr not supported : Dmpu
2025-03-10 18:07:49,176 [ERROR] ConditionMgr:805 - Attr not supported : Dmpu
2025-03-10 18:07:49,176 [ERROR] ConditionMgr:805 - Attr not supported : Dmpu
2025-03-10 18:07:49,176 [ERROR] ConditionMgr:805 - Attr not supported : Dmpu
2025-03-10 18:07:49,176 [ERROR] ConditionMgr:805 - Attr not supported : Dmpu
2025-03-10 18:07:49,176 [ERROR] ConditionMgr:805 - Attr not supported : Dmpu
2025-03-10 18:07:49,176 [ERROR] ConditionMgr:805 - Attr not supported : Dmpu
2025-03-10 18:07:49,176 [ERROR] ConditionMgr:805 - Attr not supported : Dmpu
2025-03-10 18:07:49,176 [ERROR] ConditionMgr:805 - Attr not supported : Dmpu
2025-03-10 18:07:49,176 [ERROR] ConditionMgr:805 - Attr not supported : Dmpu
2025-03-10 18:07:49,177 [ERROR] ConditionMgr:805 - Attr not supported : Dmpu
2025-03-10 18:07:49,177 [ERROR] ConditionMgr:805 - Attr not supported : Dmpu
2025-03-10 18:07:49,177 [ERROR] ConditionMgr:805 - Attr not supported : Dmpu
2025-03-10 18:07:49,177 [ERROR] ConditionMgr:805 - Attr not supported : Dmpu
2025-03-10 18:07:49,177 [ERROR] ConditionMgr:805 - Attr not supported : Dmpu
2025-03-10 18:07:49,177 [ERROR] ConditionMgr:805 - Attr not supported : Dmpu
2025-03-10 18:07:49,177 [ERROR] ConditionMgr:805 - Attr not supported : Dmpu
2025-03-10 18:07:49,177 [ERROR] ConditionMgr:805 - Attr not supported : Dmpu
2025-03-10 18:07:49,177 [ERROR] ConditionMgr:805 - Attr not supported : Dmpu
2025-03-10 18:07:49,177 [ERROR] ConditionMgr:805 - Attr not supported : Dmpu
2025-03-10 18:07:49,178 [ERROR] ConditionMgr:805 - Attr not supported : Dmpu
2025-03-10 18:07:49,178 [ERROR] ConditionMgr:805 - Attr not supported : Dmpu
2025-03-10 18:07:49,178 [ERROR] ConditionMgr:805 - Attr not supported : Dmpu
2025-03-10 18:07:49,178 [ERROR] ConditionMgr:805 - Attr not supported : Dmpu
2025-03-10 18:07:49,178 [ERROR] ConditionMgr:805 - Attr not supported : Dmpu
2025-03-10 18:07:49,178 [ERROR] ConditionMgr:805 - Attr not supported : Dmpu
2025-03-10 18:07:49,179 [ERROR] ConditionMgr:805 - Attr not supported : Dmpu
2025-03-10 18:07:49,179 [ERROR] ConditionMgr:805 - Attr not supported : Dmpu
2025-03-10 18:07:49,179 [ERROR] ConditionMgr:805 - Attr not supported : Dmpu
2025-03-10 18:07:49,179 [ERROR] ConditionMgr:805 - Attr not supported : Dmpu
2025-03-10 18:07:49,179 [ERROR] ConditionMgr:805 - Attr not supported : Dmpu
2025-03-10 18:07:49,179 [ERROR] ConditionMgr:805 - Attr not supported : Dmpu
2025-03-10 18:07:49,179 [ERROR] ConditionMgr:805 - Attr not supported : Dmpu
2025-03-10 18:07:49,180 [ERROR] ConditionMgr:805 - Attr not supported : Dmpu
2025-03-10 18:07:49,180 [ERROR] ConditionMgr:805 - Attr not supported : Dmpu
2025-03-10 18:07:49,180 [ERROR] ConditionMgr:805 - Attr not supported : Dmpu
2025-03-10 18:07:49,180 [ERROR] ConditionMgr:805 - Attr not supported : Dmpu
2025-03-10 18:07:49,180 [ERROR] ConditionMgr:805 - Attr not supported : Dmpu
2025-03-10 18:07:49,180 [ERROR] ConditionMgr:805 - Attr not supported : Dmpu
2025-03-10 18:07:49,180 [ERROR] ConditionMgr:805 - Attr not supported : Dmpu
2025-03-10 18:07:49,181 [ERROR] ConditionMgr:805 - Attr not supported : Dmpu
2025-03-10 18:07:49,181 [ERROR] ConditionMgr:805 - Attr not supported : Dmpu
2025-03-10 18:07:49,181 [ERROR] ConditionMgr:805 - Attr not supported : Dmpu
2025-03-10 18:07:49,181 [ERROR] ConditionMgr:805 - Attr not supported : Dmpu
2025-03-10 18:07:49,181 [ERROR] ConditionMgr:805 - Attr not supported : Dmpu
2025-03-10 18:07:49,181 [ERROR] ConditionMgr:805 - Attr not supported : Dmpu
2025-03-10 18:07:49,181 [ERROR] ConditionMgr:805 - Attr not supported : Dmpu
2025-03-10 18:07:49,181 [ERROR] ConditionMgr:805 - Attr not supported : Dmpu
2025-03-10 18:07:49,181 [ERROR] ConditionMgr:805 - Attr not supported : Dmpu
2025-03-10 18:07:49,181 [ERROR] ConditionMgr:805 - Attr not supported : Dmpu
2025-03-10 18:07:49,182 [ERROR] ConditionMgr:805 - Attr not supported : Dmpu
2025-03-10 18:07:49,182 [ERROR] ConditionMgr:805 - Attr not supported : Dmpu
2025-03-10 18:07:49,182 [ERROR] ConditionMgr:805 - Attr not supported : Dmpu
2025-03-10 18:07:49,182 [ERROR] ConditionMgr:805 - Attr not supported : Dmpu
2025-03-10 18:07:49,182 [ERROR] ConditionMgr:805 - Attr not supported : Dmpu
2025-03-10 18:07:49,182 [ERROR] ConditionMgr:805 - Attr not supported : Dmpu
2025-03-10 18:07:49,182 [ERROR] ConditionMgr:805 - Attr not supported : Dmpu
2025-03-10 18:07:49,182 [ERROR] ConditionMgr:805 - Attr not supported : Dmpu
2025-03-10 18:07:49,182 [ERROR] ConditionMgr:805 - Attr not supported : Dmpu
2025-03-10 18:07:49,183 [ERROR] ConditionMgr:805 - Attr not supported : Dmpu
2025-03-10 18:07:49,183 [ERROR] ConditionMgr:805 - Attr not supported : Dmpu
2025-03-10 18:07:49,224 [ERROR] Engine:466 - C:\Users\talur\.stm32cubemx\thirdparties\pdsc\STMicroelectronics.X-CUBE-TCPP.4.2.0.pdsc: PDSC version is not supported
2025-03-10 18:07:49,264 [WARN] PackLoader:240 - Cannot read IP mode file for RealThread.X-CUBE-RT-Thread_Nano.4.1.1
2025-03-10 18:07:49,283 [WARN] PackLoader:240 - Cannot read IP mode file for STMicroelectronics.FP-ATR-SIGFOX1.3.2.0
2025-03-10 18:07:49,323 [WARN] PackLoader:240 - Cannot read IP mode file for wolfSSL.I-CUBE-wolfSSL.5.7.2
2025-03-10 18:07:49,341 [WARN] ConditionMgr:438 - getConditionDescription Invalid condition id : Cortex-A Device cause : null
2025-03-10 18:07:49,407 [WARN] ConditionMgr:1039 - genDependencies : Invalid condition id : Cortex-A Device cause : null
2025-03-10 18:07:49,408 [WARN] ConditionMgr:1039 - genDependencies : Invalid condition id : Cortex-A Device cause : null
2025-03-10 18:07:49,408 [WARN] ConditionMgr:1039 - genDependencies : Invalid condition id : Cortex-A Device cause : null
2025-03-10 18:07:49,452 [WARN] PackLoader:240 - Cannot read IP mode file for STMicroelectronics.X-CUBE-EEPRMA1.5.1.0
2025-03-10 18:07:49,494 [WARN] PackLoader:240 - Cannot read IP mode file for wolfSSL.I-CUBE-wolfSSL.5.7.4
2025-03-10 18:07:49,551 [WARN] PackLoader:240 - Cannot read IP mode file for ITTIA_DB.I-CUBE-ITTIADB.8.9.0
2025-03-10 18:07:49,657 [WARN] PackLoader:240 - Cannot read IP mode file for SEGGER.I-CUBE-embOS.1.3.1
2025-03-10 18:07:49,777 [WARN] PackLoader:240 - Cannot read IP mode file for STMicroelectronics.X-CUBE-ALGOBUILD.1.4.0
2025-03-10 18:07:49,817 [WARN] PackLoader:240 - Cannot read IP mode file for STMicroelectronics.X-CUBE-AI.9.1.0
2025-03-10 18:07:49,884 [WARN] PackLoader:240 - Cannot read IP mode file for STMicroelectronics.X-CUBE-AZRTOS-F4.1.1.0
2025-03-10 18:07:49,926 [WARN] PackLoader:240 - Cannot read IP mode file for STMicroelectronics.X-CUBE-ISPU.2.1.0
2025-03-10 18:07:49,971 [WARN] PackLoader:240 - Cannot read IP mode file for STMicroelectronics.X-CUBE-FREERTOS.1.2.0
2025-03-10 18:07:50,044 [WARN] PackLoader:240 - Cannot read IP mode file for STMicroelectronics.X-CUBE-AZRTOS-L5.2.0.0
2025-03-10 18:07:50,093 [WARN] PackLoader:240 - Cannot read IP mode file for STMicroelectronics.X-CUBE-NFC6.3.1.0
2025-03-10 18:07:50,141 [WARN] PackLoader:240 - Cannot read IP mode file for STMicroelectronics.X-CUBE-DPower.1.2.0
2025-03-10 18:07:50,182 [WARN] PackLoader:240 - Cannot read IP mode file for STMicroelectronics.X-CUBE-AI.9.0.0
2025-03-10 18:07:50,221 [WARN] PackLoader:240 - Cannot read IP mode file for STMicroelectronics.X-CUBE-FREERTOS.1.3.0
2025-03-10 18:07:50,258 [WARN] PackLoader:240 - Cannot read IP mode file for STMicroelectronics.X-CUBE-NFC7.1.0.1
2025-03-10 18:07:50,331 [WARN] ConditionMgr:438 - getConditionDescription Invalid condition id : LAN8742 Phy interface Condition cause : null
2025-03-10 18:07:50,333 [WARN] PackLoader:240 - Cannot read IP mode file for STMicroelectronics.X-CUBE-AZRTOS-L4.2.0.0
2025-03-10 18:07:50,334 [WARN] ConditionMgr:1039 - genDependencies : Invalid condition id : LAN8742 Phy interface Condition cause : null
2025-03-10 18:07:50,335 [WARN] ConditionMgr:1039 - genDependencies : Invalid condition id : LAN8742 Phy interface Condition cause : null
2025-03-10 18:07:50,336 [WARN] ConditionMgr:1039 - genDependencies : Invalid condition id : LAN8742 Phy interface Condition cause : null
2025-03-10 18:07:50,388 [WARN] PackLoader:240 - Cannot read IP mode file for STMicroelectronics.X-CUBE-SFXS2LP1.4.0.0
2025-03-10 18:07:50,474 [WARN] PackLoader:240 - Cannot read IP mode file for STMicroelectronics.X-CUBE-AZRTOS-H7.3.3.0
2025-03-10 18:07:50,533 [WARN] PackLoader:240 - Cannot read IP mode file for STMicroelectronics.X-CUBE-IPS.3.0.0
2025-03-10 18:07:50,599 [WARN] ConditionMgr:438 - getConditionDescription Invalid condition id : UX DEVICE CLASS RTOS Condition cause : null
2025-03-10 18:07:50,600 [WARN] ConditionMgr:438 - getConditionDescription Invalid condition id : UX DEVICE CLASS RTOS Condition cause : null
2025-03-10 18:07:50,603 [WARN] PackLoader:240 - Cannot read IP mode file for STMicroelectronics.X-CUBE-AZRTOS-WB.2.0.0
2025-03-10 18:07:50,605 [WARN] ConditionMgr:1039 - genDependencies : Invalid condition id : UX DEVICE CLASS RTOS Condition cause : null
2025-03-10 18:07:50,605 [WARN] ConditionMgr:1039 - genDependencies : Invalid condition id : UX DEVICE CLASS RTOS Condition cause : null
2025-03-10 18:07:50,606 [WARN] ConditionMgr:1039 - genDependencies : Invalid condition id : UX DEVICE CLASS RTOS Condition cause : null
2025-03-10 18:07:50,607 [WARN] ConditionMgr:1039 - genDependencies : Invalid condition id : UX DEVICE CLASS RTOS Condition cause : null
2025-03-10 18:07:50,607 [WARN] ConditionMgr:1039 - genDependencies : Invalid condition id : UX DEVICE CLASS RTOS Condition cause : null
2025-03-10 18:07:50,654 [WARN] PackLoader:240 - Cannot read IP mode file for STMicroelectronics.X-CUBE-GNSS1.7.0.0
2025-03-10 18:07:50,698 [WARN] PackLoader:240 - Cannot read IP mode file for STMicroelectronics.X-CUBE-GNSS1.7.0.1
2025-03-10 18:07:50,714 [WARN] PackLoader:240 - Cannot read IP mode file for STMicroelectronics.X-CUBE-TOUCHGFX.4.25.0
2025-03-10 18:07:50,763 [WARN] PackLoader:240 - Cannot read IP mode file for STMicroelectronics.FP-SNS-STBOX1.2.0.0
2025-03-10 18:07:50,807 [WARN] PackLoader:240 - Cannot read IP mode file for STMicroelectronics.X-CUBE-SUBG2.5.0.0
2025-03-10 18:07:50,828 [WARN] PackLoader:240 - Cannot read IP mode file for Cesanta.I-CUBE-Mongoose.7.13.0
2025-03-10 18:07:50,890 [WARN] PackLoader:240 - Cannot read IP mode file for STMicroelectronics.X-CUBE-AZRTOS-G4.2.0.0
2025-03-10 18:07:50,925 [WARN] PackLoader:240 - Cannot read IP mode file for STMicroelectronics.X-CUBE-ISPU.2.0.0
2025-03-10 18:07:50,956 [ERROR] Engine:466 - C:\Users\talur\.stm32cubemx\thirdparties\pdsc\STMicroelectronics.X-CUBE-IPS.3.1.0.pdsc: PDSC version is not supported
2025-03-10 18:07:50,990 [WARN] PackLoader:240 - Cannot read IP mode file for STMicroelectronics.X-CUBE-ALS.1.0.2
2025-03-10 18:07:51,021 [WARN] PackLoader:240 - Cannot read IP mode file for STMicroelectronics.X-CUBE-TOUCHGFX.4.24.0
2025-03-10 18:07:51,056 [WARN] PackLoader:240 - Cannot read IP mode file for STMicroelectronics.X-CUBE-TOUCHGFX.4.24.2
2025-03-10 18:07:51,090 [WARN] PackLoader:240 - Cannot read IP mode file for STMicroelectronics.X-CUBE-TOUCHGFX.4.24.1
2025-03-10 18:07:51,102 [WARN] PackLoader:240 - Cannot read IP mode file for wolfSSL.I-CUBE-wolfTPM.3.4.0
2025-03-10 18:07:51,140 [WARN] PackLoader:240 - Cannot read IP mode file for portGmbH.I-Cube-SoM-uGOAL.1.1.0
2025-03-10 18:07:51,204 [WARN] PackLoader:240 - Cannot read IP mode file for STMicroelectronics.X-CUBE-AZRTOS-H7RS.1.0.0
2025-03-10 18:07:51,245 [WARN] PackLoader:240 - Cannot read IP mode file for STMicroelectronics.FP-ATR-ASTRA1.2.0.0
2025-03-10 18:07:51,291 [WARN] PackLoader:240 - Cannot read IP mode file for STMicroelectronics.X-CUBE-TOF1.3.4.2
2025-03-10 18:07:51,356 [WARN] PackLoader:240 - Cannot read IP mode file for Infineon.AIROC-Wi-Fi-Bluetooth-STM32.1.6.1
2025-03-10 18:07:51,374 [WARN] PackLoader:240 - Cannot read IP mode file for wolfSSL.I-CUBE-wolfSSH.1.4.17
2025-03-10 18:07:51,375 [INFO] ThirdParty:978 - Integrity check success = true
2025-03-10 18:07:51,376 [INFO] IntegrityCheckThread:100 - exiting critical section [integrity check]
2025-03-10 18:07:51,376 [INFO] IntegrityCheckThread:103 - End integrity checks thread
2025-03-10 18:09:31,550 [INFO] WebApp:189 - Connection lost
2025-03-10 18:09:32,024 [INFO] WebApp:186 - Connection restablished
2025-03-10 18:09:56,507 [INFO] WebApp:189 - Connection lost
2025-03-10 18:09:56,803 [INFO] WebApp:186 - Connection restablished
2025-03-10 18:11:49,092 [INFO] WebApp:189 - Connection lost
2025-03-10 18:11:49,943 [INFO] WebApp:186 - Connection restablished
2025-03-10 18:12:45,056 [INFO] WebApp:189 - Connection lost
2025-03-10 18:12:46,401 [INFO] WebApp:186 - Connection restablished
2025-03-10 18:12:49,008 [INFO] WebApp:189 - Connection lost
2025-03-10 18:12:49,449 [INFO] WebApp:186 - Connection restablished
2025-03-10 18:13:52,050 [INFO] WebApp:189 - Connection lost
2025-03-10 18:13:53,393 [INFO] WebApp:186 - Connection restablished
2025-03-10 18:13:56,020 [INFO] WebApp:189 - Connection lost
2025-03-10 18:13:56,565 [INFO] WebApp:186 - Connection restablished
2025-03-10 18:14:03,509 [INFO] WebApp:189 - Connection lost
2025-03-10 18:14:03,763 [INFO] WebApp:186 - Connection restablished
2025-03-10 18:14:07,531 [INFO] WebApp:189 - Connection lost
2025-03-10 18:14:07,796 [INFO] WebApp:186 - Connection restablished
2025-03-10 18:14:11,543 [INFO] WebApp:189 - Connection lost
2025-03-10 18:14:11,843 [INFO] WebApp:186 - Connection restablished
2025-03-10 18:14:15,495 [INFO] WebApp:189 - Connection lost
2025-03-10 18:14:15,766 [INFO] WebApp:186 - Connection restablished
2025-03-10 18:14:19,539 [INFO] WebApp:189 - Connection lost
2025-03-10 18:14:20,004 [INFO] WebApp:186 - Connection restablished
2025-03-10 18:14:25,516 [INFO] WebApp:189 - Connection lost
2025-03-10 18:14:25,805 [INFO] WebApp:186 - Connection restablished
2025-03-10 18:14:29,525 [INFO] WebApp:189 - Connection lost
2025-03-10 18:14:30,021 [INFO] WebApp:186 - Connection restablished
2025-03-10 18:14:42,508 [INFO] WebApp:189 - Connection lost
2025-03-10 18:14:42,801 [INFO] WebApp:186 - Connection restablished
2025-03-10 18:15:41,516 [INFO] WebApp:189 - Connection lost
2025-03-10 18:15:42,882 [INFO] WebApp:186 - Connection restablished
2025-03-10 18:15:46,009 [INFO] WebApp:189 - Connection lost
2025-03-10 18:15:46,260 [INFO] WebApp:186 - Connection restablished
2025-03-10 18:15:59,920 [INFO] McuFinderGlobals:63 - Set McuFinder mode to 2 (CubeIDE integrated)
2025-03-10 18:15:59,998 [INFO] MainUpdater:2873 - connection check result : 10
2025-03-10 18:16:00,018 [INFO] MainUpdater:2873 - connection check result : 10
2025-03-10 18:16:00,471 [INFO] RulesReader:64 - Compatibility file has been processed (297 Rules)
2025-03-10 18:16:00,500 [INFO] RulesReader:64 - Compatibility file has been processed (297 Rules)
2025-03-10 18:16:00,518 [INFO] MicroXplorer:468 - Change Database Path : 
2025-03-10 18:16:00,519 [INFO] MicroXplorer:498 - Change Database Version : DB.6.0.121
2025-03-10 18:16:00,535 [WARN] ThirdParty:871 - waiting for thirdparty lock release [close project]
2025-03-10 18:16:00,536 [INFO] ThirdParty:873 - entering critical section [close project]
2025-03-10 18:16:00,538 [INFO] ThirdParty:883 - exiting critical section [close project]
2025-03-10 18:16:00,551 [INFO] PinOutPanel:1561 - setPackage(No Configuration,No Configuration)
2025-03-10 18:16:00,564 [INFO] UtilMem:75 - Begin LoadConfig() Used Memory: 697365584 Bytes (1073741824)
2025-03-10 18:16:00,568 [INFO] MicroXplorer:468 - Change Database Path : 
2025-03-10 18:16:00,568 [INFO] MicroXplorer:498 - Change Database Version : DB.6.0.121
2025-03-10 18:16:00,569 [INFO] OpenFileManager:332 - Change cursor
2025-03-10 18:16:00,664 [INFO] Mcu:2032 - Initializing MCU STM32F407V(E-G)Tx STM32F407VGTx STM32F407VGT6
2025-03-10 18:16:05,090 [INFO] Context:742 - Trying to add GPIOservice into a context  which must be forbidden
2025-03-10 18:16:06,317 [INFO] RtosManager:555 - Registered RTOS mode: class=CMSIS, group=RTOS, mode=CMSIS_V1, owner=FREERTOS
2025-03-10 18:16:06,318 [INFO] RtosManager:555 - Registered RTOS mode: class=CMSIS, group=RTOS2, mode=CMSIS_V2, owner=FREERTOS
2025-03-10 18:16:06,318 [INFO] RtosManager:555 - Registered RTOS mode: class=RTOS, group=Core, mode=CMSIS_V1, owner=FREERTOS
2025-03-10 18:16:06,318 [INFO] RtosManager:555 - Registered RTOS mode: class=RTOS, group=Core, mode=CMSIS_V2, owner=FREERTOS
2025-03-10 18:16:06,319 [WARN] ModelIntegratedComponent:184 - Missing modes for component STMicroelectronics:FreeRTOS:0.0.1:STMicroelectronics:RTOS:FreeRTOS:Core:::10.2.0:
2025-03-10 18:16:06,343 [WARN] ModelIntegratedComponent:63 - No mode defined for component null
2025-03-10 18:16:06,344 [WARN] ModelIntegratedComponent:63 - No mode defined for component null
2025-03-10 18:16:06,344 [WARN] ModelIntegratedComponent:63 - No mode defined for component null
2025-03-10 18:16:06,344 [WARN] ModelIntegratedComponent:63 - No mode defined for component null
2025-03-10 18:16:06,344 [WARN] ModelIntegratedComponent:63 - No mode defined for component null
2025-03-10 18:16:06,344 [WARN] ModelIntegratedComponent:63 - No mode defined for component null
2025-03-10 18:16:06,344 [WARN] ModelIntegratedComponent:63 - No mode defined for component null
2025-03-10 18:16:06,344 [WARN] ModelIntegratedComponent:63 - No mode defined for component null
2025-03-10 18:16:06,344 [WARN] ModelIntegratedComponent:63 - No mode defined for component null
2025-03-10 18:16:06,344 [WARN] ModelIntegratedComponent:63 - No mode defined for component null
2025-03-10 18:16:06,344 [WARN] ModelIntegratedComponent:63 - No mode defined for component null
2025-03-10 18:16:06,344 [WARN] ModelIntegratedComponent:63 - No mode defined for component null
2025-03-10 18:16:06,344 [WARN] ModelIntegratedComponent:63 - No mode defined for component null
2025-03-10 18:16:06,344 [WARN] ModelIntegratedComponent:63 - No mode defined for component null
2025-03-10 18:16:06,344 [WARN] ModelIntegratedComponent:63 - No mode defined for component null
2025-03-10 18:16:06,345 [WARN] ModelIntegratedComponent:63 - No mode defined for component null
2025-03-10 18:16:06,345 [WARN] ModelIntegratedComponent:63 - No mode defined for component null
2025-03-10 18:16:06,345 [WARN] ModelIntegratedComponent:63 - No mode defined for component null
2025-03-10 18:16:06,345 [WARN] ModelIntegratedComponent:63 - No mode defined for component null
2025-03-10 18:16:06,345 [WARN] ModelIntegratedComponent:63 - No mode defined for component null
2025-03-10 18:16:06,345 [WARN] ModelIntegratedComponent:63 - No mode defined for component null
2025-03-10 18:16:06,345 [WARN] ModelIntegratedComponent:63 - No mode defined for component null
2025-03-10 18:16:06,345 [WARN] ModelIntegratedComponent:63 - No mode defined for component null
2025-03-10 18:16:06,345 [WARN] ModelIntegratedComponent:63 - No mode defined for component null
2025-03-10 18:16:06,345 [WARN] ModelIntegratedComponent:63 - No mode defined for component null
2025-03-10 18:16:06,345 [WARN] ModelIntegratedComponent:63 - No mode defined for component null
2025-03-10 18:16:06,346 [WARN] ModelIntegratedComponent:63 - No mode defined for component null
2025-03-10 18:16:06,346 [WARN] ModelIntegratedComponent:63 - No mode defined for component null
2025-03-10 18:16:06,346 [WARN] ModelIntegratedComponent:63 - No mode defined for component null
2025-03-10 18:16:06,346 [WARN] ModelIntegratedComponent:63 - No mode defined for component null
2025-03-10 18:16:06,346 [WARN] ModelIntegratedComponent:63 - No mode defined for component null
2025-03-10 18:16:06,346 [WARN] ModelIntegratedComponent:63 - No mode defined for component null
2025-03-10 18:16:06,346 [WARN] ModelIntegratedComponent:63 - No mode defined for component null
2025-03-10 18:16:06,346 [WARN] ModelIntegratedComponent:63 - No mode defined for component null
2025-03-10 18:16:06,346 [WARN] ModelIntegratedComponent:63 - No mode defined for component null
2025-03-10 18:16:06,347 [WARN] ModelPack:524 - Component already loaded: STMicroelectronics:HAL Drivers:0.0.0:STMicroelectronics:Device:STMicro_Driver:XSPI:HAL::0.0.1:HAL_XSPI
2025-03-10 18:16:06,522 [INFO] ThirdPartyModel:298 - Start build external matchings
2025-03-10 18:16:07,448 [INFO] ThirdPartyModel:316 - End build external matchings
2025-03-10 18:16:07,501 [INFO] ImportTextPane:205 - (OptionalMessage_ERROR) IP (RCC) : Parameter (RTCHSEDivFreq_Value) has invalid value (4000000)
2025-03-10 18:16:08,427 [INFO] ApiDb:581 - Connected to CubeFinder SQLite database (C:\Users\talur\.stmcufinder\plugins\mcufinder\mcu\cube-finder-db.db)
2025-03-10 18:16:08,599 [INFO] ApiDb:668 - CubeFinder database Data Model version=2.1
2025-03-10 18:16:08,599 [INFO] ApiDb:669 - CubeFinder database Configuration version=3.0.39
2025-03-10 18:16:08,605 [INFO] ApiDb:670 - CubeFinder database generation date=2025-02-07 (1738919966)
2025-03-10 18:16:08,605 [INFO] ApiDb:671 - CubeFinder database FW Pack versions=[FP-ATR-ASTRA1_V2.0.0, FP-SNS-FLIGHT1_V5.0.2, FP-SNS-MOTENV1_V5.0.0, FP-SNS-MOTENVWB1_V1.4.0, FP-SNS-SMARTAG2_V1.2.0, FP-SNS-STBOX1_V2.0.0, STM32Cube_FW_C0_V1.3.0, STM32Cube_FW_F4_V1.28.1, STM32Cube_FW_F7_V1.17.2, STM32Cube_FW_G0_V1.6.2, STM32Cube_FW_G4_V1.6.1, STM32Cube_FW_H5_V1.4.0, STM32Cube_FW_H7RS_V1.1.0, STM32Cube_FW_H7_V1.12.0, STM32Cube_FW_L0_V1.12.2, STM32Cube_FW_L4_V1.18.1, STM32Cube_FW_L5_V1.5.1, STM32Cube_FW_N6_V1.0.0, STM32Cube_FW_U0_V1.2.0, STM32Cube_FW_U3_V1.0.0, STM32Cube_FW_U5_V1.7.0, STM32Cube_FW_WB0_V1.1.0, STM32Cube_FW_WBA_V1.5.0, STM32Cube_FW_WB_V1.21.0, STM32Cube_FW_WL3_V1.0.0, STM32Cube_FW_WL_V1.3.0, X-CUBE-ALGOBUILD_V1.4.0, X-CUBE-ALS_V1.0.2, X-CUBE-AZRTOS-F4_V1.1.0, X-CUBE-AZRTOS-F7_V1.1.0, X-CUBE-AZRTOS-G0_V1.1.0, X-CUBE-AZRTOS-G4_V2.0.0, X-CUBE-AZRTOS-H7RS_V1.0.0, X-CUBE-AZRTOS-H7_V3.3.0, X-CUBE-AZRTOS-L4_V2.0.0, X-CUBE-AZRTOS-L5_V2.0.0, X-CUBE-AZRTOS-WB_V2.0.0, X-CUBE-AZRTOS-WL_V2.0.0, X-CUBE-BLE1_V7.0.0, X-CUBE-BLE2_V3.3.0, X-CUBE-BLEMGR_V4.0.0, X-CUBE-EEPRMA1_V5.1.0, X-CUBE-FREERTOS_V1.2.0, X-CUBE-GNSS1_V6.0.0, X-CUBE-MEMS1_V11.1.0, X-CUBE-NFC4_V3.0.0, X-CUBE-NFC7_V1.0.1, X-CUBE-SFXS2LP1_V4.0.0, X-CUBE-SUBG2_V5.0.0, X-CUBE-TOF1_V3.4.2]
2025-03-10 18:16:08,833 [INFO] DbBoardsSqlite:226 - include board P-NUCLEO-WB55-NUCLEO as a kit item of type 'Nucleo-64'
2025-03-10 18:16:08,833 [INFO] DbBoardsSqlite:226 - include board P-NUCLEO-WB55-USBDONGLE as a kit item of type 'Nucleo USB Dongle'
2025-03-10 18:16:08,849 [INFO] DbBoardsSqlite:226 - include board STEVAL-IDP005V1 as a kit item of type 'Evaluation Board'
2025-03-10 18:16:08,849 [INFO] DbBoardsSqlite:226 - include board STEVAL-IDP005V2 as a kit item of type 'Evaluation Board'
2025-03-10 18:16:09,737 [INFO] ApiDb:240 - Found 646 in-development CPN: [B-G473E-ZEST1S, B-WB1M-WPAN1, B-WL5M-SUBG1, NUCLEO-C031C6, NUCLEO-C071RB, NUCLEO-H503RB, NUCLEO-H533RE, NUCLEO-H563ZI, NUCLEO-H7S3L8, NUCLEO-U031R8, NUCLEO-U083RC, NUCLEO-U545RE-Q, NUCLEO-U5A5ZJ-Q, NUCLEO-WB05KZ, NUCLEO-WB07CC, NUCLEO-WB09KE, NUCLEO-WBA52CG, NUCLEO-WBA55CG, STEVAL-PROTEUS1, STEVAL-SMARTAG2, STEVAL-STWINBX1, STM320518-EVAL, STM32C0116-DK, STM32C011D6Y3TR, STM32C011D6Y6TR, STM32C011F4P3, STM32C011F4P6, STM32C011F4U3, STM32C011F4U6TR, STM32C011F6P3, STM32C011F6P6, STM32C011F6U3, STM32C011F6U6TR, STM32C011J4M3, STM32C011J4M6, STM32C011J6M3, STM32C011J6M6, STM32C0316-DK, STM32C031C4T3, STM32C031C4T6, STM32C031C4U3, STM32C031C4U6, STM32C031C6T3, STM32C031C6T6, STM32C031C6U3, STM32C031C6U6, STM32C031F4P3, STM32C031F4P6, STM32C031F6P3, STM32C031F6P6, STM32C031G4U3, STM32C031G4U6, STM32C031G6U3, STM32C031G6U6, STM32C031K4T3, STM32C031K4T6, STM32C031K4U3, STM32C031K4U6, STM32C031K6T3, STM32C031K6T6, STM32C031K6U3, STM32C031K6U6, STM32C071C8T6, STM32C071C8T6N, STM32C071C8U6, STM32C071C8U6N, STM32C071CBT6, STM32C071CBT6N, STM32C071CBU6, STM32C071CBU6N, STM32C071F8P6, STM32C071F8P6N, STM32C071FBP6, STM32C071FBP6N, STM32C071FBY6TR, STM32C071G8U6, STM32C071G8U6N, STM32C071GBU6, STM32C071GBU6N, STM32C071K8T6, STM32C071K8T6N, STM32C071K8U6, STM32C071K8U6N, STM32C071KBT6, STM32C071KBT6N, STM32C071KBU6, STM32C071KBU6N, STM32C071R8T6, STM32C071R8T6N, STM32C071RBI6N, STM32C071RBT6, STM32C071RBT6N, STM32G071K8TXN, STM32G071K8UXN, STM32G081GBU6N, STM32G081KBT6N, STM32G081KBUXN, STM32G0B1CCT6N, STM32G0B1KCT6, STM32G0B1NEY6TR, STM32G0B1RCT6N, STM32G0C1CCT6, STM32G0C1CCT6N, STM32G0C1CCU6N, STM32G0C1CET6N, STM32G0C1CEU6N, STM32G0C1KCT6, STM32G0C1NEY6TR, STM32G0C1RCI6N, STM32G0C1RCT6N, STM32G0C1REI6N, STM32G0C1RET6N, STM32G0C1VCI6, STM32G0C1VEI6, STM32G411C6T3, STM32G411C6T6, STM32G411C6U3, STM32G411C6U6, STM32G411C8T3, STM32G411C8T6, STM32G411C8U3, STM32G411C8U6, STM32G411CBT3, STM32G411CBT6, STM32G411CBU3, STM32G411CBU6, STM32G411K6T3, STM32G411K6T6, STM32G411K6U3, STM32G411K6U6, STM32G411K8T3, STM32G411K8T6, STM32G411K8U3, STM32G411K8U6, STM32G411KBT3, STM32G411KBT6, STM32G411KBU3, STM32G411KBU6, STM32G411M6T3, STM32G411M6T6, STM32G411M8T3, STM32G411M8T6, STM32G411MBT3, STM32G411MBT6, STM32G411R6T3, STM32G411R6T6, STM32G411R8T3, STM32G411R8T6, STM32G411RBT3, STM32G411RBT6, STM32G414CBT3, STM32G414CBT6, STM32G414CBU3, STM32G414CBU6, STM32G414CCT3, STM32G414CCT6, STM32G414CCU3, STM32G414CCU6, STM32G414MBT3, STM32G414MBT6, STM32G414MCT3, STM32G414MCT6, STM32G414RBT3, STM32G414RBT6, STM32G414RCT3, STM32G414RCT6, STM32G414VBT3, STM32G414VBT6, STM32G414VCT3, STM32G414VCT6, STM32G431CBT3Z, STM32G431RBT3Z, STM32G471CCT6, STM32G471CCU6, STM32G471CET3, STM32G471CET6, STM32G471CEU3, STM32G471CEU6, STM32G471MCT6, STM32G471MET3, STM32G471MET6, STM32G471MEY6TR, STM32G471QCT6, STM32G471QET3, STM32G471RCT6, STM32G471RET3, STM32G471RET6, STM32G471VCH6, STM32G471VCI6, STM32G471VCT6, STM32G471VEH3, STM32G471VEH6, STM32G471VEI3, STM32G471VEI6, STM32G471VET3, STM32G471VET6, STM32G473QET3Z, STM32G473RET3Z, STM32G474CCT6, STM32G491RET3Z, STM32H503CBT6, STM32H503CBU6, STM32H503EBY6TR, STM32H503KBU6, STM32H503RBT6, STM32H523CCT6, STM32H523CCU6, STM32H523CET6, STM32H523CEU6, STM32H523HEY6TR, STM32H523RCT6, STM32H523RET6, STM32H523VCI6, STM32H523VCT6, STM32H523VEI6, STM32H523VET6, STM32H523ZCJ6, STM32H523ZCT6, STM32H523ZEJ6, STM32H523ZET6, STM32H533CET6, STM32H533CEU6, STM32H533HEY6TR, STM32H533RET6, STM32H533VEI6, STM32H533VET6, STM32H533ZEJ6, STM32H533ZET6, STM32H562AGI6, STM32H562AII6, STM32H562IGK6, STM32H562IGT6, STM32H562IIK6, STM32H562IIT6, STM32H562RGT6, STM32H562RGV6, STM32H562RIT6, STM32H562RIV6, STM32H562VGT6, STM32H562VIT6, STM32H562ZGT6, STM32H562ZIT6, STM32H563AGI6, STM32H563AII3Q, STM32H563AII6, STM32H563IGK6, STM32H563IGT6, STM32H563IIK3Q, STM32H563IIK6, STM32H563IIT3Q, STM32H563IIT6, STM32H563MIY3QTR, STM32H563RGT6, STM32H563RGV6, STM32H563RIT6, STM32H563RIV6, STM32H563VGT6, STM32H563VIT3Q, STM32H563VIT6, STM32H563ZGT6, STM32H563ZIT3Q, STM32H563ZIT6, STM32H573AII3Q, STM32H573AII6, STM32H573I-DK, STM32H573IIK3Q, STM32H573IIK6, STM32H573IIT3Q, STM32H573IIT6, STM32H573MIY3QTR, STM32H573RIT6, STM32H573RIV6, STM32H573VIT3Q, STM32H573VIT6, STM32H573ZIT3Q, STM32H573ZIT6, STM32H7R3A8I6, STM32H7R3I8K6, STM32H7R3I8T6, STM32H7R3L8H6, STM32H7R3L8H6H, STM32H7R3R8V6, STM32H7R3V8H6, STM32H7R3V8T6, STM32H7R3V8Y6TR, STM32H7R3Z8J6, STM32H7R3Z8T6, STM32H7R7A8I6, STM32H7R7I8K6, STM32H7R7I8T6, STM32H7R7L8H6, STM32H7R7L8H6H, STM32H7R7Z8J6, STM32H7S3A8I6, STM32H7S3I8K6, STM32H7S3I8T6, STM32H7S3L8H6, STM32H7S3L8H6H, STM32H7S3R8V6, STM32H7S3V8H6, STM32H7S3V8T6, STM32H7S3V8Y6TR, STM32H7S3Z8J6, STM32H7S3Z8T6, STM32H7S78-DK, STM32H7S7A8I6, STM32H7S7I8K6, STM32H7S7I8T6, STM32H7S7L8H6, STM32H7S7L8H6H, STM32H7S7Z8J6, STM32L4R5QGI6STR, STM32MP131AAE3, STM32MP131AAF3, STM32MP131AAG3, STM32MP131CAE3, STM32MP131CAF3, STM32MP131CAG3, STM32MP131DAE7, STM32MP131DAF7, STM32MP131DAG7, STM32MP131FAE7, STM32MP131FAF7, STM32MP131FAG7, STM32MP133AAE3, STM32MP133AAF3, STM32MP133AAG3, STM32MP133CAE3, STM32MP133CAF3, STM32MP133CAG3, STM32MP133DAE7, STM32MP133DAF7, STM32MP133DAG7, STM32MP133FAE7, STM32MP133FAF7, STM32MP133FAG7, STM32MP135AAE3, STM32MP135AAF3, STM32MP135AAG3, STM32MP135CAE3, STM32MP135CAF3, STM32MP135CAG3, STM32MP135DAE7, STM32MP135DAF7, STM32MP135DAG7, STM32MP135F-DK, STM32MP135FAE7, STM32MP135FAF7, STM32MP135FAF7T, STM32MP135FAF7U, STM32MP135FAG7, STM32MP251AAI3, STM32MP251AAK3, STM32MP251AAL3, STM32MP251CAI3, STM32MP251CAK3, STM32MP251CAL3, STM32MP251DAI3, STM32MP251DAK3, STM32MP251DAL3, STM32MP251FAI3, STM32MP251FAK3, STM32MP251FAL3, STM32MP253AAI3, STM32MP253AAK3, STM32MP253AAL3, STM32MP253CAI3, STM32MP253CAK3, STM32MP253CAL3, STM32MP253DAI3, STM32MP253DAK3, STM32MP253DAL3, STM32MP253FAI3, STM32MP253FAK3, STM32MP253FAL3, STM32MP255AAI3, STM32MP255AAK3, STM32MP255AAL3, STM32MP255CAI3, STM32MP255CAK3, STM32MP255CAL3, STM32MP255DAI3, STM32MP255DAK3, STM32MP255DAL3, STM32MP255FAI3, STM32MP255FAK3, STM32MP255FAL3, STM32MP257AAI3, STM32MP257AAK3, STM32MP257AAL3, STM32MP257CAI3, STM32MP257CAK3, STM32MP257CAL3, STM32MP257DAI3, STM32MP257DAK3, STM32MP257DAL3, STM32MP257F-DK, STM32MP257F-EV1, STM32MP257FAI3, STM32MP257FAK3, STM32MP257FAL3, STM32U031C6T6, STM32U031C6U6, STM32U031C8T6, STM32U031C8U6, STM32U031F4P6, STM32U031F6P6, STM32U031F8P6, STM32U031G6Y6TR, STM32U031G8Y6TR, STM32U031K4U6, STM32U031K6U6, STM32U031K8U6, STM32U031R6I6, STM32U031R6T6, STM32U031R8I6, STM32U031R8T6, STM32U073C8T6, STM32U073C8U6, STM32U073CBT6, STM32U073CBU6, STM32U073CCT6, STM32U073CCU6, STM32U073H8Y6TR, STM32U073HBY6TR, STM32U073HCY6TR, STM32U073K8U6, STM32U073KBU6, STM32U073KCU6, STM32U073M8I6, STM32U073M8T6, STM32U073MBI6, STM32U073MBT6, STM32U073MCI6, STM32U073MCT6, STM32U073R8I6, STM32U073R8T6, STM32U073RBI6, STM32U073RBT6, STM32U073RCI6, STM32U073RCT6, STM32U083C-DK, STM32U083CCT6, STM32U083CCU6, STM32U083HCY6TR, STM32U083KCU6, STM32U083MCI6, STM32U083MCT6, STM32U083RCI6, STM32U083RCT6, STM32U535CBT6, STM32U535CBT6Q, STM32U535CBU6, STM32U535CBU6Q, STM32U535CCT6, STM32U535CCT6Q, STM32U535CCU6, STM32U535CCU6Q, STM32U535CET6, STM32U535CET6Q, STM32U535CEU6, STM32U535CEU6Q, STM32U535JEY6QTR, STM32U535NCY6QTR, STM32U535NEY6QTR, STM32U535RBI6, STM32U535RBI6Q, STM32U535RBT6, STM32U535RBT6Q, STM32U535RCI6, STM32U535RCI6Q, STM32U535RCT6, STM32U535RCT6Q, STM32U535REI6, STM32U535REI6Q, STM32U535RET6, STM32U535RET6Q, STM32U535VCI6, STM32U535VCI6Q, STM32U535VCT6, STM32U535VCT6Q, STM32U535VEI6, STM32U535VEI6Q, STM32U535VET6, STM32U535VET6Q, STM32U545CET6, STM32U545CET6Q, STM32U545CEU6, STM32U545CEU6Q, STM32U545JEY6QTR, STM32U545NEY6QTR, STM32U545REI6, STM32U545REI6Q, STM32U545RET6, STM32U545RET6Q, STM32U545VEI6, STM32U545VEI6Q, STM32U545VET6, STM32U545VET6Q, STM32U595AIH6, STM32U595AIH6Q, STM32U595AJH6, STM32U595AJH6Q, STM32U595QII6, STM32U595QII6Q, STM32U595QJI6, STM32U595QJI6Q, STM32U595RIT6, STM32U595RIT6Q, STM32U595RJT6, STM32U595RJT6Q, STM32U595VIT6, STM32U595VIT6Q, STM32U595VJT6, STM32U595VJT6Q, STM32U595ZIT6, STM32U595ZIT6Q, STM32U595ZIY6QTR, STM32U595ZJT6, STM32U595ZJT6Q, STM32U595ZJY6QTR, STM32U599BJY6QTR, STM32U599NIH6Q, STM32U599NJH6Q, STM32U599VIT6Q, STM32U599VJT6, STM32U599VJT6Q, STM32U599ZIT6Q, STM32U599ZIY6QTR, STM32U599ZJT6Q, STM32U599ZJY6QTR, STM32U5A5AJH6, STM32U5A5AJH6Q, STM32U5A5QII3Q , STM32U5A5QJI6, STM32U5A5QJI6Q, STM32U5A5RJT6, STM32U5A5RJT6Q, STM32U5A5VJT6, STM32U5A5VJT6Q, STM32U5A5ZJT6, STM32U5A5ZJT6Q, STM32U5A5ZJY6QTR, STM32U5A9BJY6QTR, STM32U5A9J-DK, STM32U5A9NJH6Q, STM32U5A9VJT6Q, STM32U5A9ZJT6Q, STM32U5A9ZJY6QTR, STM32U5F7VIT6, STM32U5F7VIT6Q, STM32U5F7VJT6, STM32U5F7VJT6Q, STM32U5F9BJY6QTR, STM32U5F9NJH6Q, STM32U5F9VIT6Q, STM32U5F9VJT6Q, STM32U5F9ZIJ6QTR, STM32U5F9ZIT6Q, STM32U5F9ZJJ6QTR, STM32U5F9ZJT6Q, STM32U5G7VJT6, STM32U5G7VJT6Q, STM32U5G9BJY6QTR, STM32U5G9J-DK1, STM32U5G9J-DK2, STM32U5G9NJH6Q, STM32U5G9VJT6Q, STM32U5G9ZJJ6QTR, STM32U5G9ZJT6Q, STM32WB05KZV6TR, STM32WB05KZV7TR, STM32WB05TZF6TR, STM32WB05TZF7TR, STM32WB06CCF6TR, STM32WB06CCF7TR, STM32WB06CCV6TR, STM32WB06CCV7TR, STM32WB06KCV6TR, STM32WB06KCV7TR, STM32WB07CCF6TR, STM32WB07CCF7TR, STM32WB07CCV6TR, STM32WB07CCV7TR, STM32WB07KCV6TR, STM32WB07KCV7TR, STM32WB09KEV6TR, STM32WB09KEV7TR, STM32WB09TEF6TR, STM32WB09TEF7TR, STM32WB1MMCH6, STM32WBA50KGU6, STM32WBA50KGU6TR, STM32WBA52CEU6, STM32WBA52CEU6TR, STM32WBA52CEU7, STM32WBA52CEU7TR, STM32WBA52CGU6, STM32WBA52CGU6TR, STM32WBA52CGU6U, STM32WBA52CGU7, STM32WBA52CGU7TR, STM32WBA52KEU6, STM32WBA52KEU6TR, STM32WBA52KGU6, STM32WBA52KGU6TR, STM32WBA54CEU6, STM32WBA54CEU6TR, STM32WBA54CEU7, STM32WBA54CEU7TR, STM32WBA54CGU6, STM32WBA54CGU6TR, STM32WBA54CGU7, STM32WBA54CGU7TR, STM32WBA54KEU6, STM32WBA54KEU6TR, STM32WBA54KEU7, STM32WBA54KEU7TR, STM32WBA54KGU6, STM32WBA54KGU6TR, STM32WBA54KGU7, STM32WBA54KGU7TR, STM32WBA55CEU6, STM32WBA55CEU6TR, STM32WBA55CEU7, STM32WBA55CEU7TR, STM32WBA55CGU6, STM32WBA55CGU6TR, STM32WBA55CGU6U, STM32WBA55CGU7, STM32WBA55CGU7TR, STM32WBA55G-DK1, STM32WBA55HEF6, STM32WBA55HEF7, STM32WBA55HGF6, STM32WBA55HGF7, STM32WBA55UEI6, STM32WBA55UEI6TR, STM32WBA55UEI7, STM32WBA55UEI7TR, STM32WBA55UGI6, STM32WBA55UGI6TR, STM32WBA55UGI7, STM32WBA55UGI7TR, STM32WL5MOCH6, STM32WL5MOCH6TR]
2025-03-10 18:16:09,744 [INFO] ApiDb:668 - CubeFinder database Data Model version=2.1
2025-03-10 18:16:09,745 [INFO] ApiDb:669 - CubeFinder database Configuration version=3.0.39
2025-03-10 18:16:09,745 [INFO] ApiDb:670 - CubeFinder database generation date=2025-02-07 (1738919966)
2025-03-10 18:16:09,745 [INFO] ApiDb:671 - CubeFinder database FW Pack versions=[FP-ATR-ASTRA1_V2.0.0, FP-SNS-FLIGHT1_V5.0.2, FP-SNS-MOTENV1_V5.0.0, FP-SNS-MOTENVWB1_V1.4.0, FP-SNS-SMARTAG2_V1.2.0, FP-SNS-STBOX1_V2.0.0, STM32Cube_FW_C0_V1.3.0, STM32Cube_FW_F4_V1.28.1, STM32Cube_FW_F7_V1.17.2, STM32Cube_FW_G0_V1.6.2, STM32Cube_FW_G4_V1.6.1, STM32Cube_FW_H5_V1.4.0, STM32Cube_FW_H7RS_V1.1.0, STM32Cube_FW_H7_V1.12.0, STM32Cube_FW_L0_V1.12.2, STM32Cube_FW_L4_V1.18.1, STM32Cube_FW_L5_V1.5.1, STM32Cube_FW_N6_V1.0.0, STM32Cube_FW_U0_V1.2.0, STM32Cube_FW_U3_V1.0.0, STM32Cube_FW_U5_V1.7.0, STM32Cube_FW_WB0_V1.1.0, STM32Cube_FW_WBA_V1.5.0, STM32Cube_FW_WB_V1.21.0, STM32Cube_FW_WL3_V1.0.0, STM32Cube_FW_WL_V1.3.0, X-CUBE-ALGOBUILD_V1.4.0, X-CUBE-ALS_V1.0.2, X-CUBE-AZRTOS-F4_V1.1.0, X-CUBE-AZRTOS-F7_V1.1.0, X-CUBE-AZRTOS-G0_V1.1.0, X-CUBE-AZRTOS-G4_V2.0.0, X-CUBE-AZRTOS-H7RS_V1.0.0, X-CUBE-AZRTOS-H7_V3.3.0, X-CUBE-AZRTOS-L4_V2.0.0, X-CUBE-AZRTOS-L5_V2.0.0, X-CUBE-AZRTOS-WB_V2.0.0, X-CUBE-AZRTOS-WL_V2.0.0, X-CUBE-BLE1_V7.0.0, X-CUBE-BLE2_V3.3.0, X-CUBE-BLEMGR_V4.0.0, X-CUBE-EEPRMA1_V5.1.0, X-CUBE-FREERTOS_V1.2.0, X-CUBE-GNSS1_V6.0.0, X-CUBE-MEMS1_V11.1.0, X-CUBE-NFC4_V3.0.0, X-CUBE-NFC7_V1.0.1, X-CUBE-SFXS2LP1_V4.0.0, X-CUBE-SUBG2_V5.0.0, X-CUBE-TOF1_V3.4.2]
2025-03-10 18:16:13,201 [INFO] ApiDb:240 - Found 646 in-development CPN: [B-G473E-ZEST1S, B-WB1M-WPAN1, B-WL5M-SUBG1, NUCLEO-C031C6, NUCLEO-C071RB, NUCLEO-H503RB, NUCLEO-H533RE, NUCLEO-H563ZI, NUCLEO-H7S3L8, NUCLEO-U031R8, NUCLEO-U083RC, NUCLEO-U545RE-Q, NUCLEO-U5A5ZJ-Q, NUCLEO-WB05KZ, NUCLEO-WB07CC, NUCLEO-WB09KE, NUCLEO-WBA52CG, NUCLEO-WBA55CG, STEVAL-PROTEUS1, STEVAL-SMARTAG2, STEVAL-STWINBX1, STM320518-EVAL, STM32C0116-DK, STM32C011D6Y3TR, STM32C011D6Y6TR, STM32C011F4P3, STM32C011F4P6, STM32C011F4U3, STM32C011F4U6TR, STM32C011F6P3, STM32C011F6P6, STM32C011F6U3, STM32C011F6U6TR, STM32C011J4M3, STM32C011J4M6, STM32C011J6M3, STM32C011J6M6, STM32C0316-DK, STM32C031C4T3, STM32C031C4T6, STM32C031C4U3, STM32C031C4U6, STM32C031C6T3, STM32C031C6T6, STM32C031C6U3, STM32C031C6U6, STM32C031F4P3, STM32C031F4P6, STM32C031F6P3, STM32C031F6P6, STM32C031G4U3, STM32C031G4U6, STM32C031G6U3, STM32C031G6U6, STM32C031K4T3, STM32C031K4T6, STM32C031K4U3, STM32C031K4U6, STM32C031K6T3, STM32C031K6T6, STM32C031K6U3, STM32C031K6U6, STM32C071C8T6, STM32C071C8T6N, STM32C071C8U6, STM32C071C8U6N, STM32C071CBT6, STM32C071CBT6N, STM32C071CBU6, STM32C071CBU6N, STM32C071F8P6, STM32C071F8P6N, STM32C071FBP6, STM32C071FBP6N, STM32C071FBY6TR, STM32C071G8U6, STM32C071G8U6N, STM32C071GBU6, STM32C071GBU6N, STM32C071K8T6, STM32C071K8T6N, STM32C071K8U6, STM32C071K8U6N, STM32C071KBT6, STM32C071KBT6N, STM32C071KBU6, STM32C071KBU6N, STM32C071R8T6, STM32C071R8T6N, STM32C071RBI6N, STM32C071RBT6, STM32C071RBT6N, STM32G071K8TXN, STM32G071K8UXN, STM32G081GBU6N, STM32G081KBT6N, STM32G081KBUXN, STM32G0B1CCT6N, STM32G0B1KCT6, STM32G0B1NEY6TR, STM32G0B1RCT6N, STM32G0C1CCT6, STM32G0C1CCT6N, STM32G0C1CCU6N, STM32G0C1CET6N, STM32G0C1CEU6N, STM32G0C1KCT6, STM32G0C1NEY6TR, STM32G0C1RCI6N, STM32G0C1RCT6N, STM32G0C1REI6N, STM32G0C1RET6N, STM32G0C1VCI6, STM32G0C1VEI6, STM32G411C6T3, STM32G411C6T6, STM32G411C6U3, STM32G411C6U6, STM32G411C8T3, STM32G411C8T6, STM32G411C8U3, STM32G411C8U6, STM32G411CBT3, STM32G411CBT6, STM32G411CBU3, STM32G411CBU6, STM32G411K6T3, STM32G411K6T6, STM32G411K6U3, STM32G411K6U6, STM32G411K8T3, STM32G411K8T6, STM32G411K8U3, STM32G411K8U6, STM32G411KBT3, STM32G411KBT6, STM32G411KBU3, STM32G411KBU6, STM32G411M6T3, STM32G411M6T6, STM32G411M8T3, STM32G411M8T6, STM32G411MBT3, STM32G411MBT6, STM32G411R6T3, STM32G411R6T6, STM32G411R8T3, STM32G411R8T6, STM32G411RBT3, STM32G411RBT6, STM32G414CBT3, STM32G414CBT6, STM32G414CBU3, STM32G414CBU6, STM32G414CCT3, STM32G414CCT6, STM32G414CCU3, STM32G414CCU6, STM32G414MBT3, STM32G414MBT6, STM32G414MCT3, STM32G414MCT6, STM32G414RBT3, STM32G414RBT6, STM32G414RCT3, STM32G414RCT6, STM32G414VBT3, STM32G414VBT6, STM32G414VCT3, STM32G414VCT6, STM32G431CBT3Z, STM32G431RBT3Z, STM32G471CCT6, STM32G471CCU6, STM32G471CET3, STM32G471CET6, STM32G471CEU3, STM32G471CEU6, STM32G471MCT6, STM32G471MET3, STM32G471MET6, STM32G471MEY6TR, STM32G471QCT6, STM32G471QET3, STM32G471RCT6, STM32G471RET3, STM32G471RET6, STM32G471VCH6, STM32G471VCI6, STM32G471VCT6, STM32G471VEH3, STM32G471VEH6, STM32G471VEI3, STM32G471VEI6, STM32G471VET3, STM32G471VET6, STM32G473QET3Z, STM32G473RET3Z, STM32G474CCT6, STM32G491RET3Z, STM32H503CBT6, STM32H503CBU6, STM32H503EBY6TR, STM32H503KBU6, STM32H503RBT6, STM32H523CCT6, STM32H523CCU6, STM32H523CET6, STM32H523CEU6, STM32H523HEY6TR, STM32H523RCT6, STM32H523RET6, STM32H523VCI6, STM32H523VCT6, STM32H523VEI6, STM32H523VET6, STM32H523ZCJ6, STM32H523ZCT6, STM32H523ZEJ6, STM32H523ZET6, STM32H533CET6, STM32H533CEU6, STM32H533HEY6TR, STM32H533RET6, STM32H533VEI6, STM32H533VET6, STM32H533ZEJ6, STM32H533ZET6, STM32H562AGI6, STM32H562AII6, STM32H562IGK6, STM32H562IGT6, STM32H562IIK6, STM32H562IIT6, STM32H562RGT6, STM32H562RGV6, STM32H562RIT6, STM32H562RIV6, STM32H562VGT6, STM32H562VIT6, STM32H562ZGT6, STM32H562ZIT6, STM32H563AGI6, STM32H563AII3Q, STM32H563AII6, STM32H563IGK6, STM32H563IGT6, STM32H563IIK3Q, STM32H563IIK6, STM32H563IIT3Q, STM32H563IIT6, STM32H563MIY3QTR, STM32H563RGT6, STM32H563RGV6, STM32H563RIT6, STM32H563RIV6, STM32H563VGT6, STM32H563VIT3Q, STM32H563VIT6, STM32H563ZGT6, STM32H563ZIT3Q, STM32H563ZIT6, STM32H573AII3Q, STM32H573AII6, STM32H573I-DK, STM32H573IIK3Q, STM32H573IIK6, STM32H573IIT3Q, STM32H573IIT6, STM32H573MIY3QTR, STM32H573RIT6, STM32H573RIV6, STM32H573VIT3Q, STM32H573VIT6, STM32H573ZIT3Q, STM32H573ZIT6, STM32H7R3A8I6, STM32H7R3I8K6, STM32H7R3I8T6, STM32H7R3L8H6, STM32H7R3L8H6H, STM32H7R3R8V6, STM32H7R3V8H6, STM32H7R3V8T6, STM32H7R3V8Y6TR, STM32H7R3Z8J6, STM32H7R3Z8T6, STM32H7R7A8I6, STM32H7R7I8K6, STM32H7R7I8T6, STM32H7R7L8H6, STM32H7R7L8H6H, STM32H7R7Z8J6, STM32H7S3A8I6, STM32H7S3I8K6, STM32H7S3I8T6, STM32H7S3L8H6, STM32H7S3L8H6H, STM32H7S3R8V6, STM32H7S3V8H6, STM32H7S3V8T6, STM32H7S3V8Y6TR, STM32H7S3Z8J6, STM32H7S3Z8T6, STM32H7S78-DK, STM32H7S7A8I6, STM32H7S7I8K6, STM32H7S7I8T6, STM32H7S7L8H6, STM32H7S7L8H6H, STM32H7S7Z8J6, STM32L4R5QGI6STR, STM32MP131AAE3, STM32MP131AAF3, STM32MP131AAG3, STM32MP131CAE3, STM32MP131CAF3, STM32MP131CAG3, STM32MP131DAE7, STM32MP131DAF7, STM32MP131DAG7, STM32MP131FAE7, STM32MP131FAF7, STM32MP131FAG7, STM32MP133AAE3, STM32MP133AAF3, STM32MP133AAG3, STM32MP133CAE3, STM32MP133CAF3, STM32MP133CAG3, STM32MP133DAE7, STM32MP133DAF7, STM32MP133DAG7, STM32MP133FAE7, STM32MP133FAF7, STM32MP133FAG7, STM32MP135AAE3, STM32MP135AAF3, STM32MP135AAG3, STM32MP135CAE3, STM32MP135CAF3, STM32MP135CAG3, STM32MP135DAE7, STM32MP135DAF7, STM32MP135DAG7, STM32MP135F-DK, STM32MP135FAE7, STM32MP135FAF7, STM32MP135FAF7T, STM32MP135FAF7U, STM32MP135FAG7, STM32MP251AAI3, STM32MP251AAK3, STM32MP251AAL3, STM32MP251CAI3, STM32MP251CAK3, STM32MP251CAL3, STM32MP251DAI3, STM32MP251DAK3, STM32MP251DAL3, STM32MP251FAI3, STM32MP251FAK3, STM32MP251FAL3, STM32MP253AAI3, STM32MP253AAK3, STM32MP253AAL3, STM32MP253CAI3, STM32MP253CAK3, STM32MP253CAL3, STM32MP253DAI3, STM32MP253DAK3, STM32MP253DAL3, STM32MP253FAI3, STM32MP253FAK3, STM32MP253FAL3, STM32MP255AAI3, STM32MP255AAK3, STM32MP255AAL3, STM32MP255CAI3, STM32MP255CAK3, STM32MP255CAL3, STM32MP255DAI3, STM32MP255DAK3, STM32MP255DAL3, STM32MP255FAI3, STM32MP255FAK3, STM32MP255FAL3, STM32MP257AAI3, STM32MP257AAK3, STM32MP257AAL3, STM32MP257CAI3, STM32MP257CAK3, STM32MP257CAL3, STM32MP257DAI3, STM32MP257DAK3, STM32MP257DAL3, STM32MP257F-DK, STM32MP257F-EV1, STM32MP257FAI3, STM32MP257FAK3, STM32MP257FAL3, STM32U031C6T6, STM32U031C6U6, STM32U031C8T6, STM32U031C8U6, STM32U031F4P6, STM32U031F6P6, STM32U031F8P6, STM32U031G6Y6TR, STM32U031G8Y6TR, STM32U031K4U6, STM32U031K6U6, STM32U031K8U6, STM32U031R6I6, STM32U031R6T6, STM32U031R8I6, STM32U031R8T6, STM32U073C8T6, STM32U073C8U6, STM32U073CBT6, STM32U073CBU6, STM32U073CCT6, STM32U073CCU6, STM32U073H8Y6TR, STM32U073HBY6TR, STM32U073HCY6TR, STM32U073K8U6, STM32U073KBU6, STM32U073KCU6, STM32U073M8I6, STM32U073M8T6, STM32U073MBI6, STM32U073MBT6, STM32U073MCI6, STM32U073MCT6, STM32U073R8I6, STM32U073R8T6, STM32U073RBI6, STM32U073RBT6, STM32U073RCI6, STM32U073RCT6, STM32U083C-DK, STM32U083CCT6, STM32U083CCU6, STM32U083HCY6TR, STM32U083KCU6, STM32U083MCI6, STM32U083MCT6, STM32U083RCI6, STM32U083RCT6, STM32U535CBT6, STM32U535CBT6Q, STM32U535CBU6, STM32U535CBU6Q, STM32U535CCT6, STM32U535CCT6Q, STM32U535CCU6, STM32U535CCU6Q, STM32U535CET6, STM32U535CET6Q, STM32U535CEU6, STM32U535CEU6Q, STM32U535JEY6QTR, STM32U535NCY6QTR, STM32U535NEY6QTR, STM32U535RBI6, STM32U535RBI6Q, STM32U535RBT6, STM32U535RBT6Q, STM32U535RCI6, STM32U535RCI6Q, STM32U535RCT6, STM32U535RCT6Q, STM32U535REI6, STM32U535REI6Q, STM32U535RET6, STM32U535RET6Q, STM32U535VCI6, STM32U535VCI6Q, STM32U535VCT6, STM32U535VCT6Q, STM32U535VEI6, STM32U535VEI6Q, STM32U535VET6, STM32U535VET6Q, STM32U545CET6, STM32U545CET6Q, STM32U545CEU6, STM32U545CEU6Q, STM32U545JEY6QTR, STM32U545NEY6QTR, STM32U545REI6, STM32U545REI6Q, STM32U545RET6, STM32U545RET6Q, STM32U545VEI6, STM32U545VEI6Q, STM32U545VET6, STM32U545VET6Q, STM32U595AIH6, STM32U595AIH6Q, STM32U595AJH6, STM32U595AJH6Q, STM32U595QII6, STM32U595QII6Q, STM32U595QJI6, STM32U595QJI6Q, STM32U595RIT6, STM32U595RIT6Q, STM32U595RJT6, STM32U595RJT6Q, STM32U595VIT6, STM32U595VIT6Q, STM32U595VJT6, STM32U595VJT6Q, STM32U595ZIT6, STM32U595ZIT6Q, STM32U595ZIY6QTR, STM32U595ZJT6, STM32U595ZJT6Q, STM32U595ZJY6QTR, STM32U599BJY6QTR, STM32U599NIH6Q, STM32U599NJH6Q, STM32U599VIT6Q, STM32U599VJT6, STM32U599VJT6Q, STM32U599ZIT6Q, STM32U599ZIY6QTR, STM32U599ZJT6Q, STM32U599ZJY6QTR, STM32U5A5AJH6, STM32U5A5AJH6Q, STM32U5A5QII3Q , STM32U5A5QJI6, STM32U5A5QJI6Q, STM32U5A5RJT6, STM32U5A5RJT6Q, STM32U5A5VJT6, STM32U5A5VJT6Q, STM32U5A5ZJT6, STM32U5A5ZJT6Q, STM32U5A5ZJY6QTR, STM32U5A9BJY6QTR, STM32U5A9J-DK, STM32U5A9NJH6Q, STM32U5A9VJT6Q, STM32U5A9ZJT6Q, STM32U5A9ZJY6QTR, STM32U5F7VIT6, STM32U5F7VIT6Q, STM32U5F7VJT6, STM32U5F7VJT6Q, STM32U5F9BJY6QTR, STM32U5F9NJH6Q, STM32U5F9VIT6Q, STM32U5F9VJT6Q, STM32U5F9ZIJ6QTR, STM32U5F9ZIT6Q, STM32U5F9ZJJ6QTR, STM32U5F9ZJT6Q, STM32U5G7VJT6, STM32U5G7VJT6Q, STM32U5G9BJY6QTR, STM32U5G9J-DK1, STM32U5G9J-DK2, STM32U5G9NJH6Q, STM32U5G9VJT6Q, STM32U5G9ZJJ6QTR, STM32U5G9ZJT6Q, STM32WB05KZV6TR, STM32WB05KZV7TR, STM32WB05TZF6TR, STM32WB05TZF7TR, STM32WB06CCF6TR, STM32WB06CCF7TR, STM32WB06CCV6TR, STM32WB06CCV7TR, STM32WB06KCV6TR, STM32WB06KCV7TR, STM32WB07CCF6TR, STM32WB07CCF7TR, STM32WB07CCV6TR, STM32WB07CCV7TR, STM32WB07KCV6TR, STM32WB07KCV7TR, STM32WB09KEV6TR, STM32WB09KEV7TR, STM32WB09TEF6TR, STM32WB09TEF7TR, STM32WB1MMCH6, STM32WBA50KGU6, STM32WBA50KGU6TR, STM32WBA52CEU6, STM32WBA52CEU6TR, STM32WBA52CEU7, STM32WBA52CEU7TR, STM32WBA52CGU6, STM32WBA52CGU6TR, STM32WBA52CGU6U, STM32WBA52CGU7, STM32WBA52CGU7TR, STM32WBA52KEU6, STM32WBA52KEU6TR, STM32WBA52KGU6, STM32WBA52KGU6TR, STM32WBA54CEU6, STM32WBA54CEU6TR, STM32WBA54CEU7, STM32WBA54CEU7TR, STM32WBA54CGU6, STM32WBA54CGU6TR, STM32WBA54CGU7, STM32WBA54CGU7TR, STM32WBA54KEU6, STM32WBA54KEU6TR, STM32WBA54KEU7, STM32WBA54KEU7TR, STM32WBA54KGU6, STM32WBA54KGU6TR, STM32WBA54KGU7, STM32WBA54KGU7TR, STM32WBA55CEU6, STM32WBA55CEU6TR, STM32WBA55CEU7, STM32WBA55CEU7TR, STM32WBA55CGU6, STM32WBA55CGU6TR, STM32WBA55CGU6U, STM32WBA55CGU7, STM32WBA55CGU7TR, STM32WBA55G-DK1, STM32WBA55HEF6, STM32WBA55HEF7, STM32WBA55HGF6, STM32WBA55HGF7, STM32WBA55UEI6, STM32WBA55UEI6TR, STM32WBA55UEI7, STM32WBA55UEI7TR, STM32WBA55UGI6, STM32WBA55UGI6TR, STM32WBA55UGI7, STM32WBA55UGI7TR, STM32WL5MOCH6, STM32WL5MOCH6TR]
2025-03-10 18:16:13,206 [INFO] DbMcus:218 - Found 4440 MCUs, 4440 are supported
2025-03-10 18:16:13,207 [INFO] ApiDb:423 - Load user favorites file C:\Users\talur/.stm32cubeide/favorites.mcus.txt: 0 item(s)
2025-03-10 18:16:13,208 [INFO] ApiDb:427 - User favorites MCUs=[]
2025-03-10 18:16:13,208 [INFO] DbMcus:224 - Set 0 / 0 favorites MCUs
2025-03-10 18:16:13,905 [INFO] BoardInfo:889 - No configuration file found for board NUCLEO-N657X0-Q
2025-03-10 18:16:13,907 [INFO] DbBoards:161 - Board is not supported: NUCLEO-N657X0-Q
2025-03-10 18:16:13,934 [INFO] BoardInfo:889 - No configuration file found for board NUCLEO-WL33CC1
2025-03-10 18:16:13,935 [INFO] DbBoards:161 - Board is not supported: NUCLEO-WL33CC1
2025-03-10 18:16:13,937 [INFO] BoardInfo:889 - No configuration file found for board NUCLEO-WL33CC2
2025-03-10 18:16:13,937 [INFO] DbBoards:161 - Board is not supported: NUCLEO-WL33CC2
2025-03-10 18:16:13,946 [INFO] BoardInfo:889 - No configuration file found for board P-NUCLEO-WB55
2025-03-10 18:16:13,947 [INFO] DbBoards:161 - Kit is not supported: P-NUCLEO-WB55
2025-03-10 18:16:13,954 [INFO] BoardInfo:889 - No configuration file found for board STEVAL-BFA001V1B
2025-03-10 18:16:13,955 [INFO] DbBoards:161 - Kit is not supported: STEVAL-BFA001V1B
2025-03-10 18:16:13,956 [INFO] BoardInfo:889 - No configuration file found for board STEVAL-BFA001V2B
2025-03-10 18:16:13,957 [INFO] DbBoards:161 - Kit is not supported: STEVAL-BFA001V2B
2025-03-10 18:16:14,003 [INFO] WebApp:189 - Connection lost
2025-03-10 18:16:14,197 [INFO] BoardInfo:889 - No configuration file found for board STM32N6570-DK
2025-03-10 18:16:14,198 [INFO] DbBoards:161 - Board is not supported: STM32N6570-DK
2025-03-10 18:16:14,214 [INFO] DbBoards:168 - Found 205 boards, 198 are supported
2025-03-10 18:16:14,215 [INFO] DbBoards:169 - Found 205 boards, 25 of them is supported for  Bsp
2025-03-10 18:16:14,231 [INFO] ApiDb:423 - Load user favorites file C:\Users\talur/.stm32cubeide/favorites.boards.txt: 0 item(s)
2025-03-10 18:16:14,231 [INFO] ApiDb:427 - User favorites Boards=[]
2025-03-10 18:16:14,231 [INFO] DbBoards:198 - Set 0 / 0 favorites Boards
2025-03-10 18:16:14,304 [INFO] UtilMem:75 - End LoadConfig() Used Memory: 912985592 Bytes (1073741824)
2025-03-10 18:16:14,508 [INFO] WebApp:186 - Connection restablished
2025-03-10 18:16:14,586 [WARN] ThirdParty:833 - waiting for thirdparty lock release [change project]
2025-03-10 18:16:14,586 [INFO] ThirdParty:835 - entering critical section [change project]
2025-03-10 18:16:14,586 [INFO] ThirdParty:1030 - CMSIS Pack Vendor :STMicroelectronics USBPD 4.1
2025-03-10 18:16:14,586 [INFO] ThirdParty:1030 - CMSIS Pack Vendor :STMicroelectronics X-CUBE-AZRTOS-H7 3.3.0
2025-03-10 18:16:14,587 [INFO] ThirdParty:1030 - CMSIS Pack Vendor :STMicroelectronics X-CUBE-NFC9 1.0.0
2025-03-10 18:16:14,587 [INFO] ThirdParty:1030 - CMSIS Pack Vendor :STMicroelectronics USB_HOST 2.0.0
2025-03-10 18:16:14,587 [INFO] ThirdParty:1030 - CMSIS Pack Vendor :STMicroelectronics FP-SNS-MOTENVWB1 1.4.0
2025-03-10 18:16:14,587 [INFO] ThirdParty:1030 - CMSIS Pack Vendor :STMicroelectronics X-CUBE-AZRTOS-F4 1.1.0
2025-03-10 18:16:14,587 [INFO] ThirdParty:1030 - CMSIS Pack Vendor :STMicroelectronics LIBJPEG 8.0.0
2025-03-10 18:16:14,587 [INFO] ThirdParty:1030 - CMSIS Pack Vendor :STMicroelectronics FP-ATR-ASTRA1 2.0.2
2025-03-10 18:16:14,587 [INFO] ThirdParty:1030 - CMSIS Pack Vendor :STMicroelectronics FP-ATR-ASTRA1 2.0.1
2025-03-10 18:16:14,587 [INFO] ThirdParty:1030 - CMSIS Pack Vendor :STMicroelectronics X-CUBE-BLE1 7.1.0
2025-03-10 18:16:14,587 [INFO] ThirdParty:1030 - CMSIS Pack Vendor :STMicroelectronics X-CUBE-SMBUS 2.1.0
2025-03-10 18:16:14,587 [INFO] ThirdParty:1030 - CMSIS Pack Vendor :STMicroelectronics X-CUBE-WB05N 1.1.0
2025-03-10 18:16:14,587 [INFO] ThirdParty:1030 - CMSIS Pack Vendor :STMicroelectronics USB_DEVICE 3.0.0
2025-03-10 18:16:14,587 [INFO] ThirdParty:1030 - CMSIS Pack Vendor :STMicroelectronics X-CUBE-TCPP 4.1.0
2025-03-10 18:16:14,587 [INFO] ThirdParty:1030 - CMSIS Pack Vendor :STMicroelectronics X-CUBE-ISPU 2.1.0
2025-03-10 18:16:14,587 [INFO] ThirdParty:1030 - CMSIS Pack Vendor :STMicroelectronics X-CUBE-FREERTOS 1.2.0
2025-03-10 18:16:14,587 [INFO] ThirdParty:1030 - CMSIS Pack Vendor :STMicroelectronics X-CUBE-IPS 3.0.0
2025-03-10 18:16:14,587 [INFO] ThirdParty:1030 - CMSIS Pack Vendor :STMicroelectronics X-CUBE-AZRTOS-WB 2.0.0
2025-03-10 18:16:14,587 [INFO] ThirdParty:1030 - CMSIS Pack Vendor :STMicroelectronics X-CUBE-GNSS1 7.0.0
2025-03-10 18:16:14,587 [INFO] ThirdParty:1030 - CMSIS Pack Vendor :STMicroelectronics X-CUBE-GNSS1 7.0.1
2025-03-10 18:16:14,587 [INFO] ThirdParty:1030 - CMSIS Pack Vendor :STMicroelectronics X-CUBE-AZRTOS-F7 1.1.0
2025-03-10 18:16:14,588 [INFO] ThirdParty:1030 - CMSIS Pack Vendor :STMicroelectronics X-CUBE-AZRTOS-L5 2.0.0
2025-03-10 18:16:14,588 [INFO] ThirdParty:1030 - CMSIS Pack Vendor :STMicroelectronics X-CUBE-TOUCHGFX 4.25.0
2025-03-10 18:16:14,588 [INFO] ThirdParty:1030 - CMSIS Pack Vendor :STMicroelectronics USB_DEVICE 2.0.0
2025-03-10 18:16:14,588 [INFO] ThirdParty:1030 - CMSIS Pack Vendor :STMicroelectronics X-CUBE-NFC6 3.1.0
2025-03-10 18:16:14,588 [INFO] ThirdParty:1030 - CMSIS Pack Vendor :STMicroelectronics FP-SNS-STBOX1 2.0.0
2025-03-10 18:16:14,588 [INFO] ThirdParty:1030 - CMSIS Pack Vendor :STMicroelectronics X-CUBE-MEMS1 11.0.0
2025-03-10 18:16:14,588 [INFO] ThirdParty:1030 - CMSIS Pack Vendor :STMicroelectronics FreeRTOS 0.0.1
2025-03-10 18:16:14,588 [INFO] ThirdParty:1030 - CMSIS Pack Vendor :STMicroelectronics X-CUBE-AZRTOS-G0 1.1.0
2025-03-10 18:16:14,588 [INFO] ThirdParty:1030 - CMSIS Pack Vendor :STMicroelectronics X-CUBE-SAFEA1 1.2.2
2025-03-10 18:16:14,588 [INFO] ThirdParty:1030 - CMSIS Pack Vendor :STMicroelectronics X-CUBE-NFC4 3.0.0
2025-03-10 18:16:14,589 [INFO] ThirdParty:1030 - CMSIS Pack Vendor :STMicroelectronics X-CUBE-DPower 1.2.0
2025-03-10 18:16:14,589 [INFO] ThirdParty:1030 - CMSIS Pack Vendor :STMicroelectronics X-CUBE-SUBG2 5.0.0
2025-03-10 18:16:14,589 [INFO] ThirdParty:1030 - CMSIS Pack Vendor :STMicroelectronics STM32_WPAN 1.0.0
2025-03-10 18:16:14,589 [INFO] ThirdParty:1030 - CMSIS Pack Vendor :EmbeddedOffice I-CUBE-FS-RTOS 1.0.1
2025-03-10 18:16:14,589 [INFO] ThirdParty:1030 - CMSIS Pack Vendor :STMicroelectronics lwIP 2.0.3
2025-03-10 18:16:14,589 [INFO] ThirdParty:1030 - CMSIS Pack Vendor :STMicroelectronics FP-SNS-FLIGHT1 5.0.2
2025-03-10 18:16:14,589 [INFO] ThirdParty:1030 - CMSIS Pack Vendor :Cesanta I-CUBE-Mongoose 7.13.0
2025-03-10 18:16:14,589 [INFO] ThirdParty:1030 - CMSIS Pack Vendor :STMicroelectronics USB_HOST 1.0.0
2025-03-10 18:16:14,589 [INFO] ThirdParty:1030 - CMSIS Pack Vendor :STMicroelectronics X-CUBE-AI 9.0.0
2025-03-10 18:16:14,589 [INFO] ThirdParty:1030 - CMSIS Pack Vendor :STMicroelectronics X-CUBE-AZRTOS-G4 2.0.0
2025-03-10 18:16:14,589 [INFO] ThirdParty:1030 - CMSIS Pack Vendor :STMicroelectronics PDM2PCM 3.1.0
2025-03-10 18:16:14,589 [INFO] ThirdParty:1030 - CMSIS Pack Vendor :STMicroelectronics PDM2PCM 3.3.0
2025-03-10 18:16:14,589 [INFO] ThirdParty:1030 - CMSIS Pack Vendor :STMicroelectronics X-CUBE-DISPLAY 3.0.0
2025-03-10 18:16:14,589 [INFO] ThirdParty:1030 - CMSIS Pack Vendor :RealThread X-CUBE-RT-Thread_Nano 4.1.1
2025-03-10 18:16:14,589 [INFO] ThirdParty:1030 - CMSIS Pack Vendor :STMicroelectronics X-CUBE-BLE1 7.0.0
2025-03-10 18:16:14,589 [INFO] ThirdParty:1030 - CMSIS Pack Vendor :STMicroelectronics FP-ATR-SIGFOX1 3.2.0
2025-03-10 18:16:14,590 [INFO] ThirdParty:1030 - CMSIS Pack Vendor :STMicroelectronics X-CUBE-NFC10 1.0.0
2025-03-10 18:16:14,590 [INFO] ThirdParty:1030 - CMSIS Pack Vendor :wolfSSL I-CUBE-wolfSSL 5.7.2
2025-03-10 18:16:14,590 [INFO] ThirdParty:1030 - CMSIS Pack Vendor :quantropi X-CUBE-qispace-sdk-base 1.9.3
2025-03-10 18:16:14,590 [INFO] ThirdParty:1030 - CMSIS Pack Vendor :STMicroelectronics X-CUBE-ISPU 2.0.0
2025-03-10 18:16:14,590 [INFO] ThirdParty:1030 - CMSIS Pack Vendor :STMicroelectronics X-CUBE-BLEMGR 4.0.0
2025-03-10 18:16:14,590 [INFO] ThirdParty:1030 - CMSIS Pack Vendor :STMicroelectronics X-CUBE-EEPRMA1 5.1.0
2025-03-10 18:16:14,590 [INFO] ThirdParty:1030 - CMSIS Pack Vendor :STMicroelectronics HAL Drivers 0.0.0
2025-03-10 18:16:14,590 [INFO] ThirdParty:1030 - CMSIS Pack Vendor :STMicroelectronics MBEDTLS 2.16.2
2025-03-10 18:16:14,590 [INFO] ThirdParty:1030 - CMSIS Pack Vendor :STMicroelectronics X-CUBE-ALS 1.0.2
2025-03-10 18:16:14,590 [INFO] ThirdParty:1030 - CMSIS Pack Vendor :emotas I-CUBE-CANOPEN 1.3.0
2025-03-10 18:16:14,590 [INFO] ThirdParty:1030 - CMSIS Pack Vendor :STMicroelectronics X-CUBE-FREERTOS 1.3.0
2025-03-10 18:16:14,590 [INFO] ThirdParty:1030 - CMSIS Pack Vendor :wolfSSL I-CUBE-wolfSSL 5.7.4
2025-03-10 18:16:14,590 [INFO] ThirdParty:1030 - CMSIS Pack Vendor :STMicroelectronics X-CUBE-NFC7 1.0.1
2025-03-10 18:16:14,590 [INFO] ThirdParty:1030 - CMSIS Pack Vendor :STMicroelectronics MBEDTLS 2.14.1
2025-03-10 18:16:14,590 [INFO] ThirdParty:1030 - CMSIS Pack Vendor :STMicroelectronics X-CUBE-TOUCHGFX 4.24.0
2025-03-10 18:16:14,590 [INFO] ThirdParty:1030 - CMSIS Pack Vendor :ITTIA_DB I-CUBE-ITTIADB 8.9.0
2025-03-10 18:16:14,590 [INFO] ThirdParty:1030 - CMSIS Pack Vendor :STMicroelectronics X-CUBE-TOUCHGFX 4.24.2
2025-03-10 18:16:14,590 [INFO] ThirdParty:1030 - CMSIS Pack Vendor :STMicroelectronics X-CUBE-TOUCHGFX 4.24.1
2025-03-10 18:16:14,591 [INFO] ThirdParty:1030 - CMSIS Pack Vendor :wolfSSL I-CUBE-wolfTPM 3.4.0
2025-03-10 18:16:14,591 [INFO] ThirdParty:1030 - CMSIS Pack Vendor :portGmbH I-Cube-SoM-uGOAL 1.1.0
2025-03-10 18:16:14,591 [INFO] ThirdParty:1030 - CMSIS Pack Vendor :STMicroelectronics X-CUBE-BLEMGR 3.1.0
2025-03-10 18:16:14,591 [INFO] ThirdParty:1030 - CMSIS Pack Vendor :STMicroelectronics X-CUBE-AI 10.0.0
2025-03-10 18:16:14,591 [INFO] ThirdParty:1030 - CMSIS Pack Vendor :STMicroelectronics ThreadX 1.0.0
2025-03-10 18:16:14,591 [INFO] ThirdParty:1030 - CMSIS Pack Vendor :STMicroelectronics FP-SNS-SMARTAG2 1.2.0
2025-03-10 18:16:14,591 [INFO] ThirdParty:1030 - CMSIS Pack Vendor :STMicroelectronics X-CUBE-MEMS1 11.1.0
2025-03-10 18:16:14,591 [INFO] ThirdParty:1030 - CMSIS Pack Vendor :STMicroelectronics X-CUBE-AZRTOS-WL 2.0.0
2025-03-10 18:16:14,591 [INFO] ThirdParty:1030 - CMSIS Pack Vendor :SEGGER I-CUBE-embOS 1.3.1
2025-03-10 18:16:14,591 [INFO] ThirdParty:1030 - CMSIS Pack Vendor :STMicroelectronics X-CUBE-ALGOBUILD 1.4.0
2025-03-10 18:16:14,591 [INFO] ThirdParty:1030 - CMSIS Pack Vendor :STMicroelectronics FP-SNS-MOTENV1 5.0.0
2025-03-10 18:16:14,591 [INFO] ThirdParty:1030 - CMSIS Pack Vendor :STMicroelectronics USB_DEVICE 1.0.0
2025-03-10 18:16:14,591 [INFO] ThirdParty:1030 - CMSIS Pack Vendor :STMicroelectronics X-CUBE-AZRTOS-H7RS 1.0.0
2025-03-10 18:16:14,591 [INFO] ThirdParty:1030 - CMSIS Pack Vendor :wolfSSL I-CUBE-wolfMQTT 1.19.0
2025-03-10 18:16:14,591 [INFO] ThirdParty:1030 - CMSIS Pack Vendor :STMicroelectronics X-CUBE-AZRTOS-L4 2.0.0
2025-03-10 18:16:14,591 [INFO] ThirdParty:1030 - CMSIS Pack Vendor :STMicroelectronics ThreadX 0.0.2
2025-03-10 18:16:14,591 [INFO] ThirdParty:1030 - CMSIS Pack Vendor :WES I-CUBE-Cesium 1.3.0
2025-03-10 18:16:14,591 [INFO] ThirdParty:1030 - CMSIS Pack Vendor :STMicroelectronics FP-ATR-ASTRA1 2.0.0
2025-03-10 18:16:14,592 [INFO] ThirdParty:1030 - CMSIS Pack Vendor :STMicroelectronics lwIP 2.1.2
2025-03-10 18:16:14,592 [INFO] ThirdParty:1030 - CMSIS Pack Vendor :STMicroelectronics X-CUBE-SFXS2LP1 4.0.0
2025-03-10 18:16:14,592 [INFO] ThirdParty:1030 - CMSIS Pack Vendor :STMicroelectronics X-CUBE-BLE2 3.3.0
2025-03-10 18:16:14,592 [INFO] ThirdParty:1030 - CMSIS Pack Vendor :STMicroelectronics X-CUBE-TOF1 3.4.2
2025-03-10 18:16:14,592 [INFO] ThirdParty:1030 - CMSIS Pack Vendor :STMicroelectronics X-CUBE-AI 9.1.0
2025-03-10 18:16:14,592 [INFO] ThirdParty:1030 - CMSIS Pack Vendor :Infineon AIROC-Wi-Fi-Bluetooth-STM32 1.6.1
2025-03-10 18:16:14,592 [INFO] ThirdParty:1030 - CMSIS Pack Vendor :STMicroelectronics PDM2PCM 3.2.0
2025-03-10 18:16:14,592 [INFO] ThirdParty:1030 - CMSIS Pack Vendor :wolfSSL I-CUBE-wolfSSH 1.4.17
2025-03-10 18:16:14,592 [INFO] ThirdParty:841 - exiting critical section [change project]
2025-03-10 18:16:15,454 [INFO] PinOutPanel:1561 - setPackage(No Configuration,No Configuration)
2025-03-10 18:16:15,458 [INFO] PinOutPanel:1561 - setPackage(STM32F407VGTx,LQFP100)
2025-03-10 18:16:16,195 [INFO] UtilMem:75 - Before build in PCC Used Memory: 805676504 Bytes (1073741824)
2025-03-10 18:16:17,433 [INFO] UtilMem:75 - After build in PCC Used Memory: 906403256 Bytes (1073741824)
2025-03-10 18:16:17,506 [INFO] IPUIPlugin:80 - create IPUIPlugin
2025-03-10 18:16:17,506 [INFO] IPUIPlugin:80 - create IPUIPlugin
2025-03-10 18:16:17,506 [INFO] IPUIPlugin:80 - create IPUIPlugin
2025-03-10 18:16:17,506 [INFO] IPUIPlugin:80 - create IPUIPlugin
2025-03-10 18:16:17,506 [INFO] IPUIPlugin:80 - create IPUIPlugin
2025-03-10 18:16:17,508 [INFO] IPUIPlugin:80 - create IPUIPlugin
2025-03-10 18:16:17,508 [INFO] IPUIPlugin:80 - create IPUIPlugin
2025-03-10 18:16:17,508 [INFO] IPUIPlugin:80 - create IPUIPlugin
2025-03-10 18:16:17,509 [INFO] IPUIPlugin:80 - create IPUIPlugin
2025-03-10 18:16:17,509 [INFO] IPUIPlugin:80 - create IPUIPlugin
2025-03-10 18:16:17,509 [INFO] IPUIPlugin:80 - create IPUIPlugin
2025-03-10 18:16:17,509 [INFO] IPUIPlugin:80 - create IPUIPlugin
2025-03-10 18:16:17,510 [INFO] IPUIPlugin:80 - create IPUIPlugin
2025-03-10 18:16:17,510 [INFO] IPUIPlugin:80 - create IPUIPlugin
2025-03-10 18:16:17,510 [INFO] IPUIPlugin:80 - create IPUIPlugin
2025-03-10 18:16:17,510 [INFO] IPUIPlugin:80 - create IPUIPlugin
2025-03-10 18:16:17,510 [INFO] IPUIPlugin:80 - create IPUIPlugin
2025-03-10 18:16:17,511 [INFO] IPUIPlugin:80 - create IPUIPlugin
2025-03-10 18:16:17,511 [INFO] IPUIPlugin:80 - create IPUIPlugin
2025-03-10 18:16:17,511 [INFO] IPUIPlugin:80 - create IPUIPlugin
2025-03-10 18:16:17,512 [INFO] IPUIPlugin:80 - create IPUIPlugin
2025-03-10 18:16:17,512 [INFO] IPUIPlugin:80 - create IPUIPlugin
2025-03-10 18:16:17,512 [INFO] IPUIPlugin:80 - create IPUIPlugin
2025-03-10 18:16:17,512 [INFO] IPUIPlugin:80 - create IPUIPlugin
2025-03-10 18:16:17,513 [INFO] IPUIPlugin:80 - create IPUIPlugin
2025-03-10 18:16:17,513 [INFO] IPUIPlugin:80 - create IPUIPlugin
2025-03-10 18:16:17,514 [INFO] IPUIPlugin:80 - create IPUIPlugin
2025-03-10 18:16:17,514 [INFO] IPUIPlugin:80 - create IPUIPlugin
2025-03-10 18:16:17,515 [INFO] IPUIPlugin:80 - create IPUIPlugin
2025-03-10 18:16:17,515 [INFO] IPUIPlugin:80 - create IPUIPlugin
2025-03-10 18:16:17,516 [INFO] IPUIPlugin:80 - create IPUIPlugin
2025-03-10 18:16:17,516 [INFO] IPUIPlugin:80 - create IPUIPlugin
2025-03-10 18:16:17,518 [INFO] IPUIPlugin:80 - create IPUIPlugin
2025-03-10 18:16:17,518 [INFO] IPUIPlugin:80 - create IPUIPlugin
2025-03-10 18:16:17,519 [INFO] IPUIPlugin:80 - create IPUIPlugin
2025-03-10 18:16:17,519 [INFO] IPUIPlugin:80 - create IPUIPlugin
2025-03-10 18:16:17,519 [INFO] IPUIPlugin:80 - create IPUIPlugin
2025-03-10 18:16:17,520 [INFO] IPUIPlugin:80 - create IPUIPlugin
2025-03-10 18:16:17,520 [INFO] IPUIPlugin:80 - create IPUIPlugin
2025-03-10 18:16:17,521 [INFO] IPUIPlugin:80 - create IPUIPlugin
2025-03-10 18:16:17,521 [INFO] IPUIPlugin:80 - create IPUIPlugin
2025-03-10 18:16:17,521 [INFO] IPUIPlugin:80 - create IPUIPlugin
2025-03-10 18:16:17,523 [INFO] IPUIPlugin:80 - create IPUIPlugin
2025-03-10 18:16:17,523 [INFO] IPUIPlugin:80 - create IPUIPlugin
2025-03-10 18:16:17,524 [INFO] IPUIPlugin:80 - create IPUIPlugin
2025-03-10 18:16:17,524 [INFO] IPUIPlugin:80 - create IPUIPlugin
2025-03-10 18:16:17,524 [INFO] IPUIPlugin:80 - create IPUIPlugin
2025-03-10 18:16:17,525 [INFO] IPUIPlugin:80 - create IPUIPlugin
2025-03-10 18:16:17,526 [INFO] IPUIPlugin:80 - create IPUIPlugin
2025-03-10 18:16:17,526 [INFO] IPUIPlugin:80 - create IPUIPlugin
2025-03-10 18:16:17,526 [INFO] IPUIPlugin:80 - create IPUIPlugin
2025-03-10 18:16:17,527 [INFO] IPUIPlugin:80 - create IPUIPlugin
2025-03-10 18:16:17,527 [INFO] IPUIPlugin:80 - create IPUIPlugin
2025-03-10 18:16:17,527 [INFO] IPUIPlugin:80 - create IPUIPlugin
2025-03-10 18:16:17,528 [INFO] IPUIPlugin:80 - create IPUIPlugin
2025-03-10 18:16:17,529 [INFO] IPUIPlugin:80 - create IPUIPlugin
2025-03-10 18:16:17,530 [INFO] IPUIPlugin:80 - create IPUIPlugin
2025-03-10 18:16:17,530 [INFO] IPUIPlugin:80 - create IPUIPlugin
2025-03-10 18:16:17,701 [INFO] ApiDbMcu:508 - Load IP Config File for PDM2PCM
2025-03-10 18:16:18,026 [INFO] CADModel:165 - CPN selected for project levelSTM32F407VGT6
2025-03-10 18:16:18,026 [INFO] CADModel:114 - Register for checkConnection events
2025-03-10 18:16:18,088 [INFO] OpenFileManager:363 - Restore cursor
2025-03-10 18:16:38,007 [INFO] WebApp:189 - Connection lost
2025-03-10 18:16:38,411 [INFO] WebApp:186 - Connection restablished
2025-03-10 18:16:52,017 [INFO] WebApp:189 - Connection lost
2025-03-10 18:16:52,483 [INFO] WebApp:186 - Connection restablished
2025-03-10 18:17:28,003 [INFO] WebApp:189 - Connection lost
2025-03-10 18:17:28,463 [INFO] WebApp:186 - Connection restablished
2025-03-10 18:17:38,535 [INFO] WebApp:189 - Connection lost
2025-03-10 18:17:39,092 [INFO] WebApp:186 - Connection restablished
2025-03-10 18:17:52,495 [INFO] WebApp:189 - Connection lost
2025-03-10 18:17:52,854 [INFO] WebApp:186 - Connection restablished
2025-03-10 18:19:02,510 [INFO] WebApp:189 - Connection lost
2025-03-10 18:19:03,000 [INFO] WebApp:186 - Connection restablished
2025-03-10 18:19:06,501 [INFO] WebApp:189 - Connection lost
2025-03-10 18:19:06,814 [INFO] WebApp:186 - Connection restablished
2025-03-10 18:20:39,025 [INFO] WebApp:189 - Connection lost
2025-03-10 18:20:39,349 [INFO] WebApp:186 - Connection restablished
2025-03-10 18:20:49,024 [INFO] WebApp:189 - Connection lost
2025-03-10 18:20:49,278 [INFO] WebApp:186 - Connection restablished
2025-03-10 18:20:52,999 [INFO] WebApp:189 - Connection lost
2025-03-10 18:20:53,362 [INFO] WebApp:186 - Connection restablished
2025-03-10 18:20:56,993 [INFO] WebApp:189 - Connection lost
2025-03-10 18:20:57,324 [INFO] WebApp:186 - Connection restablished
2025-03-10 18:22:08,093 [INFO] WebApp:189 - Connection lost
2025-03-10 18:22:08,439 [INFO] WebApp:186 - Connection restablished
2025-03-10 18:22:53,536 [INFO] WebApp:189 - Connection lost
2025-03-10 18:22:54,198 [INFO] WebApp:186 - Connection restablished
2025-03-10 18:34:15,876 [INFO] WebApp:189 - Connection lost
2025-03-10 18:34:16,219 [INFO] WebApp:186 - Connection restablished
2025-03-10 18:38:04,041 [INFO] WebApp:189 - Connection lost
2025-03-10 18:38:04,367 [INFO] WebApp:186 - Connection restablished
2025-03-10 18:38:20,532 [INFO] WebApp:189 - Connection lost
2025-03-10 18:38:20,793 [INFO] WebApp:186 - Connection restablished
2025-03-10 18:38:40,528 [INFO] WebApp:189 - Connection lost
2025-03-10 18:38:40,858 [INFO] WebApp:186 - Connection restablished
2025-03-10 18:38:58,525 [INFO] WebApp:189 - Connection lost
2025-03-10 18:38:58,801 [INFO] WebApp:186 - Connection restablished
2025-03-10 18:39:02,530 [INFO] WebApp:189 - Connection lost
2025-03-10 18:39:02,998 [INFO] WebApp:186 - Connection restablished
2025-03-10 18:39:10,558 [INFO] WebApp:189 - Connection lost
2025-03-10 18:39:10,831 [INFO] WebApp:186 - Connection restablished
2025-03-10 18:39:14,533 [INFO] WebApp:189 - Connection lost
2025-03-10 18:39:14,939 [INFO] WebApp:186 - Connection restablished
2025-03-10 18:39:34,545 [INFO] WebApp:189 - Connection lost
2025-03-10 18:39:34,806 [INFO] WebApp:186 - Connection restablished
2025-03-10 18:39:46,544 [INFO] WebApp:189 - Connection lost
2025-03-10 18:39:47,281 [INFO] WebApp:186 - Connection restablished
2025-03-10 18:40:43,031 [INFO] WebApp:189 - Connection lost
2025-03-10 18:40:44,379 [INFO] WebApp:186 - Connection restablished
2025-03-10 18:40:47,015 [INFO] WebApp:189 - Connection lost
2025-03-10 18:40:48,345 [INFO] WebApp:186 - Connection restablished
2025-03-10 18:40:50,514 [INFO] WebApp:189 - Connection lost
2025-03-10 18:40:50,779 [INFO] WebApp:186 - Connection restablished
2025-03-10 18:41:01,051 [INFO] WebApp:189 - Connection lost
2025-03-10 18:41:02,700 [INFO] WebApp:186 - Connection restablished
2025-03-10 18:41:06,988 [INFO] WebApp:189 - Connection lost
2025-03-10 18:41:07,237 [INFO] WebApp:186 - Connection restablished
2025-03-10 18:41:10,994 [INFO] WebApp:189 - Connection lost
2025-03-10 18:41:11,256 [INFO] WebApp:186 - Connection restablished
2025-03-10 18:41:15,005 [INFO] WebApp:189 - Connection lost
2025-03-10 18:41:15,277 [INFO] WebApp:186 - Connection restablished
2025-03-10 18:41:39,063 [INFO] WebApp:189 - Connection lost
2025-03-10 18:41:39,616 [INFO] WebApp:186 - Connection restablished
2025-03-10 18:42:57,074 [INFO] WebApp:189 - Connection lost
2025-03-10 18:42:57,411 [INFO] WebApp:186 - Connection restablished
2025-03-10 18:43:01,018 [INFO] WebApp:189 - Connection lost
2025-03-10 18:43:01,279 [INFO] WebApp:186 - Connection restablished
2025-03-10 18:43:09,053 [INFO] WebApp:189 - Connection lost
2025-03-10 18:43:09,333 [INFO] WebApp:186 - Connection restablished
2025-03-10 18:43:17,574 [INFO] WebApp:189 - Connection lost
2025-03-10 18:43:17,834 [INFO] WebApp:186 - Connection restablished
2025-03-10 18:43:43,580 [INFO] WebApp:189 - Connection lost
2025-03-10 18:43:43,835 [INFO] WebApp:186 - Connection restablished
2025-03-10 18:43:55,083 [INFO] WebApp:189 - Connection lost
2025-03-10 18:43:55,433 [INFO] WebApp:186 - Connection restablished
2025-03-10 18:43:59,525 [INFO] WebApp:189 - Connection lost
2025-03-10 18:43:59,788 [INFO] WebApp:186 - Connection restablished
2025-03-10 18:44:11,507 [INFO] WebApp:189 - Connection lost
2025-03-10 18:44:11,744 [INFO] WebApp:186 - Connection restablished
2025-03-10 18:44:23,547 [INFO] WebApp:189 - Connection lost
2025-03-10 18:44:24,246 [INFO] WebApp:186 - Connection restablished
2025-03-10 18:44:53,540 [INFO] WebApp:189 - Connection lost
2025-03-10 18:44:54,094 [INFO] WebApp:186 - Connection restablished
2025-03-10 18:45:09,566 [INFO] WebApp:189 - Connection lost
2025-03-10 18:45:10,074 [INFO] WebApp:186 - Connection restablished
2025-03-10 18:45:50,021 [INFO] WebApp:189 - Connection lost
2025-03-10 18:45:50,360 [INFO] WebApp:186 - Connection restablished
2025-03-10 18:46:16,049 [INFO] WebApp:189 - Connection lost
2025-03-10 18:46:16,460 [INFO] WebApp:186 - Connection restablished
2025-03-10 18:46:44,059 [INFO] WebApp:189 - Connection lost
2025-03-10 18:46:44,307 [INFO] WebApp:186 - Connection restablished
2025-03-10 18:46:48,014 [INFO] WebApp:189 - Connection lost
2025-03-10 18:46:48,264 [INFO] WebApp:186 - Connection restablished
2025-03-10 18:46:52,025 [INFO] WebApp:189 - Connection lost
2025-03-10 18:46:52,277 [INFO] WebApp:186 - Connection restablished
2025-03-10 18:47:26,038 [INFO] WebApp:189 - Connection lost
2025-03-10 18:47:26,366 [INFO] WebApp:186 - Connection restablished
2025-03-10 18:47:38,517 [INFO] WebApp:189 - Connection lost
2025-03-10 18:47:38,946 [INFO] WebApp:186 - Connection restablished
2025-03-10 18:48:06,554 [INFO] WebApp:189 - Connection lost
2025-03-10 18:48:07,011 [INFO] WebApp:186 - Connection restablished
2025-03-10 18:49:54,523 [INFO] WebApp:189 - Connection lost
2025-03-10 18:49:54,848 [INFO] WebApp:186 - Connection restablished
2025-03-10 18:49:59,029 [INFO] WebApp:189 - Connection lost
2025-03-10 18:50:00,052 [INFO] WebApp:186 - Connection restablished
2025-03-10 18:50:07,040 [INFO] WebApp:189 - Connection lost
2025-03-10 18:50:07,297 [INFO] WebApp:186 - Connection restablished
2025-03-10 18:50:19,036 [INFO] WebApp:189 - Connection lost
2025-03-10 18:50:19,284 [INFO] WebApp:186 - Connection restablished
2025-03-10 18:50:27,039 [INFO] WebApp:189 - Connection lost
2025-03-10 18:50:27,433 [INFO] WebApp:186 - Connection restablished
2025-03-10 18:50:33,022 [INFO] WebApp:189 - Connection lost
2025-03-10 18:50:33,499 [INFO] WebApp:186 - Connection restablished
2025-03-10 18:50:43,017 [INFO] WebApp:189 - Connection lost
2025-03-10 18:50:43,277 [INFO] WebApp:186 - Connection restablished
2025-03-10 18:50:53,035 [INFO] WebApp:189 - Connection lost
2025-03-10 18:50:53,354 [INFO] WebApp:186 - Connection restablished
2025-03-10 18:51:35,529 [INFO] WebApp:189 - Connection lost
2025-03-10 18:51:36,781 [INFO] WebApp:186 - Connection restablished
2025-03-10 18:51:41,038 [INFO] WebApp:189 - Connection lost
2025-03-10 18:51:41,288 [INFO] WebApp:186 - Connection restablished
2025-03-10 18:51:47,030 [INFO] WebApp:189 - Connection lost
2025-03-10 18:51:47,372 [INFO] WebApp:186 - Connection restablished
2025-03-10 18:51:51,043 [INFO] WebApp:189 - Connection lost
2025-03-10 18:51:51,334 [INFO] WebApp:186 - Connection restablished
2025-03-10 18:51:55,518 [INFO] WebApp:189 - Connection lost
2025-03-10 18:51:55,768 [INFO] WebApp:186 - Connection restablished
2025-03-10 18:52:05,494 [INFO] WebApp:189 - Connection lost
2025-03-10 18:52:05,756 [INFO] WebApp:186 - Connection restablished
2025-03-10 18:52:13,540 [INFO] WebApp:189 - Connection lost
2025-03-10 18:52:13,989 [INFO] WebApp:186 - Connection restablished
2025-03-10 18:52:25,538 [INFO] WebApp:189 - Connection lost
2025-03-10 18:52:25,909 [INFO] WebApp:186 - Connection restablished
2025-03-10 18:52:54,027 [INFO] WebApp:189 - Connection lost
2025-03-10 18:52:54,589 [INFO] WebApp:186 - Connection restablished
2025-03-10 18:53:49,531 [INFO] WebApp:189 - Connection lost
2025-03-10 18:53:50,303 [INFO] WebApp:186 - Connection restablished
2025-03-10 18:54:06,020 [INFO] WebApp:189 - Connection lost
2025-03-10 18:54:06,285 [INFO] WebApp:186 - Connection restablished
2025-03-10 18:54:29,535 [INFO] WebApp:189 - Connection lost
2025-03-10 18:54:30,079 [INFO] WebApp:186 - Connection restablished
2025-03-10 18:55:10,544 [INFO] WebApp:189 - Connection lost
2025-03-10 18:55:11,170 [INFO] WebApp:186 - Connection restablished
2025-03-10 18:55:48,036 [INFO] WebApp:189 - Connection lost
2025-03-10 18:55:48,589 [INFO] WebApp:186 - Connection restablished
2025-03-10 18:57:31,502 [INFO] WebApp:189 - Connection lost
2025-03-10 18:57:32,044 [INFO] WebApp:186 - Connection restablished
2025-03-10 18:58:45,036 [INFO] WebApp:189 - Connection lost
2025-03-10 18:58:45,945 [INFO] WebApp:186 - Connection restablished
2025-03-10 18:58:49,008 [INFO] WebApp:189 - Connection lost
2025-03-10 18:58:49,537 [INFO] WebApp:186 - Connection restablished
2025-03-10 18:59:34,992 [INFO] WebApp:189 - Connection lost
2025-03-10 18:59:35,699 [INFO] WebApp:186 - Connection restablished
2025-03-10 19:01:10,507 [INFO] WebApp:189 - Connection lost
2025-03-10 19:14:29,353 [INFO] WebApp:186 - Connection restablished
2025-03-10 19:17:00,498 [INFO] WebApp:189 - Connection lost
2025-03-10 19:17:00,841 [INFO] WebApp:186 - Connection restablished
2025-03-10 19:17:08,064 [INFO] WebApp:189 - Connection lost
2025-03-10 19:17:08,319 [INFO] WebApp:186 - Connection restablished
2025-03-10 19:18:01,987 [INFO] WebApp:189 - Connection lost
2025-03-10 19:18:02,473 [INFO] WebApp:186 - Connection restablished
2025-03-10 19:18:16,531 [INFO] WebApp:189 - Connection lost
2025-03-10 19:18:16,828 [INFO] WebApp:186 - Connection restablished
2025-03-10 19:18:22,559 [INFO] WebApp:189 - Connection lost
2025-03-10 19:18:23,320 [INFO] WebApp:186 - Connection restablished
2025-03-10 19:18:54,526 [INFO] WebApp:189 - Connection lost
2025-03-10 19:18:54,857 [INFO] WebApp:186 - Connection restablished
2025-03-10 19:19:54,518 [INFO] WebApp:189 - Connection lost
2025-03-10 19:19:54,863 [INFO] WebApp:186 - Connection restablished
2025-03-10 19:20:53,035 [INFO] WebApp:189 - Connection lost
2025-03-10 19:20:53,390 [INFO] WebApp:186 - Connection restablished
2025-03-10 19:21:31,036 [INFO] WebApp:189 - Connection lost
2025-03-10 19:21:31,367 [INFO] WebApp:186 - Connection restablished
2025-03-10 19:21:41,022 [INFO] WebApp:189 - Connection lost
2025-03-10 19:21:41,332 [INFO] WebApp:186 - Connection restablished
2025-03-10 19:22:07,534 [INFO] WebApp:189 - Connection lost
2025-03-10 19:22:07,825 [INFO] WebApp:186 - Connection restablished
2025-03-10 22:32:23,505 [INFO] WebApp:388 - JxBrowser engine has been closed 
2025-03-10 22:32:25,572 [ERROR] LogOutputStream:75 - [STDERR_REDIRECT] 
