2024-11-14 15:27:29,055 [INFO] Activator:176 - 


2024-11-14 15:27:29,058 [INFO] Activator:177 - !SESSION log4j initialized
2024-11-14 15:27:34,316 [INFO] LogOutputStream:77 - [STDOUT_REDIRECT] 
2024-11-14 15:27:39,308 [INFO] ApplicationProperties:184 - Using Application install path: C:\ST\STM32CubeIDE_1.16.1\STM32CubeIDE\plugins\com.st.stm32cube.common.mx_6.12.1.202409122256
2024-11-14 15:27:39,340 [INFO] DbMcusXml:78 - Set database path to: C:\ST\STM32CubeIDE_1.16.1\STM32CubeIDE\plugins\com.st.stm32cube.common.mx_6.12.1.202409122256\\db\/mcu/
2024-11-14 15:27:39,341 [INFO] ApiDb:274 - Set plugin database path to: C:\ST\STM32CubeIDE_1.16.1\STM32CubeIDE\plugins\com.st.stm32cube.common.mx_6.12.1.202409122256\\db\/plugins/boardmanager/
2024-11-14 15:27:39,342 [WARN] ApiDb:259 - Overriding images path with different value:  => C:\ST\STM32CubeIDE_1.16.1\STM32CubeIDE\plugins\com.st.stm32cube.common.mx_6.12.1.202409122256\\db\/plugins/mcufinder/images/
2024-11-14 15:27:39,359 [INFO] ApiDb:250 - Set database path to: C:\Users\talur\.stmcufinder\plugins\mcufinder//mcu/
2024-11-14 15:27:39,361 [INFO] DbMcusAds:125 - Set database path to: C:\Users\talur\.stmcufinder\plugins\mcufinder//mcu/
2024-11-14 15:27:39,366 [INFO] CrossReferenceDbSqlite:203 - Set database path to: C:\Users\talur\.stmcufinder\plugins\mcufinder//mcu/cs/
2024-11-14 15:27:39,578 [INFO] RulesReader:64 - Compatibility file has been processed (297 Rules)
2024-11-14 15:27:39,715 [INFO] DbMcusXml:78 - Set database path to: C:\ST\STM32CubeIDE_1.16.1\STM32CubeIDE\plugins\com.st.stm32cube.common.mx_6.12.1.202409122256\\db\/mcu/
2024-11-14 15:27:39,715 [INFO] ApiDb:274 - Set plugin database path to: C:\ST\STM32CubeIDE_1.16.1\STM32CubeIDE\plugins\com.st.stm32cube.common.mx_6.12.1.202409122256\\db\/plugins/boardmanager/
2024-11-14 15:27:39,715 [INFO] ApiDb:261 - Set plugin images path to: C:\ST\STM32CubeIDE_1.16.1\STM32CubeIDE\plugins\com.st.stm32cube.common.mx_6.12.1.202409122256\\db\/plugins/mcufinder/images/
2024-11-14 15:27:39,715 [WARN] DbFile:41 - Overriding database path with different value: C:\Users\talur\.stmcufinder\plugins\mcufinder/ => C:\Users\talur\.stmcufinder\plugins\mcufinder
2024-11-14 15:27:39,716 [INFO] ApiDb:250 - Set database path to: C:\Users\talur\.stmcufinder\plugins\mcufinder//mcu/
2024-11-14 15:27:39,716 [WARN] DbFile:41 - Overriding database path with different value: C:\Users\talur\.stmcufinder\plugins\mcufinder/ => C:\Users\talur\.stmcufinder\plugins\mcufinder
2024-11-14 15:27:39,716 [INFO] DbMcusAds:125 - Set database path to: C:\Users\talur\.stmcufinder\plugins\mcufinder//mcu/
2024-11-14 15:27:39,716 [WARN] DbFile:41 - Overriding database path with different value: C:\Users\talur\.stmcufinder\plugins\mcufinder/ => C:\Users\talur\.stmcufinder\plugins\mcufinder
2024-11-14 15:27:39,716 [WARN] DbFile:41 - Overriding database path with different value: C:\Users\talur\.stmcufinder\plugins\mcufinder/ => C:\Users\talur\.stmcufinder\plugins\mcufinder
2024-11-14 15:27:39,716 [INFO] CrossReferenceDbSqlite:203 - Set database path to: C:\Users\talur\.stmcufinder\plugins\mcufinder//mcu/cs/
2024-11-14 15:27:39,855 [INFO] MainPanel:268 - HeapMemory: 268435456
2024-11-14 15:27:40,091 [INFO] DbMcusXml:78 - Set database path to: C:\ST\STM32CubeIDE_1.16.1\STM32CubeIDE\plugins\com.st.stm32cube.common.mx_6.12.1.202409122256\\db\/mcu/
2024-11-14 15:27:40,091 [INFO] ApiDb:274 - Set plugin database path to: C:\ST\STM32CubeIDE_1.16.1\STM32CubeIDE\plugins\com.st.stm32cube.common.mx_6.12.1.202409122256\\db\/plugins/boardmanager/
2024-11-14 15:27:40,091 [INFO] ApiDb:261 - Set plugin images path to: C:\ST\STM32CubeIDE_1.16.1\STM32CubeIDE\plugins\com.st.stm32cube.common.mx_6.12.1.202409122256\\db\/plugins/mcufinder/images/
2024-11-14 15:27:40,092 [WARN] DbFile:41 - Overriding database path with different value: C:\Users\talur\.stmcufinder\plugins\mcufinder/ => C:\Users\talur\.stmcufinder\plugins\mcufinder
2024-11-14 15:27:40,092 [INFO] ApiDb:250 - Set database path to: C:\Users\talur\.stmcufinder\plugins\mcufinder//mcu/
2024-11-14 15:27:40,092 [WARN] DbFile:41 - Overriding database path with different value: C:\Users\talur\.stmcufinder\plugins\mcufinder/ => C:\Users\talur\.stmcufinder\plugins\mcufinder
2024-11-14 15:27:40,092 [INFO] DbMcusAds:125 - Set database path to: C:\Users\talur\.stmcufinder\plugins\mcufinder//mcu/
2024-11-14 15:27:40,092 [WARN] DbFile:41 - Overriding database path with different value: C:\Users\talur\.stmcufinder\plugins\mcufinder/ => C:\Users\talur\.stmcufinder\plugins\mcufinder
2024-11-14 15:27:40,092 [WARN] DbFile:41 - Overriding database path with different value: C:\Users\talur\.stmcufinder\plugins\mcufinder/ => C:\Users\talur\.stmcufinder\plugins\mcufinder
2024-11-14 15:27:40,092 [INFO] CrossReferenceDbSqlite:203 - Set database path to: C:\Users\talur\.stmcufinder\plugins\mcufinder//mcu/cs/
2024-11-14 15:27:40,127 [INFO] ApplicationProperties:184 - Using Application install path: C:\ST\STM32CubeIDE_1.16.1\STM32CubeIDE\plugins\com.st.stm32cube.common.mx_6.12.1.202409122256
2024-11-14 15:27:40,130 [INFO] PluginManage:196 - Search for loadable plugins [exclusion list=, ]
2024-11-14 15:27:40,133 [INFO] PluginManage:310 - Check plugin analytics
2024-11-14 15:27:40,532 [INFO] AnalyticsPlugin:253 - Accepted Software Licenses: 
2024-11-14 15:27:40,533 [INFO] AnalyticsPlugin:255 - Accepted CMSIS Pack Licenses: 
2024-11-14 15:27:40,535 [INFO] AnalyticsPlugin:257 - Accepted Firmware Licenses: FW.F4.1.28.0
2024-11-14 15:27:40,543 [INFO] PluginManage:359 - Loaded plugin analytics (category:tool,tabindex:-1)
2024-11-14 15:27:40,544 [INFO] PluginManage:310 - Check plugin cadmodel
2024-11-14 15:27:40,627 [INFO] CADModel:105 - Init CAD model plugin
2024-11-14 15:27:40,628 [INFO] PluginManage:359 - Loaded plugin cadmodel (category:power,tabindex:5)
2024-11-14 15:27:40,630 [INFO] PluginManage:310 - Check plugin clock
2024-11-14 15:27:40,675 [INFO] PluginManage:359 - Loaded plugin clock (category:base,tabindex:2)
2024-11-14 15:27:40,676 [INFO] PluginManage:310 - Check plugin ddr
2024-11-14 15:27:40,682 [INFO] PluginManage:359 - Loaded plugin ddr (category:tool,tabindex:6)
2024-11-14 15:27:40,683 [INFO] PluginManage:310 - Check plugin filemanager
2024-11-14 15:27:40,943 [INFO] PluginManage:359 - Loaded plugin filemanager (category:base,tabindex:10)
2024-11-14 15:27:40,944 [INFO] PluginManage:310 - Check plugin ipmanager
2024-11-14 15:27:41,012 [INFO] PluginManage:359 - Loaded plugin ipmanager (category:base,tabindex:5)
2024-11-14 15:27:41,012 [INFO] PluginManage:310 - Check plugin lpbam
2024-11-14 15:27:41,092 [INFO] PluginManage:359 - Loaded plugin lpbam (category:base,tabindex:0)
2024-11-14 15:27:41,092 [INFO] PluginManage:310 - Check plugin memorymap
2024-11-14 15:27:41,162 [INFO] PluginManage:359 - Loaded plugin memorymap (category:base,tabindex:4)
2024-11-14 15:27:41,163 [INFO] PluginManage:310 - Check plugin pinoutandconfiguration
2024-11-14 15:27:41,210 [INFO] PluginManage:359 - Loaded plugin pinoutandconfiguration (category:base,tabindex:1)
2024-11-14 15:27:41,211 [INFO] PluginManage:310 - Check plugin pinoutconfig
2024-11-14 15:27:41,448 [WARN] SupportedApi:132 - Cannot load RTOS API schema: s4s-elt-must-match.1: The content of 'definitions' must match (annotation?, (simpleType | complexType)?, (unique | key | keyref)*)). A problem was found starting at: attribute.
2024-11-14 15:27:41,775 [INFO] PluginManage:359 - Loaded plugin pinoutconfig (category:base,tabindex:0)
2024-11-14 15:27:41,776 [INFO] PluginManage:310 - Check plugin power
2024-11-14 15:27:41,817 [INFO] PluginManage:359 - Loaded plugin power (category:power,tabindex:4)
2024-11-14 15:27:41,817 [INFO] PluginManage:310 - Check plugin projectmanager
2024-11-14 15:27:41,849 [INFO] PluginManage:359 - Loaded plugin projectmanager (category:projectmanager,tabindex:4)
2024-11-14 15:27:41,849 [INFO] PluginManage:310 - Check plugin rif
2024-11-14 15:27:41,876 [INFO] PluginManage:359 - Loaded plugin rif (category:base,tabindex:3)
2024-11-14 15:27:41,877 [INFO] PluginManage:310 - Check plugin thirdparty
2024-11-14 15:27:42,419 [INFO] PluginManage:359 - Loaded plugin thirdparty (category:base,tabindex:-1)
2024-11-14 15:27:42,420 [INFO] PluginManage:310 - Check plugin tools
2024-11-14 15:27:42,420 [WARN] IntegrityCheckThread:84 - waiting for thirdparty lock release [integrity check]
2024-11-14 15:27:42,422 [INFO] IntegrityCheckThread:86 - entering critical section [integrity check]
2024-11-14 15:27:42,423 [INFO] ThirdPartyUpdaterWithRetryManager:70 - Updater plugin not ready yet. [1/15]
2024-11-14 15:27:42,480 [INFO] PluginManage:359 - Loaded plugin tools (category:base,tabindex:7)
2024-11-14 15:27:42,480 [INFO] PluginManage:310 - Check plugin tutovideos
2024-11-14 15:27:42,821 [INFO] PluginManage:359 - Loaded plugin tutovideos (category:base,tabindex:-1)
2024-11-14 15:27:42,822 [INFO] PluginManage:310 - Check plugin updater
2024-11-14 15:27:42,851 [INFO] PluginManage:359 - Loaded plugin updater (category:base,tabindex:12)
2024-11-14 15:27:42,852 [INFO] PluginManage:310 - Check plugin userauth
2024-11-14 15:27:42,862 [INFO] UserAuth:113 - Init User Auth plugin
2024-11-14 15:27:42,862 [INFO] PluginManage:359 - Loaded plugin userauth (category:base,tabindex:14)
2024-11-14 15:27:42,863 [INFO] PluginManage:283 - PluginManage : Loaded plugins [18]
2024-11-14 15:27:43,233 [INFO] PinOutPanel:1561 - setPackage(No Configuration,No Configuration)
2024-11-14 15:27:43,382 [INFO] CADModel:165 - CPN selected for project level
2024-11-14 15:27:43,383 [INFO] CADModel:114 - Register for checkConnection events
2024-11-14 15:27:43,427 [INFO] IPUIPlugin:80 - create IPUIPlugin
2024-11-14 15:27:43,427 [INFO] PluginManager:220 - loadIPPluginJar : add adc
2024-11-14 15:27:43,488 [INFO] IPUIPlugin:80 - create IPUIPlugin
2024-11-14 15:27:43,489 [INFO] PluginManager:220 - loadIPPluginJar : add aes
2024-11-14 15:27:43,550 [INFO] IPUIPlugin:80 - create IPUIPlugin
2024-11-14 15:27:43,550 [INFO] PluginManager:220 - loadIPPluginJar : add can
2024-11-14 15:27:43,590 [INFO] IPUIPlugin:80 - create IPUIPlugin
2024-11-14 15:27:43,590 [INFO] PluginManager:220 - loadIPPluginJar : add comp
2024-11-14 15:27:43,656 [INFO] IPUIPlugin:80 - create IPUIPlugin
2024-11-14 15:27:43,656 [INFO] PluginManager:220 - loadIPPluginJar : add cryp
2024-11-14 15:27:43,677 [INFO] IPUIPlugin:80 - create IPUIPlugin
2024-11-14 15:27:43,678 [INFO] PluginManager:220 - loadIPPluginJar : add ddr_ctrl_phy
2024-11-14 15:27:43,734 [INFO] IPUIPlugin:80 - create IPUIPlugin
2024-11-14 15:27:43,736 [INFO] PluginManager:220 - loadIPPluginJar : add dfsdm
2024-11-14 15:27:43,768 [INFO] IPUIPlugin:80 - create IPUIPlugin
2024-11-14 15:27:43,770 [INFO] PluginManager:220 - loadIPPluginJar : add dma
2024-11-14 15:27:43,867 [INFO] IPUIPlugin:80 - create IPUIPlugin
2024-11-14 15:27:43,867 [INFO] PluginManager:220 - loadIPPluginJar : add dma3
2024-11-14 15:27:43,945 [INFO] IPUIPlugin:80 - create IPUIPlugin
2024-11-14 15:27:43,945 [INFO] PluginManager:220 - loadIPPluginJar : add extmemmanager
2024-11-14 15:27:43,982 [INFO] IPUIPlugin:80 - create IPUIPlugin
2024-11-14 15:27:43,982 [INFO] PluginManager:220 - loadIPPluginJar : add fatfs
2024-11-14 15:27:44,063 [INFO] IPUIPlugin:80 - create IPUIPlugin
2024-11-14 15:27:44,063 [INFO] PluginManager:220 - loadIPPluginJar : add fmc
2024-11-14 15:27:44,089 [INFO] IPUIPlugin:80 - create IPUIPlugin
2024-11-14 15:27:44,091 [INFO] PluginManager:220 - loadIPPluginJar : add freertos
2024-11-14 15:27:44,127 [INFO] IPUIPlugin:80 - create IPUIPlugin
2024-11-14 15:27:44,127 [INFO] PluginManager:220 - loadIPPluginJar : add genericplugin
2024-11-14 15:27:44,297 [INFO] IPUIPlugin:80 - create IPUIPlugin
2024-11-14 15:27:44,297 [INFO] PluginManager:220 - loadIPPluginJar : add gfxmmu
2024-11-14 15:27:44,547 [INFO] IPUIPlugin:80 - create IPUIPlugin
2024-11-14 15:27:44,547 [INFO] PluginManager:220 - loadIPPluginJar : add gic
2024-11-14 15:27:44,577 [INFO] IPUIPlugin:80 - create IPUIPlugin
2024-11-14 15:27:44,577 [INFO] PluginManager:220 - loadIPPluginJar : add gpio
2024-11-14 15:27:44,742 [INFO] IPUIPlugin:80 - create IPUIPlugin
2024-11-14 15:27:44,742 [INFO] PluginManager:220 - loadIPPluginJar : add gtzc
2024-11-14 15:27:44,809 [INFO] IPUIPlugin:80 - create IPUIPlugin
2024-11-14 15:27:44,809 [INFO] PluginManager:220 - loadIPPluginJar : add hash
2024-11-14 15:27:44,892 [INFO] IPUIPlugin:80 - create IPUIPlugin
2024-11-14 15:27:44,892 [INFO] PluginManager:220 - loadIPPluginJar : add i2c
2024-11-14 15:27:44,959 [INFO] IPUIPlugin:80 - create IPUIPlugin
2024-11-14 15:27:44,959 [INFO] PluginManager:220 - loadIPPluginJar : add i2s
2024-11-14 15:27:45,023 [INFO] IPUIPlugin:80 - create IPUIPlugin
2024-11-14 15:27:45,024 [INFO] PluginManager:220 - loadIPPluginJar : add i3c
2024-11-14 15:27:45,191 [INFO] IPUIPlugin:80 - create IPUIPlugin
2024-11-14 15:27:45,191 [INFO] PluginManager:220 - loadIPPluginJar : add ipddr
2024-11-14 15:27:45,377 [INFO] IPUIPlugin:80 - create IPUIPlugin
2024-11-14 15:27:45,378 [INFO] PluginManager:220 - loadIPPluginJar : add linkedlist
2024-11-14 15:27:45,425 [INFO] ThirdPartyUpdaterWithRetryManager:70 - Updater plugin not ready yet. [2/15]
2024-11-14 15:27:45,434 [INFO] IPUIPlugin:80 - create IPUIPlugin
2024-11-14 15:27:45,434 [INFO] PluginManager:220 - loadIPPluginJar : add lorawan
2024-11-14 15:27:45,499 [INFO] IPUIPlugin:80 - create IPUIPlugin
2024-11-14 15:27:45,499 [INFO] PluginManager:220 - loadIPPluginJar : add ltdc
2024-11-14 15:27:45,523 [INFO] IPUIPlugin:80 - create IPUIPlugin
2024-11-14 15:27:45,523 [INFO] PluginManager:220 - loadIPPluginJar : add mdma
2024-11-14 15:27:45,542 [INFO] IPUIPlugin:80 - create IPUIPlugin
2024-11-14 15:27:45,543 [INFO] PluginManager:220 - loadIPPluginJar : add nvic
2024-11-14 15:27:45,606 [INFO] IPUIPlugin:80 - create IPUIPlugin
2024-11-14 15:27:45,607 [INFO] PluginManager:220 - loadIPPluginJar : add opamp
2024-11-14 15:27:45,708 [INFO] IPUIPlugin:80 - create IPUIPlugin
2024-11-14 15:27:45,709 [INFO] PluginManager:220 - loadIPPluginJar : add openamp
2024-11-14 15:27:45,779 [INFO] IPUIPlugin:80 - create IPUIPlugin
2024-11-14 15:27:45,779 [INFO] PluginManager:220 - loadIPPluginJar : add pdm2pcm
2024-11-14 15:27:45,799 [INFO] IPUIPlugin:80 - create IPUIPlugin
2024-11-14 15:27:45,804 [INFO] PluginManager:220 - loadIPPluginJar : add plateformsettings
2024-11-14 15:27:45,840 [INFO] IPUIPlugin:80 - create IPUIPlugin
2024-11-14 15:27:45,840 [INFO] PluginManager:220 - loadIPPluginJar : add quadspi
2024-11-14 15:27:45,889 [INFO] IPUIPlugin:80 - create IPUIPlugin
2024-11-14 15:27:45,891 [INFO] PluginManager:220 - loadIPPluginJar : add radio
2024-11-14 15:27:45,914 [INFO] IPUIPlugin:80 - create IPUIPlugin
2024-11-14 15:27:45,914 [INFO] PluginManager:220 - loadIPPluginJar : add resmgrutility
2024-11-14 15:27:46,000 [INFO] IPUIPlugin:80 - create IPUIPlugin
2024-11-14 15:27:46,000 [INFO] PluginManager:220 - loadIPPluginJar : add sai
2024-11-14 15:27:46,074 [INFO] IPUIPlugin:80 - create IPUIPlugin
2024-11-14 15:27:46,075 [INFO] PluginManager:220 - loadIPPluginJar : add spi
2024-11-14 15:27:46,204 [INFO] IPUIPlugin:80 - create IPUIPlugin
2024-11-14 15:27:46,204 [INFO] PluginManager:220 - loadIPPluginJar : add stm32_wpan
2024-11-14 15:27:46,275 [INFO] IPUIPlugin:80 - create IPUIPlugin
2024-11-14 15:27:46,276 [INFO] PluginManager:220 - loadIPPluginJar : add tim
2024-11-14 15:27:46,390 [INFO] IPUIPlugin:80 - create IPUIPlugin
2024-11-14 15:27:46,390 [INFO] PluginManager:220 - loadIPPluginJar : add touchsensing
2024-11-14 15:27:46,444 [INFO] IPUIPlugin:80 - create IPUIPlugin
2024-11-14 15:27:46,444 [INFO] PluginManager:220 - loadIPPluginJar : add tracer_emb
2024-11-14 15:27:46,488 [INFO] IPUIPlugin:80 - create IPUIPlugin
2024-11-14 15:27:46,489 [INFO] PluginManager:220 - loadIPPluginJar : add ts
2024-11-14 15:27:46,531 [INFO] IPUIPlugin:80 - create IPUIPlugin
2024-11-14 15:27:46,532 [INFO] PluginManager:220 - loadIPPluginJar : add tsc
2024-11-14 15:27:46,576 [INFO] IPUIPlugin:80 - create IPUIPlugin
2024-11-14 15:27:46,577 [INFO] PluginManager:220 - loadIPPluginJar : add ucpd
2024-11-14 15:27:46,656 [INFO] IPUIPlugin:80 - create IPUIPlugin
2024-11-14 15:27:46,657 [INFO] PluginManager:220 - loadIPPluginJar : add usart
2024-11-14 15:27:46,738 [INFO] IPUIPlugin:80 - create IPUIPlugin
2024-11-14 15:27:46,738 [INFO] PluginManager:220 - loadIPPluginJar : add usbx
2024-11-14 15:27:46,920 [INFO] CADModel:165 - CPN selected for project level
2024-11-14 15:27:46,921 [INFO] CADModel:114 - Register for checkConnection events
2024-11-14 15:27:46,922 [FATAL] Updater:334 - Updater called before beeing initialized
2024-11-14 15:27:46,923 [ERROR] CADModel:125 - Updater not yet initialized, retry later 
2024-11-14 15:27:47,234 [INFO] CADModel:165 - CPN selected for project level
2024-11-14 15:27:47,235 [INFO] CADModel:114 - Register for checkConnection events
2024-11-14 15:27:47,235 [FATAL] Updater:334 - Updater called before beeing initialized
2024-11-14 15:27:47,235 [ERROR] CADModel:125 - Updater not yet initialized, retry later 
2024-11-14 15:27:47,244 [FATAL] Updater:334 - Updater called before beeing initialized
2024-11-14 15:27:47,449 [FATAL] Updater:334 - Updater called before beeing initialized
2024-11-14 15:27:47,464 [INFO] DbMcusAds:53 - JSON generation date=Fri Sep 20 18:34:38 IST 2024 (1726837478367)
2024-11-14 15:27:47,464 [FATAL] Updater:334 - Updater called before beeing initialized
2024-11-14 15:27:47,523 [WARN] DetailPanel:346 - Failed to get advertising image, set to default
2024-11-14 15:27:47,660 [FATAL] Updater:334 - Updater called before beeing initialized
2024-11-14 15:27:47,663 [FATAL] Updater:334 - Updater called before beeing initialized
2024-11-14 15:27:47,663 [FATAL] Updater:334 - Updater called before beeing initialized
2024-11-14 15:27:47,664 [WARN] DetailPanel:346 - Failed to get advertising image, set to default
2024-11-14 15:27:47,664 [FATAL] Updater:334 - Updater called before beeing initialized
2024-11-14 15:27:47,771 [ERROR] Updater:1164 - MainUpdater not yet initialized. External WinMGr cannot be set.
2024-11-14 15:27:47,788 [INFO] Updater:1100 - Updater Version found : 6.12.1
2024-11-14 15:27:47,822 [INFO] ApplicationProperties:184 - Using Application install path: C:\ST\STM32CubeIDE_1.16.1\STM32CubeIDE\plugins\com.st.stm32cube.common.mx_6.12.1.202409122256
2024-11-14 15:27:48,425 [INFO] ThirdPartyUpdaterWithRetryManager:70 - Updater plugin not ready yet. [3/15]
2024-11-14 15:27:49,431 [ERROR] LogOutputStream:75 - [STDERR_REDIRECT] Nov 14, 2024 3:27:49 PM java.util.prefs.WindowsPreferences <init>
2024-11-14 15:27:49,433 [ERROR] LogOutputStream:75 - [STDERR_REDIRECT] WARNING: Could not open/create prefs root node Software\JavaSoft\Prefs at root 0xffffffff80000002. Windows RegCreateKeyEx(...) returned error code 5.
2024-11-14 15:27:49,434 [ERROR] LogOutputStream:75 - [STDERR_REDIRECT] 
2024-11-14 15:27:50,242 [INFO] MainUpdater:2873 - connection check result : 10
2024-11-14 15:27:50,243 [INFO] MainUpdater:3567 - Updater definition file requires update
2024-11-14 15:27:50,247 [INFO] MainUpdater:290 - Updater Check For Update Now.
2024-11-14 15:27:50,248 [INFO] MicroXplorer:498 - Change Database Version : DB.6.0.121
2024-11-14 15:27:50,294 [INFO] McuFinderGlobals:63 - Set McuFinder mode to 2 (CubeIDE integrated)
2024-11-14 15:27:50,295 [INFO] UserAuth:179 - activating auth plugin
2024-11-14 15:27:50,303 [INFO] UserAuth:417 - Internet connection configuration mode: 1
2024-11-14 15:27:50,366 [INFO] JxBrowserEngine:152 - Initiate JxBrowser Engine with user profile folder
2024-11-14 15:27:50,764 [INFO] ServerAccessManage:473 - Download File updaters.zip
2024-11-14 15:27:51,056 [INFO] FileExtend:240 - Unzip File : updaters.zip
2024-11-14 15:27:51,057 [INFO] FileExtend:255 - Standard Zip Deflate
2024-11-14 15:27:51,426 [WARN] MainUpdater:1194 - Updater busy. Cannot search thirdparties
2024-11-14 15:27:51,429 [INFO] ThirdPartyUpdaterWithRetryManager:96 - Updater plugin is busy. [1/15]
2024-11-14 15:27:53,630 [INFO] ServerAccessManage:473 - Download File PacksControlFlags.xml
2024-11-14 15:27:53,932 [INFO] ServerAccessManage:473 - Download File cubemx.pidx
2024-11-14 15:27:54,431 [WARN] MainUpdater:1194 - Updater busy. Cannot search thirdparties
2024-11-14 15:27:54,431 [INFO] ThirdPartyUpdaterWithRetryManager:96 - Updater plugin is busy. [2/15]
2024-11-14 15:27:54,470 [INFO] ServerAccessManage:473 - Download File STMicroelectronics.FP-ATR-ASTRA1.pdsc
2024-11-14 15:27:57,432 [WARN] MainUpdater:1194 - Updater busy. Cannot search thirdparties
2024-11-14 15:27:57,432 [INFO] ThirdPartyUpdaterWithRetryManager:96 - Updater plugin is busy. [3/15]
2024-11-14 15:27:59,525 [INFO] ServerAccessManage:473 - Download File quantropi.X-CUBE-qispace-sdk-base.pdsc
2024-11-14 15:28:00,011 [WARN] PackLoader:240 - Cannot read IP mode file for STMicroelectronics.FP-ATR-ASTRA1.2.0.1
2024-11-14 15:28:00,041 [WARN] ConditionMgr:438 - getConditionDescription Invalid condition id : Cortex-A Device cause : null
2024-11-14 15:28:00,093 [WARN] ConditionMgr:1039 - genDependencies : Invalid condition id : Cortex-A Device cause : null
2024-11-14 15:28:00,094 [WARN] ConditionMgr:1039 - genDependencies : Invalid condition id : Cortex-A Device cause : null
2024-11-14 15:28:00,094 [WARN] ConditionMgr:1039 - genDependencies : Invalid condition id : Cortex-A Device cause : null
2024-11-14 15:28:00,095 [INFO] PopulateThirdPartyThread:66 - Ending populate Thread
2024-11-14 15:28:00,099 [INFO] ThirdParty:1030 - CMSIS Pack Vendor :STMicroelectronics FP-ATR-ASTRA1 2.0.1
2024-11-14 15:28:00,099 [INFO] ThirdParty:1030 - CMSIS Pack Vendor :quantropi X-CUBE-qispace-sdk-base 1.9.3
2024-11-14 15:28:00,100 [INFO] LoadServerUpdatesThread:375 - End of LoadServerUpdate Thread
2024-11-14 15:28:00,280 [INFO] CheckServerUpdateThread:120 - End of CheckServer Thread
2024-11-14 15:28:00,826 [WARN] PackLoader:240 - Cannot read IP mode file for STMicroelectronics.FP-SNS-MOTENVWB1.1.4.0
2024-11-14 15:28:00,835 [WARN] PackLoader:240 - Cannot read IP mode file for STMicroelectronics.FP-ATR-ASTRA1.2.0.1
2024-11-14 15:28:00,873 [WARN] PackLoader:240 - Cannot read IP mode file for STMicroelectronics.X-CUBE-SMBUS.2.1.0
2024-11-14 15:28:00,916 [WARN] PackLoader:240 - Cannot read IP mode file for STMicroelectronics.X-CUBE-WB05N.1.1.0
2024-11-14 15:28:01,002 [WARN] PackLoader:240 - Cannot read IP mode file for STMicroelectronics.X-CUBE-AZRTOS-F7.1.1.0
2024-11-14 15:28:01,195 [WARN] PackLoader:240 - Cannot read IP mode file for STMicroelectronics.X-CUBE-MEMS1.11.0.0
2024-11-14 15:28:01,479 [WARN] PackLoader:240 - Cannot read IP mode file for STMicroelectronics.FP-SNS-FLIGHT1.5.0.2
2024-11-14 15:28:01,522 [WARN] PackLoader:240 - Cannot read IP mode file for STMicroelectronics.X-CUBE-DISPLAY.3.0.0
2024-11-14 15:28:01,565 [WARN] PackLoader:240 - Cannot read IP mode file for STMicroelectronics.X-CUBE-BLE1.7.0.0
2024-11-14 15:28:01,612 [WARN] PackLoader:240 - Cannot read IP mode file for STMicroelectronics.X-CUBE-NFC10.1.0.0
2024-11-14 15:28:01,662 [WARN] PackLoader:240 - Cannot read IP mode file for emotas.I-CUBE-CANOPEN.1.3.0
2024-11-14 15:28:01,714 [WARN] PackLoader:240 - Cannot read IP mode file for STMicroelectronics.X-CUBE-BLEMGR.3.1.0
2024-11-14 15:28:01,755 [WARN] PackLoader:240 - Cannot read IP mode file for STMicroelectronics.FP-SNS-SMARTAG2.1.2.0
2024-11-14 15:28:01,815 [INFO] LogOutputStream:77 - [STDOUT_REDIRECT] 1 : Invalid condition id : UX_CORESTACK_Condition cause : null
2024-11-14 15:28:01,817 [INFO] LogOutputStream:77 - [STDOUT_REDIRECT] 1 : Invalid condition id : UX_CORESTACK_Condition cause : null
2024-11-14 15:28:01,822 [INFO] LogOutputStream:77 - [STDOUT_REDIRECT] 1 : Invalid condition id : UX_CORESTACK_Condition cause : null
2024-11-14 15:28:01,825 [INFO] LogOutputStream:77 - [STDOUT_REDIRECT] 1 : Invalid condition id : UX_CORESTACK_Condition cause : null
2024-11-14 15:28:01,829 [INFO] LogOutputStream:77 - [STDOUT_REDIRECT] 1 : Invalid condition id : UX_CORESTACK_Condition cause : null
2024-11-14 15:28:01,835 [WARN] PackLoader:240 - Cannot read IP mode file for STMicroelectronics.X-CUBE-AZRTOS-WL.2.0.0
2024-11-14 15:28:01,885 [WARN] PackLoader:240 - Cannot read IP mode file for STMicroelectronics.FP-SNS-MOTENV1.5.0.0
2024-11-14 15:28:01,901 [WARN] PackLoader:240 - Cannot read IP mode file for wolfSSL.I-CUBE-wolfMQTT.1.19.0
2024-11-14 15:28:01,951 [WARN] PackLoader:240 - Cannot read IP mode file for WES.I-CUBE-Cesium.1.3.0
2024-11-14 15:28:01,999 [WARN] PackLoader:240 - Cannot read IP mode file for STMicroelectronics.X-CUBE-BLE2.3.3.0
2024-11-14 15:28:02,038 [WARN] PackLoader:240 - Cannot read IP mode file for STMicroelectronics.X-CUBE-NFC9.1.0.0
2024-11-14 15:28:02,081 [WARN] PackLoader:240 - Cannot read IP mode file for STMicroelectronics.X-CUBE-TCPP.4.1.0
2024-11-14 15:28:02,161 [WARN] PackLoader:240 - Cannot read IP mode file for STMicroelectronics.X-CUBE-AZRTOS-G0.1.1.0
2024-11-14 15:28:02,215 [WARN] PackLoader:240 - Cannot read IP mode file for STMicroelectronics.X-CUBE-SAFEA1.1.2.2
2024-11-14 15:28:02,262 [WARN] PackLoader:240 - Cannot read IP mode file for STMicroelectronics.X-CUBE-NFC4.3.0.0
2024-11-14 15:28:02,314 [WARN] PackLoader:240 - Cannot read IP mode file for EmbeddedOffice.I-CUBE-FS-RTOS.1.0.1
2024-11-14 15:28:02,315 [ERROR] ConditionMgr:805 - Attr not supported : Dmpu
2024-11-14 15:28:02,315 [ERROR] ConditionMgr:805 - Attr not supported : Dmpu
2024-11-14 15:28:02,316 [ERROR] ConditionMgr:805 - Attr not supported : Dmpu
2024-11-14 15:28:02,316 [ERROR] ConditionMgr:805 - Attr not supported : Dmpu
2024-11-14 15:28:02,316 [ERROR] ConditionMgr:805 - Attr not supported : Dmpu
2024-11-14 15:28:02,316 [ERROR] ConditionMgr:805 - Attr not supported : Dmpu
2024-11-14 15:28:02,316 [ERROR] ConditionMgr:805 - Attr not supported : Dmpu
2024-11-14 15:28:02,316 [ERROR] ConditionMgr:805 - Attr not supported : Dmpu
2024-11-14 15:28:02,316 [ERROR] ConditionMgr:805 - Attr not supported : Dmpu
2024-11-14 15:28:02,317 [ERROR] ConditionMgr:805 - Attr not supported : Dmpu
2024-11-14 15:28:02,317 [ERROR] ConditionMgr:805 - Attr not supported : Dmpu
2024-11-14 15:28:02,317 [ERROR] ConditionMgr:805 - Attr not supported : Dmpu
2024-11-14 15:28:02,317 [ERROR] ConditionMgr:805 - Attr not supported : Dmpu
2024-11-14 15:28:02,317 [ERROR] ConditionMgr:805 - Attr not supported : Dmpu
2024-11-14 15:28:02,317 [ERROR] ConditionMgr:805 - Attr not supported : Dmpu
2024-11-14 15:28:02,317 [ERROR] ConditionMgr:805 - Attr not supported : Dmpu
2024-11-14 15:28:02,317 [ERROR] ConditionMgr:805 - Attr not supported : Dmpu
2024-11-14 15:28:02,326 [ERROR] ConditionMgr:805 - Attr not supported : Dmpu
2024-11-14 15:28:02,327 [ERROR] ConditionMgr:805 - Attr not supported : Dmpu
2024-11-14 15:28:02,327 [ERROR] ConditionMgr:805 - Attr not supported : Dmpu
2024-11-14 15:28:02,328 [ERROR] ConditionMgr:805 - Attr not supported : Dmpu
2024-11-14 15:28:02,328 [ERROR] ConditionMgr:805 - Attr not supported : Dmpu
2024-11-14 15:28:02,329 [ERROR] ConditionMgr:805 - Attr not supported : Dmpu
2024-11-14 15:28:02,329 [ERROR] ConditionMgr:805 - Attr not supported : Dmpu
2024-11-14 15:28:02,330 [ERROR] ConditionMgr:805 - Attr not supported : Dmpu
2024-11-14 15:28:02,330 [ERROR] ConditionMgr:805 - Attr not supported : Dmpu
2024-11-14 15:28:02,331 [ERROR] ConditionMgr:805 - Attr not supported : Dmpu
2024-11-14 15:28:02,331 [ERROR] ConditionMgr:805 - Attr not supported : Dmpu
2024-11-14 15:28:02,331 [ERROR] ConditionMgr:805 - Attr not supported : Dmpu
2024-11-14 15:28:02,331 [ERROR] ConditionMgr:805 - Attr not supported : Dmpu
2024-11-14 15:28:02,331 [ERROR] ConditionMgr:805 - Attr not supported : Dmpu
2024-11-14 15:28:02,331 [ERROR] ConditionMgr:805 - Attr not supported : Dmpu
2024-11-14 15:28:02,331 [ERROR] ConditionMgr:805 - Attr not supported : Dmpu
2024-11-14 15:28:02,332 [ERROR] ConditionMgr:805 - Attr not supported : Dmpu
2024-11-14 15:28:02,332 [ERROR] ConditionMgr:805 - Attr not supported : Dmpu
2024-11-14 15:28:02,332 [ERROR] ConditionMgr:805 - Attr not supported : Dmpu
2024-11-14 15:28:02,332 [ERROR] ConditionMgr:805 - Attr not supported : Dmpu
2024-11-14 15:28:02,332 [ERROR] ConditionMgr:805 - Attr not supported : Dmpu
2024-11-14 15:28:02,332 [ERROR] ConditionMgr:805 - Attr not supported : Dmpu
2024-11-14 15:28:02,332 [ERROR] ConditionMgr:805 - Attr not supported : Dmpu
2024-11-14 15:28:02,333 [ERROR] ConditionMgr:805 - Attr not supported : Dmpu
2024-11-14 15:28:02,333 [ERROR] ConditionMgr:805 - Attr not supported : Dmpu
2024-11-14 15:28:02,333 [ERROR] ConditionMgr:805 - Attr not supported : Dmpu
2024-11-14 15:28:02,333 [ERROR] ConditionMgr:805 - Attr not supported : Dmpu
2024-11-14 15:28:02,333 [ERROR] ConditionMgr:805 - Attr not supported : Dmpu
2024-11-14 15:28:02,333 [ERROR] ConditionMgr:805 - Attr not supported : Dmpu
2024-11-14 15:28:02,333 [ERROR] ConditionMgr:805 - Attr not supported : Dmpu
2024-11-14 15:28:02,334 [ERROR] ConditionMgr:805 - Attr not supported : Dmpu
2024-11-14 15:28:02,334 [ERROR] ConditionMgr:805 - Attr not supported : Dmpu
2024-11-14 15:28:02,334 [ERROR] ConditionMgr:805 - Attr not supported : Dmpu
2024-11-14 15:28:02,334 [ERROR] ConditionMgr:805 - Attr not supported : Dmpu
2024-11-14 15:28:02,334 [ERROR] ConditionMgr:805 - Attr not supported : Dmpu
2024-11-14 15:28:02,336 [ERROR] ConditionMgr:805 - Attr not supported : Dmpu
2024-11-14 15:28:02,338 [ERROR] ConditionMgr:805 - Attr not supported : Dmpu
2024-11-14 15:28:02,338 [ERROR] ConditionMgr:805 - Attr not supported : Dmpu
2024-11-14 15:28:02,338 [ERROR] ConditionMgr:805 - Attr not supported : Dmpu
2024-11-14 15:28:02,338 [ERROR] ConditionMgr:805 - Attr not supported : Dmpu
2024-11-14 15:28:02,338 [ERROR] ConditionMgr:805 - Attr not supported : Dmpu
2024-11-14 15:28:02,338 [ERROR] ConditionMgr:805 - Attr not supported : Dmpu
2024-11-14 15:28:02,339 [ERROR] ConditionMgr:805 - Attr not supported : Dmpu
2024-11-14 15:28:02,339 [ERROR] ConditionMgr:805 - Attr not supported : Dmpu
2024-11-14 15:28:02,339 [ERROR] ConditionMgr:805 - Attr not supported : Dmpu
2024-11-14 15:28:02,340 [ERROR] ConditionMgr:805 - Attr not supported : Dmpu
2024-11-14 15:28:02,342 [ERROR] ConditionMgr:805 - Attr not supported : Dmpu
2024-11-14 15:28:02,379 [WARN] PackLoader:240 - Cannot read IP mode file for RealThread.X-CUBE-RT-Thread_Nano.4.1.1
2024-11-14 15:28:02,394 [WARN] PackLoader:240 - Cannot read IP mode file for STMicroelectronics.FP-ATR-SIGFOX1.3.2.0
2024-11-14 15:28:02,431 [WARN] PackLoader:240 - Cannot read IP mode file for wolfSSL.I-CUBE-wolfSSL.5.7.2
2024-11-14 15:28:02,439 [WARN] ConditionMgr:438 - getConditionDescription Invalid condition id : Cortex-A Device cause : null
2024-11-14 15:28:02,464 [WARN] ConditionMgr:1039 - genDependencies : Invalid condition id : Cortex-A Device cause : null
2024-11-14 15:28:02,465 [WARN] ConditionMgr:1039 - genDependencies : Invalid condition id : Cortex-A Device cause : null
2024-11-14 15:28:02,465 [WARN] ConditionMgr:1039 - genDependencies : Invalid condition id : Cortex-A Device cause : null
2024-11-14 15:28:02,500 [WARN] PackLoader:240 - Cannot read IP mode file for STMicroelectronics.X-CUBE-EEPRMA1.5.1.0
2024-11-14 15:28:02,534 [WARN] PackLoader:240 - Cannot read IP mode file for wolfSSL.I-CUBE-wolfSSL.5.7.4
2024-11-14 15:28:02,575 [WARN] PackLoader:240 - Cannot read IP mode file for ITTIA_DB.I-CUBE-ITTIADB.8.9.0
2024-11-14 15:28:02,656 [WARN] PackLoader:240 - Cannot read IP mode file for SEGGER.I-CUBE-embOS.1.3.1
2024-11-14 15:28:02,742 [WARN] PackLoader:240 - Cannot read IP mode file for STMicroelectronics.X-CUBE-ALGOBUILD.1.4.0
2024-11-14 15:28:02,775 [WARN] PackLoader:240 - Cannot read IP mode file for STMicroelectronics.X-CUBE-AI.9.1.0
2024-11-14 15:28:02,832 [WARN] PackLoader:240 - Cannot read IP mode file for STMicroelectronics.X-CUBE-AZRTOS-F4.1.1.0
2024-11-14 15:28:02,866 [WARN] PackLoader:240 - Cannot read IP mode file for STMicroelectronics.X-CUBE-ISPU.2.1.0
2024-11-14 15:28:02,902 [WARN] PackLoader:240 - Cannot read IP mode file for STMicroelectronics.X-CUBE-FREERTOS.1.2.0
2024-11-14 15:28:02,957 [WARN] PackLoader:240 - Cannot read IP mode file for STMicroelectronics.X-CUBE-AZRTOS-L5.2.0.0
2024-11-14 15:28:02,997 [WARN] PackLoader:240 - Cannot read IP mode file for STMicroelectronics.X-CUBE-NFC6.3.1.0
2024-11-14 15:28:03,030 [WARN] PackLoader:240 - Cannot read IP mode file for STMicroelectronics.X-CUBE-DPower.1.2.0
2024-11-14 15:28:03,062 [WARN] PackLoader:240 - Cannot read IP mode file for STMicroelectronics.X-CUBE-AI.9.0.0
2024-11-14 15:28:03,095 [WARN] PackLoader:240 - Cannot read IP mode file for STMicroelectronics.X-CUBE-NFC7.1.0.1
2024-11-14 15:28:03,145 [WARN] ConditionMgr:438 - getConditionDescription Invalid condition id : LAN8742 Phy interface Condition cause : null
2024-11-14 15:28:03,146 [WARN] PackLoader:240 - Cannot read IP mode file for STMicroelectronics.X-CUBE-AZRTOS-L4.2.0.0
2024-11-14 15:28:03,148 [WARN] ConditionMgr:1039 - genDependencies : Invalid condition id : LAN8742 Phy interface Condition cause : null
2024-11-14 15:28:03,149 [WARN] ConditionMgr:1039 - genDependencies : Invalid condition id : LAN8742 Phy interface Condition cause : null
2024-11-14 15:28:03,151 [WARN] ConditionMgr:1039 - genDependencies : Invalid condition id : LAN8742 Phy interface Condition cause : null
2024-11-14 15:28:03,189 [WARN] PackLoader:240 - Cannot read IP mode file for STMicroelectronics.X-CUBE-SFXS2LP1.4.0.0
2024-11-14 15:28:03,253 [WARN] PackLoader:240 - Cannot read IP mode file for STMicroelectronics.X-CUBE-AZRTOS-H7.3.3.0
2024-11-14 15:28:03,292 [WARN] PackLoader:240 - Cannot read IP mode file for STMicroelectronics.X-CUBE-IPS.3.0.0
2024-11-14 15:28:03,350 [WARN] ConditionMgr:438 - getConditionDescription Invalid condition id : UX DEVICE CLASS RTOS Condition cause : null
2024-11-14 15:28:03,350 [WARN] ConditionMgr:438 - getConditionDescription Invalid condition id : UX DEVICE CLASS RTOS Condition cause : null
2024-11-14 15:28:03,354 [WARN] PackLoader:240 - Cannot read IP mode file for STMicroelectronics.X-CUBE-AZRTOS-WB.2.0.0
2024-11-14 15:28:03,357 [WARN] ConditionMgr:1039 - genDependencies : Invalid condition id : UX DEVICE CLASS RTOS Condition cause : null
2024-11-14 15:28:03,357 [WARN] ConditionMgr:1039 - genDependencies : Invalid condition id : UX DEVICE CLASS RTOS Condition cause : null
2024-11-14 15:28:03,358 [WARN] ConditionMgr:1039 - genDependencies : Invalid condition id : UX DEVICE CLASS RTOS Condition cause : null
2024-11-14 15:28:03,359 [WARN] ConditionMgr:1039 - genDependencies : Invalid condition id : UX DEVICE CLASS RTOS Condition cause : null
2024-11-14 15:28:03,359 [WARN] ConditionMgr:1039 - genDependencies : Invalid condition id : UX DEVICE CLASS RTOS Condition cause : null
2024-11-14 15:28:03,392 [WARN] PackLoader:240 - Cannot read IP mode file for STMicroelectronics.X-CUBE-GNSS1.7.0.0
2024-11-14 15:28:03,424 [WARN] PackLoader:240 - Cannot read IP mode file for STMicroelectronics.FP-SNS-STBOX1.2.0.0
2024-11-14 15:28:03,467 [WARN] PackLoader:240 - Cannot read IP mode file for STMicroelectronics.X-CUBE-SUBG2.5.0.0
2024-11-14 15:28:03,489 [WARN] PackLoader:240 - Cannot read IP mode file for Cesanta.I-CUBE-Mongoose.7.13.0
2024-11-14 15:28:03,538 [WARN] PackLoader:240 - Cannot read IP mode file for STMicroelectronics.X-CUBE-AZRTOS-G4.2.0.0
2024-11-14 15:28:03,563 [WARN] PackLoader:240 - Cannot read IP mode file for STMicroelectronics.X-CUBE-ISPU.2.0.0
2024-11-14 15:28:03,596 [WARN] PackLoader:240 - Cannot read IP mode file for STMicroelectronics.X-CUBE-ALS.1.0.2
2024-11-14 15:28:03,626 [WARN] PackLoader:240 - Cannot read IP mode file for STMicroelectronics.X-CUBE-TOUCHGFX.4.24.0
2024-11-14 15:28:03,658 [WARN] PackLoader:240 - Cannot read IP mode file for STMicroelectronics.X-CUBE-TOUCHGFX.4.24.1
2024-11-14 15:28:03,668 [WARN] PackLoader:240 - Cannot read IP mode file for wolfSSL.I-CUBE-wolfTPM.3.4.0
2024-11-14 15:28:03,692 [WARN] PackLoader:240 - Cannot read IP mode file for portGmbH.I-Cube-SoM-uGOAL.1.1.0
2024-11-14 15:28:03,745 [WARN] PackLoader:240 - Cannot read IP mode file for STMicroelectronics.X-CUBE-AZRTOS-H7RS.1.0.0
2024-11-14 15:28:03,760 [WARN] PackLoader:240 - Cannot read IP mode file for STMicroelectronics.FP-ATR-ASTRA1.2.0.0
2024-11-14 15:28:03,800 [WARN] PackLoader:240 - Cannot read IP mode file for STMicroelectronics.X-CUBE-TOF1.3.4.2
2024-11-14 15:28:03,878 [WARN] PackLoader:240 - Cannot read IP mode file for Infineon.AIROC-Wi-Fi-Bluetooth-STM32.1.6.1
2024-11-14 15:28:03,894 [WARN] PackLoader:240 - Cannot read IP mode file for wolfSSL.I-CUBE-wolfSSH.1.4.17
2024-11-14 15:28:03,895 [INFO] ThirdParty:978 - Integrity check success = true
2024-11-14 15:28:03,895 [INFO] IntegrityCheckThread:100 - exiting critical section [integrity check]
2024-11-14 15:28:03,896 [INFO] IntegrityCheckThread:103 - End integrity checks thread
2024-11-14 15:28:05,318 [INFO] WebApp:167 - Instantiating new browser for Auth
2024-11-14 15:28:06,845 [INFO] WebApp:448 - Apply proxy settings
2024-11-14 15:28:06,846 [INFO] WebApp:533 - Chromium requires no authentication
2024-11-14 15:28:06,867 [INFO] WebApp:476 - Direct internet connection detected
2024-11-14 15:28:06,921 [INFO] WebApp:869 - Register for checkConnection events
2024-11-14 15:28:06,922 [INFO] WebApp:448 - Apply proxy settings
2024-11-14 15:28:06,922 [INFO] WebApp:533 - Chromium requires no authentication
2024-11-14 15:28:06,923 [INFO] WebApp:476 - Direct internet connection detected
2024-11-14 15:28:07,326 [INFO] WebApp:220 - Starting web application
2024-11-14 15:28:07,326 [INFO] WebApp:578 - Web application path used C:\ST\STM32CubeIDE_1.16.1\STM32CubeIDE\plugins\com.st.stm32cube.common.mx_6.12.1.202409122256\db\plugins\mcufinder\reactClient1\index.html
2024-11-14 15:28:07,753 [INFO] WebApp:186 - Connection restablished
2024-11-14 15:29:04,246 [INFO] McuFinderGlobals:63 - Set McuFinder mode to 2 (CubeIDE integrated)
2024-11-14 15:29:04,295 [INFO] MainUpdater:2873 - connection check result : 10
2024-11-14 15:29:04,345 [INFO] McuFinderGlobals:76 - Set McuFinderConnectedMode to true
2024-11-14 15:29:04,921 [INFO] ServerAccessManage:473 - Download File mcusAds.json._tmp_
2024-11-14 15:29:05,067 [INFO] LoadUrlFilesThread:156 - End of LoadUrlFiles Thread
2024-11-14 15:29:05,708 [INFO] ServerAccessManage:473 - Download File cube-finder-db.zip
2024-11-14 15:29:14,700 [INFO] FileExtend:240 - Unzip File : cube-finder-db.zip
2024-11-14 15:29:14,701 [INFO] FileExtend:255 - Standard Zip Deflate
2024-11-14 15:29:16,825 [INFO] LoadUrlFilesThread:156 - End of LoadUrlFiles Thread
2024-11-14 15:29:17,754 [INFO] ServerAccessManage:473 - Download File crdb.zip
2024-11-14 15:29:18,625 [INFO] FileExtend:240 - Unzip File : crdb.zip
2024-11-14 15:29:18,626 [INFO] FileExtend:255 - Standard Zip Deflate
2024-11-14 15:29:18,781 [INFO] LoadUrlFilesThread:156 - End of LoadUrlFiles Thread
2024-11-14 15:29:18,815 [INFO] ServerAccessManage:473 - Download File tutoVideoDB.zip
2024-11-14 15:29:18,835 [INFO] FileExtend:240 - Unzip File : tutoVideoDB.zip
2024-11-14 15:29:18,836 [INFO] FileExtend:255 - Standard Zip Deflate
2024-11-14 15:29:18,963 [INFO] LoadUrlFilesThread:156 - End of LoadUrlFiles Thread
2024-11-14 15:29:18,966 [WARN] DbFile:41 - Overriding database path with different value: C:\Users\talur\.stmcufinder\plugins\mcufinder/ => C:\Users\talur\.stmcufinder\plugins\mcufinder
2024-11-14 15:29:19,085 [INFO] ServerAccessManage:473 - Download File api_config.json
2024-11-14 15:29:19,195 [INFO] LoadUrlFilesThread:156 - End of LoadUrlFiles Thread
2024-11-14 15:29:19,196 [INFO] DbMcusAds:53 - JSON generation date=Fri Sep 20 18:34:38 IST 2024 (1726837478367)
2024-11-14 15:29:19,227 [INFO] LoadUrlFilesThread:185 - End of LoadServerUrlFiles without Thread
2024-11-14 15:29:19,228 [INFO] TargetSelectorAdapter:259 - Refresh data is successful
2024-11-14 15:29:19,422 [INFO] ApiDb:581 - Connected to CubeFinder SQLite database (C:\Users\talur\.stmcufinder\plugins\mcufinder\mcu\cube-finder-db.db)
2024-11-14 15:29:19,562 [INFO] ApiDb:668 - CubeFinder database Data Model version=2.1
2024-11-14 15:29:19,562 [INFO] ApiDb:669 - CubeFinder database Configuration version=3.0.39
2024-11-14 15:29:19,563 [INFO] ApiDb:670 - CubeFinder database generation date=2024-10-15 (1729006872)
2024-11-14 15:29:19,563 [INFO] ApiDb:671 - CubeFinder database FW Pack versions=[FP-ATR-ASTRA1_V2.0.0, FP-SNS-FLIGHT1_V5.0.2, FP-SNS-MOTENV1_V5.0.0, FP-SNS-MOTENVWB1_V1.4.0, FP-SNS-SMARTAG2_V1.2.0, FP-SNS-STBOX1_V2.0.0, STM32Cube_FW_C0_V1.2.0, STM32Cube_FW_F4_V1.28.1, STM32Cube_FW_F7_V1.17.2, STM32Cube_FW_G0_V1.6.2, STM32Cube_FW_G4_V1.6.0, STM32Cube_FW_H5_V1.3.0, STM32Cube_FW_H7RS_V1.1.0, STM32Cube_FW_H7_V1.11.2, STM32Cube_FW_L0_V1.12.2, STM32Cube_FW_L5_V1.5.1, STM32Cube_FW_U0_V1.1.0, STM32Cube_FW_U5_V1.6.0, STM32Cube_FW_WB0_V1.0.0, STM32Cube_FW_WBA_V1.4.1, STM32Cube_FW_WB_V1.20.0, STM32Cube_FW_WL_V1.3.0, X-CUBE-ALGOBUILD_V1.4.0, X-CUBE-ALS_V1.0.2, X-CUBE-AZRTOS-F4_V1.1.0, X-CUBE-AZRTOS-F7_V1.1.0, X-CUBE-AZRTOS-G0_V1.1.0, X-CUBE-AZRTOS-G4_V2.0.0, X-CUBE-AZRTOS-H7RS_V1.0.0, X-CUBE-AZRTOS-H7_V3.3.0, X-CUBE-AZRTOS-L4_V2.0.0, X-CUBE-AZRTOS-L5_V2.0.0, X-CUBE-AZRTOS-WB_V2.0.0, X-CUBE-AZRTOS-WL_V2.0.0, X-CUBE-BLE1_V7.0.0, X-CUBE-BLE2_V3.3.0, X-CUBE-BLEMGR_V3.1.0, X-CUBE-EEPRMA1_V5.1.0, X-CUBE-FREERTOS_V1.2.0, X-CUBE-GNSS1_V6.0.0, X-CUBE-MEMS1_V11.0.0, X-CUBE-NFC4_V3.0.0, X-CUBE-NFC7_V1.0.1, X-CUBE-SFXS2LP1_V4.0.0, X-CUBE-SUBG2_V5.0.0, X-CUBE-TOF1_V3.4.2]
2024-11-14 15:29:23,078 [INFO] ApiDb:240 - Found 646 in-development CPN: [B-G473E-ZEST1S, B-WB1M-WPAN1, B-WL5M-SUBG1, NUCLEO-C031C6, NUCLEO-C071RB, NUCLEO-H503RB, NUCLEO-H533RE, NUCLEO-H563ZI, NUCLEO-H7S3L8, NUCLEO-U031R8, NUCLEO-U083RC, NUCLEO-U545RE-Q, NUCLEO-U5A5ZJ-Q, NUCLEO-WB05KZ, NUCLEO-WB07CC, NUCLEO-WB09KE, NUCLEO-WBA52CG, NUCLEO-WBA55CG, STEVAL-PROTEUS1, STEVAL-SMARTAG2, STEVAL-STWINBX1, STM320518-EVAL, STM32C0116-DK, STM32C011D6Y3TR, STM32C011D6Y6TR, STM32C011F4P3, STM32C011F4P6, STM32C011F4U3, STM32C011F4U6TR, STM32C011F6P3, STM32C011F6P6, STM32C011F6U3, STM32C011F6U6TR, STM32C011J4M3, STM32C011J4M6, STM32C011J6M3, STM32C011J6M6, STM32C0316-DK, STM32C031C4T3, STM32C031C4T6, STM32C031C4U3, STM32C031C4U6, STM32C031C6T3, STM32C031C6T6, STM32C031C6U3, STM32C031C6U6, STM32C031F4P3, STM32C031F4P6, STM32C031F6P3, STM32C031F6P6, STM32C031G4U3, STM32C031G4U6, STM32C031G6U3, STM32C031G6U6, STM32C031K4T3, STM32C031K4T6, STM32C031K4U3, STM32C031K4U6, STM32C031K6T3, STM32C031K6T6, STM32C031K6U3, STM32C031K6U6, STM32C071C8T6, STM32C071C8T6N, STM32C071C8U6, STM32C071C8U6N, STM32C071CBT6, STM32C071CBT6N, STM32C071CBU6, STM32C071CBU6N, STM32C071F8P6, STM32C071F8P6N, STM32C071FBP6, STM32C071FBP6N, STM32C071FBY6TR, STM32C071G8U6, STM32C071G8U6N, STM32C071GBU6, STM32C071GBU6N, STM32C071K8T6, STM32C071K8T6N, STM32C071K8U6, STM32C071K8U6N, STM32C071KBT6, STM32C071KBT6N, STM32C071KBU6, STM32C071KBU6N, STM32C071R8T6, STM32C071R8T6N, STM32C071RBI6N, STM32C071RBT6, STM32C071RBT6N, STM32G071K8TXN, STM32G071K8UXN, STM32G081GBU6N, STM32G081KBT6N, STM32G081KBUXN, STM32G0B1CCT6N, STM32G0B1KCT6, STM32G0B1NEY6TR, STM32G0B1RCT6N, STM32G0C1CCT6, STM32G0C1CCT6N, STM32G0C1CCU6N, STM32G0C1CET6N, STM32G0C1CEU6N, STM32G0C1KCT6, STM32G0C1NEY6TR, STM32G0C1RCI6N, STM32G0C1RCT6N, STM32G0C1REI6N, STM32G0C1RET6N, STM32G0C1VCI6, STM32G0C1VEI6, STM32G411C6T3, STM32G411C6T6, STM32G411C6U3, STM32G411C6U6, STM32G411C8T3, STM32G411C8T6, STM32G411C8U3, STM32G411C8U6, STM32G411CBT3, STM32G411CBT6, STM32G411CBU3, STM32G411CBU6, STM32G411K6T3, STM32G411K6T6, STM32G411K6U3, STM32G411K6U6, STM32G411K8T3, STM32G411K8T6, STM32G411K8U3, STM32G411K8U6, STM32G411KBT3, STM32G411KBT6, STM32G411KBU3, STM32G411KBU6, STM32G411M6T3, STM32G411M6T6, STM32G411M8T3, STM32G411M8T6, STM32G411MBT3, STM32G411MBT6, STM32G411R6T3, STM32G411R6T6, STM32G411R8T3, STM32G411R8T6, STM32G411RBT3, STM32G411RBT6, STM32G414CBT3, STM32G414CBT6, STM32G414CBU3, STM32G414CBU6, STM32G414CCT3, STM32G414CCT6, STM32G414CCU3, STM32G414CCU6, STM32G414MBT3, STM32G414MBT6, STM32G414MCT3, STM32G414MCT6, STM32G414RBT3, STM32G414RBT6, STM32G414RCT3, STM32G414RCT6, STM32G414VBT3, STM32G414VBT6, STM32G414VCT3, STM32G414VCT6, STM32G431CBT3Z, STM32G431RBT3Z, STM32G471CCT6, STM32G471CCU6, STM32G471CET3, STM32G471CET6, STM32G471CEU3, STM32G471CEU6, STM32G471MCT6, STM32G471MET3, STM32G471MET6, STM32G471MEY6TR, STM32G471QCT6, STM32G471QET3, STM32G471RCT6, STM32G471RET3, STM32G471RET6, STM32G471VCH6, STM32G471VCI6, STM32G471VCT6, STM32G471VEH3, STM32G471VEH6, STM32G471VEI3, STM32G471VEI6, STM32G471VET3, STM32G471VET6, STM32G473QET3Z, STM32G473RET3Z, STM32G474CCT6, STM32G491RET3Z, STM32H503CBT6, STM32H503CBU6, STM32H503EBY6TR, STM32H503KBU6, STM32H503RBT6, STM32H523CCT6, STM32H523CCU6, STM32H523CET6, STM32H523CEU6, STM32H523HEY6TR, STM32H523RCT6, STM32H523RET6, STM32H523VCI6, STM32H523VCT6, STM32H523VEI6, STM32H523VET6, STM32H523ZCJ6, STM32H523ZCT6, STM32H523ZEJ6, STM32H523ZET6, STM32H533CET6, STM32H533CEU6, STM32H533HEY6TR, STM32H533RET6, STM32H533VEI6, STM32H533VET6, STM32H533ZEJ6, STM32H533ZET6, STM32H562AGI6, STM32H562AII6, STM32H562IGK6, STM32H562IGT6, STM32H562IIK6, STM32H562IIT6, STM32H562RGT6, STM32H562RGV6, STM32H562RIT6, STM32H562RIV6, STM32H562VGT6, STM32H562VIT6, STM32H562ZGT6, STM32H562ZIT6, STM32H563AGI6, STM32H563AII3Q, STM32H563AII6, STM32H563IGK6, STM32H563IGT6, STM32H563IIK3Q, STM32H563IIK6, STM32H563IIT3Q, STM32H563IIT6, STM32H563MIY3QTR, STM32H563RGT6, STM32H563RGV6, STM32H563RIT6, STM32H563RIV6, STM32H563VGT6, STM32H563VIT3Q, STM32H563VIT6, STM32H563ZGT6, STM32H563ZIT3Q, STM32H563ZIT6, STM32H573AII3Q, STM32H573AII6, STM32H573I-DK, STM32H573IIK3Q, STM32H573IIK6, STM32H573IIT3Q, STM32H573IIT6, STM32H573MIY3QTR, STM32H573RIT6, STM32H573RIV6, STM32H573VIT3Q, STM32H573VIT6, STM32H573ZIT3Q, STM32H573ZIT6, STM32H7R3A8I6, STM32H7R3I8K6, STM32H7R3I8T6, STM32H7R3L8H6, STM32H7R3L8H6H, STM32H7R3R8V6, STM32H7R3V8H6, STM32H7R3V8T6, STM32H7R3V8Y6TR, STM32H7R3Z8J6, STM32H7R3Z8T6, STM32H7R7A8I6, STM32H7R7I8K6, STM32H7R7I8T6, STM32H7R7L8H6, STM32H7R7L8H6H, STM32H7R7Z8J6, STM32H7S3A8I6, STM32H7S3I8K6, STM32H7S3I8T6, STM32H7S3L8H6, STM32H7S3L8H6H, STM32H7S3R8V6, STM32H7S3V8H6, STM32H7S3V8T6, STM32H7S3V8Y6TR, STM32H7S3Z8J6, STM32H7S3Z8T6, STM32H7S78-DK, STM32H7S7A8I6, STM32H7S7I8K6, STM32H7S7I8T6, STM32H7S7L8H6, STM32H7S7L8H6H, STM32H7S7Z8J6, STM32L4R5QGI6STR, STM32MP131AAE3, STM32MP131AAF3, STM32MP131AAG3, STM32MP131CAE3, STM32MP131CAF3, STM32MP131CAG3, STM32MP131DAE7, STM32MP131DAF7, STM32MP131DAG7, STM32MP131FAE7, STM32MP131FAF7, STM32MP131FAG7, STM32MP133AAE3, STM32MP133AAF3, STM32MP133AAG3, STM32MP133CAE3, STM32MP133CAF3, STM32MP133CAG3, STM32MP133DAE7, STM32MP133DAF7, STM32MP133DAG7, STM32MP133FAE7, STM32MP133FAF7, STM32MP133FAG7, STM32MP135AAE3, STM32MP135AAF3, STM32MP135AAG3, STM32MP135CAE3, STM32MP135CAF3, STM32MP135CAG3, STM32MP135DAE7, STM32MP135DAF7, STM32MP135DAG7, STM32MP135F-DK, STM32MP135FAE7, STM32MP135FAF7, STM32MP135FAF7T, STM32MP135FAF7U, STM32MP135FAG7, STM32MP251AAI3, STM32MP251AAK3, STM32MP251AAL3, STM32MP251CAI3, STM32MP251CAK3, STM32MP251CAL3, STM32MP251DAI3, STM32MP251DAK3, STM32MP251DAL3, STM32MP251FAI3, STM32MP251FAK3, STM32MP251FAL3, STM32MP253AAI3, STM32MP253AAK3, STM32MP253AAL3, STM32MP253CAI3, STM32MP253CAK3, STM32MP253CAL3, STM32MP253DAI3, STM32MP253DAK3, STM32MP253DAL3, STM32MP253FAI3, STM32MP253FAK3, STM32MP253FAL3, STM32MP255AAI3, STM32MP255AAK3, STM32MP255AAL3, STM32MP255CAI3, STM32MP255CAK3, STM32MP255CAL3, STM32MP255DAI3, STM32MP255DAK3, STM32MP255DAL3, STM32MP255FAI3, STM32MP255FAK3, STM32MP255FAL3, STM32MP257AAI3, STM32MP257AAK3, STM32MP257AAL3, STM32MP257CAI3, STM32MP257CAK3, STM32MP257CAL3, STM32MP257DAI3, STM32MP257DAK3, STM32MP257DAL3, STM32MP257F-DK, STM32MP257F-EV1, STM32MP257FAI3, STM32MP257FAK3, STM32MP257FAL3, STM32U031C6T6, STM32U031C6U6, STM32U031C8T6, STM32U031C8U6, STM32U031F4P6, STM32U031F6P6, STM32U031F8P6, STM32U031G6Y6TR, STM32U031G8Y6TR, STM32U031K4U6, STM32U031K6U6, STM32U031K8U6, STM32U031R6I6, STM32U031R6T6, STM32U031R8I6, STM32U031R8T6, STM32U073C8T6, STM32U073C8U6, STM32U073CBT6, STM32U073CBU6, STM32U073CCT6, STM32U073CCU6, STM32U073H8Y6TR, STM32U073HBY6TR, STM32U073HCY6TR, STM32U073K8U6, STM32U073KBU6, STM32U073KCU6, STM32U073M8I6, STM32U073M8T6, STM32U073MBI6, STM32U073MBT6, STM32U073MCI6, STM32U073MCT6, STM32U073R8I6, STM32U073R8T6, STM32U073RBI6, STM32U073RBT6, STM32U073RCI6, STM32U073RCT6, STM32U083C-DK, STM32U083CCT6, STM32U083CCU6, STM32U083HCY6TR, STM32U083KCU6, STM32U083MCI6, STM32U083MCT6, STM32U083RCI6, STM32U083RCT6, STM32U535CBT6, STM32U535CBT6Q, STM32U535CBU6, STM32U535CBU6Q, STM32U535CCT6, STM32U535CCT6Q, STM32U535CCU6, STM32U535CCU6Q, STM32U535CET6, STM32U535CET6Q, STM32U535CEU6, STM32U535CEU6Q, STM32U535JEY6QTR, STM32U535NCY6QTR, STM32U535NEY6QTR, STM32U535RBI6, STM32U535RBI6Q, STM32U535RBT6, STM32U535RBT6Q, STM32U535RCI6, STM32U535RCI6Q, STM32U535RCT6, STM32U535RCT6Q, STM32U535REI6, STM32U535REI6Q, STM32U535RET6, STM32U535RET6Q, STM32U535VCI6, STM32U535VCI6Q, STM32U535VCT6, STM32U535VCT6Q, STM32U535VEI6, STM32U535VEI6Q, STM32U535VET6, STM32U535VET6Q, STM32U545CET6, STM32U545CET6Q, STM32U545CEU6, STM32U545CEU6Q, STM32U545JEY6QTR, STM32U545NEY6QTR, STM32U545REI6, STM32U545REI6Q, STM32U545RET6, STM32U545RET6Q, STM32U545VEI6, STM32U545VEI6Q, STM32U545VET6, STM32U545VET6Q, STM32U595AIH6, STM32U595AIH6Q, STM32U595AJH6, STM32U595AJH6Q, STM32U595QII6, STM32U595QII6Q, STM32U595QJI6, STM32U595QJI6Q, STM32U595RIT6, STM32U595RIT6Q, STM32U595RJT6, STM32U595RJT6Q, STM32U595VIT6, STM32U595VIT6Q, STM32U595VJT6, STM32U595VJT6Q, STM32U595ZIT6, STM32U595ZIT6Q, STM32U595ZIY6QTR, STM32U595ZJT6, STM32U595ZJT6Q, STM32U595ZJY6QTR, STM32U599BJY6QTR, STM32U599NIH6Q, STM32U599NJH6Q, STM32U599VIT6Q, STM32U599VJT6, STM32U599VJT6Q, STM32U599ZIT6Q, STM32U599ZIY6QTR, STM32U599ZJT6Q, STM32U599ZJY6QTR, STM32U5A5AJH6, STM32U5A5AJH6Q, STM32U5A5QII3Q , STM32U5A5QJI6, STM32U5A5QJI6Q, STM32U5A5RJT6, STM32U5A5RJT6Q, STM32U5A5VJT6, STM32U5A5VJT6Q, STM32U5A5ZJT6, STM32U5A5ZJT6Q, STM32U5A5ZJY6QTR, STM32U5A9BJY6QTR, STM32U5A9J-DK, STM32U5A9NJH6Q, STM32U5A9VJT6Q, STM32U5A9ZJT6Q, STM32U5A9ZJY6QTR, STM32U5F7VIT6, STM32U5F7VIT6Q, STM32U5F7VJT6, STM32U5F7VJT6Q, STM32U5F9BJY6QTR, STM32U5F9NJH6Q, STM32U5F9VIT6Q, STM32U5F9VJT6Q, STM32U5F9ZIJ6QTR, STM32U5F9ZIT6Q, STM32U5F9ZJJ6QTR, STM32U5F9ZJT6Q, STM32U5G7VJT6, STM32U5G7VJT6Q, STM32U5G9BJY6QTR, STM32U5G9J-DK1, STM32U5G9J-DK2, STM32U5G9NJH6Q, STM32U5G9VJT6Q, STM32U5G9ZJJ6QTR, STM32U5G9ZJT6Q, STM32WB05KZV6TR, STM32WB05KZV7TR, STM32WB05TZF6TR, STM32WB05TZF7TR, STM32WB06CCF6TR, STM32WB06CCF7TR, STM32WB06CCV6TR, STM32WB06CCV7TR, STM32WB06KCV6TR, STM32WB06KCV7TR, STM32WB07CCF6TR, STM32WB07CCF7TR, STM32WB07CCV6TR, STM32WB07CCV7TR, STM32WB07KCV6TR, STM32WB07KCV7TR, STM32WB09KEV6TR, STM32WB09KEV7TR, STM32WB09TEF6TR, STM32WB09TEF7TR, STM32WB1MMCH6, STM32WBA50KGU6, STM32WBA50KGU6TR, STM32WBA52CEU6, STM32WBA52CEU6TR, STM32WBA52CEU7, STM32WBA52CEU7TR, STM32WBA52CGU6, STM32WBA52CGU6TR, STM32WBA52CGU6U, STM32WBA52CGU7, STM32WBA52CGU7TR, STM32WBA52KEU6, STM32WBA52KEU6TR, STM32WBA52KGU6, STM32WBA52KGU6TR, STM32WBA54CEU6, STM32WBA54CEU6TR, STM32WBA54CEU7, STM32WBA54CEU7TR, STM32WBA54CGU6, STM32WBA54CGU6TR, STM32WBA54CGU7, STM32WBA54CGU7TR, STM32WBA54KEU6, STM32WBA54KEU6TR, STM32WBA54KEU7, STM32WBA54KEU7TR, STM32WBA54KGU6, STM32WBA54KGU6TR, STM32WBA54KGU7, STM32WBA54KGU7TR, STM32WBA55CEU6, STM32WBA55CEU6TR, STM32WBA55CEU7, STM32WBA55CEU7TR, STM32WBA55CGU6, STM32WBA55CGU6TR, STM32WBA55CGU6U, STM32WBA55CGU7, STM32WBA55CGU7TR, STM32WBA55G-DK1, STM32WBA55HEF6, STM32WBA55HEF7, STM32WBA55HGF6, STM32WBA55HGF7, STM32WBA55UEI6, STM32WBA55UEI6TR, STM32WBA55UEI7, STM32WBA55UEI7TR, STM32WBA55UGI6, STM32WBA55UGI6TR, STM32WBA55UGI7, STM32WBA55UGI7TR, STM32WL5MOCH6, STM32WL5MOCH6TR]
2024-11-14 15:29:23,085 [INFO] DbMcus:218 - Found 4252 MCUs, 4252 are supported
2024-11-14 15:29:23,088 [INFO] ApiDb:423 - Load user favorites file C:\Users\talur/.stm32cubeide/favorites.mcus.txt: 0 item(s)
2024-11-14 15:29:23,089 [INFO] ApiDb:427 - User favorites MCUs=[]
2024-11-14 15:29:23,089 [INFO] DbMcus:224 - Set 0 / 0 favorites MCUs
2024-11-14 15:29:23,570 [INFO] ApiDb:668 - CubeFinder database Data Model version=2.1
2024-11-14 15:29:23,570 [INFO] ApiDb:669 - CubeFinder database Configuration version=3.0.39
2024-11-14 15:29:23,570 [INFO] ApiDb:670 - CubeFinder database generation date=2024-10-15 (1729006872)
2024-11-14 15:29:23,570 [INFO] ApiDb:671 - CubeFinder database FW Pack versions=[FP-ATR-ASTRA1_V2.0.0, FP-SNS-FLIGHT1_V5.0.2, FP-SNS-MOTENV1_V5.0.0, FP-SNS-MOTENVWB1_V1.4.0, FP-SNS-SMARTAG2_V1.2.0, FP-SNS-STBOX1_V2.0.0, STM32Cube_FW_C0_V1.2.0, STM32Cube_FW_F4_V1.28.1, STM32Cube_FW_F7_V1.17.2, STM32Cube_FW_G0_V1.6.2, STM32Cube_FW_G4_V1.6.0, STM32Cube_FW_H5_V1.3.0, STM32Cube_FW_H7RS_V1.1.0, STM32Cube_FW_H7_V1.11.2, STM32Cube_FW_L0_V1.12.2, STM32Cube_FW_L5_V1.5.1, STM32Cube_FW_U0_V1.1.0, STM32Cube_FW_U5_V1.6.0, STM32Cube_FW_WB0_V1.0.0, STM32Cube_FW_WBA_V1.4.1, STM32Cube_FW_WB_V1.20.0, STM32Cube_FW_WL_V1.3.0, X-CUBE-ALGOBUILD_V1.4.0, X-CUBE-ALS_V1.0.2, X-CUBE-AZRTOS-F4_V1.1.0, X-CUBE-AZRTOS-F7_V1.1.0, X-CUBE-AZRTOS-G0_V1.1.0, X-CUBE-AZRTOS-G4_V2.0.0, X-CUBE-AZRTOS-H7RS_V1.0.0, X-CUBE-AZRTOS-H7_V3.3.0, X-CUBE-AZRTOS-L4_V2.0.0, X-CUBE-AZRTOS-L5_V2.0.0, X-CUBE-AZRTOS-WB_V2.0.0, X-CUBE-AZRTOS-WL_V2.0.0, X-CUBE-BLE1_V7.0.0, X-CUBE-BLE2_V3.3.0, X-CUBE-BLEMGR_V3.1.0, X-CUBE-EEPRMA1_V5.1.0, X-CUBE-FREERTOS_V1.2.0, X-CUBE-GNSS1_V6.0.0, X-CUBE-MEMS1_V11.0.0, X-CUBE-NFC4_V3.0.0, X-CUBE-NFC7_V1.0.1, X-CUBE-SFXS2LP1_V4.0.0, X-CUBE-SUBG2_V5.0.0, X-CUBE-TOF1_V3.4.2]
2024-11-14 15:29:23,631 [INFO] DbBoardsSqlite:226 - include board P-NUCLEO-WB55-NUCLEO as a kit item of type 'Nucleo-64'
2024-11-14 15:29:23,631 [INFO] DbBoardsSqlite:226 - include board P-NUCLEO-WB55-USBDONGLE as a kit item of type 'Nucleo USB Dongle'
2024-11-14 15:29:23,631 [INFO] DbBoardsSqlite:226 - include board STEVAL-IDP005V1 as a kit item of type 'Evaluation Board'
2024-11-14 15:29:23,632 [INFO] DbBoardsSqlite:226 - include board STEVAL-IDP005V2 as a kit item of type 'Evaluation Board'
2024-11-14 15:29:23,724 [INFO] ApiDb:240 - Found 646 in-development CPN: [B-G473E-ZEST1S, B-WB1M-WPAN1, B-WL5M-SUBG1, NUCLEO-C031C6, NUCLEO-C071RB, NUCLEO-H503RB, NUCLEO-H533RE, NUCLEO-H563ZI, NUCLEO-H7S3L8, NUCLEO-U031R8, NUCLEO-U083RC, NUCLEO-U545RE-Q, NUCLEO-U5A5ZJ-Q, NUCLEO-WB05KZ, NUCLEO-WB07CC, NUCLEO-WB09KE, NUCLEO-WBA52CG, NUCLEO-WBA55CG, STEVAL-PROTEUS1, STEVAL-SMARTAG2, STEVAL-STWINBX1, STM320518-EVAL, STM32C0116-DK, STM32C011D6Y3TR, STM32C011D6Y6TR, STM32C011F4P3, STM32C011F4P6, STM32C011F4U3, STM32C011F4U6TR, STM32C011F6P3, STM32C011F6P6, STM32C011F6U3, STM32C011F6U6TR, STM32C011J4M3, STM32C011J4M6, STM32C011J6M3, STM32C011J6M6, STM32C0316-DK, STM32C031C4T3, STM32C031C4T6, STM32C031C4U3, STM32C031C4U6, STM32C031C6T3, STM32C031C6T6, STM32C031C6U3, STM32C031C6U6, STM32C031F4P3, STM32C031F4P6, STM32C031F6P3, STM32C031F6P6, STM32C031G4U3, STM32C031G4U6, STM32C031G6U3, STM32C031G6U6, STM32C031K4T3, STM32C031K4T6, STM32C031K4U3, STM32C031K4U6, STM32C031K6T3, STM32C031K6T6, STM32C031K6U3, STM32C031K6U6, STM32C071C8T6, STM32C071C8T6N, STM32C071C8U6, STM32C071C8U6N, STM32C071CBT6, STM32C071CBT6N, STM32C071CBU6, STM32C071CBU6N, STM32C071F8P6, STM32C071F8P6N, STM32C071FBP6, STM32C071FBP6N, STM32C071FBY6TR, STM32C071G8U6, STM32C071G8U6N, STM32C071GBU6, STM32C071GBU6N, STM32C071K8T6, STM32C071K8T6N, STM32C071K8U6, STM32C071K8U6N, STM32C071KBT6, STM32C071KBT6N, STM32C071KBU6, STM32C071KBU6N, STM32C071R8T6, STM32C071R8T6N, STM32C071RBI6N, STM32C071RBT6, STM32C071RBT6N, STM32G071K8TXN, STM32G071K8UXN, STM32G081GBU6N, STM32G081KBT6N, STM32G081KBUXN, STM32G0B1CCT6N, STM32G0B1KCT6, STM32G0B1NEY6TR, STM32G0B1RCT6N, STM32G0C1CCT6, STM32G0C1CCT6N, STM32G0C1CCU6N, STM32G0C1CET6N, STM32G0C1CEU6N, STM32G0C1KCT6, STM32G0C1NEY6TR, STM32G0C1RCI6N, STM32G0C1RCT6N, STM32G0C1REI6N, STM32G0C1RET6N, STM32G0C1VCI6, STM32G0C1VEI6, STM32G411C6T3, STM32G411C6T6, STM32G411C6U3, STM32G411C6U6, STM32G411C8T3, STM32G411C8T6, STM32G411C8U3, STM32G411C8U6, STM32G411CBT3, STM32G411CBT6, STM32G411CBU3, STM32G411CBU6, STM32G411K6T3, STM32G411K6T6, STM32G411K6U3, STM32G411K6U6, STM32G411K8T3, STM32G411K8T6, STM32G411K8U3, STM32G411K8U6, STM32G411KBT3, STM32G411KBT6, STM32G411KBU3, STM32G411KBU6, STM32G411M6T3, STM32G411M6T6, STM32G411M8T3, STM32G411M8T6, STM32G411MBT3, STM32G411MBT6, STM32G411R6T3, STM32G411R6T6, STM32G411R8T3, STM32G411R8T6, STM32G411RBT3, STM32G411RBT6, STM32G414CBT3, STM32G414CBT6, STM32G414CBU3, STM32G414CBU6, STM32G414CCT3, STM32G414CCT6, STM32G414CCU3, STM32G414CCU6, STM32G414MBT3, STM32G414MBT6, STM32G414MCT3, STM32G414MCT6, STM32G414RBT3, STM32G414RBT6, STM32G414RCT3, STM32G414RCT6, STM32G414VBT3, STM32G414VBT6, STM32G414VCT3, STM32G414VCT6, STM32G431CBT3Z, STM32G431RBT3Z, STM32G471CCT6, STM32G471CCU6, STM32G471CET3, STM32G471CET6, STM32G471CEU3, STM32G471CEU6, STM32G471MCT6, STM32G471MET3, STM32G471MET6, STM32G471MEY6TR, STM32G471QCT6, STM32G471QET3, STM32G471RCT6, STM32G471RET3, STM32G471RET6, STM32G471VCH6, STM32G471VCI6, STM32G471VCT6, STM32G471VEH3, STM32G471VEH6, STM32G471VEI3, STM32G471VEI6, STM32G471VET3, STM32G471VET6, STM32G473QET3Z, STM32G473RET3Z, STM32G474CCT6, STM32G491RET3Z, STM32H503CBT6, STM32H503CBU6, STM32H503EBY6TR, STM32H503KBU6, STM32H503RBT6, STM32H523CCT6, STM32H523CCU6, STM32H523CET6, STM32H523CEU6, STM32H523HEY6TR, STM32H523RCT6, STM32H523RET6, STM32H523VCI6, STM32H523VCT6, STM32H523VEI6, STM32H523VET6, STM32H523ZCJ6, STM32H523ZCT6, STM32H523ZEJ6, STM32H523ZET6, STM32H533CET6, STM32H533CEU6, STM32H533HEY6TR, STM32H533RET6, STM32H533VEI6, STM32H533VET6, STM32H533ZEJ6, STM32H533ZET6, STM32H562AGI6, STM32H562AII6, STM32H562IGK6, STM32H562IGT6, STM32H562IIK6, STM32H562IIT6, STM32H562RGT6, STM32H562RGV6, STM32H562RIT6, STM32H562RIV6, STM32H562VGT6, STM32H562VIT6, STM32H562ZGT6, STM32H562ZIT6, STM32H563AGI6, STM32H563AII3Q, STM32H563AII6, STM32H563IGK6, STM32H563IGT6, STM32H563IIK3Q, STM32H563IIK6, STM32H563IIT3Q, STM32H563IIT6, STM32H563MIY3QTR, STM32H563RGT6, STM32H563RGV6, STM32H563RIT6, STM32H563RIV6, STM32H563VGT6, STM32H563VIT3Q, STM32H563VIT6, STM32H563ZGT6, STM32H563ZIT3Q, STM32H563ZIT6, STM32H573AII3Q, STM32H573AII6, STM32H573I-DK, STM32H573IIK3Q, STM32H573IIK6, STM32H573IIT3Q, STM32H573IIT6, STM32H573MIY3QTR, STM32H573RIT6, STM32H573RIV6, STM32H573VIT3Q, STM32H573VIT6, STM32H573ZIT3Q, STM32H573ZIT6, STM32H7R3A8I6, STM32H7R3I8K6, STM32H7R3I8T6, STM32H7R3L8H6, STM32H7R3L8H6H, STM32H7R3R8V6, STM32H7R3V8H6, STM32H7R3V8T6, STM32H7R3V8Y6TR, STM32H7R3Z8J6, STM32H7R3Z8T6, STM32H7R7A8I6, STM32H7R7I8K6, STM32H7R7I8T6, STM32H7R7L8H6, STM32H7R7L8H6H, STM32H7R7Z8J6, STM32H7S3A8I6, STM32H7S3I8K6, STM32H7S3I8T6, STM32H7S3L8H6, STM32H7S3L8H6H, STM32H7S3R8V6, STM32H7S3V8H6, STM32H7S3V8T6, STM32H7S3V8Y6TR, STM32H7S3Z8J6, STM32H7S3Z8T6, STM32H7S78-DK, STM32H7S7A8I6, STM32H7S7I8K6, STM32H7S7I8T6, STM32H7S7L8H6, STM32H7S7L8H6H, STM32H7S7Z8J6, STM32L4R5QGI6STR, STM32MP131AAE3, STM32MP131AAF3, STM32MP131AAG3, STM32MP131CAE3, STM32MP131CAF3, STM32MP131CAG3, STM32MP131DAE7, STM32MP131DAF7, STM32MP131DAG7, STM32MP131FAE7, STM32MP131FAF7, STM32MP131FAG7, STM32MP133AAE3, STM32MP133AAF3, STM32MP133AAG3, STM32MP133CAE3, STM32MP133CAF3, STM32MP133CAG3, STM32MP133DAE7, STM32MP133DAF7, STM32MP133DAG7, STM32MP133FAE7, STM32MP133FAF7, STM32MP133FAG7, STM32MP135AAE3, STM32MP135AAF3, STM32MP135AAG3, STM32MP135CAE3, STM32MP135CAF3, STM32MP135CAG3, STM32MP135DAE7, STM32MP135DAF7, STM32MP135DAG7, STM32MP135F-DK, STM32MP135FAE7, STM32MP135FAF7, STM32MP135FAF7T, STM32MP135FAF7U, STM32MP135FAG7, STM32MP251AAI3, STM32MP251AAK3, STM32MP251AAL3, STM32MP251CAI3, STM32MP251CAK3, STM32MP251CAL3, STM32MP251DAI3, STM32MP251DAK3, STM32MP251DAL3, STM32MP251FAI3, STM32MP251FAK3, STM32MP251FAL3, STM32MP253AAI3, STM32MP253AAK3, STM32MP253AAL3, STM32MP253CAI3, STM32MP253CAK3, STM32MP253CAL3, STM32MP253DAI3, STM32MP253DAK3, STM32MP253DAL3, STM32MP253FAI3, STM32MP253FAK3, STM32MP253FAL3, STM32MP255AAI3, STM32MP255AAK3, STM32MP255AAL3, STM32MP255CAI3, STM32MP255CAK3, STM32MP255CAL3, STM32MP255DAI3, STM32MP255DAK3, STM32MP255DAL3, STM32MP255FAI3, STM32MP255FAK3, STM32MP255FAL3, STM32MP257AAI3, STM32MP257AAK3, STM32MP257AAL3, STM32MP257CAI3, STM32MP257CAK3, STM32MP257CAL3, STM32MP257DAI3, STM32MP257DAK3, STM32MP257DAL3, STM32MP257F-DK, STM32MP257F-EV1, STM32MP257FAI3, STM32MP257FAK3, STM32MP257FAL3, STM32U031C6T6, STM32U031C6U6, STM32U031C8T6, STM32U031C8U6, STM32U031F4P6, STM32U031F6P6, STM32U031F8P6, STM32U031G6Y6TR, STM32U031G8Y6TR, STM32U031K4U6, STM32U031K6U6, STM32U031K8U6, STM32U031R6I6, STM32U031R6T6, STM32U031R8I6, STM32U031R8T6, STM32U073C8T6, STM32U073C8U6, STM32U073CBT6, STM32U073CBU6, STM32U073CCT6, STM32U073CCU6, STM32U073H8Y6TR, STM32U073HBY6TR, STM32U073HCY6TR, STM32U073K8U6, STM32U073KBU6, STM32U073KCU6, STM32U073M8I6, STM32U073M8T6, STM32U073MBI6, STM32U073MBT6, STM32U073MCI6, STM32U073MCT6, STM32U073R8I6, STM32U073R8T6, STM32U073RBI6, STM32U073RBT6, STM32U073RCI6, STM32U073RCT6, STM32U083C-DK, STM32U083CCT6, STM32U083CCU6, STM32U083HCY6TR, STM32U083KCU6, STM32U083MCI6, STM32U083MCT6, STM32U083RCI6, STM32U083RCT6, STM32U535CBT6, STM32U535CBT6Q, STM32U535CBU6, STM32U535CBU6Q, STM32U535CCT6, STM32U535CCT6Q, STM32U535CCU6, STM32U535CCU6Q, STM32U535CET6, STM32U535CET6Q, STM32U535CEU6, STM32U535CEU6Q, STM32U535JEY6QTR, STM32U535NCY6QTR, STM32U535NEY6QTR, STM32U535RBI6, STM32U535RBI6Q, STM32U535RBT6, STM32U535RBT6Q, STM32U535RCI6, STM32U535RCI6Q, STM32U535RCT6, STM32U535RCT6Q, STM32U535REI6, STM32U535REI6Q, STM32U535RET6, STM32U535RET6Q, STM32U535VCI6, STM32U535VCI6Q, STM32U535VCT6, STM32U535VCT6Q, STM32U535VEI6, STM32U535VEI6Q, STM32U535VET6, STM32U535VET6Q, STM32U545CET6, STM32U545CET6Q, STM32U545CEU6, STM32U545CEU6Q, STM32U545JEY6QTR, STM32U545NEY6QTR, STM32U545REI6, STM32U545REI6Q, STM32U545RET6, STM32U545RET6Q, STM32U545VEI6, STM32U545VEI6Q, STM32U545VET6, STM32U545VET6Q, STM32U595AIH6, STM32U595AIH6Q, STM32U595AJH6, STM32U595AJH6Q, STM32U595QII6, STM32U595QII6Q, STM32U595QJI6, STM32U595QJI6Q, STM32U595RIT6, STM32U595RIT6Q, STM32U595RJT6, STM32U595RJT6Q, STM32U595VIT6, STM32U595VIT6Q, STM32U595VJT6, STM32U595VJT6Q, STM32U595ZIT6, STM32U595ZIT6Q, STM32U595ZIY6QTR, STM32U595ZJT6, STM32U595ZJT6Q, STM32U595ZJY6QTR, STM32U599BJY6QTR, STM32U599NIH6Q, STM32U599NJH6Q, STM32U599VIT6Q, STM32U599VJT6, STM32U599VJT6Q, STM32U599ZIT6Q, STM32U599ZIY6QTR, STM32U599ZJT6Q, STM32U599ZJY6QTR, STM32U5A5AJH6, STM32U5A5AJH6Q, STM32U5A5QII3Q , STM32U5A5QJI6, STM32U5A5QJI6Q, STM32U5A5RJT6, STM32U5A5RJT6Q, STM32U5A5VJT6, STM32U5A5VJT6Q, STM32U5A5ZJT6, STM32U5A5ZJT6Q, STM32U5A5ZJY6QTR, STM32U5A9BJY6QTR, STM32U5A9J-DK, STM32U5A9NJH6Q, STM32U5A9VJT6Q, STM32U5A9ZJT6Q, STM32U5A9ZJY6QTR, STM32U5F7VIT6, STM32U5F7VIT6Q, STM32U5F7VJT6, STM32U5F7VJT6Q, STM32U5F9BJY6QTR, STM32U5F9NJH6Q, STM32U5F9VIT6Q, STM32U5F9VJT6Q, STM32U5F9ZIJ6QTR, STM32U5F9ZIT6Q, STM32U5F9ZJJ6QTR, STM32U5F9ZJT6Q, STM32U5G7VJT6, STM32U5G7VJT6Q, STM32U5G9BJY6QTR, STM32U5G9J-DK1, STM32U5G9J-DK2, STM32U5G9NJH6Q, STM32U5G9VJT6Q, STM32U5G9ZJJ6QTR, STM32U5G9ZJT6Q, STM32WB05KZV6TR, STM32WB05KZV7TR, STM32WB05TZF6TR, STM32WB05TZF7TR, STM32WB06CCF6TR, STM32WB06CCF7TR, STM32WB06CCV6TR, STM32WB06CCV7TR, STM32WB06KCV6TR, STM32WB06KCV7TR, STM32WB07CCF6TR, STM32WB07CCF7TR, STM32WB07CCV6TR, STM32WB07CCV7TR, STM32WB07KCV6TR, STM32WB07KCV7TR, STM32WB09KEV6TR, STM32WB09KEV7TR, STM32WB09TEF6TR, STM32WB09TEF7TR, STM32WB1MMCH6, STM32WBA50KGU6, STM32WBA50KGU6TR, STM32WBA52CEU6, STM32WBA52CEU6TR, STM32WBA52CEU7, STM32WBA52CEU7TR, STM32WBA52CGU6, STM32WBA52CGU6TR, STM32WBA52CGU6U, STM32WBA52CGU7, STM32WBA52CGU7TR, STM32WBA52KEU6, STM32WBA52KEU6TR, STM32WBA52KGU6, STM32WBA52KGU6TR, STM32WBA54CEU6, STM32WBA54CEU6TR, STM32WBA54CEU7, STM32WBA54CEU7TR, STM32WBA54CGU6, STM32WBA54CGU6TR, STM32WBA54CGU7, STM32WBA54CGU7TR, STM32WBA54KEU6, STM32WBA54KEU6TR, STM32WBA54KEU7, STM32WBA54KEU7TR, STM32WBA54KGU6, STM32WBA54KGU6TR, STM32WBA54KGU7, STM32WBA54KGU7TR, STM32WBA55CEU6, STM32WBA55CEU6TR, STM32WBA55CEU7, STM32WBA55CEU7TR, STM32WBA55CGU6, STM32WBA55CGU6TR, STM32WBA55CGU6U, STM32WBA55CGU7, STM32WBA55CGU7TR, STM32WBA55G-DK1, STM32WBA55HEF6, STM32WBA55HEF7, STM32WBA55HGF6, STM32WBA55HGF7, STM32WBA55UEI6, STM32WBA55UEI6TR, STM32WBA55UEI7, STM32WBA55UEI7TR, STM32WBA55UGI6, STM32WBA55UGI6TR, STM32WBA55UGI7, STM32WBA55UGI7TR, STM32WL5MOCH6, STM32WL5MOCH6TR]
2024-11-14 15:29:23,971 [INFO] BoardInfo:889 - No configuration file found for board P-NUCLEO-WB55
2024-11-14 15:29:23,973 [INFO] DbBoards:161 - Kit is not supported: P-NUCLEO-WB55
2024-11-14 15:29:23,980 [INFO] BoardInfo:889 - No configuration file found for board STEVAL-BFA001V1B
2024-11-14 15:29:23,981 [INFO] DbBoards:161 - Kit is not supported: STEVAL-BFA001V1B
2024-11-14 15:29:23,982 [INFO] BoardInfo:889 - No configuration file found for board STEVAL-BFA001V2B
2024-11-14 15:29:23,983 [INFO] DbBoards:161 - Kit is not supported: STEVAL-BFA001V2B
2024-11-14 15:29:24,286 [INFO] DbBoards:168 - Found 201 boards, 198 are supported
2024-11-14 15:29:24,286 [INFO] DbBoards:169 - Found 201 boards, 25 of them is supported for  Bsp
2024-11-14 15:29:24,309 [INFO] ApiDb:423 - Load user favorites file C:\Users\talur/.stm32cubeide/favorites.boards.txt: 1 item(s)
2024-11-14 15:29:24,310 [INFO] ApiDb:427 - User favorites Boards=[STM32F407G-DISC1]
2024-11-14 15:29:24,310 [INFO] DbBoards:198 - Set 1 / 1 favorites Boards
2024-11-14 15:29:24,313 [INFO] ApiDb:668 - CubeFinder database Data Model version=2.1
2024-11-14 15:29:24,313 [INFO] ApiDb:669 - CubeFinder database Configuration version=3.0.39
2024-11-14 15:29:24,313 [INFO] ApiDb:670 - CubeFinder database generation date=2024-10-15 (1729006872)
2024-11-14 15:29:24,313 [INFO] ApiDb:671 - CubeFinder database FW Pack versions=[FP-ATR-ASTRA1_V2.0.0, FP-SNS-FLIGHT1_V5.0.2, FP-SNS-MOTENV1_V5.0.0, FP-SNS-MOTENVWB1_V1.4.0, FP-SNS-SMARTAG2_V1.2.0, FP-SNS-STBOX1_V2.0.0, STM32Cube_FW_C0_V1.2.0, STM32Cube_FW_F4_V1.28.1, STM32Cube_FW_F7_V1.17.2, STM32Cube_FW_G0_V1.6.2, STM32Cube_FW_G4_V1.6.0, STM32Cube_FW_H5_V1.3.0, STM32Cube_FW_H7RS_V1.1.0, STM32Cube_FW_H7_V1.11.2, STM32Cube_FW_L0_V1.12.2, STM32Cube_FW_L5_V1.5.1, STM32Cube_FW_U0_V1.1.0, STM32Cube_FW_U5_V1.6.0, STM32Cube_FW_WB0_V1.0.0, STM32Cube_FW_WBA_V1.4.1, STM32Cube_FW_WB_V1.20.0, STM32Cube_FW_WL_V1.3.0, X-CUBE-ALGOBUILD_V1.4.0, X-CUBE-ALS_V1.0.2, X-CUBE-AZRTOS-F4_V1.1.0, X-CUBE-AZRTOS-F7_V1.1.0, X-CUBE-AZRTOS-G0_V1.1.0, X-CUBE-AZRTOS-G4_V2.0.0, X-CUBE-AZRTOS-H7RS_V1.0.0, X-CUBE-AZRTOS-H7_V3.3.0, X-CUBE-AZRTOS-L4_V2.0.0, X-CUBE-AZRTOS-L5_V2.0.0, X-CUBE-AZRTOS-WB_V2.0.0, X-CUBE-AZRTOS-WL_V2.0.0, X-CUBE-BLE1_V7.0.0, X-CUBE-BLE2_V3.3.0, X-CUBE-BLEMGR_V3.1.0, X-CUBE-EEPRMA1_V5.1.0, X-CUBE-FREERTOS_V1.2.0, X-CUBE-GNSS1_V6.0.0, X-CUBE-MEMS1_V11.0.0, X-CUBE-NFC4_V3.0.0, X-CUBE-NFC7_V1.0.1, X-CUBE-SFXS2LP1_V4.0.0, X-CUBE-SUBG2_V5.0.0, X-CUBE-TOF1_V3.4.2]
2024-11-14 15:29:25,089 [ERROR] DbExamplesSqlite:437 - Missing JSON key: board_cpn
2024-11-14 15:29:25,090 [ERROR] DbExamplesSqlite:437 - Missing JSON key: board_cpn
2024-11-14 15:29:25,090 [ERROR] DbExamplesSqlite:437 - Missing JSON key: board_cpn
2024-11-14 15:29:25,090 [ERROR] DbExamplesSqlite:437 - Missing JSON key: board_cpn
2024-11-14 15:29:25,262 [ERROR] DbExamplesSqlite:437 - Missing JSON key: board_cpn
2024-11-14 15:29:25,263 [ERROR] DbExamplesSqlite:437 - Missing JSON key: board_cpn
2024-11-14 15:29:25,264 [ERROR] DbExamplesSqlite:437 - Missing JSON key: board_cpn
2024-11-14 15:29:25,264 [ERROR] DbExamplesSqlite:437 - Missing JSON key: board_cpn
2024-11-14 15:29:25,264 [ERROR] DbExamplesSqlite:437 - Missing JSON key: board_cpn
2024-11-14 15:29:25,264 [ERROR] DbExamplesSqlite:437 - Missing JSON key: board_cpn
2024-11-14 15:29:25,265 [ERROR] DbExamplesSqlite:437 - Missing JSON key: board_cpn
2024-11-14 15:29:25,265 [ERROR] DbExamplesSqlite:437 - Missing JSON key: board_cpn
2024-11-14 15:29:25,265 [ERROR] DbExamplesSqlite:437 - Missing JSON key: board_cpn
2024-11-14 15:29:25,268 [INFO] DbExamplesSqlite:395 - Ignored 28 examples not supported by CubeIDE
2024-11-14 15:29:25,269 [INFO] DbExamplesSqlite:396 - Found 8617 examples active
2024-11-14 15:29:25,269 [INFO] DbExamplesSqlite:397 - Found 0 examples obsolete
2024-11-14 15:29:25,269 [INFO] DbExamplesSqlite:398 - Found 0 examples under development
2024-11-14 15:29:25,269 [INFO] DbExamplesSqlite:399 - Found 10 examples not building
2024-11-14 15:29:25,272 [INFO] DbExamples:125 - Found 8599 examples
2024-11-14 15:29:25,291 [INFO] DbExamples:222 - Found 108 boards with related examples
2024-11-14 15:29:25,293 [INFO] DbExamples:235 - Found 90 MCUs with related examples
2024-11-14 15:29:25,340 [INFO] ApiDb:414 - User favorites file not found: C:\Users\talur/.stm32cubeide/favorites.examples.txt
2024-11-14 15:29:25,340 [INFO] DbExamples:250 - Set 0 / 0 favorites Examples
2024-11-14 15:29:25,930 [INFO] McuFinderGlobals:76 - Set McuFinderConnectedMode to true
2024-11-14 15:29:25,942 [INFO] MultiScanPanel:200 - Auto-refresh data requested => check proxy status ongoing
2024-11-14 15:29:25,949 [INFO] FinderPluginLoader:95 - Searching for filters in installed packs
2024-11-14 15:29:28,150 [INFO] LoadUrlFilesThread:185 - End of LoadServerUrlFiles without Thread
2024-11-14 15:29:28,195 [INFO] DetailPanel:341 - Set advertising image to C:/Users/talur/STM32Cube/Repository/\en.prom-stm32c071-usb-memories-mcu-finder.png
2024-11-14 15:29:39,868 [INFO] MultiScanPanel:200 - Auto-refresh data requested => check proxy status ongoing
2024-11-14 15:29:40,137 [INFO] LoadUrlFilesThread:185 - End of LoadServerUrlFiles without Thread
2024-11-14 15:29:40,138 [INFO] DetailPanel:341 - Set advertising image to C:/Users/talur/STM32Cube/Repository/\en.prom-stm32c071-usb-memories-mcu-finder.png
2024-11-14 15:29:40,160 [INFO] DbBoards:642 - Loading board mini-images...
2024-11-14 15:29:41,843 [ERROR] DbBoards:659 - Image file not found for board NUCLEO-WB05KZ: C:\Users\talur\.stmcufinder\plugins\mcufinder//mcu//boards_images/NUCLEO-WB05KZ.jpg
2024-11-14 15:29:43,843 [INFO] DbBoards:665 - Loaded 200 board mini-images
2024-11-14 15:32:08,404 [INFO] McuFinderGlobals:76 - Set McuFinderConnectedMode to true
2024-11-14 15:32:08,410 [INFO] ApiDb:448 - Save user favorites file C:\Users\talur/.stm32cubeide/favorites.mcus.txt: 0 item(s)
2024-11-14 15:32:08,410 [INFO] ApiDb:452 - User favorites MCUs=[]
2024-11-14 15:32:08,413 [INFO] ApiDb:448 - Save user favorites file C:\Users\talur/.stm32cubeide/favorites.boards.txt: 1 item(s)
2024-11-14 15:32:08,415 [INFO] ApiDb:452 - User favorites Boards=[STM32F407G-DISC1]
2024-11-14 15:32:35,482 [INFO] WebApp:189 - Connection lost
2024-11-14 15:32:35,827 [INFO] WebApp:186 - Connection restablished
2024-11-14 15:34:47,019 [INFO] WebApp:189 - Connection lost
2024-11-14 15:34:47,340 [INFO] WebApp:186 - Connection restablished
2024-11-14 15:36:02,982 [INFO] WebApp:189 - Connection lost
2024-11-14 15:36:03,316 [INFO] WebApp:186 - Connection restablished
2024-11-14 15:38:53,993 [INFO] WebApp:189 - Connection lost
2024-11-14 15:38:54,302 [INFO] WebApp:186 - Connection restablished
2024-11-14 15:39:25,994 [INFO] WebApp:189 - Connection lost
2024-11-14 15:39:26,437 [INFO] WebApp:186 - Connection restablished
2024-11-14 15:40:32,496 [INFO] WebApp:189 - Connection lost
2024-11-14 15:40:32,811 [INFO] WebApp:186 - Connection restablished
2024-11-14 15:41:04,516 [INFO] WebApp:189 - Connection lost
2024-11-14 15:41:04,855 [INFO] WebApp:186 - Connection restablished
2024-11-14 15:42:14,997 [INFO] WebApp:189 - Connection lost
2024-11-14 15:42:15,305 [INFO] WebApp:186 - Connection restablished
2024-11-14 15:44:16,022 [INFO] WebApp:189 - Connection lost
2024-11-14 15:44:25,303 [INFO] WebApp:186 - Connection restablished
2024-11-14 15:47:58,496 [INFO] WebApp:189 - Connection lost
2024-11-14 15:47:58,823 [INFO] WebApp:186 - Connection restablished
2024-11-14 15:48:57,024 [INFO] WebApp:189 - Connection lost
2024-11-14 15:48:57,486 [INFO] WebApp:186 - Connection restablished
2024-11-14 15:49:15,001 [INFO] WebApp:189 - Connection lost
2024-11-14 15:49:15,307 [INFO] WebApp:186 - Connection restablished
2024-11-14 15:49:41,005 [INFO] WebApp:189 - Connection lost
2024-11-14 15:49:41,320 [INFO] WebApp:186 - Connection restablished
2024-11-14 15:50:38,994 [INFO] WebApp:189 - Connection lost
2024-11-14 15:50:39,318 [INFO] WebApp:186 - Connection restablished
2024-11-14 15:51:57,498 [INFO] WebApp:189 - Connection lost
2024-11-14 15:51:57,824 [INFO] WebApp:186 - Connection restablished
2024-11-14 15:52:33,485 [INFO] WebApp:189 - Connection lost
2024-11-14 15:52:33,808 [INFO] WebApp:186 - Connection restablished
2024-11-14 15:53:22,015 [INFO] WebApp:189 - Connection lost
2024-11-14 15:53:22,334 [INFO] WebApp:186 - Connection restablished
2024-11-14 15:53:45,490 [INFO] WebApp:189 - Connection lost
2024-11-14 15:53:45,738 [INFO] WebApp:186 - Connection restablished
2024-11-14 15:58:38,498 [INFO] WebApp:189 - Connection lost
2024-11-14 15:58:38,862 [INFO] WebApp:186 - Connection restablished
2024-11-14 15:59:33,003 [INFO] WebApp:189 - Connection lost
2024-11-14 15:59:33,323 [INFO] WebApp:186 - Connection restablished
2024-11-14 16:02:02,000 [INFO] WebApp:189 - Connection lost
2024-11-14 16:02:02,367 [INFO] WebApp:186 - Connection restablished
2024-11-14 16:04:26,003 [INFO] WebApp:189 - Connection lost
2024-11-14 16:04:26,322 [INFO] WebApp:186 - Connection restablished
2024-11-14 16:04:50,990 [INFO] WebApp:189 - Connection lost
2024-11-14 16:04:51,261 [INFO] WebApp:186 - Connection restablished
2024-11-14 16:05:26,490 [INFO] WebApp:189 - Connection lost
2024-11-14 16:05:26,843 [INFO] WebApp:186 - Connection restablished
2024-11-14 16:05:49,000 [INFO] WebApp:189 - Connection lost
2024-11-14 16:05:49,273 [INFO] WebApp:186 - Connection restablished
2024-11-14 16:06:40,484 [INFO] WebApp:189 - Connection lost
2024-11-14 16:06:41,178 [INFO] WebApp:186 - Connection restablished
2024-11-14 16:07:03,003 [INFO] WebApp:189 - Connection lost
2024-11-14 16:07:03,373 [INFO] WebApp:186 - Connection restablished
2024-11-14 16:07:51,009 [INFO] WebApp:189 - Connection lost
2024-11-14 16:07:51,480 [INFO] WebApp:186 - Connection restablished
2024-11-14 16:08:55,515 [INFO] WebApp:189 - Connection lost
2024-11-14 16:08:56,018 [INFO] WebApp:186 - Connection restablished
2024-11-14 16:09:23,505 [INFO] WebApp:189 - Connection lost
2024-11-14 16:09:23,772 [INFO] WebApp:186 - Connection restablished
2024-11-14 16:09:41,522 [INFO] WebApp:189 - Connection lost
2024-11-14 16:09:41,792 [INFO] WebApp:186 - Connection restablished
2024-11-14 16:10:07,503 [INFO] WebApp:189 - Connection lost
2024-11-14 16:10:07,767 [INFO] WebApp:186 - Connection restablished
2024-11-14 16:11:28,021 [INFO] WebApp:189 - Connection lost
2024-11-14 16:11:28,333 [INFO] WebApp:186 - Connection restablished
2024-11-14 16:11:45,511 [INFO] WebApp:189 - Connection lost
2024-11-14 16:11:45,755 [INFO] WebApp:186 - Connection restablished
2024-11-14 16:12:07,995 [INFO] WebApp:189 - Connection lost
2024-11-14 16:12:08,241 [INFO] WebApp:186 - Connection restablished
2024-11-14 16:13:31,991 [INFO] WebApp:189 - Connection lost
2024-11-14 16:13:33,319 [INFO] WebApp:186 - Connection restablished
2024-11-14 16:13:52,713 [INFO] LogOutputStream:77 - [STDOUT_REDIRECT] StartTraceHandler.execute(), success : Collect=true
2024-11-14 16:13:54,218 [INFO] LogOutputStream:77 - [STDOUT_REDIRECT] StartTraceHandler.execute(), success : Collect=false
2024-11-14 16:13:57,005 [INFO] WebApp:189 - Connection lost
2024-11-14 16:13:57,252 [INFO] WebApp:186 - Connection restablished
2024-11-14 16:13:57,978 [INFO] LogOutputStream:77 - [STDOUT_REDIRECT] StartTraceHandler.execute(), success : Collect=true
2024-11-14 16:14:50,520 [INFO] WebApp:189 - Connection lost
2024-11-14 16:14:50,827 [INFO] WebApp:186 - Connection restablished
2024-11-14 16:15:10,335 [INFO] LogOutputStream:77 - [STDOUT_REDIRECT] StartTraceHandler.execute(), success : Collect=false
2024-11-14 16:15:12,482 [INFO] LogOutputStream:77 - [STDOUT_REDIRECT] StartTraceHandler.execute(), success : Collect=true
2024-11-14 16:16:57,503 [INFO] WebApp:189 - Connection lost
2024-11-14 16:16:57,840 [INFO] WebApp:186 - Connection restablished
2024-11-14 16:17:07,446 [INFO] LogOutputStream:77 - [STDOUT_REDIRECT] StartTraceHandler.execute(), success : Collect=false
2024-11-14 16:17:09,603 [INFO] LogOutputStream:77 - [STDOUT_REDIRECT] StartTraceHandler.execute(), success : Collect=true
2024-11-14 16:19:41,515 [INFO] WebApp:189 - Connection lost
2024-11-14 16:19:41,838 [INFO] WebApp:186 - Connection restablished
2024-11-14 16:20:09,506 [INFO] WebApp:189 - Connection lost
2024-11-14 16:20:09,760 [INFO] WebApp:186 - Connection restablished
2024-11-14 16:22:00,509 [INFO] WebApp:189 - Connection lost
2024-11-14 16:22:00,822 [INFO] WebApp:186 - Connection restablished
2024-11-14 16:22:46,507 [INFO] WebApp:189 - Connection lost
2024-11-14 16:22:46,821 [INFO] WebApp:186 - Connection restablished
2024-11-14 16:23:10,511 [INFO] WebApp:189 - Connection lost
2024-11-14 16:23:10,814 [INFO] WebApp:186 - Connection restablished
2024-11-14 16:23:32,980 [INFO] WebApp:189 - Connection lost
2024-11-14 16:23:33,227 [INFO] WebApp:186 - Connection restablished
2024-11-14 16:23:55,020 [INFO] WebApp:189 - Connection lost
2024-11-14 16:23:55,273 [INFO] WebApp:186 - Connection restablished
2024-11-14 16:24:18,506 [INFO] WebApp:189 - Connection lost
2024-11-14 16:24:18,768 [INFO] WebApp:186 - Connection restablished
2024-11-14 16:24:45,497 [INFO] WebApp:189 - Connection lost
2024-11-14 16:24:45,751 [INFO] WebApp:186 - Connection restablished
2024-11-14 16:25:03,482 [INFO] WebApp:189 - Connection lost
2024-11-14 16:25:03,800 [INFO] WebApp:186 - Connection restablished
2024-11-14 16:25:18,373 [INFO] MainUpdater:2873 - connection check result : 10
2024-11-14 16:25:18,576 [INFO] McuFinderGlobals:76 - Set McuFinderConnectedMode to true
2024-11-14 16:25:18,579 [INFO] MultiScanPanel:200 - Auto-refresh data requested => check proxy status ongoing
2024-11-14 16:25:18,580 [INFO] FinderPluginLoader:95 - Searching for filters in installed packs
2024-11-14 16:25:20,333 [INFO] LoadUrlFilesThread:185 - End of LoadServerUrlFiles without Thread
2024-11-14 16:25:20,334 [INFO] DetailPanel:341 - Set advertising image to C:/Users/talur/STM32Cube/Repository/\en.prom-stm32c071-usb-memories-mcu-finder.png
2024-11-14 16:25:24,304 [INFO] MultiScanPanel:200 - Auto-refresh data requested => check proxy status ongoing
2024-11-14 16:25:24,443 [INFO] LoadUrlFilesThread:185 - End of LoadServerUrlFiles without Thread
2024-11-14 16:25:24,444 [INFO] DetailPanel:341 - Set advertising image to C:/Users/talur/STM32Cube/Repository/\en.prom-stm32c071-usb-memories-mcu-finder.png
2024-11-14 16:25:26,790 [INFO] ApiDb:581 - Connected to CubeFinder SQLite database (C:\Users\talur\.stmcufinder\plugins\mcufinder\mcu\cube-finder-db.db)
2024-11-14 16:25:31,993 [INFO] WebApp:189 - Connection lost
2024-11-14 16:25:32,240 [INFO] WebApp:186 - Connection restablished
2024-11-14 16:25:34,429 [INFO] BoardResultTable:719 - Unmark Board STM32F407G-DISC1 as favorite
2024-11-14 16:25:49,390 [INFO] McuFinderGlobals:76 - Set McuFinderConnectedMode to true
2024-11-14 16:25:49,395 [INFO] ApiDb:448 - Save user favorites file C:\Users\talur/.stm32cubeide/favorites.mcus.txt: 0 item(s)
2024-11-14 16:25:49,396 [INFO] ApiDb:452 - User favorites MCUs=[]
2024-11-14 16:25:49,397 [INFO] ApiDb:448 - Save user favorites file C:\Users\talur/.stm32cubeide/favorites.boards.txt: 0 item(s)
2024-11-14 16:25:49,399 [INFO] ApiDb:452 - User favorites Boards=[]
2024-11-14 16:26:18,216 [INFO] WebApp:189 - Connection lost
2024-11-14 16:26:27,293 [INFO] WebApp:186 - Connection restablished
2024-11-14 16:26:55,513 [INFO] WebApp:189 - Connection lost
2024-11-14 16:26:55,804 [INFO] WebApp:186 - Connection restablished
2024-11-14 16:27:24,030 [INFO] WebApp:189 - Connection lost
2024-11-14 16:27:24,277 [INFO] WebApp:186 - Connection restablished
2024-11-14 16:27:42,009 [INFO] WebApp:189 - Connection lost
2024-11-14 16:27:42,328 [INFO] WebApp:186 - Connection restablished
2024-11-14 16:28:21,533 [INFO] WebApp:189 - Connection lost
2024-11-14 16:28:30,830 [INFO] WebApp:186 - Connection restablished
2024-11-14 16:28:57,996 [INFO] WebApp:189 - Connection lost
2024-11-14 16:28:58,865 [INFO] WebApp:186 - Connection restablished
2024-11-14 16:29:30,491 [INFO] WebApp:189 - Connection lost
2024-11-14 16:29:30,907 [INFO] WebApp:186 - Connection restablished
2024-11-14 16:29:48,009 [INFO] WebApp:189 - Connection lost
2024-11-14 16:29:48,244 [INFO] WebApp:186 - Connection restablished
2024-11-14 16:30:22,509 [INFO] WebApp:189 - Connection lost
2024-11-14 16:30:22,816 [INFO] WebApp:186 - Connection restablished
2024-11-14 16:31:02,502 [INFO] WebApp:189 - Connection lost
2024-11-14 16:31:02,757 [INFO] WebApp:186 - Connection restablished
2024-11-14 16:31:32,992 [INFO] WebApp:189 - Connection lost
2024-11-14 16:31:33,325 [INFO] WebApp:186 - Connection restablished
2024-11-14 16:31:55,489 [INFO] WebApp:189 - Connection lost
2024-11-14 16:31:56,246 [INFO] WebApp:186 - Connection restablished
2024-11-14 16:32:27,510 [INFO] WebApp:189 - Connection lost
2024-11-14 16:32:27,837 [INFO] WebApp:186 - Connection restablished
2024-11-14 16:32:49,488 [INFO] WebApp:189 - Connection lost
2024-11-14 16:32:49,755 [INFO] WebApp:186 - Connection restablished
2024-11-14 16:33:12,015 [INFO] WebApp:189 - Connection lost
2024-11-14 16:33:12,490 [INFO] WebApp:186 - Connection restablished
2024-11-14 16:33:25,514 [INFO] WebApp:189 - Connection lost
2024-11-14 16:33:25,773 [INFO] WebApp:186 - Connection restablished
2024-11-14 17:07:12,597 [INFO] WebApp:189 - Connection lost
2024-11-14 17:07:33,392 [INFO] WebApp:186 - Connection restablished
2024-11-14 17:08:39,309 [ERROR] ConfigurationRetriever:142 - IOException on connection: Read timed out
2024-11-14 17:08:41,311 [ERROR] ConfigurationRetriever:142 - IOException on connection: Connect timed out
2024-11-14 17:08:46,018 [INFO] WebApp:189 - Connection lost
2024-11-14 17:08:55,186 [INFO] WebApp:186 - Connection restablished
2024-11-14 17:08:57,642 [ERROR] ConfigurationRetriever:142 - IOException on connection: Connect timed out
2024-11-14 17:08:59,644 [ERROR] ConfigurationRetriever:142 - IOException on connection: Connect timed out
2024-11-14 18:06:24,525 [INFO] WebApp:189 - Connection lost
2024-11-14 18:16:04,570 [ERROR] ConfigurationRetriever:142 - IOException on connection: sw-center.st.com
2024-11-14 18:16:04,570 [ERROR] ConfigurationRetriever:142 - IOException on connection: sw-center.st.com
2024-11-14 18:16:04,570 [ERROR] ConfigurationRetriever:142 - IOException on connection: sw-center.st.com
2024-11-14 18:16:06,313 [ERROR] LogOutputStream:75 - [STDERR_REDIRECT] 
