2024-11-18 10:46:29,430 [INFO] WebApp:189 - Connection lost
2024-11-18 10:46:36,724 [INFO] WebApp:186 - Connection restablished
2024-11-18 10:46:38,722 [INFO] WebApp:189 - Connection lost
2024-11-18 10:46:39,021 [INFO] WebApp:186 - Connection restablished
2024-11-18 10:48:24,168 [INFO] WebApp:189 - Connection lost
2024-11-18 10:48:24,508 [INFO] WebApp:186 - Connection restablished
2024-11-18 11:01:54,711 [INFO] WebApp:189 - Connection lost
2024-11-18 11:01:55,026 [INFO] WebApp:186 - Connection restablished
2024-11-18 11:06:24,683 [INFO] WebApp:189 - Connection lost
2024-11-18 11:06:25,026 [INFO] WebApp:186 - Connection restablished
2024-11-18 11:07:04,185 [INFO] WebApp:189 - Connection lost
2024-11-18 11:07:04,473 [INFO] WebApp:186 - Connection restablished
2024-11-18 11:07:22,192 [INFO] WebApp:189 - Connection lost
2024-11-18 11:07:22,454 [INFO] WebApp:186 - Connection restablished
2024-11-18 11:07:45,694 [INFO] WebApp:189 - Connection lost
2024-11-18 11:07:45,979 [INFO] WebApp:186 - Connection restablished
2024-11-18 11:09:12,697 [INFO] WebApp:189 - Connection lost
2024-11-18 11:09:13,007 [INFO] WebApp:186 - Connection restablished
2024-11-18 11:11:22,708 [INFO] WebApp:189 - Connection lost
2024-11-18 11:11:23,011 [INFO] WebApp:186 - Connection restablished
2024-11-18 11:12:31,703 [INFO] WebApp:189 - Connection lost
2024-11-18 11:12:32,003 [INFO] WebApp:186 - Connection restablished
2024-11-18 11:13:18,169 [INFO] WebApp:189 - Connection lost
2024-11-18 11:13:18,482 [INFO] WebApp:186 - Connection restablished
2024-11-18 11:15:16,187 [INFO] WebApp:189 - Connection lost
2024-11-18 11:15:16,490 [INFO] WebApp:186 - Connection restablished
2024-11-18 11:18:26,698 [INFO] WebApp:189 - Connection lost
2024-11-18 11:18:27,002 [INFO] WebApp:186 - Connection restablished
2024-11-18 11:18:55,698 [INFO] WebApp:189 - Connection lost
2024-11-18 11:18:55,893 [INFO] WebApp:186 - Connection restablished
2024-11-18 11:20:23,175 [INFO] WebApp:189 - Connection lost
2024-11-18 11:20:23,481 [INFO] WebApp:186 - Connection restablished
2024-11-18 11:21:37,711 [INFO] WebApp:189 - Connection lost
2024-11-18 11:21:38,000 [INFO] WebApp:186 - Connection restablished
2024-11-18 11:22:09,174 [INFO] WebApp:189 - Connection lost
2024-11-18 11:22:09,433 [INFO] WebApp:186 - Connection restablished
2024-11-18 11:22:53,703 [INFO] WebApp:189 - Connection lost
2024-11-18 11:22:53,985 [INFO] WebApp:186 - Connection restablished
2024-11-18 11:23:36,699 [INFO] WebApp:189 - Connection lost
2024-11-18 11:23:37,097 [INFO] WebApp:186 - Connection restablished
2024-11-18 11:24:03,683 [INFO] WebApp:189 - Connection lost
2024-11-18 11:24:03,884 [INFO] WebApp:186 - Connection restablished
2024-11-18 11:25:22,185 [INFO] WebApp:189 - Connection lost
2024-11-18 11:25:22,463 [INFO] WebApp:186 - Connection restablished
2024-11-18 11:26:36,195 [INFO] WebApp:189 - Connection lost
2024-11-18 11:26:36,512 [INFO] WebApp:186 - Connection restablished
2024-11-18 11:30:11,196 [INFO] WebApp:189 - Connection lost
2024-11-18 11:30:11,481 [INFO] WebApp:186 - Connection restablished
2024-11-18 11:30:41,691 [INFO] WebApp:189 - Connection lost
2024-11-18 11:30:41,951 [INFO] WebApp:186 - Connection restablished
2024-11-18 11:33:14,911 [INFO] WebApp:189 - Connection lost
2024-11-18 11:33:24,077 [INFO] WebApp:186 - Connection restablished
2024-11-18 11:40:02,174 [INFO] WebApp:189 - Connection lost
2024-11-18 11:40:02,415 [INFO] WebApp:186 - Connection restablished
2024-11-18 11:41:58,860 [INFO] WebApp:189 - Connection lost
2024-11-18 11:42:08,581 [INFO] WebApp:186 - Connection restablished
2024-11-18 11:44:45,188 [INFO] WebApp:189 - Connection lost
2024-11-18 11:44:45,463 [INFO] WebApp:186 - Connection restablished
2024-11-18 11:45:29,200 [INFO] WebApp:189 - Connection lost
2024-11-18 11:45:29,476 [INFO] WebApp:186 - Connection restablished
2024-11-18 11:46:40,235 [INFO] WebApp:189 - Connection lost
2024-11-18 11:46:49,445 [INFO] WebApp:186 - Connection restablished
2024-11-18 12:54:30,701 [INFO] WebApp:189 - Connection lost
2024-11-18 12:54:31,044 [INFO] WebApp:186 - Connection restablished
2024-11-18 12:56:51,689 [INFO] WebApp:189 - Connection lost
2024-11-18 12:56:52,006 [INFO] WebApp:186 - Connection restablished
2024-11-18 12:57:41,670 [INFO] WebApp:189 - Connection lost
2024-11-18 12:57:42,018 [INFO] WebApp:186 - Connection restablished
2024-11-18 12:58:52,204 [INFO] WebApp:189 - Connection lost
2024-11-18 12:58:52,594 [INFO] WebApp:186 - Connection restablished
2024-11-18 12:59:22,175 [INFO] WebApp:189 - Connection lost
2024-11-18 12:59:22,446 [INFO] WebApp:186 - Connection restablished
2024-11-18 12:59:40,208 [INFO] WebApp:189 - Connection lost
2024-11-18 12:59:40,447 [INFO] WebApp:186 - Connection restablished
2024-11-18 13:00:06,683 [INFO] WebApp:189 - Connection lost
2024-11-18 13:00:06,999 [INFO] WebApp:186 - Connection restablished
2024-11-18 13:01:55,690 [INFO] WebApp:189 - Connection lost
2024-11-18 13:01:56,006 [INFO] WebApp:186 - Connection restablished
2024-11-18 13:02:11,193 [INFO] WebApp:189 - Connection lost
2024-11-18 13:02:11,446 [INFO] WebApp:186 - Connection restablished
2024-11-18 13:02:33,204 [INFO] WebApp:189 - Connection lost
2024-11-18 13:02:33,508 [INFO] WebApp:186 - Connection restablished
2024-11-18 13:02:57,181 [INFO] WebApp:189 - Connection lost
2024-11-18 13:02:57,506 [INFO] WebApp:186 - Connection restablished
2024-11-18 13:03:47,186 [INFO] WebApp:189 - Connection lost
2024-11-18 13:03:47,516 [INFO] WebApp:186 - Connection restablished
2024-11-18 13:04:23,169 [INFO] WebApp:189 - Connection lost
2024-11-18 13:04:23,499 [INFO] WebApp:186 - Connection restablished
2024-11-18 13:05:09,679 [INFO] WebApp:189 - Connection lost
2024-11-18 13:05:09,970 [INFO] WebApp:186 - Connection restablished
2024-11-18 13:05:27,675 [INFO] WebApp:189 - Connection lost
2024-11-18 13:05:27,998 [INFO] WebApp:186 - Connection restablished
2024-11-18 13:05:58,198 [INFO] WebApp:189 - Connection lost
2024-11-18 13:05:58,526 [INFO] WebApp:186 - Connection restablished
2024-11-18 13:06:38,173 [INFO] WebApp:189 - Connection lost
2024-11-18 13:06:38,489 [INFO] WebApp:186 - Connection restablished
2024-11-18 13:07:24,151 [INFO] WebApp:189 - Connection lost
2024-11-18 13:07:24,459 [INFO] WebApp:186 - Connection restablished
2024-11-18 13:08:24,183 [INFO] WebApp:189 - Connection lost
2024-11-18 13:08:24,526 [INFO] WebApp:186 - Connection restablished
2024-11-18 13:08:58,193 [INFO] WebApp:189 - Connection lost
2024-11-18 13:08:58,511 [INFO] WebApp:186 - Connection restablished
2024-11-18 13:09:40,686 [INFO] WebApp:189 - Connection lost
2024-11-18 13:09:41,034 [INFO] WebApp:186 - Connection restablished
2024-11-18 13:10:15,205 [INFO] WebApp:189 - Connection lost
2024-11-18 13:10:15,516 [INFO] WebApp:186 - Connection restablished
2024-11-18 13:10:52,688 [INFO] WebApp:189 - Connection lost
2024-11-18 13:10:53,110 [INFO] WebApp:186 - Connection restablished
2024-11-18 13:12:21,709 [INFO] WebApp:189 - Connection lost
2024-11-18 13:12:22,078 [INFO] WebApp:186 - Connection restablished
2024-11-18 13:12:51,193 [INFO] WebApp:189 - Connection lost
2024-11-18 13:12:51,440 [INFO] WebApp:186 - Connection restablished
2024-11-18 13:13:47,692 [INFO] WebApp:189 - Connection lost
2024-11-18 13:13:48,000 [INFO] WebApp:186 - Connection restablished
2024-11-18 13:14:14,188 [INFO] WebApp:189 - Connection lost
2024-11-18 13:14:14,443 [INFO] WebApp:186 - Connection restablished
2024-11-18 13:14:58,181 [INFO] WebApp:189 - Connection lost
2024-11-18 13:14:58,491 [INFO] WebApp:186 - Connection restablished
2024-11-18 13:16:20,689 [INFO] WebApp:189 - Connection lost
2024-11-18 13:16:21,029 [INFO] WebApp:186 - Connection restablished
2024-11-18 13:16:44,675 [INFO] WebApp:189 - Connection lost
2024-11-18 13:16:44,928 [INFO] WebApp:186 - Connection restablished
2024-11-18 13:17:16,683 [INFO] WebApp:189 - Connection lost
2024-11-18 13:17:17,042 [INFO] WebApp:186 - Connection restablished
2024-11-18 13:18:03,181 [INFO] WebApp:189 - Connection lost
2024-11-18 13:18:03,671 [INFO] WebApp:186 - Connection restablished
2024-11-18 13:18:28,692 [INFO] WebApp:189 - Connection lost
2024-11-18 13:18:28,943 [INFO] WebApp:186 - Connection restablished
2024-11-18 13:18:57,701 [INFO] WebApp:189 - Connection lost
2024-11-18 13:18:58,222 [INFO] WebApp:186 - Connection restablished
2024-11-18 13:21:05,701 [INFO] WebApp:189 - Connection lost
2024-11-18 13:21:06,158 [INFO] WebApp:186 - Connection restablished
2024-11-18 13:21:55,707 [INFO] WebApp:189 - Connection lost
2024-11-18 13:21:56,143 [INFO] WebApp:186 - Connection restablished
2024-11-18 13:24:44,208 [INFO] WebApp:189 - Connection lost
2024-11-18 13:24:44,553 [INFO] WebApp:186 - Connection restablished
2024-11-18 13:26:59,187 [INFO] WebApp:189 - Connection lost
2024-11-18 13:26:59,439 [INFO] WebApp:186 - Connection restablished
2024-11-18 13:27:55,172 [INFO] WebApp:189 - Connection lost
2024-11-18 13:27:55,483 [INFO] WebApp:186 - Connection restablished
2024-11-18 13:29:04,182 [INFO] WebApp:189 - Connection lost
2024-11-18 13:29:04,488 [INFO] WebApp:186 - Connection restablished
2024-11-18 13:30:24,185 [INFO] WebApp:189 - Connection lost
2024-11-18 13:30:24,593 [INFO] WebApp:186 - Connection restablished
2024-11-18 13:31:20,203 [INFO] WebApp:189 - Connection lost
2024-11-18 13:31:20,453 [INFO] WebApp:186 - Connection restablished
2024-11-18 13:32:08,198 [INFO] WebApp:189 - Connection lost
2024-11-18 13:32:08,541 [INFO] WebApp:186 - Connection restablished
2024-11-18 13:32:40,685 [INFO] WebApp:189 - Connection lost
2024-11-18 13:32:41,081 [INFO] WebApp:186 - Connection restablished
2024-11-18 13:33:25,191 [INFO] WebApp:189 - Connection lost
2024-11-18 13:33:25,492 [INFO] WebApp:186 - Connection restablished
2024-11-18 13:34:13,206 [INFO] WebApp:189 - Connection lost
2024-11-18 13:34:13,535 [INFO] WebApp:186 - Connection restablished
2024-11-18 13:50:58,904 [INFO] WebApp:189 - Connection lost
2024-11-18 13:51:00,118 [INFO] WebApp:186 - Connection restablished
2024-11-18 13:51:50,198 [INFO] WebApp:189 - Connection lost
2024-11-18 13:51:50,594 [INFO] WebApp:186 - Connection restablished
2024-11-18 13:53:19,709 [INFO] WebApp:189 - Connection lost
2024-11-18 13:53:20,177 [INFO] WebApp:186 - Connection restablished
2024-11-18 13:55:54,179 [INFO] WebApp:189 - Connection lost
2024-11-18 13:55:54,487 [INFO] WebApp:186 - Connection restablished
2024-11-18 13:56:30,701 [INFO] WebApp:189 - Connection lost
2024-11-18 13:56:31,016 [INFO] WebApp:186 - Connection restablished
2024-11-18 13:57:15,207 [INFO] WebApp:189 - Connection lost
2024-11-18 13:57:15,522 [INFO] WebApp:186 - Connection restablished
2024-11-18 13:58:03,708 [INFO] WebApp:189 - Connection lost
2024-11-18 13:58:04,079 [INFO] WebApp:186 - Connection restablished
2024-11-18 13:58:57,186 [INFO] WebApp:189 - Connection lost
2024-11-18 13:58:57,489 [INFO] WebApp:186 - Connection restablished
2024-11-18 13:59:35,697 [INFO] WebApp:189 - Connection lost
2024-11-18 13:59:36,012 [INFO] WebApp:186 - Connection restablished
2024-11-18 14:00:37,672 [INFO] WebApp:189 - Connection lost
2024-11-18 14:00:38,078 [INFO] WebApp:186 - Connection restablished
2024-11-18 14:01:46,205 [INFO] WebApp:189 - Connection lost
2024-11-18 14:01:46,551 [INFO] WebApp:186 - Connection restablished
2024-11-18 14:02:15,696 [INFO] WebApp:189 - Connection lost
2024-11-18 14:02:16,035 [INFO] WebApp:186 - Connection restablished
2024-11-18 14:02:48,210 [INFO] WebApp:189 - Connection lost
2024-11-18 14:02:49,085 [INFO] WebApp:186 - Connection restablished
2024-11-18 14:03:26,199 [INFO] WebApp:189 - Connection lost
2024-11-18 14:03:26,620 [INFO] WebApp:186 - Connection restablished
2024-11-18 14:04:35,192 [INFO] WebApp:189 - Connection lost
2024-11-18 14:04:35,665 [INFO] WebApp:186 - Connection restablished
2024-11-18 14:04:58,694 [INFO] WebApp:189 - Connection lost
2024-11-18 14:04:58,942 [INFO] WebApp:186 - Connection restablished
2024-11-18 14:05:44,700 [INFO] WebApp:189 - Connection lost
2024-11-18 14:05:45,095 [INFO] WebApp:186 - Connection restablished
2024-11-18 14:06:06,686 [INFO] WebApp:189 - Connection lost
2024-11-18 14:06:06,943 [INFO] WebApp:186 - Connection restablished
2024-11-18 14:07:29,193 [INFO] WebApp:189 - Connection lost
2024-11-18 14:07:29,497 [INFO] WebApp:186 - Connection restablished
2024-11-18 14:07:59,194 [INFO] WebApp:189 - Connection lost
2024-11-18 14:07:59,499 [INFO] WebApp:186 - Connection restablished
2024-11-18 14:11:16,705 [INFO] WebApp:189 - Connection lost
2024-11-18 14:11:17,006 [INFO] WebApp:186 - Connection restablished
2024-11-18 14:12:07,201 [INFO] WebApp:189 - Connection lost
2024-11-18 14:12:07,500 [INFO] WebApp:186 - Connection restablished
2024-11-18 14:12:30,691 [INFO] WebApp:189 - Connection lost
2024-11-18 14:12:30,951 [INFO] WebApp:186 - Connection restablished
2024-11-18 14:13:19,209 [INFO] WebApp:189 - Connection lost
2024-11-18 14:13:19,539 [INFO] WebApp:186 - Connection restablished
2024-11-18 14:16:08,701 [INFO] WebApp:189 - Connection lost
2024-11-18 14:16:09,016 [INFO] WebApp:186 - Connection restablished
2024-11-18 14:16:45,213 [INFO] WebApp:189 - Connection lost
2024-11-18 14:16:45,561 [INFO] WebApp:186 - Connection restablished
2024-11-18 14:17:15,174 [INFO] WebApp:189 - Connection lost
2024-11-18 14:17:15,539 [INFO] WebApp:186 - Connection restablished
2024-11-18 14:17:41,697 [INFO] WebApp:189 - Connection lost
2024-11-18 14:17:41,952 [INFO] WebApp:186 - Connection restablished
2024-11-18 14:17:59,714 [INFO] WebApp:189 - Connection lost
2024-11-18 14:18:00,044 [INFO] WebApp:186 - Connection restablished
2024-11-18 14:18:21,702 [INFO] WebApp:189 - Connection lost
2024-11-18 14:18:22,047 [INFO] WebApp:186 - Connection restablished
2024-11-18 14:18:47,713 [INFO] WebApp:189 - Connection lost
2024-11-18 14:18:48,055 [INFO] WebApp:186 - Connection restablished
2024-11-18 14:19:09,677 [INFO] WebApp:189 - Connection lost
2024-11-18 14:19:10,012 [INFO] WebApp:186 - Connection restablished
2024-11-18 14:19:35,697 [INFO] WebApp:189 - Connection lost
2024-11-18 14:19:36,074 [INFO] WebApp:186 - Connection restablished
2024-11-18 14:19:53,677 [INFO] WebApp:189 - Connection lost
2024-11-18 14:19:54,213 [INFO] WebApp:186 - Connection restablished
2024-11-18 14:20:16,199 [INFO] WebApp:189 - Connection lost
2024-11-18 14:20:16,667 [INFO] WebApp:186 - Connection restablished
2024-11-18 14:25:42,135 [INFO] WebApp:189 - Connection lost
2024-11-18 16:27:08,702 [INFO] WebApp:186 - Connection restablished
2024-11-18 16:27:10,716 [INFO] WebApp:189 - Connection lost
2024-11-18 16:27:10,964 [INFO] WebApp:186 - Connection restablished
2024-11-18 16:27:39,708 [INFO] WebApp:189 - Connection lost
2024-11-18 16:27:39,967 [INFO] WebApp:186 - Connection restablished
2024-11-18 16:28:23,691 [INFO] WebApp:189 - Connection lost
2024-11-18 16:28:24,009 [INFO] WebApp:186 - Connection restablished
2024-11-18 16:28:55,709 [INFO] WebApp:189 - Connection lost
2024-11-18 16:28:56,039 [INFO] WebApp:186 - Connection restablished
2024-11-18 16:30:00,200 [INFO] WebApp:189 - Connection lost
2024-11-18 16:30:00,884 [INFO] WebApp:186 - Connection restablished
2024-11-18 16:31:12,181 [INFO] WebApp:189 - Connection lost
2024-11-18 16:31:12,561 [INFO] WebApp:186 - Connection restablished
2024-11-18 16:31:55,180 [INFO] WebApp:189 - Connection lost
2024-11-18 16:31:55,497 [INFO] WebApp:186 - Connection restablished
2024-11-18 16:32:24,705 [INFO] WebApp:189 - Connection lost
2024-11-18 16:32:24,970 [INFO] WebApp:186 - Connection restablished
2024-11-18 16:33:41,206 [INFO] WebApp:189 - Connection lost
2024-11-18 16:33:41,542 [INFO] WebApp:186 - Connection restablished
2024-11-18 16:33:58,700 [INFO] WebApp:189 - Connection lost
2024-11-18 16:33:58,950 [INFO] WebApp:186 - Connection restablished
2024-11-18 16:34:59,702 [INFO] WebApp:189 - Connection lost
2024-11-18 16:35:00,021 [INFO] WebApp:186 - Connection restablished
2024-11-18 16:36:21,689 [INFO] WebApp:189 - Connection lost
2024-11-18 16:36:22,066 [INFO] WebApp:186 - Connection restablished
2024-11-18 16:36:50,178 [INFO] WebApp:189 - Connection lost
2024-11-18 16:36:50,435 [INFO] WebApp:186 - Connection restablished
2024-11-18 16:37:31,691 [INFO] WebApp:189 - Connection lost
2024-11-18 16:37:32,175 [INFO] WebApp:186 - Connection restablished
2024-11-18 16:37:55,669 [INFO] WebApp:189 - Connection lost
2024-11-18 16:37:55,918 [INFO] WebApp:186 - Connection restablished
2024-11-18 16:38:26,185 [INFO] WebApp:189 - Connection lost
2024-11-18 16:38:26,532 [INFO] WebApp:186 - Connection restablished
2024-11-18 16:39:30,693 [INFO] WebApp:189 - Connection lost
2024-11-18 16:39:30,996 [INFO] WebApp:186 - Connection restablished
2024-11-18 16:40:12,700 [INFO] WebApp:189 - Connection lost
2024-11-18 16:40:13,003 [INFO] WebApp:186 - Connection restablished
2024-11-18 16:40:40,714 [INFO] WebApp:189 - Connection lost
2024-11-18 16:40:40,970 [INFO] WebApp:186 - Connection restablished
2024-11-18 16:41:04,695 [INFO] WebApp:189 - Connection lost
2024-11-18 16:41:04,984 [INFO] WebApp:186 - Connection restablished
2024-11-18 16:41:27,187 [INFO] WebApp:189 - Connection lost
2024-11-18 16:41:27,448 [INFO] WebApp:186 - Connection restablished
2024-11-18 16:41:59,205 [INFO] WebApp:189 - Connection lost
2024-11-18 16:41:59,511 [INFO] WebApp:186 - Connection restablished
2024-11-18 16:42:28,203 [INFO] WebApp:189 - Connection lost
2024-11-18 16:42:28,519 [INFO] WebApp:186 - Connection restablished
2024-11-18 16:42:45,710 [INFO] WebApp:189 - Connection lost
2024-11-18 16:42:46,014 [INFO] WebApp:186 - Connection restablished
2024-11-18 16:43:20,198 [INFO] WebApp:189 - Connection lost
2024-11-18 16:43:55,650 [INFO] WebApp:186 - Connection restablished
2024-11-18 17:41:05,726 [INFO] WebApp:189 - Connection lost
2024-11-18 17:41:24,879 [INFO] WebApp:186 - Connection restablished
2024-11-18 17:41:46,078 [INFO] WebApp:189 - Connection lost
2024-11-18 17:41:57,518 [INFO] WebApp:186 - Connection restablished
2024-11-18 17:43:35,947 [INFO] WebApp:189 - Connection lost
2024-11-18 17:43:57,333 [INFO] WebApp:186 - Connection restablished
2024-11-18 17:45:02,268 [INFO] WebApp:189 - Connection lost
2024-11-18 17:45:24,075 [INFO] WebApp:186 - Connection restablished
2024-11-18 17:50:15,296 [INFO] MainUpdater:2873 - connection check result : 10
2024-11-18 17:50:15,300 [INFO] McuFinderGlobals:76 - Set McuFinderConnectedMode to true
2024-11-18 17:50:15,709 [INFO] ServerAccessManage:473 - Download File mcusAds.json._tmp_
2024-11-18 17:50:15,860 [INFO] LoadUrlFilesThread:156 - End of LoadUrlFiles Thread
2024-11-18 17:50:16,264 [INFO] ServerAccessManage:473 - Download File cube-finder-db.zip
2024-11-18 17:50:35,024 [INFO] FileExtend:240 - Unzip File : cube-finder-db.zip
2024-11-18 17:50:35,024 [INFO] FileExtend:255 - Standard Zip Deflate
2024-11-18 17:50:37,059 [INFO] LoadUrlFilesThread:156 - End of LoadUrlFiles Thread
2024-11-18 17:50:37,878 [INFO] ServerAccessManage:473 - Download File crdb.zip
2024-11-18 17:50:38,771 [INFO] FileExtend:240 - Unzip File : crdb.zip
2024-11-18 17:50:38,771 [INFO] FileExtend:255 - Standard Zip Deflate
2024-11-18 17:50:38,936 [INFO] LoadUrlFilesThread:156 - End of LoadUrlFiles Thread
2024-11-18 17:50:39,222 [INFO] ServerAccessManage:473 - Download File tutoVideoDB.zip
2024-11-18 17:50:39,294 [INFO] FileExtend:240 - Unzip File : tutoVideoDB.zip
2024-11-18 17:50:39,295 [INFO] FileExtend:255 - Standard Zip Deflate
2024-11-18 17:50:39,438 [INFO] LoadUrlFilesThread:156 - End of LoadUrlFiles Thread
2024-11-18 17:50:39,450 [WARN] DbFile:41 - Overriding database path with different value: C:\Users\talur\.stmcufinder\plugins\mcufinder/ => C:\Users\talur\.stmcufinder\plugins\mcufinder
2024-11-18 17:50:39,626 [INFO] ServerAccessManage:473 - Download File api_config.json
2024-11-18 17:50:39,755 [INFO] LoadUrlFilesThread:156 - End of LoadUrlFiles Thread
2024-11-18 17:50:39,761 [INFO] DbMcusAds:53 - JSON generation date=Fri Sep 20 18:34:38 IST 2024 (1726837478367)
2024-11-18 17:50:39,769 [INFO] ApiDb:448 - Save user favorites file C:\Users\talur/.stm32cubeide/favorites.mcus.txt: 0 item(s)
2024-11-18 17:50:39,770 [INFO] ApiDb:452 - User favorites MCUs=[]
2024-11-18 17:50:39,791 [INFO] ApiDb:581 - Connected to CubeFinder SQLite database (C:\Users\talur\.stmcufinder\plugins\mcufinder\mcu\cube-finder-db.db)
2024-11-18 17:50:39,869 [INFO] ApiDb:668 - CubeFinder database Data Model version=2.1
2024-11-18 17:50:39,869 [INFO] ApiDb:669 - CubeFinder database Configuration version=3.0.39
2024-11-18 17:50:39,869 [INFO] ApiDb:670 - CubeFinder database generation date=2024-10-15 (1729006872)
2024-11-18 17:50:39,869 [INFO] ApiDb:671 - CubeFinder database FW Pack versions=[FP-ATR-ASTRA1_V2.0.0, FP-SNS-FLIGHT1_V5.0.2, FP-SNS-MOTENV1_V5.0.0, FP-SNS-MOTENVWB1_V1.4.0, FP-SNS-SMARTAG2_V1.2.0, FP-SNS-STBOX1_V2.0.0, STM32Cube_FW_C0_V1.2.0, STM32Cube_FW_F4_V1.28.1, STM32Cube_FW_F7_V1.17.2, STM32Cube_FW_G0_V1.6.2, STM32Cube_FW_G4_V1.6.0, STM32Cube_FW_H5_V1.3.0, STM32Cube_FW_H7RS_V1.1.0, STM32Cube_FW_H7_V1.11.2, STM32Cube_FW_L0_V1.12.2, STM32Cube_FW_L5_V1.5.1, STM32Cube_FW_U0_V1.1.0, STM32Cube_FW_U5_V1.6.0, STM32Cube_FW_WB0_V1.0.0, STM32Cube_FW_WBA_V1.4.1, STM32Cube_FW_WB_V1.20.0, STM32Cube_FW_WL_V1.3.0, X-CUBE-ALGOBUILD_V1.4.0, X-CUBE-ALS_V1.0.2, X-CUBE-AZRTOS-F4_V1.1.0, X-CUBE-AZRTOS-F7_V1.1.0, X-CUBE-AZRTOS-G0_V1.1.0, X-CUBE-AZRTOS-G4_V2.0.0, X-CUBE-AZRTOS-H7RS_V1.0.0, X-CUBE-AZRTOS-H7_V3.3.0, X-CUBE-AZRTOS-L4_V2.0.0, X-CUBE-AZRTOS-L5_V2.0.0, X-CUBE-AZRTOS-WB_V2.0.0, X-CUBE-AZRTOS-WL_V2.0.0, X-CUBE-BLE1_V7.0.0, X-CUBE-BLE2_V3.3.0, X-CUBE-BLEMGR_V3.1.0, X-CUBE-EEPRMA1_V5.1.0, X-CUBE-FREERTOS_V1.2.0, X-CUBE-GNSS1_V6.0.0, X-CUBE-MEMS1_V11.0.0, X-CUBE-NFC4_V3.0.0, X-CUBE-NFC7_V1.0.1, X-CUBE-SFXS2LP1_V4.0.0, X-CUBE-SUBG2_V5.0.0, X-CUBE-TOF1_V3.4.2]
2024-11-18 17:50:41,779 [INFO] ApiDb:240 - Found 646 in-development CPN: [B-G473E-ZEST1S, B-WB1M-WPAN1, B-WL5M-SUBG1, NUCLEO-C031C6, NUCLEO-C071RB, NUCLEO-H503RB, NUCLEO-H533RE, NUCLEO-H563ZI, NUCLEO-H7S3L8, NUCLEO-U031R8, NUCLEO-U083RC, NUCLEO-U545RE-Q, NUCLEO-U5A5ZJ-Q, NUCLEO-WB05KZ, NUCLEO-WB07CC, NUCLEO-WB09KE, NUCLEO-WBA52CG, NUCLEO-WBA55CG, STEVAL-PROTEUS1, STEVAL-SMARTAG2, STEVAL-STWINBX1, STM320518-EVAL, STM32C0116-DK, STM32C011D6Y3TR, STM32C011D6Y6TR, STM32C011F4P3, STM32C011F4P6, STM32C011F4U3, STM32C011F4U6TR, STM32C011F6P3, STM32C011F6P6, STM32C011F6U3, STM32C011F6U6TR, STM32C011J4M3, STM32C011J4M6, STM32C011J6M3, STM32C011J6M6, STM32C0316-DK, STM32C031C4T3, STM32C031C4T6, STM32C031C4U3, STM32C031C4U6, STM32C031C6T3, STM32C031C6T6, STM32C031C6U3, STM32C031C6U6, STM32C031F4P3, STM32C031F4P6, STM32C031F6P3, STM32C031F6P6, STM32C031G4U3, STM32C031G4U6, STM32C031G6U3, STM32C031G6U6, STM32C031K4T3, STM32C031K4T6, STM32C031K4U3, STM32C031K4U6, STM32C031K6T3, STM32C031K6T6, STM32C031K6U3, STM32C031K6U6, STM32C071C8T6, STM32C071C8T6N, STM32C071C8U6, STM32C071C8U6N, STM32C071CBT6, STM32C071CBT6N, STM32C071CBU6, STM32C071CBU6N, STM32C071F8P6, STM32C071F8P6N, STM32C071FBP6, STM32C071FBP6N, STM32C071FBY6TR, STM32C071G8U6, STM32C071G8U6N, STM32C071GBU6, STM32C071GBU6N, STM32C071K8T6, STM32C071K8T6N, STM32C071K8U6, STM32C071K8U6N, STM32C071KBT6, STM32C071KBT6N, STM32C071KBU6, STM32C071KBU6N, STM32C071R8T6, STM32C071R8T6N, STM32C071RBI6N, STM32C071RBT6, STM32C071RBT6N, STM32G071K8TXN, STM32G071K8UXN, STM32G081GBU6N, STM32G081KBT6N, STM32G081KBUXN, STM32G0B1CCT6N, STM32G0B1KCT6, STM32G0B1NEY6TR, STM32G0B1RCT6N, STM32G0C1CCT6, STM32G0C1CCT6N, STM32G0C1CCU6N, STM32G0C1CET6N, STM32G0C1CEU6N, STM32G0C1KCT6, STM32G0C1NEY6TR, STM32G0C1RCI6N, STM32G0C1RCT6N, STM32G0C1REI6N, STM32G0C1RET6N, STM32G0C1VCI6, STM32G0C1VEI6, STM32G411C6T3, STM32G411C6T6, STM32G411C6U3, STM32G411C6U6, STM32G411C8T3, STM32G411C8T6, STM32G411C8U3, STM32G411C8U6, STM32G411CBT3, STM32G411CBT6, STM32G411CBU3, STM32G411CBU6, STM32G411K6T3, STM32G411K6T6, STM32G411K6U3, STM32G411K6U6, STM32G411K8T3, STM32G411K8T6, STM32G411K8U3, STM32G411K8U6, STM32G411KBT3, STM32G411KBT6, STM32G411KBU3, STM32G411KBU6, STM32G411M6T3, STM32G411M6T6, STM32G411M8T3, STM32G411M8T6, STM32G411MBT3, STM32G411MBT6, STM32G411R6T3, STM32G411R6T6, STM32G411R8T3, STM32G411R8T6, STM32G411RBT3, STM32G411RBT6, STM32G414CBT3, STM32G414CBT6, STM32G414CBU3, STM32G414CBU6, STM32G414CCT3, STM32G414CCT6, STM32G414CCU3, STM32G414CCU6, STM32G414MBT3, STM32G414MBT6, STM32G414MCT3, STM32G414MCT6, STM32G414RBT3, STM32G414RBT6, STM32G414RCT3, STM32G414RCT6, STM32G414VBT3, STM32G414VBT6, STM32G414VCT3, STM32G414VCT6, STM32G431CBT3Z, STM32G431RBT3Z, STM32G471CCT6, STM32G471CCU6, STM32G471CET3, STM32G471CET6, STM32G471CEU3, STM32G471CEU6, STM32G471MCT6, STM32G471MET3, STM32G471MET6, STM32G471MEY6TR, STM32G471QCT6, STM32G471QET3, STM32G471RCT6, STM32G471RET3, STM32G471RET6, STM32G471VCH6, STM32G471VCI6, STM32G471VCT6, STM32G471VEH3, STM32G471VEH6, STM32G471VEI3, STM32G471VEI6, STM32G471VET3, STM32G471VET6, STM32G473QET3Z, STM32G473RET3Z, STM32G474CCT6, STM32G491RET3Z, STM32H503CBT6, STM32H503CBU6, STM32H503EBY6TR, STM32H503KBU6, STM32H503RBT6, STM32H523CCT6, STM32H523CCU6, STM32H523CET6, STM32H523CEU6, STM32H523HEY6TR, STM32H523RCT6, STM32H523RET6, STM32H523VCI6, STM32H523VCT6, STM32H523VEI6, STM32H523VET6, STM32H523ZCJ6, STM32H523ZCT6, STM32H523ZEJ6, STM32H523ZET6, STM32H533CET6, STM32H533CEU6, STM32H533HEY6TR, STM32H533RET6, STM32H533VEI6, STM32H533VET6, STM32H533ZEJ6, STM32H533ZET6, STM32H562AGI6, STM32H562AII6, STM32H562IGK6, STM32H562IGT6, STM32H562IIK6, STM32H562IIT6, STM32H562RGT6, STM32H562RGV6, STM32H562RIT6, STM32H562RIV6, STM32H562VGT6, STM32H562VIT6, STM32H562ZGT6, STM32H562ZIT6, STM32H563AGI6, STM32H563AII3Q, STM32H563AII6, STM32H563IGK6, STM32H563IGT6, STM32H563IIK3Q, STM32H563IIK6, STM32H563IIT3Q, STM32H563IIT6, STM32H563MIY3QTR, STM32H563RGT6, STM32H563RGV6, STM32H563RIT6, STM32H563RIV6, STM32H563VGT6, STM32H563VIT3Q, STM32H563VIT6, STM32H563ZGT6, STM32H563ZIT3Q, STM32H563ZIT6, STM32H573AII3Q, STM32H573AII6, STM32H573I-DK, STM32H573IIK3Q, STM32H573IIK6, STM32H573IIT3Q, STM32H573IIT6, STM32H573MIY3QTR, STM32H573RIT6, STM32H573RIV6, STM32H573VIT3Q, STM32H573VIT6, STM32H573ZIT3Q, STM32H573ZIT6, STM32H7R3A8I6, STM32H7R3I8K6, STM32H7R3I8T6, STM32H7R3L8H6, STM32H7R3L8H6H, STM32H7R3R8V6, STM32H7R3V8H6, STM32H7R3V8T6, STM32H7R3V8Y6TR, STM32H7R3Z8J6, STM32H7R3Z8T6, STM32H7R7A8I6, STM32H7R7I8K6, STM32H7R7I8T6, STM32H7R7L8H6, STM32H7R7L8H6H, STM32H7R7Z8J6, STM32H7S3A8I6, STM32H7S3I8K6, STM32H7S3I8T6, STM32H7S3L8H6, STM32H7S3L8H6H, STM32H7S3R8V6, STM32H7S3V8H6, STM32H7S3V8T6, STM32H7S3V8Y6TR, STM32H7S3Z8J6, STM32H7S3Z8T6, STM32H7S78-DK, STM32H7S7A8I6, STM32H7S7I8K6, STM32H7S7I8T6, STM32H7S7L8H6, STM32H7S7L8H6H, STM32H7S7Z8J6, STM32L4R5QGI6STR, STM32MP131AAE3, STM32MP131AAF3, STM32MP131AAG3, STM32MP131CAE3, STM32MP131CAF3, STM32MP131CAG3, STM32MP131DAE7, STM32MP131DAF7, STM32MP131DAG7, STM32MP131FAE7, STM32MP131FAF7, STM32MP131FAG7, STM32MP133AAE3, STM32MP133AAF3, STM32MP133AAG3, STM32MP133CAE3, STM32MP133CAF3, STM32MP133CAG3, STM32MP133DAE7, STM32MP133DAF7, STM32MP133DAG7, STM32MP133FAE7, STM32MP133FAF7, STM32MP133FAG7, STM32MP135AAE3, STM32MP135AAF3, STM32MP135AAG3, STM32MP135CAE3, STM32MP135CAF3, STM32MP135CAG3, STM32MP135DAE7, STM32MP135DAF7, STM32MP135DAG7, STM32MP135F-DK, STM32MP135FAE7, STM32MP135FAF7, STM32MP135FAF7T, STM32MP135FAF7U, STM32MP135FAG7, STM32MP251AAI3, STM32MP251AAK3, STM32MP251AAL3, STM32MP251CAI3, STM32MP251CAK3, STM32MP251CAL3, STM32MP251DAI3, STM32MP251DAK3, STM32MP251DAL3, STM32MP251FAI3, STM32MP251FAK3, STM32MP251FAL3, STM32MP253AAI3, STM32MP253AAK3, STM32MP253AAL3, STM32MP253CAI3, STM32MP253CAK3, STM32MP253CAL3, STM32MP253DAI3, STM32MP253DAK3, STM32MP253DAL3, STM32MP253FAI3, STM32MP253FAK3, STM32MP253FAL3, STM32MP255AAI3, STM32MP255AAK3, STM32MP255AAL3, STM32MP255CAI3, STM32MP255CAK3, STM32MP255CAL3, STM32MP255DAI3, STM32MP255DAK3, STM32MP255DAL3, STM32MP255FAI3, STM32MP255FAK3, STM32MP255FAL3, STM32MP257AAI3, STM32MP257AAK3, STM32MP257AAL3, STM32MP257CAI3, STM32MP257CAK3, STM32MP257CAL3, STM32MP257DAI3, STM32MP257DAK3, STM32MP257DAL3, STM32MP257F-DK, STM32MP257F-EV1, STM32MP257FAI3, STM32MP257FAK3, STM32MP257FAL3, STM32U031C6T6, STM32U031C6U6, STM32U031C8T6, STM32U031C8U6, STM32U031F4P6, STM32U031F6P6, STM32U031F8P6, STM32U031G6Y6TR, STM32U031G8Y6TR, STM32U031K4U6, STM32U031K6U6, STM32U031K8U6, STM32U031R6I6, STM32U031R6T6, STM32U031R8I6, STM32U031R8T6, STM32U073C8T6, STM32U073C8U6, STM32U073CBT6, STM32U073CBU6, STM32U073CCT6, STM32U073CCU6, STM32U073H8Y6TR, STM32U073HBY6TR, STM32U073HCY6TR, STM32U073K8U6, STM32U073KBU6, STM32U073KCU6, STM32U073M8I6, STM32U073M8T6, STM32U073MBI6, STM32U073MBT6, STM32U073MCI6, STM32U073MCT6, STM32U073R8I6, STM32U073R8T6, STM32U073RBI6, STM32U073RBT6, STM32U073RCI6, STM32U073RCT6, STM32U083C-DK, STM32U083CCT6, STM32U083CCU6, STM32U083HCY6TR, STM32U083KCU6, STM32U083MCI6, STM32U083MCT6, STM32U083RCI6, STM32U083RCT6, STM32U535CBT6, STM32U535CBT6Q, STM32U535CBU6, STM32U535CBU6Q, STM32U535CCT6, STM32U535CCT6Q, STM32U535CCU6, STM32U535CCU6Q, STM32U535CET6, STM32U535CET6Q, STM32U535CEU6, STM32U535CEU6Q, STM32U535JEY6QTR, STM32U535NCY6QTR, STM32U535NEY6QTR, STM32U535RBI6, STM32U535RBI6Q, STM32U535RBT6, STM32U535RBT6Q, STM32U535RCI6, STM32U535RCI6Q, STM32U535RCT6, STM32U535RCT6Q, STM32U535REI6, STM32U535REI6Q, STM32U535RET6, STM32U535RET6Q, STM32U535VCI6, STM32U535VCI6Q, STM32U535VCT6, STM32U535VCT6Q, STM32U535VEI6, STM32U535VEI6Q, STM32U535VET6, STM32U535VET6Q, STM32U545CET6, STM32U545CET6Q, STM32U545CEU6, STM32U545CEU6Q, STM32U545JEY6QTR, STM32U545NEY6QTR, STM32U545REI6, STM32U545REI6Q, STM32U545RET6, STM32U545RET6Q, STM32U545VEI6, STM32U545VEI6Q, STM32U545VET6, STM32U545VET6Q, STM32U595AIH6, STM32U595AIH6Q, STM32U595AJH6, STM32U595AJH6Q, STM32U595QII6, STM32U595QII6Q, STM32U595QJI6, STM32U595QJI6Q, STM32U595RIT6, STM32U595RIT6Q, STM32U595RJT6, STM32U595RJT6Q, STM32U595VIT6, STM32U595VIT6Q, STM32U595VJT6, STM32U595VJT6Q, STM32U595ZIT6, STM32U595ZIT6Q, STM32U595ZIY6QTR, STM32U595ZJT6, STM32U595ZJT6Q, STM32U595ZJY6QTR, STM32U599BJY6QTR, STM32U599NIH6Q, STM32U599NJH6Q, STM32U599VIT6Q, STM32U599VJT6, STM32U599VJT6Q, STM32U599ZIT6Q, STM32U599ZIY6QTR, STM32U599ZJT6Q, STM32U599ZJY6QTR, STM32U5A5AJH6, STM32U5A5AJH6Q, STM32U5A5QII3Q , STM32U5A5QJI6, STM32U5A5QJI6Q, STM32U5A5RJT6, STM32U5A5RJT6Q, STM32U5A5VJT6, STM32U5A5VJT6Q, STM32U5A5ZJT6, STM32U5A5ZJT6Q, STM32U5A5ZJY6QTR, STM32U5A9BJY6QTR, STM32U5A9J-DK, STM32U5A9NJH6Q, STM32U5A9VJT6Q, STM32U5A9ZJT6Q, STM32U5A9ZJY6QTR, STM32U5F7VIT6, STM32U5F7VIT6Q, STM32U5F7VJT6, STM32U5F7VJT6Q, STM32U5F9BJY6QTR, STM32U5F9NJH6Q, STM32U5F9VIT6Q, STM32U5F9VJT6Q, STM32U5F9ZIJ6QTR, STM32U5F9ZIT6Q, STM32U5F9ZJJ6QTR, STM32U5F9ZJT6Q, STM32U5G7VJT6, STM32U5G7VJT6Q, STM32U5G9BJY6QTR, STM32U5G9J-DK1, STM32U5G9J-DK2, STM32U5G9NJH6Q, STM32U5G9VJT6Q, STM32U5G9ZJJ6QTR, STM32U5G9ZJT6Q, STM32WB05KZV6TR, STM32WB05KZV7TR, STM32WB05TZF6TR, STM32WB05TZF7TR, STM32WB06CCF6TR, STM32WB06CCF7TR, STM32WB06CCV6TR, STM32WB06CCV7TR, STM32WB06KCV6TR, STM32WB06KCV7TR, STM32WB07CCF6TR, STM32WB07CCF7TR, STM32WB07CCV6TR, STM32WB07CCV7TR, STM32WB07KCV6TR, STM32WB07KCV7TR, STM32WB09KEV6TR, STM32WB09KEV7TR, STM32WB09TEF6TR, STM32WB09TEF7TR, STM32WB1MMCH6, STM32WBA50KGU6, STM32WBA50KGU6TR, STM32WBA52CEU6, STM32WBA52CEU6TR, STM32WBA52CEU7, STM32WBA52CEU7TR, STM32WBA52CGU6, STM32WBA52CGU6TR, STM32WBA52CGU6U, STM32WBA52CGU7, STM32WBA52CGU7TR, STM32WBA52KEU6, STM32WBA52KEU6TR, STM32WBA52KGU6, STM32WBA52KGU6TR, STM32WBA54CEU6, STM32WBA54CEU6TR, STM32WBA54CEU7, STM32WBA54CEU7TR, STM32WBA54CGU6, STM32WBA54CGU6TR, STM32WBA54CGU7, STM32WBA54CGU7TR, STM32WBA54KEU6, STM32WBA54KEU6TR, STM32WBA54KEU7, STM32WBA54KEU7TR, STM32WBA54KGU6, STM32WBA54KGU6TR, STM32WBA54KGU7, STM32WBA54KGU7TR, STM32WBA55CEU6, STM32WBA55CEU6TR, STM32WBA55CEU7, STM32WBA55CEU7TR, STM32WBA55CGU6, STM32WBA55CGU6TR, STM32WBA55CGU6U, STM32WBA55CGU7, STM32WBA55CGU7TR, STM32WBA55G-DK1, STM32WBA55HEF6, STM32WBA55HEF7, STM32WBA55HGF6, STM32WBA55HGF7, STM32WBA55UEI6, STM32WBA55UEI6TR, STM32WBA55UEI7, STM32WBA55UEI7TR, STM32WBA55UGI6, STM32WBA55UGI6TR, STM32WBA55UGI7, STM32WBA55UGI7TR, STM32WL5MOCH6, STM32WL5MOCH6TR]
2024-11-18 17:50:41,783 [INFO] DbMcus:218 - Found 4252 MCUs, 4252 are supported
2024-11-18 17:50:41,783 [INFO] ApiDb:423 - Load user favorites file C:\Users\talur/.stm32cubeide/favorites.mcus.txt: 0 item(s)
2024-11-18 17:50:41,783 [INFO] ApiDb:427 - User favorites MCUs=[]
2024-11-18 17:50:41,783 [INFO] DbMcus:224 - Set 0 / 0 favorites MCUs
2024-11-18 17:50:42,250 [INFO] ApiDb:448 - Save user favorites file C:\Users\talur/.stm32cubeide/favorites.boards.txt: 1 item(s)
2024-11-18 17:50:42,250 [INFO] ApiDb:452 - User favorites Boards=[STM32F407G-DISC1]
2024-11-18 17:50:42,255 [INFO] ApiDb:581 - Connected to CubeFinder SQLite database (C:\Users\talur\.stmcufinder\plugins\mcufinder\mcu\cube-finder-db.db)
2024-11-18 17:50:42,336 [INFO] ApiDb:668 - CubeFinder database Data Model version=2.1
2024-11-18 17:50:42,336 [INFO] ApiDb:669 - CubeFinder database Configuration version=3.0.39
2024-11-18 17:50:42,336 [INFO] ApiDb:670 - CubeFinder database generation date=2024-10-15 (1729006872)
2024-11-18 17:50:42,336 [INFO] ApiDb:671 - CubeFinder database FW Pack versions=[FP-ATR-ASTRA1_V2.0.0, FP-SNS-FLIGHT1_V5.0.2, FP-SNS-MOTENV1_V5.0.0, FP-SNS-MOTENVWB1_V1.4.0, FP-SNS-SMARTAG2_V1.2.0, FP-SNS-STBOX1_V2.0.0, STM32Cube_FW_C0_V1.2.0, STM32Cube_FW_F4_V1.28.1, STM32Cube_FW_F7_V1.17.2, STM32Cube_FW_G0_V1.6.2, STM32Cube_FW_G4_V1.6.0, STM32Cube_FW_H5_V1.3.0, STM32Cube_FW_H7RS_V1.1.0, STM32Cube_FW_H7_V1.11.2, STM32Cube_FW_L0_V1.12.2, STM32Cube_FW_L5_V1.5.1, STM32Cube_FW_U0_V1.1.0, STM32Cube_FW_U5_V1.6.0, STM32Cube_FW_WB0_V1.0.0, STM32Cube_FW_WBA_V1.4.1, STM32Cube_FW_WB_V1.20.0, STM32Cube_FW_WL_V1.3.0, X-CUBE-ALGOBUILD_V1.4.0, X-CUBE-ALS_V1.0.2, X-CUBE-AZRTOS-F4_V1.1.0, X-CUBE-AZRTOS-F7_V1.1.0, X-CUBE-AZRTOS-G0_V1.1.0, X-CUBE-AZRTOS-G4_V2.0.0, X-CUBE-AZRTOS-H7RS_V1.0.0, X-CUBE-AZRTOS-H7_V3.3.0, X-CUBE-AZRTOS-L4_V2.0.0, X-CUBE-AZRTOS-L5_V2.0.0, X-CUBE-AZRTOS-WB_V2.0.0, X-CUBE-AZRTOS-WL_V2.0.0, X-CUBE-BLE1_V7.0.0, X-CUBE-BLE2_V3.3.0, X-CUBE-BLEMGR_V3.1.0, X-CUBE-EEPRMA1_V5.1.0, X-CUBE-FREERTOS_V1.2.0, X-CUBE-GNSS1_V6.0.0, X-CUBE-MEMS1_V11.0.0, X-CUBE-NFC4_V3.0.0, X-CUBE-NFC7_V1.0.1, X-CUBE-SFXS2LP1_V4.0.0, X-CUBE-SUBG2_V5.0.0, X-CUBE-TOF1_V3.4.2]
2024-11-18 17:50:42,396 [INFO] DbBoardsSqlite:226 - include board P-NUCLEO-WB55-NUCLEO as a kit item of type 'Nucleo-64'
2024-11-18 17:50:42,396 [INFO] DbBoardsSqlite:226 - include board P-NUCLEO-WB55-USBDONGLE as a kit item of type 'Nucleo USB Dongle'
2024-11-18 17:50:42,396 [INFO] DbBoardsSqlite:226 - include board STEVAL-IDP005V1 as a kit item of type 'Evaluation Board'
2024-11-18 17:50:42,397 [INFO] DbBoardsSqlite:226 - include board STEVAL-IDP005V2 as a kit item of type 'Evaluation Board'
2024-11-18 17:50:42,458 [INFO] ApiDb:240 - Found 646 in-development CPN: [B-G473E-ZEST1S, B-WB1M-WPAN1, B-WL5M-SUBG1, NUCLEO-C031C6, NUCLEO-C071RB, NUCLEO-H503RB, NUCLEO-H533RE, NUCLEO-H563ZI, NUCLEO-H7S3L8, NUCLEO-U031R8, NUCLEO-U083RC, NUCLEO-U545RE-Q, NUCLEO-U5A5ZJ-Q, NUCLEO-WB05KZ, NUCLEO-WB07CC, NUCLEO-WB09KE, NUCLEO-WBA52CG, NUCLEO-WBA55CG, STEVAL-PROTEUS1, STEVAL-SMARTAG2, STEVAL-STWINBX1, STM320518-EVAL, STM32C0116-DK, STM32C011D6Y3TR, STM32C011D6Y6TR, STM32C011F4P3, STM32C011F4P6, STM32C011F4U3, STM32C011F4U6TR, STM32C011F6P3, STM32C011F6P6, STM32C011F6U3, STM32C011F6U6TR, STM32C011J4M3, STM32C011J4M6, STM32C011J6M3, STM32C011J6M6, STM32C0316-DK, STM32C031C4T3, STM32C031C4T6, STM32C031C4U3, STM32C031C4U6, STM32C031C6T3, STM32C031C6T6, STM32C031C6U3, STM32C031C6U6, STM32C031F4P3, STM32C031F4P6, STM32C031F6P3, STM32C031F6P6, STM32C031G4U3, STM32C031G4U6, STM32C031G6U3, STM32C031G6U6, STM32C031K4T3, STM32C031K4T6, STM32C031K4U3, STM32C031K4U6, STM32C031K6T3, STM32C031K6T6, STM32C031K6U3, STM32C031K6U6, STM32C071C8T6, STM32C071C8T6N, STM32C071C8U6, STM32C071C8U6N, STM32C071CBT6, STM32C071CBT6N, STM32C071CBU6, STM32C071CBU6N, STM32C071F8P6, STM32C071F8P6N, STM32C071FBP6, STM32C071FBP6N, STM32C071FBY6TR, STM32C071G8U6, STM32C071G8U6N, STM32C071GBU6, STM32C071GBU6N, STM32C071K8T6, STM32C071K8T6N, STM32C071K8U6, STM32C071K8U6N, STM32C071KBT6, STM32C071KBT6N, STM32C071KBU6, STM32C071KBU6N, STM32C071R8T6, STM32C071R8T6N, STM32C071RBI6N, STM32C071RBT6, STM32C071RBT6N, STM32G071K8TXN, STM32G071K8UXN, STM32G081GBU6N, STM32G081KBT6N, STM32G081KBUXN, STM32G0B1CCT6N, STM32G0B1KCT6, STM32G0B1NEY6TR, STM32G0B1RCT6N, STM32G0C1CCT6, STM32G0C1CCT6N, STM32G0C1CCU6N, STM32G0C1CET6N, STM32G0C1CEU6N, STM32G0C1KCT6, STM32G0C1NEY6TR, STM32G0C1RCI6N, STM32G0C1RCT6N, STM32G0C1REI6N, STM32G0C1RET6N, STM32G0C1VCI6, STM32G0C1VEI6, STM32G411C6T3, STM32G411C6T6, STM32G411C6U3, STM32G411C6U6, STM32G411C8T3, STM32G411C8T6, STM32G411C8U3, STM32G411C8U6, STM32G411CBT3, STM32G411CBT6, STM32G411CBU3, STM32G411CBU6, STM32G411K6T3, STM32G411K6T6, STM32G411K6U3, STM32G411K6U6, STM32G411K8T3, STM32G411K8T6, STM32G411K8U3, STM32G411K8U6, STM32G411KBT3, STM32G411KBT6, STM32G411KBU3, STM32G411KBU6, STM32G411M6T3, STM32G411M6T6, STM32G411M8T3, STM32G411M8T6, STM32G411MBT3, STM32G411MBT6, STM32G411R6T3, STM32G411R6T6, STM32G411R8T3, STM32G411R8T6, STM32G411RBT3, STM32G411RBT6, STM32G414CBT3, STM32G414CBT6, STM32G414CBU3, STM32G414CBU6, STM32G414CCT3, STM32G414CCT6, STM32G414CCU3, STM32G414CCU6, STM32G414MBT3, STM32G414MBT6, STM32G414MCT3, STM32G414MCT6, STM32G414RBT3, STM32G414RBT6, STM32G414RCT3, STM32G414RCT6, STM32G414VBT3, STM32G414VBT6, STM32G414VCT3, STM32G414VCT6, STM32G431CBT3Z, STM32G431RBT3Z, STM32G471CCT6, STM32G471CCU6, STM32G471CET3, STM32G471CET6, STM32G471CEU3, STM32G471CEU6, STM32G471MCT6, STM32G471MET3, STM32G471MET6, STM32G471MEY6TR, STM32G471QCT6, STM32G471QET3, STM32G471RCT6, STM32G471RET3, STM32G471RET6, STM32G471VCH6, STM32G471VCI6, STM32G471VCT6, STM32G471VEH3, STM32G471VEH6, STM32G471VEI3, STM32G471VEI6, STM32G471VET3, STM32G471VET6, STM32G473QET3Z, STM32G473RET3Z, STM32G474CCT6, STM32G491RET3Z, STM32H503CBT6, STM32H503CBU6, STM32H503EBY6TR, STM32H503KBU6, STM32H503RBT6, STM32H523CCT6, STM32H523CCU6, STM32H523CET6, STM32H523CEU6, STM32H523HEY6TR, STM32H523RCT6, STM32H523RET6, STM32H523VCI6, STM32H523VCT6, STM32H523VEI6, STM32H523VET6, STM32H523ZCJ6, STM32H523ZCT6, STM32H523ZEJ6, STM32H523ZET6, STM32H533CET6, STM32H533CEU6, STM32H533HEY6TR, STM32H533RET6, STM32H533VEI6, STM32H533VET6, STM32H533ZEJ6, STM32H533ZET6, STM32H562AGI6, STM32H562AII6, STM32H562IGK6, STM32H562IGT6, STM32H562IIK6, STM32H562IIT6, STM32H562RGT6, STM32H562RGV6, STM32H562RIT6, STM32H562RIV6, STM32H562VGT6, STM32H562VIT6, STM32H562ZGT6, STM32H562ZIT6, STM32H563AGI6, STM32H563AII3Q, STM32H563AII6, STM32H563IGK6, STM32H563IGT6, STM32H563IIK3Q, STM32H563IIK6, STM32H563IIT3Q, STM32H563IIT6, STM32H563MIY3QTR, STM32H563RGT6, STM32H563RGV6, STM32H563RIT6, STM32H563RIV6, STM32H563VGT6, STM32H563VIT3Q, STM32H563VIT6, STM32H563ZGT6, STM32H563ZIT3Q, STM32H563ZIT6, STM32H573AII3Q, STM32H573AII6, STM32H573I-DK, STM32H573IIK3Q, STM32H573IIK6, STM32H573IIT3Q, STM32H573IIT6, STM32H573MIY3QTR, STM32H573RIT6, STM32H573RIV6, STM32H573VIT3Q, STM32H573VIT6, STM32H573ZIT3Q, STM32H573ZIT6, STM32H7R3A8I6, STM32H7R3I8K6, STM32H7R3I8T6, STM32H7R3L8H6, STM32H7R3L8H6H, STM32H7R3R8V6, STM32H7R3V8H6, STM32H7R3V8T6, STM32H7R3V8Y6TR, STM32H7R3Z8J6, STM32H7R3Z8T6, STM32H7R7A8I6, STM32H7R7I8K6, STM32H7R7I8T6, STM32H7R7L8H6, STM32H7R7L8H6H, STM32H7R7Z8J6, STM32H7S3A8I6, STM32H7S3I8K6, STM32H7S3I8T6, STM32H7S3L8H6, STM32H7S3L8H6H, STM32H7S3R8V6, STM32H7S3V8H6, STM32H7S3V8T6, STM32H7S3V8Y6TR, STM32H7S3Z8J6, STM32H7S3Z8T6, STM32H7S78-DK, STM32H7S7A8I6, STM32H7S7I8K6, STM32H7S7I8T6, STM32H7S7L8H6, STM32H7S7L8H6H, STM32H7S7Z8J6, STM32L4R5QGI6STR, STM32MP131AAE3, STM32MP131AAF3, STM32MP131AAG3, STM32MP131CAE3, STM32MP131CAF3, STM32MP131CAG3, STM32MP131DAE7, STM32MP131DAF7, STM32MP131DAG7, STM32MP131FAE7, STM32MP131FAF7, STM32MP131FAG7, STM32MP133AAE3, STM32MP133AAF3, STM32MP133AAG3, STM32MP133CAE3, STM32MP133CAF3, STM32MP133CAG3, STM32MP133DAE7, STM32MP133DAF7, STM32MP133DAG7, STM32MP133FAE7, STM32MP133FAF7, STM32MP133FAG7, STM32MP135AAE3, STM32MP135AAF3, STM32MP135AAG3, STM32MP135CAE3, STM32MP135CAF3, STM32MP135CAG3, STM32MP135DAE7, STM32MP135DAF7, STM32MP135DAG7, STM32MP135F-DK, STM32MP135FAE7, STM32MP135FAF7, STM32MP135FAF7T, STM32MP135FAF7U, STM32MP135FAG7, STM32MP251AAI3, STM32MP251AAK3, STM32MP251AAL3, STM32MP251CAI3, STM32MP251CAK3, STM32MP251CAL3, STM32MP251DAI3, STM32MP251DAK3, STM32MP251DAL3, STM32MP251FAI3, STM32MP251FAK3, STM32MP251FAL3, STM32MP253AAI3, STM32MP253AAK3, STM32MP253AAL3, STM32MP253CAI3, STM32MP253CAK3, STM32MP253CAL3, STM32MP253DAI3, STM32MP253DAK3, STM32MP253DAL3, STM32MP253FAI3, STM32MP253FAK3, STM32MP253FAL3, STM32MP255AAI3, STM32MP255AAK3, STM32MP255AAL3, STM32MP255CAI3, STM32MP255CAK3, STM32MP255CAL3, STM32MP255DAI3, STM32MP255DAK3, STM32MP255DAL3, STM32MP255FAI3, STM32MP255FAK3, STM32MP255FAL3, STM32MP257AAI3, STM32MP257AAK3, STM32MP257AAL3, STM32MP257CAI3, STM32MP257CAK3, STM32MP257CAL3, STM32MP257DAI3, STM32MP257DAK3, STM32MP257DAL3, STM32MP257F-DK, STM32MP257F-EV1, STM32MP257FAI3, STM32MP257FAK3, STM32MP257FAL3, STM32U031C6T6, STM32U031C6U6, STM32U031C8T6, STM32U031C8U6, STM32U031F4P6, STM32U031F6P6, STM32U031F8P6, STM32U031G6Y6TR, STM32U031G8Y6TR, STM32U031K4U6, STM32U031K6U6, STM32U031K8U6, STM32U031R6I6, STM32U031R6T6, STM32U031R8I6, STM32U031R8T6, STM32U073C8T6, STM32U073C8U6, STM32U073CBT6, STM32U073CBU6, STM32U073CCT6, STM32U073CCU6, STM32U073H8Y6TR, STM32U073HBY6TR, STM32U073HCY6TR, STM32U073K8U6, STM32U073KBU6, STM32U073KCU6, STM32U073M8I6, STM32U073M8T6, STM32U073MBI6, STM32U073MBT6, STM32U073MCI6, STM32U073MCT6, STM32U073R8I6, STM32U073R8T6, STM32U073RBI6, STM32U073RBT6, STM32U073RCI6, STM32U073RCT6, STM32U083C-DK, STM32U083CCT6, STM32U083CCU6, STM32U083HCY6TR, STM32U083KCU6, STM32U083MCI6, STM32U083MCT6, STM32U083RCI6, STM32U083RCT6, STM32U535CBT6, STM32U535CBT6Q, STM32U535CBU6, STM32U535CBU6Q, STM32U535CCT6, STM32U535CCT6Q, STM32U535CCU6, STM32U535CCU6Q, STM32U535CET6, STM32U535CET6Q, STM32U535CEU6, STM32U535CEU6Q, STM32U535JEY6QTR, STM32U535NCY6QTR, STM32U535NEY6QTR, STM32U535RBI6, STM32U535RBI6Q, STM32U535RBT6, STM32U535RBT6Q, STM32U535RCI6, STM32U535RCI6Q, STM32U535RCT6, STM32U535RCT6Q, STM32U535REI6, STM32U535REI6Q, STM32U535RET6, STM32U535RET6Q, STM32U535VCI6, STM32U535VCI6Q, STM32U535VCT6, STM32U535VCT6Q, STM32U535VEI6, STM32U535VEI6Q, STM32U535VET6, STM32U535VET6Q, STM32U545CET6, STM32U545CET6Q, STM32U545CEU6, STM32U545CEU6Q, STM32U545JEY6QTR, STM32U545NEY6QTR, STM32U545REI6, STM32U545REI6Q, STM32U545RET6, STM32U545RET6Q, STM32U545VEI6, STM32U545VEI6Q, STM32U545VET6, STM32U545VET6Q, STM32U595AIH6, STM32U595AIH6Q, STM32U595AJH6, STM32U595AJH6Q, STM32U595QII6, STM32U595QII6Q, STM32U595QJI6, STM32U595QJI6Q, STM32U595RIT6, STM32U595RIT6Q, STM32U595RJT6, STM32U595RJT6Q, STM32U595VIT6, STM32U595VIT6Q, STM32U595VJT6, STM32U595VJT6Q, STM32U595ZIT6, STM32U595ZIT6Q, STM32U595ZIY6QTR, STM32U595ZJT6, STM32U595ZJT6Q, STM32U595ZJY6QTR, STM32U599BJY6QTR, STM32U599NIH6Q, STM32U599NJH6Q, STM32U599VIT6Q, STM32U599VJT6, STM32U599VJT6Q, STM32U599ZIT6Q, STM32U599ZIY6QTR, STM32U599ZJT6Q, STM32U599ZJY6QTR, STM32U5A5AJH6, STM32U5A5AJH6Q, STM32U5A5QII3Q , STM32U5A5QJI6, STM32U5A5QJI6Q, STM32U5A5RJT6, STM32U5A5RJT6Q, STM32U5A5VJT6, STM32U5A5VJT6Q, STM32U5A5ZJT6, STM32U5A5ZJT6Q, STM32U5A5ZJY6QTR, STM32U5A9BJY6QTR, STM32U5A9J-DK, STM32U5A9NJH6Q, STM32U5A9VJT6Q, STM32U5A9ZJT6Q, STM32U5A9ZJY6QTR, STM32U5F7VIT6, STM32U5F7VIT6Q, STM32U5F7VJT6, STM32U5F7VJT6Q, STM32U5F9BJY6QTR, STM32U5F9NJH6Q, STM32U5F9VIT6Q, STM32U5F9VJT6Q, STM32U5F9ZIJ6QTR, STM32U5F9ZIT6Q, STM32U5F9ZJJ6QTR, STM32U5F9ZJT6Q, STM32U5G7VJT6, STM32U5G7VJT6Q, STM32U5G9BJY6QTR, STM32U5G9J-DK1, STM32U5G9J-DK2, STM32U5G9NJH6Q, STM32U5G9VJT6Q, STM32U5G9ZJJ6QTR, STM32U5G9ZJT6Q, STM32WB05KZV6TR, STM32WB05KZV7TR, STM32WB05TZF6TR, STM32WB05TZF7TR, STM32WB06CCF6TR, STM32WB06CCF7TR, STM32WB06CCV6TR, STM32WB06CCV7TR, STM32WB06KCV6TR, STM32WB06KCV7TR, STM32WB07CCF6TR, STM32WB07CCF7TR, STM32WB07CCV6TR, STM32WB07CCV7TR, STM32WB07KCV6TR, STM32WB07KCV7TR, STM32WB09KEV6TR, STM32WB09KEV7TR, STM32WB09TEF6TR, STM32WB09TEF7TR, STM32WB1MMCH6, STM32WBA50KGU6, STM32WBA50KGU6TR, STM32WBA52CEU6, STM32WBA52CEU6TR, STM32WBA52CEU7, STM32WBA52CEU7TR, STM32WBA52CGU6, STM32WBA52CGU6TR, STM32WBA52CGU6U, STM32WBA52CGU7, STM32WBA52CGU7TR, STM32WBA52KEU6, STM32WBA52KEU6TR, STM32WBA52KGU6, STM32WBA52KGU6TR, STM32WBA54CEU6, STM32WBA54CEU6TR, STM32WBA54CEU7, STM32WBA54CEU7TR, STM32WBA54CGU6, STM32WBA54CGU6TR, STM32WBA54CGU7, STM32WBA54CGU7TR, STM32WBA54KEU6, STM32WBA54KEU6TR, STM32WBA54KEU7, STM32WBA54KEU7TR, STM32WBA54KGU6, STM32WBA54KGU6TR, STM32WBA54KGU7, STM32WBA54KGU7TR, STM32WBA55CEU6, STM32WBA55CEU6TR, STM32WBA55CEU7, STM32WBA55CEU7TR, STM32WBA55CGU6, STM32WBA55CGU6TR, STM32WBA55CGU6U, STM32WBA55CGU7, STM32WBA55CGU7TR, STM32WBA55G-DK1, STM32WBA55HEF6, STM32WBA55HEF7, STM32WBA55HGF6, STM32WBA55HGF7, STM32WBA55UEI6, STM32WBA55UEI6TR, STM32WBA55UEI7, STM32WBA55UEI7TR, STM32WBA55UGI6, STM32WBA55UGI6TR, STM32WBA55UGI7, STM32WBA55UGI7TR, STM32WL5MOCH6, STM32WL5MOCH6TR]
2024-11-18 17:50:42,675 [INFO] BoardInfo:889 - No configuration file found for board P-NUCLEO-WB55
2024-11-18 17:50:42,676 [INFO] DbBoards:161 - Kit is not supported: P-NUCLEO-WB55
2024-11-18 17:50:42,682 [INFO] BoardInfo:889 - No configuration file found for board STEVAL-BFA001V1B
2024-11-18 17:50:42,683 [INFO] DbBoards:161 - Kit is not supported: STEVAL-BFA001V1B
2024-11-18 17:50:42,684 [INFO] BoardInfo:889 - No configuration file found for board STEVAL-BFA001V2B
2024-11-18 17:50:42,685 [INFO] DbBoards:161 - Kit is not supported: STEVAL-BFA001V2B
2024-11-18 17:50:43,000 [INFO] DbBoards:168 - Found 201 boards, 198 are supported
2024-11-18 17:50:43,001 [INFO] DbBoards:169 - Found 201 boards, 25 of them is supported for  Bsp
2024-11-18 17:50:43,003 [INFO] ApiDb:423 - Load user favorites file C:\Users\talur/.stm32cubeide/favorites.boards.txt: 1 item(s)
2024-11-18 17:50:43,003 [INFO] ApiDb:427 - User favorites Boards=[STM32F407G-DISC1]
2024-11-18 17:50:43,003 [INFO] DbBoards:198 - Set 1 / 1 favorites Boards
2024-11-18 17:50:43,028 [INFO] LoadUrlFilesThread:185 - End of LoadServerUrlFiles without Thread
2024-11-18 17:50:43,028 [INFO] TargetSelectorAdapter:259 - Refresh data is successful
2024-11-18 17:50:43,033 [INFO] ApiDb:668 - CubeFinder database Data Model version=2.1
2024-11-18 17:50:43,033 [INFO] ApiDb:669 - CubeFinder database Configuration version=3.0.39
2024-11-18 17:50:43,033 [INFO] ApiDb:670 - CubeFinder database generation date=2024-10-15 (1729006872)
2024-11-18 17:50:43,033 [INFO] ApiDb:671 - CubeFinder database FW Pack versions=[FP-ATR-ASTRA1_V2.0.0, FP-SNS-FLIGHT1_V5.0.2, FP-SNS-MOTENV1_V5.0.0, FP-SNS-MOTENVWB1_V1.4.0, FP-SNS-SMARTAG2_V1.2.0, FP-SNS-STBOX1_V2.0.0, STM32Cube_FW_C0_V1.2.0, STM32Cube_FW_F4_V1.28.1, STM32Cube_FW_F7_V1.17.2, STM32Cube_FW_G0_V1.6.2, STM32Cube_FW_G4_V1.6.0, STM32Cube_FW_H5_V1.3.0, STM32Cube_FW_H7RS_V1.1.0, STM32Cube_FW_H7_V1.11.2, STM32Cube_FW_L0_V1.12.2, STM32Cube_FW_L5_V1.5.1, STM32Cube_FW_U0_V1.1.0, STM32Cube_FW_U5_V1.6.0, STM32Cube_FW_WB0_V1.0.0, STM32Cube_FW_WBA_V1.4.1, STM32Cube_FW_WB_V1.20.0, STM32Cube_FW_WL_V1.3.0, X-CUBE-ALGOBUILD_V1.4.0, X-CUBE-ALS_V1.0.2, X-CUBE-AZRTOS-F4_V1.1.0, X-CUBE-AZRTOS-F7_V1.1.0, X-CUBE-AZRTOS-G0_V1.1.0, X-CUBE-AZRTOS-G4_V2.0.0, X-CUBE-AZRTOS-H7RS_V1.0.0, X-CUBE-AZRTOS-H7_V3.3.0, X-CUBE-AZRTOS-L4_V2.0.0, X-CUBE-AZRTOS-L5_V2.0.0, X-CUBE-AZRTOS-WB_V2.0.0, X-CUBE-AZRTOS-WL_V2.0.0, X-CUBE-BLE1_V7.0.0, X-CUBE-BLE2_V3.3.0, X-CUBE-BLEMGR_V3.1.0, X-CUBE-EEPRMA1_V5.1.0, X-CUBE-FREERTOS_V1.2.0, X-CUBE-GNSS1_V6.0.0, X-CUBE-MEMS1_V11.0.0, X-CUBE-NFC4_V3.0.0, X-CUBE-NFC7_V1.0.1, X-CUBE-SFXS2LP1_V4.0.0, X-CUBE-SUBG2_V5.0.0, X-CUBE-TOF1_V3.4.2]
2024-11-18 17:50:43,937 [ERROR] DbExamplesSqlite:437 - Missing JSON key: board_cpn
2024-11-18 17:50:43,937 [ERROR] DbExamplesSqlite:437 - Missing JSON key: board_cpn
2024-11-18 17:50:43,938 [ERROR] DbExamplesSqlite:437 - Missing JSON key: board_cpn
2024-11-18 17:50:43,938 [ERROR] DbExamplesSqlite:437 - Missing JSON key: board_cpn
2024-11-18 17:50:44,072 [ERROR] DbExamplesSqlite:437 - Missing JSON key: board_cpn
2024-11-18 17:50:44,072 [ERROR] DbExamplesSqlite:437 - Missing JSON key: board_cpn
2024-11-18 17:50:44,072 [ERROR] DbExamplesSqlite:437 - Missing JSON key: board_cpn
2024-11-18 17:50:44,072 [ERROR] DbExamplesSqlite:437 - Missing JSON key: board_cpn
2024-11-18 17:50:44,073 [ERROR] DbExamplesSqlite:437 - Missing JSON key: board_cpn
2024-11-18 17:50:44,073 [ERROR] DbExamplesSqlite:437 - Missing JSON key: board_cpn
2024-11-18 17:50:44,073 [ERROR] DbExamplesSqlite:437 - Missing JSON key: board_cpn
2024-11-18 17:50:44,073 [ERROR] DbExamplesSqlite:437 - Missing JSON key: board_cpn
2024-11-18 17:50:44,073 [ERROR] DbExamplesSqlite:437 - Missing JSON key: board_cpn
2024-11-18 17:50:44,075 [INFO] DbExamplesSqlite:395 - Ignored 28 examples not supported by CubeIDE
2024-11-18 17:50:44,075 [INFO] DbExamplesSqlite:396 - Found 8617 examples active
2024-11-18 17:50:44,075 [INFO] DbExamplesSqlite:397 - Found 0 examples obsolete
2024-11-18 17:50:44,076 [INFO] DbExamplesSqlite:398 - Found 0 examples under development
2024-11-18 17:50:44,076 [INFO] DbExamplesSqlite:399 - Found 10 examples not building
2024-11-18 17:50:44,078 [INFO] DbExamples:125 - Found 8599 examples
2024-11-18 17:50:44,092 [INFO] DbExamples:222 - Found 108 boards with related examples
2024-11-18 17:50:44,094 [INFO] DbExamples:235 - Found 90 MCUs with related examples
2024-11-18 17:50:44,125 [INFO] ApiDb:414 - User favorites file not found: C:\Users\talur/.stm32cubeide/favorites.examples.txt
2024-11-18 17:50:44,127 [INFO] DbExamples:250 - Set 0 / 0 favorites Examples
2024-11-18 17:50:44,206 [INFO] McuFinderGlobals:76 - Set McuFinderConnectedMode to true
2024-11-18 17:50:44,209 [INFO] MultiScanPanel:200 - Auto-refresh data requested => check proxy status ongoing
2024-11-18 17:50:44,211 [INFO] FinderPluginLoader:95 - Searching for filters in installed packs
2024-11-18 17:50:45,634 [INFO] LoadUrlFilesThread:185 - End of LoadServerUrlFiles without Thread
2024-11-18 17:50:45,634 [INFO] DetailPanel:341 - Set advertising image to C:/Users/talur/STM32Cube/Repository/\en.prom-stm32c071-usb-memories-mcu-finder.png
2024-11-18 17:50:49,082 [INFO] MultiScanPanel:200 - Auto-refresh data requested => check proxy status ongoing
2024-11-18 17:50:49,185 [INFO] LoadUrlFilesThread:185 - End of LoadServerUrlFiles without Thread
2024-11-18 17:50:49,185 [INFO] DetailPanel:341 - Set advertising image to C:/Users/talur/STM32Cube/Repository/\en.prom-stm32c071-usb-memories-mcu-finder.png
2024-11-18 17:50:49,193 [INFO] DbBoards:642 - Loading board mini-images...
2024-11-18 17:50:50,126 [ERROR] DbBoards:659 - Image file not found for board NUCLEO-WB05KZ: C:\Users\talur\.stmcufinder\plugins\mcufinder//mcu//boards_images/NUCLEO-WB05KZ.jpg
2024-11-18 17:50:51,263 [INFO] DbBoards:665 - Loaded 200 board mini-images
2024-11-18 17:50:58,966 [INFO] BoardResultTable:719 - Unmark Board STM32F407G-DISC1 as favorite
2024-11-18 17:51:17,117 [INFO] McuFinderGlobals:76 - Set McuFinderConnectedMode to true
2024-11-18 17:51:17,122 [INFO] ApiDb:448 - Save user favorites file C:\Users\talur/.stm32cubeide/favorites.mcus.txt: 0 item(s)
2024-11-18 17:51:17,122 [INFO] ApiDb:452 - User favorites MCUs=[]
2024-11-18 17:51:17,124 [INFO] ApiDb:448 - Save user favorites file C:\Users\talur/.stm32cubeide/favorites.boards.txt: 0 item(s)
2024-11-18 17:51:17,125 [INFO] ApiDb:452 - User favorites Boards=[]
2024-11-18 17:54:20,316 [INFO] WebApp:189 - Connection lost
2024-11-18 17:54:35,555 [INFO] WebApp:186 - Connection restablished
2024-11-18 18:20:20,081 [INFO] WebApp:189 - Connection lost
2024-11-18 18:20:38,124 [INFO] WebApp:186 - Connection restablished
2024-11-18 18:21:46,433 [INFO] WebApp:189 - Connection lost
2024-11-18 18:22:09,703 [INFO] WebApp:186 - Connection restablished
2024-11-18 18:25:15,351 [INFO] WebApp:189 - Connection lost
2024-11-18 18:25:36,750 [INFO] WebApp:186 - Connection restablished
