2025-03-12 08:38:01,076 [INFO] Activator:176 - 


2025-03-12 08:38:01,088 [INFO] Activator:177 - !SESSION log4j initialized
2025-03-12 08:38:10,566 [INFO] LogOutputStream:77 - [STDOUT_REDIRECT] 
2025-03-12 08:38:12,407 [INFO] ApplicationProperties:184 - Using Application install path: C:\ST\STM32CubeIDE_1.16.1\STM32CubeIDE\plugins\com.st.stm32cube.common.mx_6.12.1.202409122256
2025-03-12 08:38:12,433 [INFO] DbMcusXml:78 - Set database path to: C:\ST\STM32CubeIDE_1.16.1\STM32CubeIDE\plugins\com.st.stm32cube.common.mx_6.12.1.202409122256\\db\/mcu/
2025-03-12 08:38:12,434 [INFO] ApiDb:274 - Set plugin database path to: C:\ST\STM32CubeIDE_1.16.1\STM32CubeIDE\plugins\com.st.stm32cube.common.mx_6.12.1.202409122256\\db\/plugins/boardmanager/
2025-03-12 08:38:12,435 [WARN] ApiDb:259 - Overriding images path with different value:  => C:\ST\STM32CubeIDE_1.16.1\STM32CubeIDE\plugins\com.st.stm32cube.common.mx_6.12.1.202409122256\\db\/plugins/mcufinder/images/
2025-03-12 08:38:12,453 [INFO] ApiDb:250 - Set database path to: C:\Users\talur\.stmcufinder\plugins\mcufinder//mcu/
2025-03-12 08:38:12,454 [INFO] DbMcusAds:125 - Set database path to: C:\Users\talur\.stmcufinder\plugins\mcufinder//mcu/
2025-03-12 08:38:12,458 [INFO] CrossReferenceDbSqlite:203 - Set database path to: C:\Users\talur\.stmcufinder\plugins\mcufinder//mcu/cs/
2025-03-12 08:38:12,606 [INFO] RulesReader:64 - Compatibility file has been processed (297 Rules)
2025-03-12 08:38:12,725 [INFO] DbMcusXml:78 - Set database path to: C:\ST\STM32CubeIDE_1.16.1\STM32CubeIDE\plugins\com.st.stm32cube.common.mx_6.12.1.202409122256\\db\/mcu/
2025-03-12 08:38:12,725 [INFO] ApiDb:274 - Set plugin database path to: C:\ST\STM32CubeIDE_1.16.1\STM32CubeIDE\plugins\com.st.stm32cube.common.mx_6.12.1.202409122256\\db\/plugins/boardmanager/
2025-03-12 08:38:12,725 [INFO] ApiDb:261 - Set plugin images path to: C:\ST\STM32CubeIDE_1.16.1\STM32CubeIDE\plugins\com.st.stm32cube.common.mx_6.12.1.202409122256\\db\/plugins/mcufinder/images/
2025-03-12 08:38:12,725 [WARN] DbFile:41 - Overriding database path with different value: C:\Users\talur\.stmcufinder\plugins\mcufinder/ => C:\Users\talur\.stmcufinder\plugins\mcufinder
2025-03-12 08:38:12,726 [INFO] ApiDb:250 - Set database path to: C:\Users\talur\.stmcufinder\plugins\mcufinder//mcu/
2025-03-12 08:38:12,726 [WARN] DbFile:41 - Overriding database path with different value: C:\Users\talur\.stmcufinder\plugins\mcufinder/ => C:\Users\talur\.stmcufinder\plugins\mcufinder
2025-03-12 08:38:12,726 [INFO] DbMcusAds:125 - Set database path to: C:\Users\talur\.stmcufinder\plugins\mcufinder//mcu/
2025-03-12 08:38:12,726 [WARN] DbFile:41 - Overriding database path with different value: C:\Users\talur\.stmcufinder\plugins\mcufinder/ => C:\Users\talur\.stmcufinder\plugins\mcufinder
2025-03-12 08:38:12,726 [WARN] DbFile:41 - Overriding database path with different value: C:\Users\talur\.stmcufinder\plugins\mcufinder/ => C:\Users\talur\.stmcufinder\plugins\mcufinder
2025-03-12 08:38:12,726 [INFO] CrossReferenceDbSqlite:203 - Set database path to: C:\Users\talur\.stmcufinder\plugins\mcufinder//mcu/cs/
2025-03-12 08:38:12,846 [INFO] MainPanel:268 - HeapMemory: 268435456
2025-03-12 08:38:13,024 [INFO] DbMcusXml:78 - Set database path to: C:\ST\STM32CubeIDE_1.16.1\STM32CubeIDE\plugins\com.st.stm32cube.common.mx_6.12.1.202409122256\\db\/mcu/
2025-03-12 08:38:13,024 [INFO] ApiDb:274 - Set plugin database path to: C:\ST\STM32CubeIDE_1.16.1\STM32CubeIDE\plugins\com.st.stm32cube.common.mx_6.12.1.202409122256\\db\/plugins/boardmanager/
2025-03-12 08:38:13,024 [INFO] ApiDb:261 - Set plugin images path to: C:\ST\STM32CubeIDE_1.16.1\STM32CubeIDE\plugins\com.st.stm32cube.common.mx_6.12.1.202409122256\\db\/plugins/mcufinder/images/
2025-03-12 08:38:13,024 [WARN] DbFile:41 - Overriding database path with different value: C:\Users\talur\.stmcufinder\plugins\mcufinder/ => C:\Users\talur\.stmcufinder\plugins\mcufinder
2025-03-12 08:38:13,025 [INFO] ApiDb:250 - Set database path to: C:\Users\talur\.stmcufinder\plugins\mcufinder//mcu/
2025-03-12 08:38:13,025 [WARN] DbFile:41 - Overriding database path with different value: C:\Users\talur\.stmcufinder\plugins\mcufinder/ => C:\Users\talur\.stmcufinder\plugins\mcufinder
2025-03-12 08:38:13,025 [INFO] DbMcusAds:125 - Set database path to: C:\Users\talur\.stmcufinder\plugins\mcufinder//mcu/
2025-03-12 08:38:13,025 [WARN] DbFile:41 - Overriding database path with different value: C:\Users\talur\.stmcufinder\plugins\mcufinder/ => C:\Users\talur\.stmcufinder\plugins\mcufinder
2025-03-12 08:38:13,025 [WARN] DbFile:41 - Overriding database path with different value: C:\Users\talur\.stmcufinder\plugins\mcufinder/ => C:\Users\talur\.stmcufinder\plugins\mcufinder
2025-03-12 08:38:13,025 [INFO] CrossReferenceDbSqlite:203 - Set database path to: C:\Users\talur\.stmcufinder\plugins\mcufinder//mcu/cs/
2025-03-12 08:38:13,051 [INFO] ApplicationProperties:184 - Using Application install path: C:\ST\STM32CubeIDE_1.16.1\STM32CubeIDE\plugins\com.st.stm32cube.common.mx_6.12.1.202409122256
2025-03-12 08:38:13,053 [INFO] PluginManage:196 - Search for loadable plugins [exclusion list=, ]
2025-03-12 08:38:13,056 [INFO] PluginManage:310 - Check plugin analytics
2025-03-12 08:38:13,308 [INFO] AnalyticsPlugin:253 - Accepted Software Licenses: 
2025-03-12 08:38:13,309 [INFO] AnalyticsPlugin:255 - Accepted CMSIS Pack Licenses: 
2025-03-12 08:38:13,309 [INFO] AnalyticsPlugin:257 - Accepted Firmware Licenses: FW.F4.1.28.0
2025-03-12 08:38:13,313 [INFO] PluginManage:359 - Loaded plugin analytics (category:tool,tabindex:-1)
2025-03-12 08:38:13,314 [INFO] PluginManage:310 - Check plugin cadmodel
2025-03-12 08:38:13,344 [INFO] CADModel:105 - Init CAD model plugin
2025-03-12 08:38:13,345 [INFO] PluginManage:359 - Loaded plugin cadmodel (category:power,tabindex:5)
2025-03-12 08:38:13,345 [INFO] PluginManage:310 - Check plugin clock
2025-03-12 08:38:13,382 [INFO] PluginManage:359 - Loaded plugin clock (category:base,tabindex:2)
2025-03-12 08:38:13,382 [INFO] PluginManage:310 - Check plugin ddr
2025-03-12 08:38:13,387 [INFO] PluginManage:359 - Loaded plugin ddr (category:tool,tabindex:6)
2025-03-12 08:38:13,387 [INFO] PluginManage:310 - Check plugin filemanager
2025-03-12 08:38:13,599 [INFO] PluginManage:359 - Loaded plugin filemanager (category:base,tabindex:10)
2025-03-12 08:38:13,600 [INFO] PluginManage:310 - Check plugin ipmanager
2025-03-12 08:38:13,612 [INFO] PluginManage:359 - Loaded plugin ipmanager (category:base,tabindex:5)
2025-03-12 08:38:13,612 [INFO] PluginManage:310 - Check plugin lpbam
2025-03-12 08:38:13,638 [INFO] PluginManage:359 - Loaded plugin lpbam (category:base,tabindex:0)
2025-03-12 08:38:13,640 [INFO] PluginManage:310 - Check plugin memorymap
2025-03-12 08:38:13,675 [INFO] PluginManage:359 - Loaded plugin memorymap (category:base,tabindex:4)
2025-03-12 08:38:13,675 [INFO] PluginManage:310 - Check plugin pinoutandconfiguration
2025-03-12 08:38:13,703 [INFO] PluginManage:359 - Loaded plugin pinoutandconfiguration (category:base,tabindex:1)
2025-03-12 08:38:13,703 [INFO] PluginManage:310 - Check plugin pinoutconfig
2025-03-12 08:38:13,855 [WARN] SupportedApi:132 - Cannot load RTOS API schema: s4s-elt-must-match.1: The content of 'definitions' must match (annotation?, (simpleType | complexType)?, (unique | key | keyref)*)). A problem was found starting at: attribute.
2025-03-12 08:38:14,093 [INFO] PluginManage:359 - Loaded plugin pinoutconfig (category:base,tabindex:0)
2025-03-12 08:38:14,093 [INFO] PluginManage:310 - Check plugin power
2025-03-12 08:38:14,131 [INFO] PluginManage:359 - Loaded plugin power (category:power,tabindex:4)
2025-03-12 08:38:14,132 [INFO] PluginManage:310 - Check plugin projectmanager
2025-03-12 08:38:14,161 [INFO] PluginManage:359 - Loaded plugin projectmanager (category:projectmanager,tabindex:4)
2025-03-12 08:38:14,161 [INFO] PluginManage:310 - Check plugin rif
2025-03-12 08:38:14,188 [INFO] PluginManage:359 - Loaded plugin rif (category:base,tabindex:3)
2025-03-12 08:38:14,188 [INFO] PluginManage:310 - Check plugin thirdparty
2025-03-12 08:38:14,626 [INFO] PluginManage:359 - Loaded plugin thirdparty (category:base,tabindex:-1)
2025-03-12 08:38:14,626 [WARN] IntegrityCheckThread:84 - waiting for thirdparty lock release [integrity check]
2025-03-12 08:38:14,627 [INFO] PluginManage:310 - Check plugin tools
2025-03-12 08:38:14,627 [INFO] IntegrityCheckThread:86 - entering critical section [integrity check]
2025-03-12 08:38:14,628 [INFO] ThirdPartyUpdaterWithRetryManager:70 - Updater plugin not ready yet. [1/15]
2025-03-12 08:38:14,688 [INFO] PluginManage:359 - Loaded plugin tools (category:base,tabindex:7)
2025-03-12 08:38:14,688 [INFO] PluginManage:310 - Check plugin tutovideos
2025-03-12 08:38:14,960 [INFO] PluginManage:359 - Loaded plugin tutovideos (category:base,tabindex:-1)
2025-03-12 08:38:14,960 [INFO] PluginManage:310 - Check plugin updater
2025-03-12 08:38:14,985 [INFO] PluginManage:359 - Loaded plugin updater (category:base,tabindex:12)
2025-03-12 08:38:14,986 [INFO] PluginManage:310 - Check plugin userauth
2025-03-12 08:38:14,995 [INFO] UserAuth:113 - Init User Auth plugin
2025-03-12 08:38:14,996 [INFO] PluginManage:359 - Loaded plugin userauth (category:base,tabindex:14)
2025-03-12 08:38:14,996 [INFO] PluginManage:283 - PluginManage : Loaded plugins [18]
2025-03-12 08:38:15,315 [INFO] PinOutPanel:1561 - setPackage(No Configuration,No Configuration)
2025-03-12 08:38:15,449 [INFO] CADModel:165 - CPN selected for project level
2025-03-12 08:38:15,450 [INFO] CADModel:114 - Register for checkConnection events
2025-03-12 08:38:15,493 [INFO] IPUIPlugin:80 - create IPUIPlugin
2025-03-12 08:38:15,493 [INFO] PluginManager:220 - loadIPPluginJar : add adc
2025-03-12 08:38:15,547 [INFO] IPUIPlugin:80 - create IPUIPlugin
2025-03-12 08:38:15,547 [INFO] PluginManager:220 - loadIPPluginJar : add aes
2025-03-12 08:38:15,611 [INFO] IPUIPlugin:80 - create IPUIPlugin
2025-03-12 08:38:15,611 [INFO] PluginManager:220 - loadIPPluginJar : add can
2025-03-12 08:38:15,649 [INFO] IPUIPlugin:80 - create IPUIPlugin
2025-03-12 08:38:15,650 [INFO] PluginManager:220 - loadIPPluginJar : add comp
2025-03-12 08:38:15,703 [INFO] IPUIPlugin:80 - create IPUIPlugin
2025-03-12 08:38:15,703 [INFO] PluginManager:220 - loadIPPluginJar : add cryp
2025-03-12 08:38:15,721 [INFO] IPUIPlugin:80 - create IPUIPlugin
2025-03-12 08:38:15,721 [INFO] PluginManager:220 - loadIPPluginJar : add ddr_ctrl_phy
2025-03-12 08:38:15,772 [INFO] IPUIPlugin:80 - create IPUIPlugin
2025-03-12 08:38:15,772 [INFO] PluginManager:220 - loadIPPluginJar : add dfsdm
2025-03-12 08:38:15,793 [INFO] IPUIPlugin:80 - create IPUIPlugin
2025-03-12 08:38:15,794 [INFO] PluginManager:220 - loadIPPluginJar : add dma
2025-03-12 08:38:15,863 [INFO] IPUIPlugin:80 - create IPUIPlugin
2025-03-12 08:38:15,864 [INFO] PluginManager:220 - loadIPPluginJar : add dma3
2025-03-12 08:38:15,928 [INFO] IPUIPlugin:80 - create IPUIPlugin
2025-03-12 08:38:15,928 [INFO] PluginManager:220 - loadIPPluginJar : add extmemmanager
2025-03-12 08:38:15,962 [INFO] IPUIPlugin:80 - create IPUIPlugin
2025-03-12 08:38:15,962 [INFO] PluginManager:220 - loadIPPluginJar : add fatfs
2025-03-12 08:38:16,040 [INFO] IPUIPlugin:80 - create IPUIPlugin
2025-03-12 08:38:16,040 [INFO] PluginManager:220 - loadIPPluginJar : add fmc
2025-03-12 08:38:16,063 [INFO] IPUIPlugin:80 - create IPUIPlugin
2025-03-12 08:38:16,063 [INFO] PluginManager:220 - loadIPPluginJar : add freertos
2025-03-12 08:38:16,098 [INFO] IPUIPlugin:80 - create IPUIPlugin
2025-03-12 08:38:16,098 [INFO] PluginManager:220 - loadIPPluginJar : add genericplugin
2025-03-12 08:38:16,251 [INFO] IPUIPlugin:80 - create IPUIPlugin
2025-03-12 08:38:16,251 [INFO] PluginManager:220 - loadIPPluginJar : add gfxmmu
2025-03-12 08:38:16,585 [INFO] IPUIPlugin:80 - create IPUIPlugin
2025-03-12 08:38:16,586 [INFO] PluginManager:220 - loadIPPluginJar : add gic
2025-03-12 08:38:16,618 [INFO] IPUIPlugin:80 - create IPUIPlugin
2025-03-12 08:38:16,619 [INFO] PluginManager:220 - loadIPPluginJar : add gpio
2025-03-12 08:38:16,874 [INFO] IPUIPlugin:80 - create IPUIPlugin
2025-03-12 08:38:16,875 [INFO] PluginManager:220 - loadIPPluginJar : add gtzc
2025-03-12 08:38:16,967 [INFO] IPUIPlugin:80 - create IPUIPlugin
2025-03-12 08:38:16,967 [INFO] PluginManager:220 - loadIPPluginJar : add hash
2025-03-12 08:38:17,111 [INFO] IPUIPlugin:80 - create IPUIPlugin
2025-03-12 08:38:17,111 [INFO] PluginManager:220 - loadIPPluginJar : add i2c
2025-03-12 08:38:17,206 [INFO] IPUIPlugin:80 - create IPUIPlugin
2025-03-12 08:38:17,207 [INFO] PluginManager:220 - loadIPPluginJar : add i2s
2025-03-12 08:38:17,290 [INFO] IPUIPlugin:80 - create IPUIPlugin
2025-03-12 08:38:17,292 [INFO] PluginManager:220 - loadIPPluginJar : add i3c
2025-03-12 08:38:17,462 [INFO] IPUIPlugin:80 - create IPUIPlugin
2025-03-12 08:38:17,463 [INFO] PluginManager:220 - loadIPPluginJar : add ipddr
2025-03-12 08:38:17,609 [INFO] IPUIPlugin:80 - create IPUIPlugin
2025-03-12 08:38:17,609 [INFO] PluginManager:220 - loadIPPluginJar : add linkedlist
2025-03-12 08:38:17,615 [INFO] IPUIPlugin:80 - create IPUIPlugin
2025-03-12 08:38:17,615 [INFO] PluginManager:220 - loadIPPluginJar : add lorawan
2025-03-12 08:38:17,629 [INFO] ThirdPartyUpdaterWithRetryManager:70 - Updater plugin not ready yet. [2/15]
2025-03-12 08:38:17,688 [INFO] IPUIPlugin:80 - create IPUIPlugin
2025-03-12 08:38:17,688 [INFO] PluginManager:220 - loadIPPluginJar : add ltdc
2025-03-12 08:38:17,709 [INFO] IPUIPlugin:80 - create IPUIPlugin
2025-03-12 08:38:17,709 [INFO] PluginManager:220 - loadIPPluginJar : add mdma
2025-03-12 08:38:17,727 [INFO] IPUIPlugin:80 - create IPUIPlugin
2025-03-12 08:38:17,728 [INFO] PluginManager:220 - loadIPPluginJar : add nvic
2025-03-12 08:38:17,787 [INFO] IPUIPlugin:80 - create IPUIPlugin
2025-03-12 08:38:17,787 [INFO] PluginManager:220 - loadIPPluginJar : add opamp
2025-03-12 08:38:17,899 [INFO] IPUIPlugin:80 - create IPUIPlugin
2025-03-12 08:38:17,900 [INFO] PluginManager:220 - loadIPPluginJar : add openamp
2025-03-12 08:38:17,985 [INFO] IPUIPlugin:80 - create IPUIPlugin
2025-03-12 08:38:17,985 [INFO] PluginManager:220 - loadIPPluginJar : add pdm2pcm
2025-03-12 08:38:18,008 [INFO] IPUIPlugin:80 - create IPUIPlugin
2025-03-12 08:38:18,010 [INFO] PluginManager:220 - loadIPPluginJar : add plateformsettings
2025-03-12 08:38:18,014 [INFO] IPUIPlugin:80 - create IPUIPlugin
2025-03-12 08:38:18,014 [INFO] PluginManager:220 - loadIPPluginJar : add quadspi
2025-03-12 08:38:18,056 [INFO] IPUIPlugin:80 - create IPUIPlugin
2025-03-12 08:38:18,057 [INFO] PluginManager:220 - loadIPPluginJar : add radio
2025-03-12 08:38:18,077 [INFO] IPUIPlugin:80 - create IPUIPlugin
2025-03-12 08:38:18,077 [INFO] PluginManager:220 - loadIPPluginJar : add resmgrutility
2025-03-12 08:38:18,146 [INFO] IPUIPlugin:80 - create IPUIPlugin
2025-03-12 08:38:18,146 [INFO] PluginManager:220 - loadIPPluginJar : add sai
2025-03-12 08:38:18,203 [INFO] IPUIPlugin:80 - create IPUIPlugin
2025-03-12 08:38:18,203 [INFO] PluginManager:220 - loadIPPluginJar : add spi
2025-03-12 08:38:18,305 [INFO] IPUIPlugin:80 - create IPUIPlugin
2025-03-12 08:38:18,305 [INFO] PluginManager:220 - loadIPPluginJar : add stm32_wpan
2025-03-12 08:38:18,309 [INFO] IPUIPlugin:80 - create IPUIPlugin
2025-03-12 08:38:18,309 [INFO] PluginManager:220 - loadIPPluginJar : add tim
2025-03-12 08:38:18,399 [INFO] IPUIPlugin:80 - create IPUIPlugin
2025-03-12 08:38:18,399 [INFO] PluginManager:220 - loadIPPluginJar : add touchsensing
2025-03-12 08:38:18,405 [INFO] IPUIPlugin:80 - create IPUIPlugin
2025-03-12 08:38:18,405 [INFO] PluginManager:220 - loadIPPluginJar : add tracer_emb
2025-03-12 08:38:18,442 [INFO] IPUIPlugin:80 - create IPUIPlugin
2025-03-12 08:38:18,443 [INFO] PluginManager:220 - loadIPPluginJar : add ts
2025-03-12 08:38:18,447 [INFO] IPUIPlugin:80 - create IPUIPlugin
2025-03-12 08:38:18,447 [INFO] PluginManager:220 - loadIPPluginJar : add tsc
2025-03-12 08:38:18,483 [INFO] IPUIPlugin:80 - create IPUIPlugin
2025-03-12 08:38:18,483 [INFO] PluginManager:220 - loadIPPluginJar : add ucpd
2025-03-12 08:38:18,556 [INFO] IPUIPlugin:80 - create IPUIPlugin
2025-03-12 08:38:18,556 [INFO] PluginManager:220 - loadIPPluginJar : add usart
2025-03-12 08:38:18,619 [INFO] IPUIPlugin:80 - create IPUIPlugin
2025-03-12 08:38:18,619 [INFO] PluginManager:220 - loadIPPluginJar : add usbx
2025-03-12 08:38:18,786 [INFO] CADModel:165 - CPN selected for project level
2025-03-12 08:38:18,786 [INFO] CADModel:114 - Register for checkConnection events
2025-03-12 08:38:18,786 [FATAL] Updater:334 - Updater called before beeing initialized
2025-03-12 08:38:18,786 [ERROR] CADModel:125 - Updater not yet initialized, retry later 
2025-03-12 08:38:18,987 [INFO] CADModel:165 - CPN selected for project level
2025-03-12 08:38:18,988 [INFO] CADModel:114 - Register for checkConnection events
2025-03-12 08:38:18,988 [FATAL] Updater:334 - Updater called before beeing initialized
2025-03-12 08:38:18,988 [ERROR] CADModel:125 - Updater not yet initialized, retry later 
2025-03-12 08:38:18,994 [FATAL] Updater:334 - Updater called before beeing initialized
2025-03-12 08:38:19,159 [FATAL] Updater:334 - Updater called before beeing initialized
2025-03-12 08:38:19,175 [INFO] DbMcusAds:53 - JSON generation date=Thu Mar 06 20:24:21 IST 2025 (1741272861825)
2025-03-12 08:38:19,175 [FATAL] Updater:334 - Updater called before beeing initialized
2025-03-12 08:38:19,218 [WARN] DetailPanel:346 - Failed to get advertising image, set to default
2025-03-12 08:38:19,308 [FATAL] Updater:334 - Updater called before beeing initialized
2025-03-12 08:38:19,310 [FATAL] Updater:334 - Updater called before beeing initialized
2025-03-12 08:38:19,311 [FATAL] Updater:334 - Updater called before beeing initialized
2025-03-12 08:38:19,311 [WARN] DetailPanel:346 - Failed to get advertising image, set to default
2025-03-12 08:38:19,312 [FATAL] Updater:334 - Updater called before beeing initialized
2025-03-12 08:38:19,389 [ERROR] Updater:1164 - MainUpdater not yet initialized. External WinMGr cannot be set.
2025-03-12 08:38:19,405 [INFO] Updater:1100 - Updater Version found : 6.12.1
2025-03-12 08:38:19,443 [INFO] ApplicationProperties:184 - Using Application install path: C:\ST\STM32CubeIDE_1.16.1\STM32CubeIDE\plugins\com.st.stm32cube.common.mx_6.12.1.202409122256
2025-03-12 08:38:20,630 [INFO] ThirdPartyUpdaterWithRetryManager:70 - Updater plugin not ready yet. [3/15]
2025-03-12 08:38:21,049 [ERROR] LogOutputStream:75 - [STDERR_REDIRECT] Mar 12, 2025 8:38:21 AM java.util.prefs.WindowsPreferences <init>
2025-03-12 08:38:21,050 [ERROR] LogOutputStream:75 - [STDERR_REDIRECT] WARNING: Could not open/create prefs root node Software\JavaSoft\Prefs at root 0xffffffff80000002. Windows RegCreateKeyEx(...) returned error code 5.
2025-03-12 08:38:21,050 [ERROR] LogOutputStream:75 - [STDERR_REDIRECT] 
2025-03-12 08:38:21,419 [INFO] MainUpdater:2873 - connection check result : 10
2025-03-12 08:38:21,420 [INFO] MainUpdater:290 - Updater Check For Update Now.
2025-03-12 08:38:21,421 [INFO] MicroXplorer:498 - Change Database Version : DB.6.0.121
2025-03-12 08:38:21,438 [INFO] McuFinderGlobals:63 - Set McuFinder mode to 2 (CubeIDE integrated)
2025-03-12 08:38:21,439 [INFO] UserAuth:179 - activating auth plugin
2025-03-12 08:38:21,445 [INFO] UserAuth:417 - Internet connection configuration mode: 1
2025-03-12 08:38:21,514 [INFO] JxBrowserEngine:152 - Initiate JxBrowser Engine with user profile folder
2025-03-12 08:38:21,692 [INFO] CheckServerUpdateThread:120 - End of CheckServer Thread
2025-03-12 08:38:24,165 [WARN] PackLoader:240 - Cannot read IP mode file for STMicroelectronics.FP-SNS-MOTENVWB1.1.4.0
2025-03-12 08:38:24,190 [WARN] PackLoader:240 - Cannot read IP mode file for STMicroelectronics.FP-ATR-ASTRA1.2.0.2
2025-03-12 08:38:24,210 [WARN] PackLoader:240 - Cannot read IP mode file for STMicroelectronics.FP-ATR-ASTRA1.2.0.1
2025-03-12 08:38:24,236 [WARN] PackLoader:240 - Cannot read IP mode file for STMicroelectronics.X-CUBE-SMBUS.2.1.0
2025-03-12 08:38:24,260 [WARN] PackLoader:240 - Cannot read IP mode file for STMicroelectronics.X-CUBE-WB05N.1.1.0
2025-03-12 08:38:24,319 [WARN] PackLoader:240 - Cannot read IP mode file for STMicroelectronics.X-CUBE-AZRTOS-F7.1.1.0
2025-03-12 08:38:24,438 [WARN] PackLoader:240 - Cannot read IP mode file for STMicroelectronics.X-CUBE-MEMS1.11.0.0
2025-03-12 08:38:24,639 [WARN] PackLoader:240 - Cannot read IP mode file for STMicroelectronics.FP-SNS-FLIGHT1.5.0.2
2025-03-12 08:38:24,676 [WARN] PackLoader:240 - Cannot read IP mode file for STMicroelectronics.X-CUBE-DISPLAY.3.0.0
2025-03-12 08:38:24,713 [WARN] PackLoader:240 - Cannot read IP mode file for STMicroelectronics.X-CUBE-BLE1.7.0.0
2025-03-12 08:38:24,748 [WARN] PackLoader:240 - Cannot read IP mode file for STMicroelectronics.X-CUBE-NFC10.1.0.0
2025-03-12 08:38:24,790 [WARN] PackLoader:240 - Cannot read IP mode file for STMicroelectronics.X-CUBE-BLEMGR.4.0.0
2025-03-12 08:38:24,824 [WARN] PackLoader:240 - Cannot read IP mode file for emotas.I-CUBE-CANOPEN.1.3.0
2025-03-12 08:38:24,861 [WARN] PackLoader:240 - Cannot read IP mode file for STMicroelectronics.X-CUBE-BLEMGR.3.1.0
2025-03-12 08:38:24,889 [WARN] PackLoader:240 - Cannot read IP mode file for STMicroelectronics.X-CUBE-AI.10.0.0
2025-03-12 08:38:24,917 [WARN] PackLoader:240 - Cannot read IP mode file for STMicroelectronics.FP-SNS-SMARTAG2.1.2.0
2025-03-12 08:38:25,024 [WARN] PackLoader:240 - Cannot read IP mode file for STMicroelectronics.X-CUBE-MEMS1.11.1.0
2025-03-12 08:38:25,185 [INFO] LogOutputStream:77 - [STDOUT_REDIRECT] 1 : Invalid condition id : UX_CORESTACK_Condition cause : null
2025-03-12 08:38:25,186 [INFO] LogOutputStream:77 - [STDOUT_REDIRECT] 1 : Invalid condition id : UX_CORESTACK_Condition cause : null
2025-03-12 08:38:25,187 [INFO] LogOutputStream:77 - [STDOUT_REDIRECT] 1 : Invalid condition id : UX_CORESTACK_Condition cause : null
2025-03-12 08:38:25,189 [INFO] LogOutputStream:77 - [STDOUT_REDIRECT] 1 : Invalid condition id : UX_CORESTACK_Condition cause : null
2025-03-12 08:38:25,191 [INFO] LogOutputStream:77 - [STDOUT_REDIRECT] 1 : Invalid condition id : UX_CORESTACK_Condition cause : null
2025-03-12 08:38:25,195 [WARN] PackLoader:240 - Cannot read IP mode file for STMicroelectronics.X-CUBE-AZRTOS-WL.2.0.0
2025-03-12 08:38:25,226 [WARN] PackLoader:240 - Cannot read IP mode file for STMicroelectronics.FP-SNS-MOTENV1.5.0.0
2025-03-12 08:38:25,257 [WARN] PackLoader:240 - Cannot read IP mode file for wolfSSL.I-CUBE-wolfMQTT.1.19.0
2025-03-12 08:38:25,290 [WARN] PackLoader:240 - Cannot read IP mode file for WES.I-CUBE-Cesium.1.3.0
2025-03-12 08:38:25,320 [WARN] PackLoader:240 - Cannot read IP mode file for STMicroelectronics.X-CUBE-BLE2.3.3.0
2025-03-12 08:38:25,354 [WARN] PackLoader:240 - Cannot read IP mode file for STMicroelectronics.X-CUBE-NFC9.1.0.0
2025-03-12 08:38:25,380 [WARN] PackLoader:240 - Cannot read IP mode file for STMicroelectronics.X-CUBE-BLE1.7.1.0
2025-03-12 08:38:25,412 [WARN] PackLoader:240 - Cannot read IP mode file for STMicroelectronics.X-CUBE-TCPP.4.1.0
2025-03-12 08:38:25,786 [WARN] PackLoader:240 - Cannot read IP mode file for STMicroelectronics.X-CUBE-AZRTOS-G0.1.1.0
2025-03-12 08:38:25,845 [WARN] PackLoader:240 - Cannot read IP mode file for STMicroelectronics.X-CUBE-SAFEA1.1.2.2
2025-03-12 08:38:25,894 [WARN] PackLoader:240 - Cannot read IP mode file for STMicroelectronics.X-CUBE-NFC4.3.0.0
2025-03-12 08:38:25,956 [WARN] PackLoader:240 - Cannot read IP mode file for EmbeddedOffice.I-CUBE-FS-RTOS.1.0.1
2025-03-12 08:38:25,957 [ERROR] ConditionMgr:805 - Attr not supported : Dmpu
2025-03-12 08:38:25,958 [ERROR] ConditionMgr:805 - Attr not supported : Dmpu
2025-03-12 08:38:25,959 [ERROR] ConditionMgr:805 - Attr not supported : Dmpu
2025-03-12 08:38:25,960 [ERROR] ConditionMgr:805 - Attr not supported : Dmpu
2025-03-12 08:38:25,960 [ERROR] ConditionMgr:805 - Attr not supported : Dmpu
2025-03-12 08:38:25,961 [ERROR] ConditionMgr:805 - Attr not supported : Dmpu
2025-03-12 08:38:25,961 [ERROR] ConditionMgr:805 - Attr not supported : Dmpu
2025-03-12 08:38:25,961 [ERROR] ConditionMgr:805 - Attr not supported : Dmpu
2025-03-12 08:38:25,961 [ERROR] ConditionMgr:805 - Attr not supported : Dmpu
2025-03-12 08:38:25,961 [ERROR] ConditionMgr:805 - Attr not supported : Dmpu
2025-03-12 08:38:25,961 [ERROR] ConditionMgr:805 - Attr not supported : Dmpu
2025-03-12 08:38:25,961 [ERROR] ConditionMgr:805 - Attr not supported : Dmpu
2025-03-12 08:38:25,962 [ERROR] ConditionMgr:805 - Attr not supported : Dmpu
2025-03-12 08:38:25,962 [ERROR] ConditionMgr:805 - Attr not supported : Dmpu
2025-03-12 08:38:25,962 [ERROR] ConditionMgr:805 - Attr not supported : Dmpu
2025-03-12 08:38:25,962 [ERROR] ConditionMgr:805 - Attr not supported : Dmpu
2025-03-12 08:38:25,962 [ERROR] ConditionMgr:805 - Attr not supported : Dmpu
2025-03-12 08:38:25,962 [ERROR] ConditionMgr:805 - Attr not supported : Dmpu
2025-03-12 08:38:25,962 [ERROR] ConditionMgr:805 - Attr not supported : Dmpu
2025-03-12 08:38:25,962 [ERROR] ConditionMgr:805 - Attr not supported : Dmpu
2025-03-12 08:38:25,963 [ERROR] ConditionMgr:805 - Attr not supported : Dmpu
2025-03-12 08:38:25,963 [ERROR] ConditionMgr:805 - Attr not supported : Dmpu
2025-03-12 08:38:25,964 [ERROR] ConditionMgr:805 - Attr not supported : Dmpu
2025-03-12 08:38:25,965 [ERROR] ConditionMgr:805 - Attr not supported : Dmpu
2025-03-12 08:38:25,966 [ERROR] ConditionMgr:805 - Attr not supported : Dmpu
2025-03-12 08:38:25,967 [ERROR] ConditionMgr:805 - Attr not supported : Dmpu
2025-03-12 08:38:25,967 [ERROR] ConditionMgr:805 - Attr not supported : Dmpu
2025-03-12 08:38:25,968 [ERROR] ConditionMgr:805 - Attr not supported : Dmpu
2025-03-12 08:38:25,968 [ERROR] ConditionMgr:805 - Attr not supported : Dmpu
2025-03-12 08:38:25,968 [ERROR] ConditionMgr:805 - Attr not supported : Dmpu
2025-03-12 08:38:25,968 [ERROR] ConditionMgr:805 - Attr not supported : Dmpu
2025-03-12 08:38:25,968 [ERROR] ConditionMgr:805 - Attr not supported : Dmpu
2025-03-12 08:38:25,968 [ERROR] ConditionMgr:805 - Attr not supported : Dmpu
2025-03-12 08:38:25,968 [ERROR] ConditionMgr:805 - Attr not supported : Dmpu
2025-03-12 08:38:25,968 [ERROR] ConditionMgr:805 - Attr not supported : Dmpu
2025-03-12 08:38:25,968 [ERROR] ConditionMgr:805 - Attr not supported : Dmpu
2025-03-12 08:38:25,969 [ERROR] ConditionMgr:805 - Attr not supported : Dmpu
2025-03-12 08:38:25,969 [ERROR] ConditionMgr:805 - Attr not supported : Dmpu
2025-03-12 08:38:25,969 [ERROR] ConditionMgr:805 - Attr not supported : Dmpu
2025-03-12 08:38:25,969 [ERROR] ConditionMgr:805 - Attr not supported : Dmpu
2025-03-12 08:38:25,969 [ERROR] ConditionMgr:805 - Attr not supported : Dmpu
2025-03-12 08:38:25,969 [ERROR] ConditionMgr:805 - Attr not supported : Dmpu
2025-03-12 08:38:25,970 [ERROR] ConditionMgr:805 - Attr not supported : Dmpu
2025-03-12 08:38:25,970 [ERROR] ConditionMgr:805 - Attr not supported : Dmpu
2025-03-12 08:38:25,970 [ERROR] ConditionMgr:805 - Attr not supported : Dmpu
2025-03-12 08:38:25,970 [ERROR] ConditionMgr:805 - Attr not supported : Dmpu
2025-03-12 08:38:25,970 [ERROR] ConditionMgr:805 - Attr not supported : Dmpu
2025-03-12 08:38:25,970 [ERROR] ConditionMgr:805 - Attr not supported : Dmpu
2025-03-12 08:38:25,970 [ERROR] ConditionMgr:805 - Attr not supported : Dmpu
2025-03-12 08:38:25,970 [ERROR] ConditionMgr:805 - Attr not supported : Dmpu
2025-03-12 08:38:25,970 [ERROR] ConditionMgr:805 - Attr not supported : Dmpu
2025-03-12 08:38:25,970 [ERROR] ConditionMgr:805 - Attr not supported : Dmpu
2025-03-12 08:38:25,971 [ERROR] ConditionMgr:805 - Attr not supported : Dmpu
2025-03-12 08:38:25,971 [ERROR] ConditionMgr:805 - Attr not supported : Dmpu
2025-03-12 08:38:25,971 [ERROR] ConditionMgr:805 - Attr not supported : Dmpu
2025-03-12 08:38:25,971 [ERROR] ConditionMgr:805 - Attr not supported : Dmpu
2025-03-12 08:38:25,971 [ERROR] ConditionMgr:805 - Attr not supported : Dmpu
2025-03-12 08:38:25,971 [ERROR] ConditionMgr:805 - Attr not supported : Dmpu
2025-03-12 08:38:25,971 [ERROR] ConditionMgr:805 - Attr not supported : Dmpu
2025-03-12 08:38:25,971 [ERROR] ConditionMgr:805 - Attr not supported : Dmpu
2025-03-12 08:38:25,971 [ERROR] ConditionMgr:805 - Attr not supported : Dmpu
2025-03-12 08:38:25,971 [ERROR] ConditionMgr:805 - Attr not supported : Dmpu
2025-03-12 08:38:25,971 [ERROR] ConditionMgr:805 - Attr not supported : Dmpu
2025-03-12 08:38:25,972 [ERROR] ConditionMgr:805 - Attr not supported : Dmpu
2025-03-12 08:38:26,025 [ERROR] Engine:466 - C:\Users\talur\.stm32cubemx\thirdparties\pdsc\STMicroelectronics.X-CUBE-TCPP.4.2.0.pdsc: PDSC version is not supported
2025-03-12 08:38:26,141 [WARN] PackLoader:240 - Cannot read IP mode file for RealThread.X-CUBE-RT-Thread_Nano.4.1.1
2025-03-12 08:38:26,188 [WARN] PackLoader:240 - Cannot read IP mode file for STMicroelectronics.FP-ATR-SIGFOX1.3.2.0
2025-03-12 08:38:26,228 [WARN] PackLoader:240 - Cannot read IP mode file for wolfSSL.I-CUBE-wolfSSL.5.7.2
2025-03-12 08:38:26,268 [WARN] ConditionMgr:438 - getConditionDescription Invalid condition id : Cortex-A Device cause : null
2025-03-12 08:38:26,337 [WARN] ConditionMgr:1039 - genDependencies : Invalid condition id : Cortex-A Device cause : null
2025-03-12 08:38:26,340 [WARN] ConditionMgr:1039 - genDependencies : Invalid condition id : Cortex-A Device cause : null
2025-03-12 08:38:26,341 [WARN] ConditionMgr:1039 - genDependencies : Invalid condition id : Cortex-A Device cause : null
2025-03-12 08:38:26,403 [WARN] PackLoader:240 - Cannot read IP mode file for STMicroelectronics.X-CUBE-EEPRMA1.5.1.0
2025-03-12 08:38:26,452 [WARN] PackLoader:240 - Cannot read IP mode file for wolfSSL.I-CUBE-wolfSSL.5.7.4
2025-03-12 08:38:26,503 [WARN] PackLoader:240 - Cannot read IP mode file for ITTIA_DB.I-CUBE-ITTIADB.8.9.0
2025-03-12 08:38:26,583 [WARN] PackLoader:240 - Cannot read IP mode file for SEGGER.I-CUBE-embOS.1.3.1
2025-03-12 08:38:26,672 [WARN] PackLoader:240 - Cannot read IP mode file for STMicroelectronics.X-CUBE-ALGOBUILD.1.4.0
2025-03-12 08:38:26,712 [WARN] PackLoader:240 - Cannot read IP mode file for STMicroelectronics.X-CUBE-AI.9.1.0
2025-03-12 08:38:26,774 [WARN] PackLoader:240 - Cannot read IP mode file for STMicroelectronics.X-CUBE-AZRTOS-F4.1.1.0
2025-03-12 08:38:26,819 [WARN] PackLoader:240 - Cannot read IP mode file for STMicroelectronics.X-CUBE-ISPU.2.1.0
2025-03-12 08:38:26,866 [WARN] PackLoader:240 - Cannot read IP mode file for STMicroelectronics.X-CUBE-FREERTOS.1.2.0
2025-03-12 08:38:26,941 [WARN] PackLoader:240 - Cannot read IP mode file for STMicroelectronics.X-CUBE-AZRTOS-L5.2.0.0
2025-03-12 08:38:27,003 [WARN] PackLoader:240 - Cannot read IP mode file for STMicroelectronics.X-CUBE-NFC6.3.1.0
2025-03-12 08:38:27,053 [WARN] PackLoader:240 - Cannot read IP mode file for STMicroelectronics.X-CUBE-DPower.1.2.0
2025-03-12 08:38:27,095 [WARN] PackLoader:240 - Cannot read IP mode file for STMicroelectronics.X-CUBE-AI.9.0.0
2025-03-12 08:38:27,112 [INFO] WebApp:167 - Instantiating new browser for Auth
2025-03-12 08:38:27,135 [WARN] PackLoader:240 - Cannot read IP mode file for STMicroelectronics.X-CUBE-FREERTOS.1.3.0
2025-03-12 08:38:27,215 [WARN] PackLoader:240 - Cannot read IP mode file for STMicroelectronics.X-CUBE-NFC7.1.0.1
2025-03-12 08:38:27,297 [WARN] ConditionMgr:438 - getConditionDescription Invalid condition id : LAN8742 Phy interface Condition cause : null
2025-03-12 08:38:27,299 [WARN] PackLoader:240 - Cannot read IP mode file for STMicroelectronics.X-CUBE-AZRTOS-L4.2.0.0
2025-03-12 08:38:27,301 [WARN] ConditionMgr:1039 - genDependencies : Invalid condition id : LAN8742 Phy interface Condition cause : null
2025-03-12 08:38:27,302 [WARN] ConditionMgr:1039 - genDependencies : Invalid condition id : LAN8742 Phy interface Condition cause : null
2025-03-12 08:38:27,303 [WARN] ConditionMgr:1039 - genDependencies : Invalid condition id : LAN8742 Phy interface Condition cause : null
2025-03-12 08:38:27,370 [WARN] PackLoader:240 - Cannot read IP mode file for STMicroelectronics.X-CUBE-SFXS2LP1.4.0.0
2025-03-12 08:38:27,449 [WARN] PackLoader:240 - Cannot read IP mode file for STMicroelectronics.X-CUBE-AZRTOS-H7.3.3.0
2025-03-12 08:38:27,510 [WARN] PackLoader:240 - Cannot read IP mode file for STMicroelectronics.X-CUBE-IPS.3.0.0
2025-03-12 08:38:27,599 [WARN] ConditionMgr:438 - getConditionDescription Invalid condition id : UX DEVICE CLASS RTOS Condition cause : null
2025-03-12 08:38:27,600 [WARN] ConditionMgr:438 - getConditionDescription Invalid condition id : UX DEVICE CLASS RTOS Condition cause : null
2025-03-12 08:38:27,604 [WARN] PackLoader:240 - Cannot read IP mode file for STMicroelectronics.X-CUBE-AZRTOS-WB.2.0.0
2025-03-12 08:38:27,606 [WARN] ConditionMgr:1039 - genDependencies : Invalid condition id : UX DEVICE CLASS RTOS Condition cause : null
2025-03-12 08:38:27,606 [WARN] ConditionMgr:1039 - genDependencies : Invalid condition id : UX DEVICE CLASS RTOS Condition cause : null
2025-03-12 08:38:27,608 [WARN] ConditionMgr:1039 - genDependencies : Invalid condition id : UX DEVICE CLASS RTOS Condition cause : null
2025-03-12 08:38:27,611 [WARN] ConditionMgr:1039 - genDependencies : Invalid condition id : UX DEVICE CLASS RTOS Condition cause : null
2025-03-12 08:38:27,613 [WARN] ConditionMgr:1039 - genDependencies : Invalid condition id : UX DEVICE CLASS RTOS Condition cause : null
2025-03-12 08:38:27,661 [WARN] PackLoader:240 - Cannot read IP mode file for STMicroelectronics.X-CUBE-GNSS1.7.0.0
2025-03-12 08:38:27,706 [WARN] PackLoader:240 - Cannot read IP mode file for STMicroelectronics.X-CUBE-GNSS1.7.0.1
2025-03-12 08:38:27,755 [WARN] PackLoader:240 - Cannot read IP mode file for STMicroelectronics.X-CUBE-TOUCHGFX.4.25.0
2025-03-12 08:38:27,803 [WARN] PackLoader:240 - Cannot read IP mode file for STMicroelectronics.FP-SNS-STBOX1.2.0.0
2025-03-12 08:38:27,858 [WARN] PackLoader:240 - Cannot read IP mode file for STMicroelectronics.X-CUBE-SUBG2.5.0.0
2025-03-12 08:38:27,905 [WARN] PackLoader:240 - Cannot read IP mode file for Cesanta.I-CUBE-Mongoose.7.13.0
2025-03-12 08:38:27,965 [WARN] PackLoader:240 - Cannot read IP mode file for STMicroelectronics.X-CUBE-AZRTOS-G4.2.0.0
2025-03-12 08:38:28,008 [WARN] PackLoader:240 - Cannot read IP mode file for STMicroelectronics.X-CUBE-ISPU.2.0.0
2025-03-12 08:38:28,052 [ERROR] Engine:466 - C:\Users\talur\.stm32cubemx\thirdparties\pdsc\STMicroelectronics.X-CUBE-IPS.3.1.0.pdsc: PDSC version is not supported
2025-03-12 08:38:28,091 [WARN] PackLoader:240 - Cannot read IP mode file for STMicroelectronics.X-CUBE-ALS.1.0.2
2025-03-12 08:38:28,132 [WARN] PackLoader:240 - Cannot read IP mode file for STMicroelectronics.X-CUBE-TOUCHGFX.4.24.0
2025-03-12 08:38:28,168 [WARN] PackLoader:240 - Cannot read IP mode file for STMicroelectronics.X-CUBE-TOUCHGFX.4.24.2
2025-03-12 08:38:28,205 [WARN] PackLoader:240 - Cannot read IP mode file for STMicroelectronics.X-CUBE-TOUCHGFX.4.24.1
2025-03-12 08:38:28,216 [WARN] PackLoader:240 - Cannot read IP mode file for wolfSSL.I-CUBE-wolfTPM.3.4.0
2025-03-12 08:38:28,253 [WARN] PackLoader:240 - Cannot read IP mode file for portGmbH.I-Cube-SoM-uGOAL.1.1.0
2025-03-12 08:38:28,320 [WARN] PackLoader:240 - Cannot read IP mode file for STMicroelectronics.X-CUBE-AZRTOS-H7RS.1.0.0
2025-03-12 08:38:28,342 [WARN] PackLoader:240 - Cannot read IP mode file for STMicroelectronics.FP-ATR-ASTRA1.2.0.0
2025-03-12 08:38:28,393 [WARN] PackLoader:240 - Cannot read IP mode file for STMicroelectronics.X-CUBE-TOF1.3.4.2
2025-03-12 08:38:28,464 [WARN] PackLoader:240 - Cannot read IP mode file for Infineon.AIROC-Wi-Fi-Bluetooth-STM32.1.6.1
2025-03-12 08:38:28,509 [WARN] PackLoader:240 - Cannot read IP mode file for wolfSSL.I-CUBE-wolfSSH.1.4.17
2025-03-12 08:38:28,511 [INFO] ThirdParty:978 - Integrity check success = true
2025-03-12 08:38:28,511 [INFO] IntegrityCheckThread:100 - exiting critical section [integrity check]
2025-03-12 08:38:28,511 [INFO] IntegrityCheckThread:103 - End integrity checks thread
2025-03-12 08:38:29,509 [INFO] WebApp:448 - Apply proxy settings
2025-03-12 08:38:29,510 [INFO] WebApp:533 - Chromium requires no authentication
2025-03-12 08:38:29,548 [INFO] WebApp:476 - Direct internet connection detected
2025-03-12 08:38:29,632 [INFO] WebApp:869 - Register for checkConnection events
2025-03-12 08:38:29,633 [INFO] WebApp:448 - Apply proxy settings
2025-03-12 08:38:29,634 [INFO] WebApp:533 - Chromium requires no authentication
2025-03-12 08:38:29,635 [INFO] WebApp:476 - Direct internet connection detected
2025-03-12 08:38:29,969 [INFO] WebApp:186 - Connection restablished
2025-03-12 08:38:30,393 [INFO] WebApp:220 - Starting web application
2025-03-12 08:38:30,394 [INFO] WebApp:578 - Web application path used C:\ST\STM32CubeIDE_1.16.1\STM32CubeIDE\plugins\com.st.stm32cube.common.mx_6.12.1.202409122256\db\plugins\mcufinder\reactClient1\index.html
2025-03-12 10:45:14,306 [INFO] WebApp:189 - Connection lost
2025-03-12 10:45:15,087 [INFO] WebApp:186 - Connection restablished
2025-03-12 10:58:58,488 [INFO] WebApp:189 - Connection lost
2025-03-12 10:58:58,935 [INFO] WebApp:186 - Connection restablished
2025-03-12 10:59:36,463 [INFO] WebApp:189 - Connection lost
2025-03-12 10:59:36,898 [INFO] WebApp:186 - Connection restablished
2025-03-12 10:59:54,453 [INFO] WebApp:189 - Connection lost
2025-03-12 10:59:54,833 [INFO] WebApp:186 - Connection restablished
2025-03-12 11:00:40,459 [INFO] WebApp:189 - Connection lost
2025-03-12 11:00:40,832 [INFO] WebApp:186 - Connection restablished
2025-03-12 11:01:04,461 [INFO] WebApp:189 - Connection lost
2025-03-12 11:01:04,715 [INFO] WebApp:186 - Connection restablished
2025-03-12 11:01:39,943 [INFO] WebApp:189 - Connection lost
2025-03-12 11:01:40,259 [INFO] WebApp:186 - Connection restablished
2025-03-12 11:01:56,987 [INFO] WebApp:189 - Connection lost
2025-03-12 11:01:57,394 [INFO] WebApp:186 - Connection restablished
2025-03-12 11:02:29,441 [INFO] WebApp:189 - Connection lost
2025-03-12 11:02:29,755 [INFO] WebApp:186 - Connection restablished
2025-03-12 11:03:04,464 [INFO] WebApp:189 - Connection lost
2025-03-12 11:03:04,776 [INFO] WebApp:186 - Connection restablished
2025-03-12 11:04:05,467 [INFO] WebApp:189 - Connection lost
2025-03-12 11:04:05,788 [INFO] WebApp:186 - Connection restablished
2025-03-12 11:04:28,941 [INFO] WebApp:189 - Connection lost
2025-03-12 11:04:29,259 [INFO] WebApp:186 - Connection restablished
2025-03-12 11:05:03,432 [INFO] WebApp:189 - Connection lost
2025-03-12 11:05:03,899 [INFO] WebApp:186 - Connection restablished
2025-03-12 11:05:53,940 [INFO] WebApp:189 - Connection lost
2025-03-12 11:05:54,250 [INFO] WebApp:186 - Connection restablished
2025-03-12 11:06:40,005 [INFO] WebApp:189 - Connection lost
2025-03-12 11:06:40,367 [INFO] WebApp:186 - Connection restablished
2025-03-12 11:07:03,957 [INFO] WebApp:189 - Connection lost
2025-03-12 11:07:04,399 [INFO] WebApp:186 - Connection restablished
2025-03-12 11:08:36,476 [INFO] WebApp:189 - Connection lost
2025-03-12 11:08:36,902 [INFO] WebApp:186 - Connection restablished
2025-03-12 11:09:22,987 [INFO] WebApp:189 - Connection lost
2025-03-12 11:09:23,425 [INFO] WebApp:186 - Connection restablished
2025-03-12 11:09:46,425 [INFO] WebApp:189 - Connection lost
2025-03-12 11:09:46,823 [INFO] WebApp:186 - Connection restablished
2025-03-12 11:10:13,936 [INFO] WebApp:189 - Connection lost
2025-03-12 11:10:14,315 [INFO] WebApp:186 - Connection restablished
2025-03-12 11:10:50,443 [INFO] WebApp:189 - Connection lost
2025-03-12 11:10:50,870 [INFO] WebApp:186 - Connection restablished
2025-03-12 11:11:22,953 [INFO] WebApp:189 - Connection lost
2025-03-12 11:11:23,387 [INFO] WebApp:186 - Connection restablished
2025-03-12 11:11:50,968 [INFO] WebApp:189 - Connection lost
2025-03-12 11:11:51,434 [INFO] WebApp:186 - Connection restablished
2025-03-12 11:12:33,496 [INFO] WebApp:189 - Connection lost
2025-03-12 11:12:33,819 [INFO] WebApp:186 - Connection restablished
2025-03-12 11:13:45,476 [INFO] WebApp:189 - Connection lost
2025-03-12 11:13:45,885 [INFO] WebApp:186 - Connection restablished
2025-03-12 11:14:17,442 [INFO] WebApp:189 - Connection lost
2025-03-12 11:14:17,798 [INFO] WebApp:186 - Connection restablished
2025-03-12 11:15:03,480 [INFO] WebApp:189 - Connection lost
2025-03-12 11:15:03,801 [INFO] WebApp:186 - Connection restablished
2025-03-12 11:15:37,967 [INFO] WebApp:189 - Connection lost
2025-03-12 11:15:38,323 [INFO] WebApp:186 - Connection restablished
2025-03-12 11:16:22,934 [INFO] WebApp:189 - Connection lost
2025-03-12 11:16:23,239 [INFO] WebApp:186 - Connection restablished
2025-03-12 11:17:03,951 [INFO] WebApp:189 - Connection lost
2025-03-12 11:17:04,294 [INFO] WebApp:186 - Connection restablished
2025-03-12 11:17:58,445 [INFO] WebApp:189 - Connection lost
2025-03-12 11:17:58,782 [INFO] WebApp:186 - Connection restablished
2025-03-12 11:18:32,958 [INFO] WebApp:189 - Connection lost
2025-03-12 11:18:33,413 [INFO] WebApp:186 - Connection restablished
2025-03-12 11:18:56,953 [INFO] WebApp:189 - Connection lost
2025-03-12 11:18:57,224 [INFO] WebApp:186 - Connection restablished
2025-03-12 11:19:46,939 [INFO] WebApp:189 - Connection lost
2025-03-12 11:19:47,302 [INFO] WebApp:186 - Connection restablished
2025-03-12 11:20:28,929 [INFO] WebApp:189 - Connection lost
2025-03-12 11:20:29,281 [INFO] WebApp:186 - Connection restablished
2025-03-12 11:21:08,913 [INFO] WebApp:189 - Connection lost
2025-03-12 11:21:09,258 [INFO] WebApp:186 - Connection restablished
2025-03-12 11:21:57,423 [INFO] WebApp:189 - Connection lost
2025-03-12 11:21:57,756 [INFO] WebApp:186 - Connection restablished
2025-03-12 11:22:15,446 [INFO] WebApp:189 - Connection lost
2025-03-12 11:22:15,774 [INFO] WebApp:186 - Connection restablished
2025-03-12 11:22:53,934 [INFO] WebApp:189 - Connection lost
2025-03-12 11:22:54,295 [INFO] WebApp:186 - Connection restablished
2025-03-12 11:23:11,975 [INFO] WebApp:189 - Connection lost
2025-03-12 11:23:12,270 [INFO] WebApp:186 - Connection restablished
2025-03-12 11:23:41,952 [INFO] WebApp:189 - Connection lost
2025-03-12 11:23:42,389 [INFO] WebApp:186 - Connection restablished
2025-03-12 11:24:19,946 [INFO] WebApp:189 - Connection lost
2025-03-12 11:24:20,294 [INFO] WebApp:186 - Connection restablished
2025-03-12 11:24:47,916 [INFO] WebApp:189 - Connection lost
2025-03-12 11:24:48,277 [INFO] WebApp:186 - Connection restablished
2025-03-12 11:25:46,478 [INFO] WebApp:189 - Connection lost
2025-03-12 11:25:46,954 [INFO] WebApp:186 - Connection restablished
2025-03-12 11:26:38,467 [INFO] WebApp:189 - Connection lost
2025-03-12 11:26:38,903 [INFO] WebApp:186 - Connection restablished
2025-03-12 11:27:14,972 [INFO] WebApp:189 - Connection lost
2025-03-12 11:27:15,322 [INFO] WebApp:186 - Connection restablished
2025-03-12 11:27:32,939 [INFO] WebApp:189 - Connection lost
2025-03-12 11:27:33,228 [INFO] WebApp:186 - Connection restablished
2025-03-12 11:28:41,964 [INFO] WebApp:189 - Connection lost
2025-03-12 11:28:42,394 [INFO] WebApp:186 - Connection restablished
2025-03-12 11:29:15,952 [INFO] WebApp:189 - Connection lost
2025-03-12 11:29:16,277 [INFO] WebApp:186 - Connection restablished
2025-03-12 11:29:49,464 [INFO] WebApp:189 - Connection lost
2025-03-12 11:29:49,798 [INFO] WebApp:186 - Connection restablished
2025-03-12 11:30:07,946 [INFO] WebApp:189 - Connection lost
2025-03-12 11:30:08,257 [INFO] WebApp:186 - Connection restablished
2025-03-12 11:30:53,938 [INFO] WebApp:189 - Connection lost
2025-03-12 11:30:54,272 [INFO] WebApp:186 - Connection restablished
2025-03-12 11:31:38,450 [INFO] WebApp:189 - Connection lost
2025-03-12 11:31:46,763 [INFO] WebApp:186 - Connection restablished
2025-03-12 11:54:57,923 [INFO] WebApp:189 - Connection lost
2025-03-12 11:54:59,357 [INFO] WebApp:186 - Connection restablished
2025-03-12 11:55:19,977 [INFO] WebApp:189 - Connection lost
2025-03-12 11:55:20,408 [INFO] WebApp:186 - Connection restablished
2025-03-12 11:57:08,442 [INFO] WebApp:189 - Connection lost
2025-03-12 11:57:25,254 [INFO] WebApp:186 - Connection restablished
2025-03-12 11:59:10,956 [INFO] WebApp:189 - Connection lost
2025-03-12 11:59:12,940 [INFO] WebApp:186 - Connection restablished
2025-03-12 12:01:07,464 [INFO] WebApp:189 - Connection lost
2025-03-12 12:01:19,783 [INFO] WebApp:186 - Connection restablished
2025-03-12 12:02:21,458 [INFO] WebApp:189 - Connection lost
2025-03-12 12:02:29,773 [INFO] WebApp:186 - Connection restablished
2025-03-12 12:04:35,967 [INFO] WebApp:189 - Connection lost
2025-03-12 12:05:00,863 [INFO] WebApp:186 - Connection restablished
2025-03-12 12:05:15,960 [INFO] WebApp:189 - Connection lost
2025-03-12 12:05:20,485 [INFO] WebApp:186 - Connection restablished
2025-03-12 12:07:50,981 [INFO] WebApp:189 - Connection lost
2025-03-12 12:08:00,712 [INFO] WebApp:186 - Connection restablished
2025-03-12 12:08:54,936 [INFO] WebApp:189 - Connection lost
2025-03-12 12:08:59,743 [INFO] WebApp:186 - Connection restablished
2025-03-12 12:09:34,943 [INFO] WebApp:189 - Connection lost
2025-03-12 12:09:47,203 [INFO] WebApp:186 - Connection restablished
2025-03-12 12:11:01,454 [INFO] WebApp:189 - Connection lost
2025-03-12 12:11:15,388 [INFO] WebApp:186 - Connection restablished
2025-03-12 12:23:38,720 [ERROR] LogOutputStream:75 - [STDERR_REDIRECT] 
2025-03-12 12:23:38,722 [ERROR] LogOutputStream:75 - [STDERR_REDIRECT] 
2025-03-12 13:49:36,778 [INFO] Activator:176 - 


2025-03-12 13:49:36,782 [INFO] Activator:177 - !SESSION log4j initialized
2025-03-12 13:49:47,309 [INFO] LogOutputStream:77 - [STDOUT_REDIRECT] 
2025-03-12 13:49:50,318 [INFO] ApplicationProperties:184 - Using Application install path: C:\ST\STM32CubeIDE_1.16.1\STM32CubeIDE\plugins\com.st.stm32cube.common.mx_6.12.1.202409122256
2025-03-12 13:49:50,352 [INFO] DbMcusXml:78 - Set database path to: C:\ST\STM32CubeIDE_1.16.1\STM32CubeIDE\plugins\com.st.stm32cube.common.mx_6.12.1.202409122256\\db\/mcu/
2025-03-12 13:49:50,352 [INFO] ApiDb:274 - Set plugin database path to: C:\ST\STM32CubeIDE_1.16.1\STM32CubeIDE\plugins\com.st.stm32cube.common.mx_6.12.1.202409122256\\db\/plugins/boardmanager/
2025-03-12 13:49:50,353 [WARN] ApiDb:259 - Overriding images path with different value:  => C:\ST\STM32CubeIDE_1.16.1\STM32CubeIDE\plugins\com.st.stm32cube.common.mx_6.12.1.202409122256\\db\/plugins/mcufinder/images/
2025-03-12 13:49:50,369 [INFO] ApiDb:250 - Set database path to: C:\Users\talur\.stmcufinder\plugins\mcufinder//mcu/
2025-03-12 13:49:50,370 [INFO] DbMcusAds:125 - Set database path to: C:\Users\talur\.stmcufinder\plugins\mcufinder//mcu/
2025-03-12 13:49:50,376 [INFO] CrossReferenceDbSqlite:203 - Set database path to: C:\Users\talur\.stmcufinder\plugins\mcufinder//mcu/cs/
2025-03-12 13:49:50,556 [INFO] RulesReader:64 - Compatibility file has been processed (297 Rules)
2025-03-12 13:49:50,702 [INFO] DbMcusXml:78 - Set database path to: C:\ST\STM32CubeIDE_1.16.1\STM32CubeIDE\plugins\com.st.stm32cube.common.mx_6.12.1.202409122256\\db\/mcu/
2025-03-12 13:49:50,702 [INFO] ApiDb:274 - Set plugin database path to: C:\ST\STM32CubeIDE_1.16.1\STM32CubeIDE\plugins\com.st.stm32cube.common.mx_6.12.1.202409122256\\db\/plugins/boardmanager/
2025-03-12 13:49:50,703 [INFO] ApiDb:261 - Set plugin images path to: C:\ST\STM32CubeIDE_1.16.1\STM32CubeIDE\plugins\com.st.stm32cube.common.mx_6.12.1.202409122256\\db\/plugins/mcufinder/images/
2025-03-12 13:49:50,703 [WARN] DbFile:41 - Overriding database path with different value: C:\Users\talur\.stmcufinder\plugins\mcufinder/ => C:\Users\talur\.stmcufinder\plugins\mcufinder
2025-03-12 13:49:50,703 [INFO] ApiDb:250 - Set database path to: C:\Users\talur\.stmcufinder\plugins\mcufinder//mcu/
2025-03-12 13:49:50,704 [WARN] DbFile:41 - Overriding database path with different value: C:\Users\talur\.stmcufinder\plugins\mcufinder/ => C:\Users\talur\.stmcufinder\plugins\mcufinder
2025-03-12 13:49:50,704 [INFO] DbMcusAds:125 - Set database path to: C:\Users\talur\.stmcufinder\plugins\mcufinder//mcu/
2025-03-12 13:49:50,704 [WARN] DbFile:41 - Overriding database path with different value: C:\Users\talur\.stmcufinder\plugins\mcufinder/ => C:\Users\talur\.stmcufinder\plugins\mcufinder
2025-03-12 13:49:50,704 [WARN] DbFile:41 - Overriding database path with different value: C:\Users\talur\.stmcufinder\plugins\mcufinder/ => C:\Users\talur\.stmcufinder\plugins\mcufinder
2025-03-12 13:49:50,704 [INFO] CrossReferenceDbSqlite:203 - Set database path to: C:\Users\talur\.stmcufinder\plugins\mcufinder//mcu/cs/
2025-03-12 13:49:50,853 [INFO] MainPanel:268 - HeapMemory: 268435456
2025-03-12 13:49:51,068 [INFO] DbMcusXml:78 - Set database path to: C:\ST\STM32CubeIDE_1.16.1\STM32CubeIDE\plugins\com.st.stm32cube.common.mx_6.12.1.202409122256\\db\/mcu/
2025-03-12 13:49:51,068 [INFO] ApiDb:274 - Set plugin database path to: C:\ST\STM32CubeIDE_1.16.1\STM32CubeIDE\plugins\com.st.stm32cube.common.mx_6.12.1.202409122256\\db\/plugins/boardmanager/
2025-03-12 13:49:51,068 [INFO] ApiDb:261 - Set plugin images path to: C:\ST\STM32CubeIDE_1.16.1\STM32CubeIDE\plugins\com.st.stm32cube.common.mx_6.12.1.202409122256\\db\/plugins/mcufinder/images/
2025-03-12 13:49:51,069 [WARN] DbFile:41 - Overriding database path with different value: C:\Users\talur\.stmcufinder\plugins\mcufinder/ => C:\Users\talur\.stmcufinder\plugins\mcufinder
2025-03-12 13:49:51,069 [INFO] ApiDb:250 - Set database path to: C:\Users\talur\.stmcufinder\plugins\mcufinder//mcu/
2025-03-12 13:49:51,069 [WARN] DbFile:41 - Overriding database path with different value: C:\Users\talur\.stmcufinder\plugins\mcufinder/ => C:\Users\talur\.stmcufinder\plugins\mcufinder
2025-03-12 13:49:51,070 [INFO] DbMcusAds:125 - Set database path to: C:\Users\talur\.stmcufinder\plugins\mcufinder//mcu/
2025-03-12 13:49:51,070 [WARN] DbFile:41 - Overriding database path with different value: C:\Users\talur\.stmcufinder\plugins\mcufinder/ => C:\Users\talur\.stmcufinder\plugins\mcufinder
2025-03-12 13:49:51,070 [WARN] DbFile:41 - Overriding database path with different value: C:\Users\talur\.stmcufinder\plugins\mcufinder/ => C:\Users\talur\.stmcufinder\plugins\mcufinder
2025-03-12 13:49:51,070 [INFO] CrossReferenceDbSqlite:203 - Set database path to: C:\Users\talur\.stmcufinder\plugins\mcufinder//mcu/cs/
2025-03-12 13:49:51,098 [INFO] ApplicationProperties:184 - Using Application install path: C:\ST\STM32CubeIDE_1.16.1\STM32CubeIDE\plugins\com.st.stm32cube.common.mx_6.12.1.202409122256
2025-03-12 13:49:51,100 [INFO] PluginManage:196 - Search for loadable plugins [exclusion list=, ]
2025-03-12 13:49:51,103 [INFO] PluginManage:310 - Check plugin analytics
2025-03-12 13:49:51,410 [INFO] AnalyticsPlugin:253 - Accepted Software Licenses: 
2025-03-12 13:49:51,411 [INFO] AnalyticsPlugin:255 - Accepted CMSIS Pack Licenses: 
2025-03-12 13:49:51,412 [INFO] AnalyticsPlugin:257 - Accepted Firmware Licenses: FW.F4.1.28.0
2025-03-12 13:49:51,419 [INFO] PluginManage:359 - Loaded plugin analytics (category:tool,tabindex:-1)
2025-03-12 13:49:51,420 [INFO] PluginManage:310 - Check plugin cadmodel
2025-03-12 13:49:51,459 [INFO] CADModel:105 - Init CAD model plugin
2025-03-12 13:49:51,459 [INFO] PluginManage:359 - Loaded plugin cadmodel (category:power,tabindex:5)
2025-03-12 13:49:51,460 [INFO] PluginManage:310 - Check plugin clock
2025-03-12 13:49:51,509 [INFO] PluginManage:359 - Loaded plugin clock (category:base,tabindex:2)
2025-03-12 13:49:51,509 [INFO] PluginManage:310 - Check plugin ddr
2025-03-12 13:49:51,516 [INFO] PluginManage:359 - Loaded plugin ddr (category:tool,tabindex:6)
2025-03-12 13:49:51,516 [INFO] PluginManage:310 - Check plugin filemanager
2025-03-12 13:49:51,782 [INFO] PluginManage:359 - Loaded plugin filemanager (category:base,tabindex:10)
2025-03-12 13:49:51,783 [INFO] PluginManage:310 - Check plugin ipmanager
2025-03-12 13:49:51,800 [INFO] PluginManage:359 - Loaded plugin ipmanager (category:base,tabindex:5)
2025-03-12 13:49:51,802 [INFO] PluginManage:310 - Check plugin lpbam
2025-03-12 13:49:51,839 [INFO] PluginManage:359 - Loaded plugin lpbam (category:base,tabindex:0)
2025-03-12 13:49:51,840 [INFO] PluginManage:310 - Check plugin memorymap
2025-03-12 13:49:51,886 [INFO] PluginManage:359 - Loaded plugin memorymap (category:base,tabindex:4)
2025-03-12 13:49:51,887 [INFO] PluginManage:310 - Check plugin pinoutandconfiguration
2025-03-12 13:49:51,938 [INFO] PluginManage:359 - Loaded plugin pinoutandconfiguration (category:base,tabindex:1)
2025-03-12 13:49:51,939 [INFO] PluginManage:310 - Check plugin pinoutconfig
2025-03-12 13:49:52,104 [WARN] SupportedApi:132 - Cannot load RTOS API schema: s4s-elt-must-match.1: The content of 'definitions' must match (annotation?, (simpleType | complexType)?, (unique | key | keyref)*)). A problem was found starting at: attribute.
2025-03-12 13:49:52,360 [INFO] PluginManage:359 - Loaded plugin pinoutconfig (category:base,tabindex:0)
2025-03-12 13:49:52,361 [INFO] PluginManage:310 - Check plugin power
2025-03-12 13:49:52,403 [INFO] PluginManage:359 - Loaded plugin power (category:power,tabindex:4)
2025-03-12 13:49:52,404 [INFO] PluginManage:310 - Check plugin projectmanager
2025-03-12 13:49:52,435 [INFO] PluginManage:359 - Loaded plugin projectmanager (category:projectmanager,tabindex:4)
2025-03-12 13:49:52,436 [INFO] PluginManage:310 - Check plugin rif
2025-03-12 13:49:52,478 [INFO] PluginManage:359 - Loaded plugin rif (category:base,tabindex:3)
2025-03-12 13:49:52,479 [INFO] PluginManage:310 - Check plugin thirdparty
2025-03-12 13:49:53,138 [INFO] PluginManage:359 - Loaded plugin thirdparty (category:base,tabindex:-1)
2025-03-12 13:49:53,138 [WARN] IntegrityCheckThread:84 - waiting for thirdparty lock release [integrity check]
2025-03-12 13:49:53,140 [INFO] IntegrityCheckThread:86 - entering critical section [integrity check]
2025-03-12 13:49:53,140 [INFO] PluginManage:310 - Check plugin tools
2025-03-12 13:49:53,140 [INFO] ThirdPartyUpdaterWithRetryManager:70 - Updater plugin not ready yet. [1/15]
2025-03-12 13:49:53,210 [INFO] PluginManage:359 - Loaded plugin tools (category:base,tabindex:7)
2025-03-12 13:49:53,210 [INFO] PluginManage:310 - Check plugin tutovideos
2025-03-12 13:49:53,525 [INFO] PluginManage:359 - Loaded plugin tutovideos (category:base,tabindex:-1)
2025-03-12 13:49:53,526 [INFO] PluginManage:310 - Check plugin updater
2025-03-12 13:49:53,557 [INFO] PluginManage:359 - Loaded plugin updater (category:base,tabindex:12)
2025-03-12 13:49:53,558 [INFO] PluginManage:310 - Check plugin userauth
2025-03-12 13:49:53,568 [INFO] UserAuth:113 - Init User Auth plugin
2025-03-12 13:49:53,568 [INFO] PluginManage:359 - Loaded plugin userauth (category:base,tabindex:14)
2025-03-12 13:49:53,569 [INFO] PluginManage:283 - PluginManage : Loaded plugins [18]
2025-03-12 13:49:53,937 [INFO] PinOutPanel:1561 - setPackage(No Configuration,No Configuration)
2025-03-12 13:49:54,115 [INFO] CADModel:165 - CPN selected for project level
2025-03-12 13:49:54,116 [INFO] CADModel:114 - Register for checkConnection events
2025-03-12 13:49:54,173 [INFO] IPUIPlugin:80 - create IPUIPlugin
2025-03-12 13:49:54,174 [INFO] PluginManager:220 - loadIPPluginJar : add adc
2025-03-12 13:49:54,245 [INFO] IPUIPlugin:80 - create IPUIPlugin
2025-03-12 13:49:54,245 [INFO] PluginManager:220 - loadIPPluginJar : add aes
2025-03-12 13:49:54,317 [INFO] IPUIPlugin:80 - create IPUIPlugin
2025-03-12 13:49:54,317 [INFO] PluginManager:220 - loadIPPluginJar : add can
2025-03-12 13:49:54,365 [INFO] IPUIPlugin:80 - create IPUIPlugin
2025-03-12 13:49:54,365 [INFO] PluginManager:220 - loadIPPluginJar : add comp
2025-03-12 13:49:54,434 [INFO] IPUIPlugin:80 - create IPUIPlugin
2025-03-12 13:49:54,434 [INFO] PluginManager:220 - loadIPPluginJar : add cryp
2025-03-12 13:49:54,462 [INFO] IPUIPlugin:80 - create IPUIPlugin
2025-03-12 13:49:54,463 [INFO] PluginManager:220 - loadIPPluginJar : add ddr_ctrl_phy
2025-03-12 13:49:54,538 [INFO] IPUIPlugin:80 - create IPUIPlugin
2025-03-12 13:49:54,538 [INFO] PluginManager:220 - loadIPPluginJar : add dfsdm
2025-03-12 13:49:54,575 [INFO] IPUIPlugin:80 - create IPUIPlugin
2025-03-12 13:49:54,576 [INFO] PluginManager:220 - loadIPPluginJar : add dma
2025-03-12 13:49:54,683 [INFO] IPUIPlugin:80 - create IPUIPlugin
2025-03-12 13:49:54,683 [INFO] PluginManager:220 - loadIPPluginJar : add dma3
2025-03-12 13:49:54,779 [INFO] IPUIPlugin:80 - create IPUIPlugin
2025-03-12 13:49:54,779 [INFO] PluginManager:220 - loadIPPluginJar : add extmemmanager
2025-03-12 13:49:54,829 [INFO] IPUIPlugin:80 - create IPUIPlugin
2025-03-12 13:49:54,829 [INFO] PluginManager:220 - loadIPPluginJar : add fatfs
2025-03-12 13:49:54,949 [INFO] IPUIPlugin:80 - create IPUIPlugin
2025-03-12 13:49:54,950 [INFO] PluginManager:220 - loadIPPluginJar : add fmc
2025-03-12 13:49:54,987 [INFO] IPUIPlugin:80 - create IPUIPlugin
2025-03-12 13:49:54,987 [INFO] PluginManager:220 - loadIPPluginJar : add freertos
2025-03-12 13:49:55,035 [INFO] IPUIPlugin:80 - create IPUIPlugin
2025-03-12 13:49:55,035 [INFO] PluginManager:220 - loadIPPluginJar : add genericplugin
2025-03-12 13:49:55,258 [INFO] IPUIPlugin:80 - create IPUIPlugin
2025-03-12 13:49:55,259 [INFO] PluginManager:220 - loadIPPluginJar : add gfxmmu
2025-03-12 13:49:55,533 [INFO] IPUIPlugin:80 - create IPUIPlugin
2025-03-12 13:49:55,533 [INFO] PluginManager:220 - loadIPPluginJar : add gic
2025-03-12 13:49:55,558 [INFO] IPUIPlugin:80 - create IPUIPlugin
2025-03-12 13:49:55,560 [INFO] PluginManager:220 - loadIPPluginJar : add gpio
2025-03-12 13:49:55,748 [INFO] IPUIPlugin:80 - create IPUIPlugin
2025-03-12 13:49:55,748 [INFO] PluginManager:220 - loadIPPluginJar : add gtzc
2025-03-12 13:49:55,828 [INFO] IPUIPlugin:80 - create IPUIPlugin
2025-03-12 13:49:55,830 [INFO] PluginManager:220 - loadIPPluginJar : add hash
2025-03-12 13:49:55,961 [INFO] IPUIPlugin:80 - create IPUIPlugin
2025-03-12 13:49:55,961 [INFO] PluginManager:220 - loadIPPluginJar : add i2c
2025-03-12 13:49:56,073 [INFO] IPUIPlugin:80 - create IPUIPlugin
2025-03-12 13:49:56,074 [INFO] PluginManager:220 - loadIPPluginJar : add i2s
2025-03-12 13:49:56,142 [INFO] ThirdPartyUpdaterWithRetryManager:70 - Updater plugin not ready yet. [2/15]
2025-03-12 13:49:56,204 [INFO] IPUIPlugin:80 - create IPUIPlugin
2025-03-12 13:49:56,204 [INFO] PluginManager:220 - loadIPPluginJar : add i3c
2025-03-12 13:49:56,429 [INFO] IPUIPlugin:80 - create IPUIPlugin
2025-03-12 13:49:56,429 [INFO] PluginManager:220 - loadIPPluginJar : add ipddr
2025-03-12 13:49:56,617 [INFO] IPUIPlugin:80 - create IPUIPlugin
2025-03-12 13:49:56,618 [INFO] PluginManager:220 - loadIPPluginJar : add linkedlist
2025-03-12 13:49:56,687 [INFO] IPUIPlugin:80 - create IPUIPlugin
2025-03-12 13:49:56,687 [INFO] PluginManager:220 - loadIPPluginJar : add lorawan
2025-03-12 13:49:56,821 [INFO] IPUIPlugin:80 - create IPUIPlugin
2025-03-12 13:49:56,821 [INFO] PluginManager:220 - loadIPPluginJar : add ltdc
2025-03-12 13:49:56,855 [INFO] IPUIPlugin:80 - create IPUIPlugin
2025-03-12 13:49:56,856 [INFO] PluginManager:220 - loadIPPluginJar : add mdma
2025-03-12 13:49:56,876 [INFO] IPUIPlugin:80 - create IPUIPlugin
2025-03-12 13:49:56,877 [INFO] PluginManager:220 - loadIPPluginJar : add nvic
2025-03-12 13:49:56,950 [INFO] IPUIPlugin:80 - create IPUIPlugin
2025-03-12 13:49:56,950 [INFO] PluginManager:220 - loadIPPluginJar : add opamp
2025-03-12 13:49:57,083 [INFO] IPUIPlugin:80 - create IPUIPlugin
2025-03-12 13:49:57,083 [INFO] PluginManager:220 - loadIPPluginJar : add openamp
2025-03-12 13:49:57,175 [INFO] IPUIPlugin:80 - create IPUIPlugin
2025-03-12 13:49:57,176 [INFO] PluginManager:220 - loadIPPluginJar : add pdm2pcm
2025-03-12 13:49:57,205 [INFO] IPUIPlugin:80 - create IPUIPlugin
2025-03-12 13:49:57,210 [INFO] PluginManager:220 - loadIPPluginJar : add plateformsettings
2025-03-12 13:49:57,263 [INFO] IPUIPlugin:80 - create IPUIPlugin
2025-03-12 13:49:57,264 [INFO] PluginManager:220 - loadIPPluginJar : add quadspi
2025-03-12 13:49:57,327 [INFO] IPUIPlugin:80 - create IPUIPlugin
2025-03-12 13:49:57,329 [INFO] PluginManager:220 - loadIPPluginJar : add radio
2025-03-12 13:49:57,356 [INFO] IPUIPlugin:80 - create IPUIPlugin
2025-03-12 13:49:57,357 [INFO] PluginManager:220 - loadIPPluginJar : add resmgrutility
2025-03-12 13:49:57,457 [INFO] IPUIPlugin:80 - create IPUIPlugin
2025-03-12 13:49:57,457 [INFO] PluginManager:220 - loadIPPluginJar : add sai
2025-03-12 13:49:57,576 [INFO] IPUIPlugin:80 - create IPUIPlugin
2025-03-12 13:49:57,576 [INFO] PluginManager:220 - loadIPPluginJar : add spi
2025-03-12 13:49:57,722 [INFO] IPUIPlugin:80 - create IPUIPlugin
2025-03-12 13:49:57,723 [INFO] PluginManager:220 - loadIPPluginJar : add stm32_wpan
2025-03-12 13:49:57,790 [INFO] IPUIPlugin:80 - create IPUIPlugin
2025-03-12 13:49:57,790 [INFO] PluginManager:220 - loadIPPluginJar : add tim
2025-03-12 13:49:57,925 [INFO] IPUIPlugin:80 - create IPUIPlugin
2025-03-12 13:49:57,926 [INFO] PluginManager:220 - loadIPPluginJar : add touchsensing
2025-03-12 13:49:57,985 [INFO] IPUIPlugin:80 - create IPUIPlugin
2025-03-12 13:49:57,985 [INFO] PluginManager:220 - loadIPPluginJar : add tracer_emb
2025-03-12 13:49:58,056 [INFO] IPUIPlugin:80 - create IPUIPlugin
2025-03-12 13:49:58,056 [INFO] PluginManager:220 - loadIPPluginJar : add ts
2025-03-12 13:49:58,116 [INFO] IPUIPlugin:80 - create IPUIPlugin
2025-03-12 13:49:58,116 [INFO] PluginManager:220 - loadIPPluginJar : add tsc
2025-03-12 13:49:58,180 [INFO] IPUIPlugin:80 - create IPUIPlugin
2025-03-12 13:49:58,181 [INFO] PluginManager:220 - loadIPPluginJar : add ucpd
2025-03-12 13:49:58,266 [INFO] IPUIPlugin:80 - create IPUIPlugin
2025-03-12 13:49:58,268 [INFO] PluginManager:220 - loadIPPluginJar : add usart
2025-03-12 13:49:58,341 [INFO] IPUIPlugin:80 - create IPUIPlugin
2025-03-12 13:49:58,342 [INFO] PluginManager:220 - loadIPPluginJar : add usbx
2025-03-12 13:49:58,504 [INFO] CADModel:165 - CPN selected for project level
2025-03-12 13:49:58,504 [INFO] CADModel:114 - Register for checkConnection events
2025-03-12 13:49:58,505 [FATAL] Updater:334 - Updater called before beeing initialized
2025-03-12 13:49:58,505 [ERROR] CADModel:125 - Updater not yet initialized, retry later 
2025-03-12 13:49:58,733 [INFO] CADModel:165 - CPN selected for project level
2025-03-12 13:49:58,733 [INFO] CADModel:114 - Register for checkConnection events
2025-03-12 13:49:58,733 [FATAL] Updater:334 - Updater called before beeing initialized
2025-03-12 13:49:58,733 [ERROR] CADModel:125 - Updater not yet initialized, retry later 
2025-03-12 13:49:58,740 [FATAL] Updater:334 - Updater called before beeing initialized
2025-03-12 13:49:58,943 [FATAL] Updater:334 - Updater called before beeing initialized
2025-03-12 13:49:58,962 [INFO] DbMcusAds:53 - JSON generation date=Thu Mar 06 20:24:21 IST 2025 (1741272861825)
2025-03-12 13:49:58,963 [FATAL] Updater:334 - Updater called before beeing initialized
2025-03-12 13:49:59,011 [WARN] DetailPanel:346 - Failed to get advertising image, set to default
2025-03-12 13:49:59,112 [FATAL] Updater:334 - Updater called before beeing initialized
2025-03-12 13:49:59,115 [FATAL] Updater:334 - Updater called before beeing initialized
2025-03-12 13:49:59,115 [FATAL] Updater:334 - Updater called before beeing initialized
2025-03-12 13:49:59,115 [WARN] DetailPanel:346 - Failed to get advertising image, set to default
2025-03-12 13:49:59,116 [FATAL] Updater:334 - Updater called before beeing initialized
2025-03-12 13:49:59,144 [INFO] ThirdPartyUpdaterWithRetryManager:70 - Updater plugin not ready yet. [3/15]
2025-03-12 13:49:59,222 [ERROR] Updater:1164 - MainUpdater not yet initialized. External WinMGr cannot be set.
2025-03-12 13:49:59,241 [INFO] Updater:1100 - Updater Version found : 6.12.1
2025-03-12 13:49:59,277 [INFO] ApplicationProperties:184 - Using Application install path: C:\ST\STM32CubeIDE_1.16.1\STM32CubeIDE\plugins\com.st.stm32cube.common.mx_6.12.1.202409122256
2025-03-12 13:50:00,878 [ERROR] LogOutputStream:75 - [STDERR_REDIRECT] Mar 12, 2025 1:50:00 PM java.util.prefs.WindowsPreferences <init>
2025-03-12 13:50:00,880 [ERROR] LogOutputStream:75 - [STDERR_REDIRECT] WARNING: Could not open/create prefs root node Software\JavaSoft\Prefs at root 0xffffffff80000002. Windows RegCreateKeyEx(...) returned error code 5.
2025-03-12 13:50:00,881 [ERROR] LogOutputStream:75 - [STDERR_REDIRECT] 
2025-03-12 13:50:01,706 [INFO] MainUpdater:2873 - connection check result : 10
2025-03-12 13:50:01,709 [INFO] MainUpdater:290 - Updater Check For Update Now.
2025-03-12 13:50:01,709 [INFO] MicroXplorer:498 - Change Database Version : DB.6.0.121
2025-03-12 13:50:01,744 [INFO] McuFinderGlobals:63 - Set McuFinder mode to 2 (CubeIDE integrated)
2025-03-12 13:50:01,746 [INFO] UserAuth:179 - activating auth plugin
2025-03-12 13:50:01,753 [INFO] UserAuth:417 - Internet connection configuration mode: 1
2025-03-12 13:50:01,826 [INFO] JxBrowserEngine:152 - Initiate JxBrowser Engine with user profile folder
2025-03-12 13:50:02,020 [INFO] CheckServerUpdateThread:120 - End of CheckServer Thread
2025-03-12 13:50:02,621 [WARN] PackLoader:240 - Cannot read IP mode file for STMicroelectronics.FP-SNS-MOTENVWB1.1.4.0
2025-03-12 13:50:02,659 [WARN] PackLoader:240 - Cannot read IP mode file for STMicroelectronics.FP-ATR-ASTRA1.2.0.2
2025-03-12 13:50:02,687 [WARN] PackLoader:240 - Cannot read IP mode file for STMicroelectronics.FP-ATR-ASTRA1.2.0.1
2025-03-12 13:50:02,724 [WARN] PackLoader:240 - Cannot read IP mode file for STMicroelectronics.X-CUBE-SMBUS.2.1.0
2025-03-12 13:50:02,757 [WARN] PackLoader:240 - Cannot read IP mode file for STMicroelectronics.X-CUBE-WB05N.1.1.0
2025-03-12 13:50:02,836 [WARN] PackLoader:240 - Cannot read IP mode file for STMicroelectronics.X-CUBE-AZRTOS-F7.1.1.0
2025-03-12 13:50:02,991 [WARN] PackLoader:240 - Cannot read IP mode file for STMicroelectronics.X-CUBE-MEMS1.11.0.0
2025-03-12 13:50:03,232 [WARN] PackLoader:240 - Cannot read IP mode file for STMicroelectronics.FP-SNS-FLIGHT1.5.0.2
2025-03-12 13:50:03,276 [WARN] PackLoader:240 - Cannot read IP mode file for STMicroelectronics.X-CUBE-DISPLAY.3.0.0
2025-03-12 13:50:03,319 [WARN] PackLoader:240 - Cannot read IP mode file for STMicroelectronics.X-CUBE-BLE1.7.0.0
2025-03-12 13:50:03,350 [WARN] PackLoader:240 - Cannot read IP mode file for STMicroelectronics.X-CUBE-NFC10.1.0.0
2025-03-12 13:50:03,384 [WARN] PackLoader:240 - Cannot read IP mode file for STMicroelectronics.X-CUBE-BLEMGR.4.0.0
2025-03-12 13:50:03,418 [WARN] PackLoader:240 - Cannot read IP mode file for emotas.I-CUBE-CANOPEN.1.3.0
2025-03-12 13:50:03,453 [WARN] PackLoader:240 - Cannot read IP mode file for STMicroelectronics.X-CUBE-BLEMGR.3.1.0
2025-03-12 13:50:03,483 [WARN] PackLoader:240 - Cannot read IP mode file for STMicroelectronics.X-CUBE-AI.10.0.0
2025-03-12 13:50:03,514 [WARN] PackLoader:240 - Cannot read IP mode file for STMicroelectronics.FP-SNS-SMARTAG2.1.2.0
2025-03-12 13:50:03,633 [WARN] PackLoader:240 - Cannot read IP mode file for STMicroelectronics.X-CUBE-MEMS1.11.1.0
2025-03-12 13:50:03,821 [INFO] LogOutputStream:77 - [STDOUT_REDIRECT] 1 : Invalid condition id : UX_CORESTACK_Condition cause : null
2025-03-12 13:50:03,822 [INFO] LogOutputStream:77 - [STDOUT_REDIRECT] 1 : Invalid condition id : UX_CORESTACK_Condition cause : null
2025-03-12 13:50:03,824 [INFO] LogOutputStream:77 - [STDOUT_REDIRECT] 1 : Invalid condition id : UX_CORESTACK_Condition cause : null
2025-03-12 13:50:03,826 [INFO] LogOutputStream:77 - [STDOUT_REDIRECT] 1 : Invalid condition id : UX_CORESTACK_Condition cause : null
2025-03-12 13:50:03,828 [INFO] LogOutputStream:77 - [STDOUT_REDIRECT] 1 : Invalid condition id : UX_CORESTACK_Condition cause : null
2025-03-12 13:50:03,832 [WARN] PackLoader:240 - Cannot read IP mode file for STMicroelectronics.X-CUBE-AZRTOS-WL.2.0.0
2025-03-12 13:50:03,864 [WARN] PackLoader:240 - Cannot read IP mode file for STMicroelectronics.FP-SNS-MOTENV1.5.0.0
2025-03-12 13:50:03,891 [WARN] PackLoader:240 - Cannot read IP mode file for wolfSSL.I-CUBE-wolfMQTT.1.19.0
2025-03-12 13:50:03,926 [WARN] PackLoader:240 - Cannot read IP mode file for WES.I-CUBE-Cesium.1.3.0
2025-03-12 13:50:03,954 [WARN] PackLoader:240 - Cannot read IP mode file for STMicroelectronics.X-CUBE-BLE2.3.3.0
2025-03-12 13:50:03,987 [WARN] PackLoader:240 - Cannot read IP mode file for STMicroelectronics.X-CUBE-NFC9.1.0.0
2025-03-12 13:50:04,015 [WARN] PackLoader:240 - Cannot read IP mode file for STMicroelectronics.X-CUBE-BLE1.7.1.0
2025-03-12 13:50:04,045 [WARN] PackLoader:240 - Cannot read IP mode file for STMicroelectronics.X-CUBE-TCPP.4.1.0
2025-03-12 13:50:04,102 [WARN] PackLoader:240 - Cannot read IP mode file for STMicroelectronics.X-CUBE-AZRTOS-G0.1.1.0
2025-03-12 13:50:04,140 [WARN] PackLoader:240 - Cannot read IP mode file for STMicroelectronics.X-CUBE-SAFEA1.1.2.2
2025-03-12 13:50:04,170 [WARN] PackLoader:240 - Cannot read IP mode file for STMicroelectronics.X-CUBE-NFC4.3.0.0
2025-03-12 13:50:04,219 [WARN] PackLoader:240 - Cannot read IP mode file for EmbeddedOffice.I-CUBE-FS-RTOS.1.0.1
2025-03-12 13:50:04,220 [ERROR] ConditionMgr:805 - Attr not supported : Dmpu
2025-03-12 13:50:04,220 [ERROR] ConditionMgr:805 - Attr not supported : Dmpu
2025-03-12 13:50:04,221 [ERROR] ConditionMgr:805 - Attr not supported : Dmpu
2025-03-12 13:50:04,221 [ERROR] ConditionMgr:805 - Attr not supported : Dmpu
2025-03-12 13:50:04,221 [ERROR] ConditionMgr:805 - Attr not supported : Dmpu
2025-03-12 13:50:04,221 [ERROR] ConditionMgr:805 - Attr not supported : Dmpu
2025-03-12 13:50:04,222 [ERROR] ConditionMgr:805 - Attr not supported : Dmpu
2025-03-12 13:50:04,222 [ERROR] ConditionMgr:805 - Attr not supported : Dmpu
2025-03-12 13:50:04,222 [ERROR] ConditionMgr:805 - Attr not supported : Dmpu
2025-03-12 13:50:04,222 [ERROR] ConditionMgr:805 - Attr not supported : Dmpu
2025-03-12 13:50:04,222 [ERROR] ConditionMgr:805 - Attr not supported : Dmpu
2025-03-12 13:50:04,222 [ERROR] ConditionMgr:805 - Attr not supported : Dmpu
2025-03-12 13:50:04,222 [ERROR] ConditionMgr:805 - Attr not supported : Dmpu
2025-03-12 13:50:04,223 [ERROR] ConditionMgr:805 - Attr not supported : Dmpu
2025-03-12 13:50:04,223 [ERROR] ConditionMgr:805 - Attr not supported : Dmpu
2025-03-12 13:50:04,223 [ERROR] ConditionMgr:805 - Attr not supported : Dmpu
2025-03-12 13:50:04,223 [ERROR] ConditionMgr:805 - Attr not supported : Dmpu
2025-03-12 13:50:04,223 [ERROR] ConditionMgr:805 - Attr not supported : Dmpu
2025-03-12 13:50:04,223 [ERROR] ConditionMgr:805 - Attr not supported : Dmpu
2025-03-12 13:50:04,223 [ERROR] ConditionMgr:805 - Attr not supported : Dmpu
2025-03-12 13:50:04,223 [ERROR] ConditionMgr:805 - Attr not supported : Dmpu
2025-03-12 13:50:04,223 [ERROR] ConditionMgr:805 - Attr not supported : Dmpu
2025-03-12 13:50:04,223 [ERROR] ConditionMgr:805 - Attr not supported : Dmpu
2025-03-12 13:50:04,224 [ERROR] ConditionMgr:805 - Attr not supported : Dmpu
2025-03-12 13:50:04,224 [ERROR] ConditionMgr:805 - Attr not supported : Dmpu
2025-03-12 13:50:04,224 [ERROR] ConditionMgr:805 - Attr not supported : Dmpu
2025-03-12 13:50:04,224 [ERROR] ConditionMgr:805 - Attr not supported : Dmpu
2025-03-12 13:50:04,224 [ERROR] ConditionMgr:805 - Attr not supported : Dmpu
2025-03-12 13:50:04,224 [ERROR] ConditionMgr:805 - Attr not supported : Dmpu
2025-03-12 13:50:04,224 [ERROR] ConditionMgr:805 - Attr not supported : Dmpu
2025-03-12 13:50:04,224 [ERROR] ConditionMgr:805 - Attr not supported : Dmpu
2025-03-12 13:50:04,224 [ERROR] ConditionMgr:805 - Attr not supported : Dmpu
2025-03-12 13:50:04,224 [ERROR] ConditionMgr:805 - Attr not supported : Dmpu
2025-03-12 13:50:04,225 [ERROR] ConditionMgr:805 - Attr not supported : Dmpu
2025-03-12 13:50:04,225 [ERROR] ConditionMgr:805 - Attr not supported : Dmpu
2025-03-12 13:50:04,225 [ERROR] ConditionMgr:805 - Attr not supported : Dmpu
2025-03-12 13:50:04,225 [ERROR] ConditionMgr:805 - Attr not supported : Dmpu
2025-03-12 13:50:04,225 [ERROR] ConditionMgr:805 - Attr not supported : Dmpu
2025-03-12 13:50:04,225 [ERROR] ConditionMgr:805 - Attr not supported : Dmpu
2025-03-12 13:50:04,226 [ERROR] ConditionMgr:805 - Attr not supported : Dmpu
2025-03-12 13:50:04,226 [ERROR] ConditionMgr:805 - Attr not supported : Dmpu
2025-03-12 13:50:04,226 [ERROR] ConditionMgr:805 - Attr not supported : Dmpu
2025-03-12 13:50:04,226 [ERROR] ConditionMgr:805 - Attr not supported : Dmpu
2025-03-12 13:50:04,226 [ERROR] ConditionMgr:805 - Attr not supported : Dmpu
2025-03-12 13:50:04,226 [ERROR] ConditionMgr:805 - Attr not supported : Dmpu
2025-03-12 13:50:04,226 [ERROR] ConditionMgr:805 - Attr not supported : Dmpu
2025-03-12 13:50:04,227 [ERROR] ConditionMgr:805 - Attr not supported : Dmpu
2025-03-12 13:50:04,227 [ERROR] ConditionMgr:805 - Attr not supported : Dmpu
2025-03-12 13:50:04,227 [ERROR] ConditionMgr:805 - Attr not supported : Dmpu
2025-03-12 13:50:04,227 [ERROR] ConditionMgr:805 - Attr not supported : Dmpu
2025-03-12 13:50:04,227 [ERROR] ConditionMgr:805 - Attr not supported : Dmpu
2025-03-12 13:50:04,227 [ERROR] ConditionMgr:805 - Attr not supported : Dmpu
2025-03-12 13:50:04,227 [ERROR] ConditionMgr:805 - Attr not supported : Dmpu
2025-03-12 13:50:04,227 [ERROR] ConditionMgr:805 - Attr not supported : Dmpu
2025-03-12 13:50:04,227 [ERROR] ConditionMgr:805 - Attr not supported : Dmpu
2025-03-12 13:50:04,228 [ERROR] ConditionMgr:805 - Attr not supported : Dmpu
2025-03-12 13:50:04,229 [ERROR] ConditionMgr:805 - Attr not supported : Dmpu
2025-03-12 13:50:04,230 [ERROR] ConditionMgr:805 - Attr not supported : Dmpu
2025-03-12 13:50:04,230 [ERROR] ConditionMgr:805 - Attr not supported : Dmpu
2025-03-12 13:50:04,230 [ERROR] ConditionMgr:805 - Attr not supported : Dmpu
2025-03-12 13:50:04,231 [ERROR] ConditionMgr:805 - Attr not supported : Dmpu
2025-03-12 13:50:04,231 [ERROR] ConditionMgr:805 - Attr not supported : Dmpu
2025-03-12 13:50:04,231 [ERROR] ConditionMgr:805 - Attr not supported : Dmpu
2025-03-12 13:50:04,231 [ERROR] ConditionMgr:805 - Attr not supported : Dmpu
2025-03-12 13:50:04,268 [ERROR] Engine:466 - C:\Users\talur\.stm32cubemx\thirdparties\pdsc\STMicroelectronics.X-CUBE-TCPP.4.2.0.pdsc: PDSC version is not supported
2025-03-12 13:50:04,306 [WARN] PackLoader:240 - Cannot read IP mode file for RealThread.X-CUBE-RT-Thread_Nano.4.1.1
2025-03-12 13:50:04,341 [WARN] PackLoader:240 - Cannot read IP mode file for STMicroelectronics.FP-ATR-SIGFOX1.3.2.0
2025-03-12 13:50:04,379 [WARN] PackLoader:240 - Cannot read IP mode file for wolfSSL.I-CUBE-wolfSSL.5.7.2
2025-03-12 13:50:04,416 [WARN] ConditionMgr:438 - getConditionDescription Invalid condition id : Cortex-A Device cause : null
2025-03-12 13:50:04,480 [WARN] ConditionMgr:1039 - genDependencies : Invalid condition id : Cortex-A Device cause : null
2025-03-12 13:50:04,481 [WARN] ConditionMgr:1039 - genDependencies : Invalid condition id : Cortex-A Device cause : null
2025-03-12 13:50:04,481 [WARN] ConditionMgr:1039 - genDependencies : Invalid condition id : Cortex-A Device cause : null
2025-03-12 13:50:04,520 [WARN] PackLoader:240 - Cannot read IP mode file for STMicroelectronics.X-CUBE-EEPRMA1.5.1.0
2025-03-12 13:50:04,553 [WARN] PackLoader:240 - Cannot read IP mode file for wolfSSL.I-CUBE-wolfSSL.5.7.4
2025-03-12 13:50:04,584 [WARN] PackLoader:240 - Cannot read IP mode file for ITTIA_DB.I-CUBE-ITTIADB.8.9.0
2025-03-12 13:50:04,654 [WARN] PackLoader:240 - Cannot read IP mode file for SEGGER.I-CUBE-embOS.1.3.1
2025-03-12 13:50:04,753 [WARN] PackLoader:240 - Cannot read IP mode file for STMicroelectronics.X-CUBE-ALGOBUILD.1.4.0
2025-03-12 13:50:04,791 [WARN] PackLoader:240 - Cannot read IP mode file for STMicroelectronics.X-CUBE-AI.9.1.0
2025-03-12 13:50:04,852 [WARN] PackLoader:240 - Cannot read IP mode file for STMicroelectronics.X-CUBE-AZRTOS-F4.1.1.0
2025-03-12 13:50:04,893 [WARN] PackLoader:240 - Cannot read IP mode file for STMicroelectronics.X-CUBE-ISPU.2.1.0
2025-03-12 13:50:04,933 [WARN] PackLoader:240 - Cannot read IP mode file for STMicroelectronics.X-CUBE-FREERTOS.1.2.0
2025-03-12 13:50:05,000 [WARN] PackLoader:240 - Cannot read IP mode file for STMicroelectronics.X-CUBE-AZRTOS-L5.2.0.0
2025-03-12 13:50:05,036 [WARN] PackLoader:240 - Cannot read IP mode file for STMicroelectronics.X-CUBE-NFC6.3.1.0
2025-03-12 13:50:05,071 [WARN] PackLoader:240 - Cannot read IP mode file for STMicroelectronics.X-CUBE-DPower.1.2.0
2025-03-12 13:50:05,103 [WARN] PackLoader:240 - Cannot read IP mode file for STMicroelectronics.X-CUBE-AI.9.0.0
2025-03-12 13:50:05,137 [WARN] PackLoader:240 - Cannot read IP mode file for STMicroelectronics.X-CUBE-FREERTOS.1.3.0
2025-03-12 13:50:05,173 [WARN] PackLoader:240 - Cannot read IP mode file for STMicroelectronics.X-CUBE-NFC7.1.0.1
2025-03-12 13:50:05,239 [WARN] ConditionMgr:438 - getConditionDescription Invalid condition id : LAN8742 Phy interface Condition cause : null
2025-03-12 13:50:05,241 [WARN] PackLoader:240 - Cannot read IP mode file for STMicroelectronics.X-CUBE-AZRTOS-L4.2.0.0
2025-03-12 13:50:05,243 [WARN] ConditionMgr:1039 - genDependencies : Invalid condition id : LAN8742 Phy interface Condition cause : null
2025-03-12 13:50:05,244 [WARN] ConditionMgr:1039 - genDependencies : Invalid condition id : LAN8742 Phy interface Condition cause : null
2025-03-12 13:50:05,245 [WARN] ConditionMgr:1039 - genDependencies : Invalid condition id : LAN8742 Phy interface Condition cause : null
2025-03-12 13:50:05,288 [WARN] PackLoader:240 - Cannot read IP mode file for STMicroelectronics.X-CUBE-SFXS2LP1.4.0.0
2025-03-12 13:50:05,360 [WARN] PackLoader:240 - Cannot read IP mode file for STMicroelectronics.X-CUBE-AZRTOS-H7.3.3.0
2025-03-12 13:50:05,415 [WARN] PackLoader:240 - Cannot read IP mode file for STMicroelectronics.X-CUBE-IPS.3.0.0
2025-03-12 13:50:05,476 [WARN] ConditionMgr:438 - getConditionDescription Invalid condition id : UX DEVICE CLASS RTOS Condition cause : null
2025-03-12 13:50:05,476 [WARN] ConditionMgr:438 - getConditionDescription Invalid condition id : UX DEVICE CLASS RTOS Condition cause : null
2025-03-12 13:50:05,480 [WARN] PackLoader:240 - Cannot read IP mode file for STMicroelectronics.X-CUBE-AZRTOS-WB.2.0.0
2025-03-12 13:50:05,481 [WARN] ConditionMgr:1039 - genDependencies : Invalid condition id : UX DEVICE CLASS RTOS Condition cause : null
2025-03-12 13:50:05,481 [WARN] ConditionMgr:1039 - genDependencies : Invalid condition id : UX DEVICE CLASS RTOS Condition cause : null
2025-03-12 13:50:05,482 [WARN] ConditionMgr:1039 - genDependencies : Invalid condition id : UX DEVICE CLASS RTOS Condition cause : null
2025-03-12 13:50:05,483 [WARN] ConditionMgr:1039 - genDependencies : Invalid condition id : UX DEVICE CLASS RTOS Condition cause : null
2025-03-12 13:50:05,484 [WARN] ConditionMgr:1039 - genDependencies : Invalid condition id : UX DEVICE CLASS RTOS Condition cause : null
2025-03-12 13:50:05,521 [WARN] PackLoader:240 - Cannot read IP mode file for STMicroelectronics.X-CUBE-GNSS1.7.0.0
2025-03-12 13:50:05,564 [WARN] PackLoader:240 - Cannot read IP mode file for STMicroelectronics.X-CUBE-GNSS1.7.0.1
2025-03-12 13:50:05,600 [WARN] PackLoader:240 - Cannot read IP mode file for STMicroelectronics.X-CUBE-TOUCHGFX.4.25.0
2025-03-12 13:50:05,636 [WARN] PackLoader:240 - Cannot read IP mode file for STMicroelectronics.FP-SNS-STBOX1.2.0.0
2025-03-12 13:50:05,683 [WARN] PackLoader:240 - Cannot read IP mode file for STMicroelectronics.X-CUBE-SUBG2.5.0.0
2025-03-12 13:50:05,731 [WARN] PackLoader:240 - Cannot read IP mode file for Cesanta.I-CUBE-Mongoose.7.13.0
2025-03-12 13:50:05,790 [WARN] PackLoader:240 - Cannot read IP mode file for STMicroelectronics.X-CUBE-AZRTOS-G4.2.0.0
2025-03-12 13:50:05,834 [WARN] PackLoader:240 - Cannot read IP mode file for STMicroelectronics.X-CUBE-ISPU.2.0.0
2025-03-12 13:50:05,879 [ERROR] Engine:466 - C:\Users\talur\.stm32cubemx\thirdparties\pdsc\STMicroelectronics.X-CUBE-IPS.3.1.0.pdsc: PDSC version is not supported
2025-03-12 13:50:05,916 [WARN] PackLoader:240 - Cannot read IP mode file for STMicroelectronics.X-CUBE-ALS.1.0.2
2025-03-12 13:50:05,951 [WARN] PackLoader:240 - Cannot read IP mode file for STMicroelectronics.X-CUBE-TOUCHGFX.4.24.0
2025-03-12 13:50:05,988 [WARN] PackLoader:240 - Cannot read IP mode file for STMicroelectronics.X-CUBE-TOUCHGFX.4.24.2
2025-03-12 13:50:06,024 [WARN] PackLoader:240 - Cannot read IP mode file for STMicroelectronics.X-CUBE-TOUCHGFX.4.24.1
2025-03-12 13:50:06,058 [WARN] PackLoader:240 - Cannot read IP mode file for wolfSSL.I-CUBE-wolfTPM.3.4.0
2025-03-12 13:50:06,093 [WARN] PackLoader:240 - Cannot read IP mode file for portGmbH.I-Cube-SoM-uGOAL.1.1.0
2025-03-12 13:50:06,157 [WARN] PackLoader:240 - Cannot read IP mode file for STMicroelectronics.X-CUBE-AZRTOS-H7RS.1.0.0
2025-03-12 13:50:06,274 [WARN] PackLoader:240 - Cannot read IP mode file for STMicroelectronics.FP-ATR-ASTRA1.2.0.0
2025-03-12 13:50:06,332 [WARN] PackLoader:240 - Cannot read IP mode file for STMicroelectronics.X-CUBE-TOF1.3.4.2
2025-03-12 13:50:06,500 [WARN] PackLoader:240 - Cannot read IP mode file for Infineon.AIROC-Wi-Fi-Bluetooth-STM32.1.6.1
2025-03-12 13:50:06,560 [WARN] PackLoader:240 - Cannot read IP mode file for wolfSSL.I-CUBE-wolfSSH.1.4.17
2025-03-12 13:50:06,561 [INFO] ThirdParty:978 - Integrity check success = true
2025-03-12 13:50:06,562 [INFO] IntegrityCheckThread:100 - exiting critical section [integrity check]
2025-03-12 13:50:06,562 [INFO] IntegrityCheckThread:103 - End integrity checks thread
2025-03-12 13:50:08,787 [INFO] WebApp:167 - Instantiating new browser for Auth
2025-03-12 13:50:10,157 [INFO] WebApp:448 - Apply proxy settings
2025-03-12 13:50:10,158 [INFO] WebApp:533 - Chromium requires no authentication
2025-03-12 13:50:10,176 [INFO] WebApp:476 - Direct internet connection detected
2025-03-12 13:50:10,219 [INFO] WebApp:869 - Register for checkConnection events
2025-03-12 13:50:10,219 [INFO] WebApp:448 - Apply proxy settings
2025-03-12 13:50:10,219 [INFO] WebApp:533 - Chromium requires no authentication
2025-03-12 13:50:10,220 [INFO] WebApp:476 - Direct internet connection detected
2025-03-12 13:50:10,532 [INFO] WebApp:220 - Starting web application
2025-03-12 13:50:10,532 [INFO] WebApp:578 - Web application path used C:\ST\STM32CubeIDE_1.16.1\STM32CubeIDE\plugins\com.st.stm32cube.common.mx_6.12.1.202409122256\db\plugins\mcufinder\reactClient1\index.html
2025-03-12 13:50:10,985 [INFO] WebApp:186 - Connection restablished
2025-03-12 13:55:22,522 [INFO] WebApp:189 - Connection lost
2025-03-12 13:55:23,025 [INFO] WebApp:186 - Connection restablished
2025-03-12 13:55:56,999 [INFO] WebApp:189 - Connection lost
2025-03-12 13:55:57,477 [INFO] WebApp:186 - Connection restablished
2025-03-12 13:57:20,524 [INFO] WebApp:189 - Connection lost
2025-03-12 13:57:20,976 [INFO] WebApp:186 - Connection restablished
2025-03-12 13:58:22,504 [INFO] WebApp:189 - Connection lost
2025-03-12 13:58:22,938 [INFO] WebApp:186 - Connection restablished
2025-03-12 13:59:12,987 [INFO] WebApp:189 - Connection lost
2025-03-12 13:59:13,295 [INFO] WebApp:186 - Connection restablished
2025-03-12 14:00:45,498 [INFO] WebApp:189 - Connection lost
2025-03-12 14:00:45,938 [INFO] WebApp:186 - Connection restablished
2025-03-12 14:03:08,024 [INFO] WebApp:189 - Connection lost
2025-03-12 14:03:08,421 [INFO] WebApp:186 - Connection restablished
2025-03-12 14:03:38,028 [INFO] WebApp:189 - Connection lost
2025-03-12 14:03:38,415 [INFO] WebApp:186 - Connection restablished
2025-03-12 14:04:08,004 [INFO] WebApp:189 - Connection lost
2025-03-12 14:04:08,307 [INFO] WebApp:186 - Connection restablished
2025-03-12 14:04:41,966 [INFO] WebApp:189 - Connection lost
2025-03-12 14:04:42,276 [INFO] WebApp:186 - Connection restablished
2025-03-12 14:06:03,015 [INFO] WebApp:189 - Connection lost
2025-03-12 14:06:03,471 [INFO] WebApp:186 - Connection restablished
2025-03-12 14:06:58,500 [INFO] WebApp:189 - Connection lost
2025-03-12 14:06:58,839 [INFO] WebApp:186 - Connection restablished
2025-03-12 14:08:09,000 [INFO] WebApp:189 - Connection lost
2025-03-12 14:08:09,384 [INFO] WebApp:186 - Connection restablished
2025-03-12 14:09:17,997 [INFO] WebApp:189 - Connection lost
2025-03-12 14:09:18,335 [INFO] WebApp:186 - Connection restablished
2025-03-12 14:09:33,510 [INFO] WebApp:189 - Connection lost
2025-03-12 14:09:33,870 [INFO] WebApp:186 - Connection restablished
2025-03-12 14:10:15,472 [INFO] WebApp:189 - Connection lost
2025-03-12 14:10:15,979 [INFO] WebApp:186 - Connection restablished
2025-03-12 14:11:06,020 [INFO] WebApp:189 - Connection lost
2025-03-12 14:11:06,483 [INFO] WebApp:186 - Connection restablished
2025-03-12 14:11:54,011 [INFO] WebApp:189 - Connection lost
2025-03-12 14:11:54,319 [INFO] WebApp:186 - Connection restablished
2025-03-12 14:13:02,522 [INFO] WebApp:189 - Connection lost
2025-03-12 14:13:02,853 [INFO] WebApp:186 - Connection restablished
2025-03-12 14:13:38,518 [INFO] WebApp:189 - Connection lost
2025-03-12 14:13:38,965 [INFO] WebApp:186 - Connection restablished
2025-03-12 14:14:02,522 [INFO] WebApp:189 - Connection lost
2025-03-12 14:14:03,370 [INFO] WebApp:186 - Connection restablished
2025-03-12 14:14:32,980 [INFO] WebApp:189 - Connection lost
2025-03-12 14:14:34,662 [INFO] WebApp:186 - Connection restablished
2025-03-12 14:15:14,513 [INFO] WebApp:189 - Connection lost
2025-03-12 14:15:14,938 [INFO] WebApp:186 - Connection restablished
2025-03-12 14:15:40,499 [INFO] WebApp:189 - Connection lost
2025-03-12 14:15:40,745 [INFO] WebApp:186 - Connection restablished
2025-03-12 14:16:09,525 [INFO] WebApp:189 - Connection lost
2025-03-12 14:16:09,771 [INFO] WebApp:186 - Connection restablished
2025-03-12 14:17:13,502 [INFO] WebApp:189 - Connection lost
2025-03-12 14:17:13,944 [INFO] WebApp:186 - Connection restablished
2025-03-12 14:17:47,033 [INFO] WebApp:189 - Connection lost
2025-03-12 14:17:47,349 [INFO] WebApp:186 - Connection restablished
2025-03-12 14:18:37,499 [INFO] WebApp:189 - Connection lost
2025-03-12 14:18:37,814 [INFO] WebApp:186 - Connection restablished
2025-03-12 14:19:25,485 [INFO] WebApp:189 - Connection lost
2025-03-12 14:19:25,806 [INFO] WebApp:186 - Connection restablished
2025-03-12 14:19:47,989 [INFO] WebApp:189 - Connection lost
2025-03-12 14:19:48,377 [INFO] WebApp:186 - Connection restablished
2025-03-12 14:20:27,480 [INFO] WebApp:189 - Connection lost
2025-03-12 14:20:27,801 [INFO] WebApp:186 - Connection restablished
2025-03-12 14:21:13,984 [INFO] WebApp:189 - Connection lost
2025-03-12 14:21:14,314 [INFO] WebApp:186 - Connection restablished
2025-03-12 14:24:49,004 [INFO] WebApp:189 - Connection lost
2025-03-12 14:24:49,382 [INFO] WebApp:186 - Connection restablished
2025-03-12 14:25:20,051 [INFO] WebApp:189 - Connection lost
2025-03-12 14:25:20,368 [INFO] WebApp:186 - Connection restablished
2025-03-12 14:25:49,516 [INFO] WebApp:189 - Connection lost
2025-03-12 14:25:49,763 [INFO] WebApp:186 - Connection restablished
2025-03-12 14:26:14,988 [INFO] WebApp:189 - Connection lost
2025-03-12 14:26:15,290 [INFO] WebApp:186 - Connection restablished
2025-03-12 14:27:17,507 [INFO] WebApp:189 - Connection lost
2025-03-12 14:27:17,853 [INFO] WebApp:186 - Connection restablished
2025-03-12 14:32:31,007 [INFO] WebApp:189 - Connection lost
2025-03-12 14:32:31,371 [INFO] WebApp:186 - Connection restablished
2025-03-12 14:35:59,557 [INFO] WebApp:189 - Connection lost
2025-03-12 14:35:59,911 [INFO] WebApp:186 - Connection restablished
2025-03-12 14:38:34,020 [INFO] WebApp:189 - Connection lost
2025-03-12 14:38:34,462 [INFO] WebApp:186 - Connection restablished
2025-03-12 14:39:06,499 [INFO] WebApp:189 - Connection lost
2025-03-12 14:39:07,781 [INFO] WebApp:186 - Connection restablished
2025-03-12 14:41:45,071 [INFO] WebApp:189 - Connection lost
2025-03-12 14:41:45,399 [INFO] WebApp:186 - Connection restablished
2025-03-12 14:43:08,992 [INFO] WebApp:189 - Connection lost
2025-03-12 14:43:09,329 [INFO] WebApp:186 - Connection restablished
2025-03-12 14:43:41,009 [INFO] WebApp:189 - Connection lost
2025-03-12 14:43:41,353 [INFO] WebApp:186 - Connection restablished
2025-03-12 14:44:09,536 [INFO] WebApp:189 - Connection lost
2025-03-12 14:44:09,887 [INFO] WebApp:186 - Connection restablished
2025-03-12 14:44:37,491 [INFO] WebApp:189 - Connection lost
2025-03-12 14:44:37,812 [INFO] WebApp:186 - Connection restablished
2025-03-12 14:45:05,533 [INFO] WebApp:189 - Connection lost
2025-03-12 14:45:05,870 [INFO] WebApp:186 - Connection restablished
2025-03-12 14:45:55,497 [INFO] WebApp:189 - Connection lost
2025-03-12 14:45:55,895 [INFO] WebApp:186 - Connection restablished
2025-03-12 14:46:20,506 [INFO] WebApp:189 - Connection lost
2025-03-12 14:46:20,772 [INFO] WebApp:186 - Connection restablished
2025-03-12 14:47:08,017 [INFO] WebApp:189 - Connection lost
2025-03-12 14:47:08,686 [INFO] WebApp:186 - Connection restablished
2025-03-12 14:48:06,516 [INFO] WebApp:189 - Connection lost
2025-03-12 14:48:09,665 [INFO] WebApp:186 - Connection restablished
2025-03-12 14:48:11,582 [INFO] WebApp:189 - Connection lost
2025-03-12 14:48:11,839 [INFO] WebApp:186 - Connection restablished
2025-03-12 14:48:41,015 [INFO] WebApp:189 - Connection lost
2025-03-12 14:48:41,250 [INFO] WebApp:186 - Connection restablished
2025-03-12 14:48:44,522 [INFO] WebApp:189 - Connection lost
2025-03-12 14:48:44,788 [INFO] WebApp:186 - Connection restablished
2025-03-12 14:49:07,001 [INFO] WebApp:189 - Connection lost
2025-03-12 14:49:07,285 [INFO] WebApp:186 - Connection restablished
2025-03-12 14:49:11,009 [INFO] WebApp:189 - Connection lost
2025-03-12 14:49:11,291 [INFO] WebApp:186 - Connection restablished
2025-03-12 14:49:14,978 [INFO] WebApp:189 - Connection lost
2025-03-12 14:49:15,270 [INFO] WebApp:186 - Connection restablished
2025-03-12 14:49:18,997 [INFO] WebApp:189 - Connection lost
2025-03-12 14:49:19,252 [INFO] WebApp:186 - Connection restablished
2025-03-12 14:49:32,998 [INFO] WebApp:189 - Connection lost
2025-03-12 14:49:33,551 [INFO] WebApp:186 - Connection restablished
2025-03-12 14:49:43,019 [INFO] WebApp:189 - Connection lost
2025-03-12 14:49:43,512 [INFO] WebApp:186 - Connection restablished
2025-03-12 14:49:51,035 [INFO] WebApp:189 - Connection lost
2025-03-12 14:49:51,607 [INFO] WebApp:186 - Connection restablished
2025-03-12 14:50:41,511 [INFO] WebApp:189 - Connection lost
2025-03-12 14:50:41,831 [INFO] WebApp:186 - Connection restablished
2025-03-12 14:51:39,488 [INFO] WebApp:189 - Connection lost
2025-03-12 14:51:39,838 [INFO] WebApp:186 - Connection restablished
2025-03-12 14:52:48,031 [INFO] WebApp:189 - Connection lost
2025-03-12 14:52:48,380 [INFO] WebApp:186 - Connection restablished
2025-03-12 16:47:53,499 [INFO] WebApp:189 - Connection lost
2025-03-12 16:47:54,250 [INFO] WebApp:186 - Connection restablished
2025-03-12 16:48:01,986 [INFO] WebApp:189 - Connection lost
2025-03-12 16:48:11,047 [INFO] WebApp:186 - Connection restablished
2025-03-12 16:48:15,484 [INFO] WebApp:189 - Connection lost
2025-03-12 16:48:16,147 [INFO] WebApp:186 - Connection restablished
2025-03-12 16:50:01,016 [INFO] WebApp:189 - Connection lost
2025-03-12 16:50:02,748 [INFO] WebApp:186 - Connection restablished
2025-03-12 16:50:17,007 [INFO] WebApp:189 - Connection lost
2025-03-12 16:50:17,679 [INFO] WebApp:186 - Connection restablished
2025-03-12 16:50:59,005 [INFO] WebApp:189 - Connection lost
2025-03-12 16:50:59,741 [INFO] WebApp:186 - Connection restablished
2025-03-12 16:58:26,521 [INFO] WebApp:189 - Connection lost
2025-03-12 16:58:26,933 [INFO] WebApp:186 - Connection restablished
2025-03-12 16:58:34,482 [INFO] WebApp:189 - Connection lost
2025-03-12 16:58:34,820 [INFO] WebApp:186 - Connection restablished
2025-03-12 16:58:46,989 [INFO] WebApp:189 - Connection lost
2025-03-12 16:58:47,404 [INFO] WebApp:186 - Connection restablished
2025-03-12 16:58:50,522 [INFO] WebApp:189 - Connection lost
2025-03-12 16:58:50,800 [INFO] WebApp:186 - Connection restablished
2025-03-12 16:59:09,015 [INFO] WebApp:189 - Connection lost
2025-03-12 16:59:09,299 [INFO] WebApp:186 - Connection restablished
2025-03-12 16:59:22,983 [INFO] WebApp:189 - Connection lost
2025-03-12 16:59:23,265 [INFO] WebApp:186 - Connection restablished
2025-03-12 16:59:28,991 [INFO] WebApp:189 - Connection lost
2025-03-12 16:59:29,306 [INFO] WebApp:186 - Connection restablished
2025-03-12 17:16:25,016 [INFO] WebApp:189 - Connection lost
2025-03-12 17:16:25,339 [INFO] WebApp:186 - Connection restablished
2025-03-12 17:16:39,014 [INFO] WebApp:189 - Connection lost
2025-03-12 17:16:39,337 [INFO] WebApp:186 - Connection restablished
2025-03-12 17:16:55,526 [INFO] WebApp:189 - Connection lost
2025-03-12 17:16:55,809 [INFO] WebApp:186 - Connection restablished
2025-03-12 17:17:19,511 [INFO] WebApp:189 - Connection lost
2025-03-12 17:17:19,776 [INFO] WebApp:186 - Connection restablished
2025-03-12 17:17:41,021 [INFO] WebApp:189 - Connection lost
2025-03-12 17:17:43,488 [INFO] WebApp:186 - Connection restablished
2025-03-12 17:27:58,999 [INFO] WebApp:189 - Connection lost
2025-03-12 17:27:59,618 [INFO] WebApp:186 - Connection restablished
2025-03-12 17:29:52,005 [INFO] WebApp:189 - Connection lost
2025-03-12 17:29:52,654 [INFO] WebApp:186 - Connection restablished
2025-03-12 17:29:55,999 [INFO] WebApp:189 - Connection lost
2025-03-12 17:29:56,262 [INFO] WebApp:186 - Connection restablished
2025-03-12 17:40:06,043 [INFO] WebApp:189 - Connection lost
2025-03-12 17:40:06,781 [INFO] WebApp:186 - Connection restablished
2025-03-12 17:45:37,050 [INFO] WebApp:189 - Connection lost
2025-03-12 17:45:37,567 [INFO] WebApp:186 - Connection restablished
2025-03-12 17:49:30,015 [INFO] WebApp:189 - Connection lost
2025-03-12 17:49:30,378 [INFO] WebApp:186 - Connection restablished
2025-03-12 17:50:40,022 [INFO] WebApp:189 - Connection lost
2025-03-12 17:50:40,360 [INFO] WebApp:186 - Connection restablished
2025-03-12 17:53:51,014 [INFO] WebApp:189 - Connection lost
2025-03-12 17:53:51,739 [INFO] WebApp:186 - Connection restablished
2025-03-12 17:55:51,501 [INFO] WebApp:189 - Connection lost
2025-03-12 17:55:52,160 [INFO] WebApp:186 - Connection restablished
2025-03-12 17:56:01,493 [INFO] WebApp:189 - Connection lost
2025-03-12 17:56:01,761 [INFO] WebApp:186 - Connection restablished
2025-03-12 17:57:31,528 [INFO] WebApp:189 - Connection lost
2025-03-12 17:57:32,023 [INFO] WebApp:186 - Connection restablished
2025-03-12 18:08:18,639 [INFO] WebApp:189 - Connection lost
2025-03-12 18:11:29,380 [ERROR] ConfigurationRetriever:142 - IOException on connection: sw-center.st.com
2025-03-12 18:11:29,384 [ERROR] ConfigurationRetriever:142 - IOException on connection: sw-center.st.com
2025-03-12 18:11:29,384 [ERROR] ConfigurationRetriever:142 - IOException on connection: sw-center.st.com
2025-03-12 18:11:32,244 [ERROR] LogOutputStream:75 - [STDERR_REDIRECT] 
2025-03-12 18:11:32,245 [ERROR] LogOutputStream:75 - [STDERR_REDIRECT] 
