2025-03-13 11:45:36,834 [INFO] Activator:176 - 


2025-03-13 11:45:36,843 [INFO] Activator:177 - !SESSION log4j initialized
2025-03-13 11:45:44,209 [INFO] LogOutputStream:77 - [STDOUT_REDIRECT] 
2025-03-13 11:45:46,094 [INFO] ApplicationProperties:184 - Using Application install path: C:\ST\STM32CubeIDE_1.16.1\STM32CubeIDE\plugins\com.st.stm32cube.common.mx_6.12.1.202409122256
2025-03-13 11:45:46,124 [INFO] DbMcusXml:78 - Set database path to: C:\ST\STM32CubeIDE_1.16.1\STM32CubeIDE\plugins\com.st.stm32cube.common.mx_6.12.1.202409122256\\db\/mcu/
2025-03-13 11:45:46,124 [INFO] ApiDb:274 - Set plugin database path to: C:\ST\STM32CubeIDE_1.16.1\STM32CubeIDE\plugins\com.st.stm32cube.common.mx_6.12.1.202409122256\\db\/plugins/boardmanager/
2025-03-13 11:45:46,124 [WARN] ApiDb:259 - Overriding images path with different value:  => C:\ST\STM32CubeIDE_1.16.1\STM32CubeIDE\plugins\com.st.stm32cube.common.mx_6.12.1.202409122256\\db\/plugins/mcufinder/images/
2025-03-13 11:45:46,139 [INFO] ApiDb:250 - Set database path to: C:\Users\talur\.stmcufinder\plugins\mcufinder//mcu/
2025-03-13 11:45:46,141 [INFO] DbMcusAds:125 - Set database path to: C:\Users\talur\.stmcufinder\plugins\mcufinder//mcu/
2025-03-13 11:45:46,144 [INFO] CrossReferenceDbSqlite:203 - Set database path to: C:\Users\talur\.stmcufinder\plugins\mcufinder//mcu/cs/
2025-03-13 11:45:46,279 [INFO] RulesReader:64 - Compatibility file has been processed (297 Rules)
2025-03-13 11:45:46,389 [INFO] DbMcusXml:78 - Set database path to: C:\ST\STM32CubeIDE_1.16.1\STM32CubeIDE\plugins\com.st.stm32cube.common.mx_6.12.1.202409122256\\db\/mcu/
2025-03-13 11:45:46,389 [INFO] ApiDb:274 - Set plugin database path to: C:\ST\STM32CubeIDE_1.16.1\STM32CubeIDE\plugins\com.st.stm32cube.common.mx_6.12.1.202409122256\\db\/plugins/boardmanager/
2025-03-13 11:45:46,389 [INFO] ApiDb:261 - Set plugin images path to: C:\ST\STM32CubeIDE_1.16.1\STM32CubeIDE\plugins\com.st.stm32cube.common.mx_6.12.1.202409122256\\db\/plugins/mcufinder/images/
2025-03-13 11:45:46,390 [WARN] DbFile:41 - Overriding database path with different value: C:\Users\talur\.stmcufinder\plugins\mcufinder/ => C:\Users\talur\.stmcufinder\plugins\mcufinder
2025-03-13 11:45:46,390 [INFO] ApiDb:250 - Set database path to: C:\Users\talur\.stmcufinder\plugins\mcufinder//mcu/
2025-03-13 11:45:46,390 [WARN] DbFile:41 - Overriding database path with different value: C:\Users\talur\.stmcufinder\plugins\mcufinder/ => C:\Users\talur\.stmcufinder\plugins\mcufinder
2025-03-13 11:45:46,390 [INFO] DbMcusAds:125 - Set database path to: C:\Users\talur\.stmcufinder\plugins\mcufinder//mcu/
2025-03-13 11:45:46,390 [WARN] DbFile:41 - Overriding database path with different value: C:\Users\talur\.stmcufinder\plugins\mcufinder/ => C:\Users\talur\.stmcufinder\plugins\mcufinder
2025-03-13 11:45:46,390 [WARN] DbFile:41 - Overriding database path with different value: C:\Users\talur\.stmcufinder\plugins\mcufinder/ => C:\Users\talur\.stmcufinder\plugins\mcufinder
2025-03-13 11:45:46,390 [INFO] CrossReferenceDbSqlite:203 - Set database path to: C:\Users\talur\.stmcufinder\plugins\mcufinder//mcu/cs/
2025-03-13 11:45:46,511 [INFO] MainPanel:268 - HeapMemory: 268435456
2025-03-13 11:45:46,708 [INFO] DbMcusXml:78 - Set database path to: C:\ST\STM32CubeIDE_1.16.1\STM32CubeIDE\plugins\com.st.stm32cube.common.mx_6.12.1.202409122256\\db\/mcu/
2025-03-13 11:45:46,708 [INFO] ApiDb:274 - Set plugin database path to: C:\ST\STM32CubeIDE_1.16.1\STM32CubeIDE\plugins\com.st.stm32cube.common.mx_6.12.1.202409122256\\db\/plugins/boardmanager/
2025-03-13 11:45:46,708 [INFO] ApiDb:261 - Set plugin images path to: C:\ST\STM32CubeIDE_1.16.1\STM32CubeIDE\plugins\com.st.stm32cube.common.mx_6.12.1.202409122256\\db\/plugins/mcufinder/images/
2025-03-13 11:45:46,709 [WARN] DbFile:41 - Overriding database path with different value: C:\Users\talur\.stmcufinder\plugins\mcufinder/ => C:\Users\talur\.stmcufinder\plugins\mcufinder
2025-03-13 11:45:46,709 [INFO] ApiDb:250 - Set database path to: C:\Users\talur\.stmcufinder\plugins\mcufinder//mcu/
2025-03-13 11:45:46,709 [WARN] DbFile:41 - Overriding database path with different value: C:\Users\talur\.stmcufinder\plugins\mcufinder/ => C:\Users\talur\.stmcufinder\plugins\mcufinder
2025-03-13 11:45:46,709 [INFO] DbMcusAds:125 - Set database path to: C:\Users\talur\.stmcufinder\plugins\mcufinder//mcu/
2025-03-13 11:45:46,709 [WARN] DbFile:41 - Overriding database path with different value: C:\Users\talur\.stmcufinder\plugins\mcufinder/ => C:\Users\talur\.stmcufinder\plugins\mcufinder
2025-03-13 11:45:46,709 [WARN] DbFile:41 - Overriding database path with different value: C:\Users\talur\.stmcufinder\plugins\mcufinder/ => C:\Users\talur\.stmcufinder\plugins\mcufinder
2025-03-13 11:45:46,709 [INFO] CrossReferenceDbSqlite:203 - Set database path to: C:\Users\talur\.stmcufinder\plugins\mcufinder//mcu/cs/
2025-03-13 11:45:46,733 [INFO] ApplicationProperties:184 - Using Application install path: C:\ST\STM32CubeIDE_1.16.1\STM32CubeIDE\plugins\com.st.stm32cube.common.mx_6.12.1.202409122256
2025-03-13 11:45:46,734 [INFO] PluginManage:196 - Search for loadable plugins [exclusion list=, ]
2025-03-13 11:45:46,737 [INFO] PluginManage:310 - Check plugin analytics
2025-03-13 11:45:46,999 [INFO] AnalyticsPlugin:253 - Accepted Software Licenses: 
2025-03-13 11:45:46,999 [INFO] AnalyticsPlugin:255 - Accepted CMSIS Pack Licenses: 
2025-03-13 11:45:46,999 [INFO] AnalyticsPlugin:257 - Accepted Firmware Licenses: FW.F4.1.28.0
2025-03-13 11:45:47,003 [INFO] PluginManage:359 - Loaded plugin analytics (category:tool,tabindex:-1)
2025-03-13 11:45:47,004 [INFO] PluginManage:310 - Check plugin cadmodel
2025-03-13 11:45:47,030 [INFO] CADModel:105 - Init CAD model plugin
2025-03-13 11:45:47,031 [INFO] PluginManage:359 - Loaded plugin cadmodel (category:power,tabindex:5)
2025-03-13 11:45:47,031 [INFO] PluginManage:310 - Check plugin clock
2025-03-13 11:45:47,069 [INFO] PluginManage:359 - Loaded plugin clock (category:base,tabindex:2)
2025-03-13 11:45:47,069 [INFO] PluginManage:310 - Check plugin ddr
2025-03-13 11:45:47,073 [INFO] PluginManage:359 - Loaded plugin ddr (category:tool,tabindex:6)
2025-03-13 11:45:47,073 [INFO] PluginManage:310 - Check plugin filemanager
2025-03-13 11:45:47,274 [INFO] PluginManage:359 - Loaded plugin filemanager (category:base,tabindex:10)
2025-03-13 11:45:47,274 [INFO] PluginManage:310 - Check plugin ipmanager
2025-03-13 11:45:47,286 [INFO] PluginManage:359 - Loaded plugin ipmanager (category:base,tabindex:5)
2025-03-13 11:45:47,286 [INFO] PluginManage:310 - Check plugin lpbam
2025-03-13 11:45:47,311 [INFO] PluginManage:359 - Loaded plugin lpbam (category:base,tabindex:0)
2025-03-13 11:45:47,311 [INFO] PluginManage:310 - Check plugin memorymap
2025-03-13 11:45:47,349 [INFO] PluginManage:359 - Loaded plugin memorymap (category:base,tabindex:4)
2025-03-13 11:45:47,349 [INFO] PluginManage:310 - Check plugin pinoutandconfiguration
2025-03-13 11:45:47,376 [INFO] PluginManage:359 - Loaded plugin pinoutandconfiguration (category:base,tabindex:1)
2025-03-13 11:45:47,376 [INFO] PluginManage:310 - Check plugin pinoutconfig
2025-03-13 11:45:47,513 [WARN] SupportedApi:132 - Cannot load RTOS API schema: s4s-elt-must-match.1: The content of 'definitions' must match (annotation?, (simpleType | complexType)?, (unique | key | keyref)*)). A problem was found starting at: attribute.
2025-03-13 11:45:47,729 [INFO] PluginManage:359 - Loaded plugin pinoutconfig (category:base,tabindex:0)
2025-03-13 11:45:47,729 [INFO] PluginManage:310 - Check plugin power
2025-03-13 11:45:47,771 [INFO] PluginManage:359 - Loaded plugin power (category:power,tabindex:4)
2025-03-13 11:45:47,771 [INFO] PluginManage:310 - Check plugin projectmanager
2025-03-13 11:45:47,793 [INFO] PluginManage:359 - Loaded plugin projectmanager (category:projectmanager,tabindex:4)
2025-03-13 11:45:47,794 [INFO] PluginManage:310 - Check plugin rif
2025-03-13 11:45:47,819 [INFO] PluginManage:359 - Loaded plugin rif (category:base,tabindex:3)
2025-03-13 11:45:47,820 [INFO] PluginManage:310 - Check plugin thirdparty
2025-03-13 11:45:48,242 [INFO] PluginManage:359 - Loaded plugin thirdparty (category:base,tabindex:-1)
2025-03-13 11:45:48,242 [WARN] IntegrityCheckThread:84 - waiting for thirdparty lock release [integrity check]
2025-03-13 11:45:48,243 [INFO] PluginManage:310 - Check plugin tools
2025-03-13 11:45:48,243 [INFO] IntegrityCheckThread:86 - entering critical section [integrity check]
2025-03-13 11:45:48,243 [INFO] ThirdPartyUpdaterWithRetryManager:70 - Updater plugin not ready yet. [1/15]
2025-03-13 11:45:48,301 [INFO] PluginManage:359 - Loaded plugin tools (category:base,tabindex:7)
2025-03-13 11:45:48,301 [INFO] PluginManage:310 - Check plugin tutovideos
2025-03-13 11:45:48,563 [INFO] PluginManage:359 - Loaded plugin tutovideos (category:base,tabindex:-1)
2025-03-13 11:45:48,563 [INFO] PluginManage:310 - Check plugin updater
2025-03-13 11:45:48,586 [INFO] PluginManage:359 - Loaded plugin updater (category:base,tabindex:12)
2025-03-13 11:45:48,586 [INFO] PluginManage:310 - Check plugin userauth
2025-03-13 11:45:48,595 [INFO] UserAuth:113 - Init User Auth plugin
2025-03-13 11:45:48,595 [INFO] PluginManage:359 - Loaded plugin userauth (category:base,tabindex:14)
2025-03-13 11:45:48,596 [INFO] PluginManage:283 - PluginManage : Loaded plugins [18]
2025-03-13 11:45:48,913 [INFO] PinOutPanel:1561 - setPackage(No Configuration,No Configuration)
2025-03-13 11:45:49,037 [INFO] CADModel:165 - CPN selected for project level
2025-03-13 11:45:49,037 [INFO] CADModel:114 - Register for checkConnection events
2025-03-13 11:45:49,076 [INFO] IPUIPlugin:80 - create IPUIPlugin
2025-03-13 11:45:49,076 [INFO] PluginManager:220 - loadIPPluginJar : add adc
2025-03-13 11:45:49,128 [INFO] IPUIPlugin:80 - create IPUIPlugin
2025-03-13 11:45:49,129 [INFO] PluginManager:220 - loadIPPluginJar : add aes
2025-03-13 11:45:49,192 [INFO] IPUIPlugin:80 - create IPUIPlugin
2025-03-13 11:45:49,192 [INFO] PluginManager:220 - loadIPPluginJar : add can
2025-03-13 11:45:49,229 [INFO] IPUIPlugin:80 - create IPUIPlugin
2025-03-13 11:45:49,230 [INFO] PluginManager:220 - loadIPPluginJar : add comp
2025-03-13 11:45:49,284 [INFO] IPUIPlugin:80 - create IPUIPlugin
2025-03-13 11:45:49,284 [INFO] PluginManager:220 - loadIPPluginJar : add cryp
2025-03-13 11:45:49,301 [INFO] IPUIPlugin:80 - create IPUIPlugin
2025-03-13 11:45:49,301 [INFO] PluginManager:220 - loadIPPluginJar : add ddr_ctrl_phy
2025-03-13 11:45:49,348 [INFO] IPUIPlugin:80 - create IPUIPlugin
2025-03-13 11:45:49,349 [INFO] PluginManager:220 - loadIPPluginJar : add dfsdm
2025-03-13 11:45:49,369 [INFO] IPUIPlugin:80 - create IPUIPlugin
2025-03-13 11:45:49,369 [INFO] PluginManager:220 - loadIPPluginJar : add dma
2025-03-13 11:45:49,437 [INFO] IPUIPlugin:80 - create IPUIPlugin
2025-03-13 11:45:49,438 [INFO] PluginManager:220 - loadIPPluginJar : add dma3
2025-03-13 11:45:49,502 [INFO] IPUIPlugin:80 - create IPUIPlugin
2025-03-13 11:45:49,502 [INFO] PluginManager:220 - loadIPPluginJar : add extmemmanager
2025-03-13 11:45:49,538 [INFO] IPUIPlugin:80 - create IPUIPlugin
2025-03-13 11:45:49,538 [INFO] PluginManager:220 - loadIPPluginJar : add fatfs
2025-03-13 11:45:49,610 [INFO] IPUIPlugin:80 - create IPUIPlugin
2025-03-13 11:45:49,610 [INFO] PluginManager:220 - loadIPPluginJar : add fmc
2025-03-13 11:45:49,632 [INFO] IPUIPlugin:80 - create IPUIPlugin
2025-03-13 11:45:49,632 [INFO] PluginManager:220 - loadIPPluginJar : add freertos
2025-03-13 11:45:49,667 [INFO] IPUIPlugin:80 - create IPUIPlugin
2025-03-13 11:45:49,667 [INFO] PluginManager:220 - loadIPPluginJar : add genericplugin
2025-03-13 11:45:49,815 [INFO] IPUIPlugin:80 - create IPUIPlugin
2025-03-13 11:45:49,815 [INFO] PluginManager:220 - loadIPPluginJar : add gfxmmu
2025-03-13 11:45:50,015 [INFO] IPUIPlugin:80 - create IPUIPlugin
2025-03-13 11:45:50,015 [INFO] PluginManager:220 - loadIPPluginJar : add gic
2025-03-13 11:45:50,034 [INFO] IPUIPlugin:80 - create IPUIPlugin
2025-03-13 11:45:50,034 [INFO] PluginManager:220 - loadIPPluginJar : add gpio
2025-03-13 11:45:50,186 [INFO] IPUIPlugin:80 - create IPUIPlugin
2025-03-13 11:45:50,187 [INFO] PluginManager:220 - loadIPPluginJar : add gtzc
2025-03-13 11:45:50,237 [INFO] IPUIPlugin:80 - create IPUIPlugin
2025-03-13 11:45:50,237 [INFO] PluginManager:220 - loadIPPluginJar : add hash
2025-03-13 11:45:50,322 [INFO] IPUIPlugin:80 - create IPUIPlugin
2025-03-13 11:45:50,323 [INFO] PluginManager:220 - loadIPPluginJar : add i2c
2025-03-13 11:45:50,393 [INFO] IPUIPlugin:80 - create IPUIPlugin
2025-03-13 11:45:50,393 [INFO] PluginManager:220 - loadIPPluginJar : add i2s
2025-03-13 11:45:50,461 [INFO] IPUIPlugin:80 - create IPUIPlugin
2025-03-13 11:45:50,461 [INFO] PluginManager:220 - loadIPPluginJar : add i3c
2025-03-13 11:45:50,603 [INFO] IPUIPlugin:80 - create IPUIPlugin
2025-03-13 11:45:50,603 [INFO] PluginManager:220 - loadIPPluginJar : add ipddr
2025-03-13 11:45:50,774 [INFO] IPUIPlugin:80 - create IPUIPlugin
2025-03-13 11:45:50,774 [INFO] PluginManager:220 - loadIPPluginJar : add linkedlist
2025-03-13 11:45:50,859 [INFO] IPUIPlugin:80 - create IPUIPlugin
2025-03-13 11:45:50,859 [INFO] PluginManager:220 - loadIPPluginJar : add lorawan
2025-03-13 11:45:50,948 [INFO] IPUIPlugin:80 - create IPUIPlugin
2025-03-13 11:45:50,949 [INFO] PluginManager:220 - loadIPPluginJar : add ltdc
2025-03-13 11:45:50,977 [INFO] IPUIPlugin:80 - create IPUIPlugin
2025-03-13 11:45:50,977 [INFO] PluginManager:220 - loadIPPluginJar : add mdma
2025-03-13 11:45:50,999 [INFO] IPUIPlugin:80 - create IPUIPlugin
2025-03-13 11:45:50,999 [INFO] PluginManager:220 - loadIPPluginJar : add nvic
2025-03-13 11:45:51,095 [INFO] IPUIPlugin:80 - create IPUIPlugin
2025-03-13 11:45:51,096 [INFO] PluginManager:220 - loadIPPluginJar : add opamp
2025-03-13 11:45:51,237 [INFO] IPUIPlugin:80 - create IPUIPlugin
2025-03-13 11:45:51,237 [INFO] PluginManager:220 - loadIPPluginJar : add openamp
2025-03-13 11:45:51,247 [INFO] ThirdPartyUpdaterWithRetryManager:70 - Updater plugin not ready yet. [2/15]
2025-03-13 11:45:51,321 [INFO] IPUIPlugin:80 - create IPUIPlugin
2025-03-13 11:45:51,321 [INFO] PluginManager:220 - loadIPPluginJar : add pdm2pcm
2025-03-13 11:45:51,344 [INFO] IPUIPlugin:80 - create IPUIPlugin
2025-03-13 11:45:51,347 [INFO] PluginManager:220 - loadIPPluginJar : add plateformsettings
2025-03-13 11:45:51,386 [INFO] IPUIPlugin:80 - create IPUIPlugin
2025-03-13 11:45:51,386 [INFO] PluginManager:220 - loadIPPluginJar : add quadspi
2025-03-13 11:45:51,430 [INFO] IPUIPlugin:80 - create IPUIPlugin
2025-03-13 11:45:51,431 [INFO] PluginManager:220 - loadIPPluginJar : add radio
2025-03-13 11:45:51,452 [INFO] IPUIPlugin:80 - create IPUIPlugin
2025-03-13 11:45:51,453 [INFO] PluginManager:220 - loadIPPluginJar : add resmgrutility
2025-03-13 11:45:51,534 [INFO] IPUIPlugin:80 - create IPUIPlugin
2025-03-13 11:45:51,535 [INFO] PluginManager:220 - loadIPPluginJar : add sai
2025-03-13 11:45:51,610 [INFO] IPUIPlugin:80 - create IPUIPlugin
2025-03-13 11:45:51,610 [INFO] PluginManager:220 - loadIPPluginJar : add spi
2025-03-13 11:45:51,742 [INFO] IPUIPlugin:80 - create IPUIPlugin
2025-03-13 11:45:51,743 [INFO] PluginManager:220 - loadIPPluginJar : add stm32_wpan
2025-03-13 11:45:51,747 [INFO] IPUIPlugin:80 - create IPUIPlugin
2025-03-13 11:45:51,747 [INFO] PluginManager:220 - loadIPPluginJar : add tim
2025-03-13 11:45:51,925 [INFO] IPUIPlugin:80 - create IPUIPlugin
2025-03-13 11:45:51,925 [INFO] PluginManager:220 - loadIPPluginJar : add touchsensing
2025-03-13 11:45:51,991 [INFO] IPUIPlugin:80 - create IPUIPlugin
2025-03-13 11:45:51,993 [INFO] PluginManager:220 - loadIPPluginJar : add tracer_emb
2025-03-13 11:45:52,109 [INFO] IPUIPlugin:80 - create IPUIPlugin
2025-03-13 11:45:52,110 [INFO] PluginManager:220 - loadIPPluginJar : add ts
2025-03-13 11:45:52,193 [INFO] IPUIPlugin:80 - create IPUIPlugin
2025-03-13 11:45:52,193 [INFO] PluginManager:220 - loadIPPluginJar : add tsc
2025-03-13 11:45:52,257 [INFO] IPUIPlugin:80 - create IPUIPlugin
2025-03-13 11:45:52,257 [INFO] PluginManager:220 - loadIPPluginJar : add ucpd
2025-03-13 11:45:52,371 [INFO] IPUIPlugin:80 - create IPUIPlugin
2025-03-13 11:45:52,372 [INFO] PluginManager:220 - loadIPPluginJar : add usart
2025-03-13 11:45:52,450 [INFO] IPUIPlugin:80 - create IPUIPlugin
2025-03-13 11:45:52,450 [INFO] PluginManager:220 - loadIPPluginJar : add usbx
2025-03-13 11:45:52,611 [INFO] CADModel:165 - CPN selected for project level
2025-03-13 11:45:52,612 [INFO] CADModel:114 - Register for checkConnection events
2025-03-13 11:45:52,612 [FATAL] Updater:334 - Updater called before beeing initialized
2025-03-13 11:45:52,613 [ERROR] CADModel:125 - Updater not yet initialized, retry later 
2025-03-13 11:45:52,912 [INFO] CADModel:165 - CPN selected for project level
2025-03-13 11:45:52,913 [INFO] CADModel:114 - Register for checkConnection events
2025-03-13 11:45:52,913 [FATAL] Updater:334 - Updater called before beeing initialized
2025-03-13 11:45:52,913 [ERROR] CADModel:125 - Updater not yet initialized, retry later 
2025-03-13 11:45:52,918 [FATAL] Updater:334 - Updater called before beeing initialized
2025-03-13 11:45:53,174 [FATAL] Updater:334 - Updater called before beeing initialized
2025-03-13 11:45:53,197 [INFO] DbMcusAds:53 - JSON generation date=Thu Mar 06 20:24:21 IST 2025 (1741272861825)
2025-03-13 11:45:53,197 [FATAL] Updater:334 - Updater called before beeing initialized
2025-03-13 11:45:53,257 [WARN] DetailPanel:346 - Failed to get advertising image, set to default
2025-03-13 11:45:53,363 [FATAL] Updater:334 - Updater called before beeing initialized
2025-03-13 11:45:53,365 [FATAL] Updater:334 - Updater called before beeing initialized
2025-03-13 11:45:53,365 [FATAL] Updater:334 - Updater called before beeing initialized
2025-03-13 11:45:53,365 [WARN] DetailPanel:346 - Failed to get advertising image, set to default
2025-03-13 11:45:53,366 [FATAL] Updater:334 - Updater called before beeing initialized
2025-03-13 11:45:53,468 [ERROR] Updater:1164 - MainUpdater not yet initialized. External WinMGr cannot be set.
2025-03-13 11:45:53,485 [INFO] Updater:1100 - Updater Version found : 6.12.1
2025-03-13 11:45:53,511 [INFO] ApplicationProperties:184 - Using Application install path: C:\ST\STM32CubeIDE_1.16.1\STM32CubeIDE\plugins\com.st.stm32cube.common.mx_6.12.1.202409122256
2025-03-13 11:45:54,250 [INFO] ThirdPartyUpdaterWithRetryManager:70 - Updater plugin not ready yet. [3/15]
2025-03-13 11:45:55,125 [ERROR] LogOutputStream:75 - [STDERR_REDIRECT] Mar 13, 2025 11:45:55 AM java.util.prefs.WindowsPreferences <init>
2025-03-13 11:45:55,126 [ERROR] LogOutputStream:75 - [STDERR_REDIRECT] WARNING: Could not open/create prefs root node Software\JavaSoft\Prefs at root 0xffffffff80000002. Windows RegCreateKeyEx(...) returned error code 5.
2025-03-13 11:45:55,127 [ERROR] LogOutputStream:75 - [STDERR_REDIRECT] 
2025-03-13 11:45:55,586 [INFO] MainUpdater:2873 - connection check result : 10
2025-03-13 11:45:55,589 [INFO] MainUpdater:290 - Updater Check For Update Now.
2025-03-13 11:45:55,589 [INFO] MicroXplorer:498 - Change Database Version : DB.6.0.121
2025-03-13 11:45:55,628 [INFO] McuFinderGlobals:63 - Set McuFinder mode to 2 (CubeIDE integrated)
2025-03-13 11:45:55,628 [INFO] UserAuth:179 - activating auth plugin
2025-03-13 11:45:55,635 [INFO] UserAuth:417 - Internet connection configuration mode: 1
2025-03-13 11:45:55,705 [INFO] JxBrowserEngine:152 - Initiate JxBrowser Engine with user profile folder
2025-03-13 11:45:55,882 [INFO] CheckServerUpdateThread:120 - End of CheckServer Thread
2025-03-13 11:45:57,673 [WARN] PackLoader:240 - Cannot read IP mode file for STMicroelectronics.FP-SNS-MOTENVWB1.1.4.0
2025-03-13 11:45:57,699 [WARN] PackLoader:240 - Cannot read IP mode file for STMicroelectronics.FP-ATR-ASTRA1.2.0.2
2025-03-13 11:45:57,717 [WARN] PackLoader:240 - Cannot read IP mode file for STMicroelectronics.FP-ATR-ASTRA1.2.0.1
2025-03-13 11:45:57,748 [WARN] PackLoader:240 - Cannot read IP mode file for STMicroelectronics.X-CUBE-SMBUS.2.1.0
2025-03-13 11:45:57,782 [WARN] PackLoader:240 - Cannot read IP mode file for STMicroelectronics.X-CUBE-WB05N.1.1.0
2025-03-13 11:45:57,853 [WARN] PackLoader:240 - Cannot read IP mode file for STMicroelectronics.X-CUBE-AZRTOS-F7.1.1.0
2025-03-13 11:45:57,967 [WARN] PackLoader:240 - Cannot read IP mode file for STMicroelectronics.X-CUBE-MEMS1.11.0.0
2025-03-13 11:45:58,153 [WARN] PackLoader:240 - Cannot read IP mode file for STMicroelectronics.FP-SNS-FLIGHT1.5.0.2
2025-03-13 11:45:58,185 [WARN] PackLoader:240 - Cannot read IP mode file for STMicroelectronics.X-CUBE-DISPLAY.3.0.0
2025-03-13 11:45:58,216 [WARN] PackLoader:240 - Cannot read IP mode file for STMicroelectronics.X-CUBE-BLE1.7.0.0
2025-03-13 11:45:58,246 [WARN] PackLoader:240 - Cannot read IP mode file for STMicroelectronics.X-CUBE-NFC10.1.0.0
2025-03-13 11:45:58,290 [WARN] PackLoader:240 - Cannot read IP mode file for STMicroelectronics.X-CUBE-BLEMGR.4.0.0
2025-03-13 11:45:58,325 [WARN] PackLoader:240 - Cannot read IP mode file for emotas.I-CUBE-CANOPEN.1.3.0
2025-03-13 11:45:58,362 [WARN] PackLoader:240 - Cannot read IP mode file for STMicroelectronics.X-CUBE-BLEMGR.3.1.0
2025-03-13 11:45:58,389 [WARN] PackLoader:240 - Cannot read IP mode file for STMicroelectronics.X-CUBE-AI.10.0.0
2025-03-13 11:45:58,415 [WARN] PackLoader:240 - Cannot read IP mode file for STMicroelectronics.FP-SNS-SMARTAG2.1.2.0
2025-03-13 11:45:58,494 [WARN] PackLoader:240 - Cannot read IP mode file for STMicroelectronics.X-CUBE-MEMS1.11.1.0
2025-03-13 11:45:58,655 [INFO] LogOutputStream:77 - [STDOUT_REDIRECT] 1 : Invalid condition id : UX_CORESTACK_Condition cause : null
2025-03-13 11:45:58,657 [INFO] LogOutputStream:77 - [STDOUT_REDIRECT] 1 : Invalid condition id : UX_CORESTACK_Condition cause : null
2025-03-13 11:45:58,658 [INFO] LogOutputStream:77 - [STDOUT_REDIRECT] 1 : Invalid condition id : UX_CORESTACK_Condition cause : null
2025-03-13 11:45:58,660 [INFO] LogOutputStream:77 - [STDOUT_REDIRECT] 1 : Invalid condition id : UX_CORESTACK_Condition cause : null
2025-03-13 11:45:58,661 [INFO] LogOutputStream:77 - [STDOUT_REDIRECT] 1 : Invalid condition id : UX_CORESTACK_Condition cause : null
2025-03-13 11:45:58,664 [WARN] PackLoader:240 - Cannot read IP mode file for STMicroelectronics.X-CUBE-AZRTOS-WL.2.0.0
2025-03-13 11:45:58,689 [WARN] PackLoader:240 - Cannot read IP mode file for STMicroelectronics.FP-SNS-MOTENV1.5.0.0
2025-03-13 11:45:58,714 [WARN] PackLoader:240 - Cannot read IP mode file for wolfSSL.I-CUBE-wolfMQTT.1.19.0
2025-03-13 11:45:58,748 [WARN] PackLoader:240 - Cannot read IP mode file for WES.I-CUBE-Cesium.1.3.0
2025-03-13 11:45:58,775 [WARN] PackLoader:240 - Cannot read IP mode file for STMicroelectronics.X-CUBE-BLE2.3.3.0
2025-03-13 11:45:58,802 [WARN] PackLoader:240 - Cannot read IP mode file for STMicroelectronics.X-CUBE-NFC9.1.0.0
2025-03-13 11:45:58,832 [WARN] PackLoader:240 - Cannot read IP mode file for STMicroelectronics.X-CUBE-BLE1.7.1.0
2025-03-13 11:45:58,862 [WARN] PackLoader:240 - Cannot read IP mode file for STMicroelectronics.X-CUBE-TCPP.4.1.0
2025-03-13 11:45:58,913 [WARN] PackLoader:240 - Cannot read IP mode file for STMicroelectronics.X-CUBE-AZRTOS-G0.1.1.0
2025-03-13 11:45:58,944 [WARN] PackLoader:240 - Cannot read IP mode file for STMicroelectronics.X-CUBE-SAFEA1.1.2.2
2025-03-13 11:45:58,974 [WARN] PackLoader:240 - Cannot read IP mode file for STMicroelectronics.X-CUBE-NFC4.3.0.0
2025-03-13 11:45:59,009 [WARN] PackLoader:240 - Cannot read IP mode file for EmbeddedOffice.I-CUBE-FS-RTOS.1.0.1
2025-03-13 11:45:59,010 [ERROR] ConditionMgr:805 - Attr not supported : Dmpu
2025-03-13 11:45:59,010 [ERROR] ConditionMgr:805 - Attr not supported : Dmpu
2025-03-13 11:45:59,010 [ERROR] ConditionMgr:805 - Attr not supported : Dmpu
2025-03-13 11:45:59,010 [ERROR] ConditionMgr:805 - Attr not supported : Dmpu
2025-03-13 11:45:59,010 [ERROR] ConditionMgr:805 - Attr not supported : Dmpu
2025-03-13 11:45:59,011 [ERROR] ConditionMgr:805 - Attr not supported : Dmpu
2025-03-13 11:45:59,011 [ERROR] ConditionMgr:805 - Attr not supported : Dmpu
2025-03-13 11:45:59,011 [ERROR] ConditionMgr:805 - Attr not supported : Dmpu
2025-03-13 11:45:59,011 [ERROR] ConditionMgr:805 - Attr not supported : Dmpu
2025-03-13 11:45:59,011 [ERROR] ConditionMgr:805 - Attr not supported : Dmpu
2025-03-13 11:45:59,011 [ERROR] ConditionMgr:805 - Attr not supported : Dmpu
2025-03-13 11:45:59,011 [ERROR] ConditionMgr:805 - Attr not supported : Dmpu
2025-03-13 11:45:59,011 [ERROR] ConditionMgr:805 - Attr not supported : Dmpu
2025-03-13 11:45:59,011 [ERROR] ConditionMgr:805 - Attr not supported : Dmpu
2025-03-13 11:45:59,012 [ERROR] ConditionMgr:805 - Attr not supported : Dmpu
2025-03-13 11:45:59,012 [ERROR] ConditionMgr:805 - Attr not supported : Dmpu
2025-03-13 11:45:59,012 [ERROR] ConditionMgr:805 - Attr not supported : Dmpu
2025-03-13 11:45:59,013 [ERROR] ConditionMgr:805 - Attr not supported : Dmpu
2025-03-13 11:45:59,014 [ERROR] ConditionMgr:805 - Attr not supported : Dmpu
2025-03-13 11:45:59,014 [ERROR] ConditionMgr:805 - Attr not supported : Dmpu
2025-03-13 11:45:59,014 [ERROR] ConditionMgr:805 - Attr not supported : Dmpu
2025-03-13 11:45:59,014 [ERROR] ConditionMgr:805 - Attr not supported : Dmpu
2025-03-13 11:45:59,014 [ERROR] ConditionMgr:805 - Attr not supported : Dmpu
2025-03-13 11:45:59,014 [ERROR] ConditionMgr:805 - Attr not supported : Dmpu
2025-03-13 11:45:59,016 [ERROR] ConditionMgr:805 - Attr not supported : Dmpu
2025-03-13 11:45:59,016 [ERROR] ConditionMgr:805 - Attr not supported : Dmpu
2025-03-13 11:45:59,016 [ERROR] ConditionMgr:805 - Attr not supported : Dmpu
2025-03-13 11:45:59,016 [ERROR] ConditionMgr:805 - Attr not supported : Dmpu
2025-03-13 11:45:59,016 [ERROR] ConditionMgr:805 - Attr not supported : Dmpu
2025-03-13 11:45:59,016 [ERROR] ConditionMgr:805 - Attr not supported : Dmpu
2025-03-13 11:45:59,016 [ERROR] ConditionMgr:805 - Attr not supported : Dmpu
2025-03-13 11:45:59,016 [ERROR] ConditionMgr:805 - Attr not supported : Dmpu
2025-03-13 11:45:59,016 [ERROR] ConditionMgr:805 - Attr not supported : Dmpu
2025-03-13 11:45:59,016 [ERROR] ConditionMgr:805 - Attr not supported : Dmpu
2025-03-13 11:45:59,016 [ERROR] ConditionMgr:805 - Attr not supported : Dmpu
2025-03-13 11:45:59,016 [ERROR] ConditionMgr:805 - Attr not supported : Dmpu
2025-03-13 11:45:59,017 [ERROR] ConditionMgr:805 - Attr not supported : Dmpu
2025-03-13 11:45:59,018 [ERROR] ConditionMgr:805 - Attr not supported : Dmpu
2025-03-13 11:45:59,018 [ERROR] ConditionMgr:805 - Attr not supported : Dmpu
2025-03-13 11:45:59,019 [ERROR] ConditionMgr:805 - Attr not supported : Dmpu
2025-03-13 11:45:59,019 [ERROR] ConditionMgr:805 - Attr not supported : Dmpu
2025-03-13 11:45:59,019 [ERROR] ConditionMgr:805 - Attr not supported : Dmpu
2025-03-13 11:45:59,019 [ERROR] ConditionMgr:805 - Attr not supported : Dmpu
2025-03-13 11:45:59,019 [ERROR] ConditionMgr:805 - Attr not supported : Dmpu
2025-03-13 11:45:59,019 [ERROR] ConditionMgr:805 - Attr not supported : Dmpu
2025-03-13 11:45:59,019 [ERROR] ConditionMgr:805 - Attr not supported : Dmpu
2025-03-13 11:45:59,019 [ERROR] ConditionMgr:805 - Attr not supported : Dmpu
2025-03-13 11:45:59,019 [ERROR] ConditionMgr:805 - Attr not supported : Dmpu
2025-03-13 11:45:59,019 [ERROR] ConditionMgr:805 - Attr not supported : Dmpu
2025-03-13 11:45:59,020 [ERROR] ConditionMgr:805 - Attr not supported : Dmpu
2025-03-13 11:45:59,020 [ERROR] ConditionMgr:805 - Attr not supported : Dmpu
2025-03-13 11:45:59,020 [ERROR] ConditionMgr:805 - Attr not supported : Dmpu
2025-03-13 11:45:59,020 [ERROR] ConditionMgr:805 - Attr not supported : Dmpu
2025-03-13 11:45:59,020 [ERROR] ConditionMgr:805 - Attr not supported : Dmpu
2025-03-13 11:45:59,020 [ERROR] ConditionMgr:805 - Attr not supported : Dmpu
2025-03-13 11:45:59,020 [ERROR] ConditionMgr:805 - Attr not supported : Dmpu
2025-03-13 11:45:59,020 [ERROR] ConditionMgr:805 - Attr not supported : Dmpu
2025-03-13 11:45:59,020 [ERROR] ConditionMgr:805 - Attr not supported : Dmpu
2025-03-13 11:45:59,020 [ERROR] ConditionMgr:805 - Attr not supported : Dmpu
2025-03-13 11:45:59,020 [ERROR] ConditionMgr:805 - Attr not supported : Dmpu
2025-03-13 11:45:59,021 [ERROR] ConditionMgr:805 - Attr not supported : Dmpu
2025-03-13 11:45:59,021 [ERROR] ConditionMgr:805 - Attr not supported : Dmpu
2025-03-13 11:45:59,021 [ERROR] ConditionMgr:805 - Attr not supported : Dmpu
2025-03-13 11:45:59,021 [ERROR] ConditionMgr:805 - Attr not supported : Dmpu
2025-03-13 11:45:59,051 [ERROR] Engine:466 - C:\Users\talur\.stm32cubemx\thirdparties\pdsc\STMicroelectronics.X-CUBE-TCPP.4.2.0.pdsc: PDSC version is not supported
2025-03-13 11:45:59,081 [WARN] PackLoader:240 - Cannot read IP mode file for RealThread.X-CUBE-RT-Thread_Nano.4.1.1
2025-03-13 11:45:59,108 [WARN] PackLoader:240 - Cannot read IP mode file for STMicroelectronics.FP-ATR-SIGFOX1.3.2.0
2025-03-13 11:45:59,132 [WARN] PackLoader:240 - Cannot read IP mode file for wolfSSL.I-CUBE-wolfSSL.5.7.2
2025-03-13 11:45:59,156 [WARN] ConditionMgr:438 - getConditionDescription Invalid condition id : Cortex-A Device cause : null
2025-03-13 11:45:59,179 [WARN] ConditionMgr:1039 - genDependencies : Invalid condition id : Cortex-A Device cause : null
2025-03-13 11:45:59,180 [WARN] ConditionMgr:1039 - genDependencies : Invalid condition id : Cortex-A Device cause : null
2025-03-13 11:45:59,180 [WARN] ConditionMgr:1039 - genDependencies : Invalid condition id : Cortex-A Device cause : null
2025-03-13 11:45:59,211 [WARN] PackLoader:240 - Cannot read IP mode file for STMicroelectronics.X-CUBE-EEPRMA1.5.1.0
2025-03-13 11:45:59,235 [WARN] PackLoader:240 - Cannot read IP mode file for wolfSSL.I-CUBE-wolfSSL.5.7.4
2025-03-13 11:45:59,262 [WARN] PackLoader:240 - Cannot read IP mode file for ITTIA_DB.I-CUBE-ITTIADB.8.9.0
2025-03-13 11:45:59,315 [WARN] PackLoader:240 - Cannot read IP mode file for SEGGER.I-CUBE-embOS.1.3.1
2025-03-13 11:45:59,381 [WARN] PackLoader:240 - Cannot read IP mode file for STMicroelectronics.X-CUBE-ALGOBUILD.1.4.0
2025-03-13 11:45:59,408 [WARN] PackLoader:240 - Cannot read IP mode file for STMicroelectronics.X-CUBE-AI.9.1.0
2025-03-13 11:45:59,478 [WARN] PackLoader:240 - Cannot read IP mode file for STMicroelectronics.X-CUBE-AZRTOS-F4.1.1.0
2025-03-13 11:45:59,512 [WARN] PackLoader:240 - Cannot read IP mode file for STMicroelectronics.X-CUBE-ISPU.2.1.0
2025-03-13 11:45:59,541 [WARN] PackLoader:240 - Cannot read IP mode file for STMicroelectronics.X-CUBE-FREERTOS.1.2.0
2025-03-13 11:45:59,875 [WARN] PackLoader:240 - Cannot read IP mode file for STMicroelectronics.X-CUBE-AZRTOS-L5.2.0.0
2025-03-13 11:45:59,915 [WARN] PackLoader:240 - Cannot read IP mode file for STMicroelectronics.X-CUBE-NFC6.3.1.0
2025-03-13 11:45:59,951 [WARN] PackLoader:240 - Cannot read IP mode file for STMicroelectronics.X-CUBE-DPower.1.2.0
2025-03-13 11:45:59,985 [WARN] PackLoader:240 - Cannot read IP mode file for STMicroelectronics.X-CUBE-AI.9.0.0
2025-03-13 11:46:00,012 [WARN] PackLoader:240 - Cannot read IP mode file for STMicroelectronics.X-CUBE-FREERTOS.1.3.0
2025-03-13 11:46:00,050 [WARN] PackLoader:240 - Cannot read IP mode file for STMicroelectronics.X-CUBE-NFC7.1.0.1
2025-03-13 11:46:00,121 [WARN] ConditionMgr:438 - getConditionDescription Invalid condition id : LAN8742 Phy interface Condition cause : null
2025-03-13 11:46:00,123 [WARN] PackLoader:240 - Cannot read IP mode file for STMicroelectronics.X-CUBE-AZRTOS-L4.2.0.0
2025-03-13 11:46:00,125 [WARN] ConditionMgr:1039 - genDependencies : Invalid condition id : LAN8742 Phy interface Condition cause : null
2025-03-13 11:46:00,126 [WARN] ConditionMgr:1039 - genDependencies : Invalid condition id : LAN8742 Phy interface Condition cause : null
2025-03-13 11:46:00,127 [WARN] ConditionMgr:1039 - genDependencies : Invalid condition id : LAN8742 Phy interface Condition cause : null
2025-03-13 11:46:00,228 [WARN] PackLoader:240 - Cannot read IP mode file for STMicroelectronics.X-CUBE-SFXS2LP1.4.0.0
2025-03-13 11:46:00,422 [WARN] PackLoader:240 - Cannot read IP mode file for STMicroelectronics.X-CUBE-AZRTOS-H7.3.3.0
2025-03-13 11:46:00,480 [WARN] PackLoader:240 - Cannot read IP mode file for STMicroelectronics.X-CUBE-IPS.3.0.0
2025-03-13 11:46:00,603 [WARN] ConditionMgr:438 - getConditionDescription Invalid condition id : UX DEVICE CLASS RTOS Condition cause : null
2025-03-13 11:46:00,604 [WARN] ConditionMgr:438 - getConditionDescription Invalid condition id : UX DEVICE CLASS RTOS Condition cause : null
2025-03-13 11:46:00,614 [WARN] PackLoader:240 - Cannot read IP mode file for STMicroelectronics.X-CUBE-AZRTOS-WB.2.0.0
2025-03-13 11:46:00,616 [WARN] ConditionMgr:1039 - genDependencies : Invalid condition id : UX DEVICE CLASS RTOS Condition cause : null
2025-03-13 11:46:00,616 [WARN] ConditionMgr:1039 - genDependencies : Invalid condition id : UX DEVICE CLASS RTOS Condition cause : null
2025-03-13 11:46:00,618 [WARN] ConditionMgr:1039 - genDependencies : Invalid condition id : UX DEVICE CLASS RTOS Condition cause : null
2025-03-13 11:46:00,618 [WARN] ConditionMgr:1039 - genDependencies : Invalid condition id : UX DEVICE CLASS RTOS Condition cause : null
2025-03-13 11:46:00,619 [WARN] ConditionMgr:1039 - genDependencies : Invalid condition id : UX DEVICE CLASS RTOS Condition cause : null
2025-03-13 11:46:00,665 [WARN] PackLoader:240 - Cannot read IP mode file for STMicroelectronics.X-CUBE-GNSS1.7.0.0
2025-03-13 11:46:00,706 [WARN] PackLoader:240 - Cannot read IP mode file for STMicroelectronics.X-CUBE-GNSS1.7.0.1
2025-03-13 11:46:00,741 [WARN] PackLoader:240 - Cannot read IP mode file for STMicroelectronics.X-CUBE-TOUCHGFX.4.25.0
2025-03-13 11:46:00,770 [WARN] PackLoader:240 - Cannot read IP mode file for STMicroelectronics.FP-SNS-STBOX1.2.0.0
2025-03-13 11:46:00,806 [WARN] PackLoader:240 - Cannot read IP mode file for STMicroelectronics.X-CUBE-SUBG2.5.0.0
2025-03-13 11:46:00,851 [WARN] PackLoader:240 - Cannot read IP mode file for Cesanta.I-CUBE-Mongoose.7.13.0
2025-03-13 11:46:00,901 [WARN] PackLoader:240 - Cannot read IP mode file for STMicroelectronics.X-CUBE-AZRTOS-G4.2.0.0
2025-03-13 11:46:00,947 [WARN] PackLoader:240 - Cannot read IP mode file for STMicroelectronics.X-CUBE-ISPU.2.0.0
2025-03-13 11:46:00,959 [INFO] WebApp:167 - Instantiating new browser for Auth
2025-03-13 11:46:00,994 [ERROR] Engine:466 - C:\Users\talur\.stm32cubemx\thirdparties\pdsc\STMicroelectronics.X-CUBE-IPS.3.1.0.pdsc: PDSC version is not supported
2025-03-13 11:46:01,276 [WARN] PackLoader:240 - Cannot read IP mode file for STMicroelectronics.X-CUBE-ALS.1.0.2
2025-03-13 11:46:01,346 [WARN] PackLoader:240 - Cannot read IP mode file for STMicroelectronics.X-CUBE-TOUCHGFX.4.24.0
2025-03-13 11:46:01,440 [WARN] PackLoader:240 - Cannot read IP mode file for STMicroelectronics.X-CUBE-TOUCHGFX.4.24.2
2025-03-13 11:46:01,511 [WARN] PackLoader:240 - Cannot read IP mode file for STMicroelectronics.X-CUBE-TOUCHGFX.4.24.1
2025-03-13 11:46:01,596 [WARN] PackLoader:240 - Cannot read IP mode file for wolfSSL.I-CUBE-wolfTPM.3.4.0
2025-03-13 11:46:01,655 [WARN] PackLoader:240 - Cannot read IP mode file for portGmbH.I-Cube-SoM-uGOAL.1.1.0
2025-03-13 11:46:01,729 [WARN] PackLoader:240 - Cannot read IP mode file for STMicroelectronics.X-CUBE-AZRTOS-H7RS.1.0.0
2025-03-13 11:46:01,743 [WARN] PackLoader:240 - Cannot read IP mode file for STMicroelectronics.FP-ATR-ASTRA1.2.0.0
2025-03-13 11:46:01,780 [WARN] PackLoader:240 - Cannot read IP mode file for STMicroelectronics.X-CUBE-TOF1.3.4.2
2025-03-13 11:46:01,844 [WARN] PackLoader:240 - Cannot read IP mode file for Infineon.AIROC-Wi-Fi-Bluetooth-STM32.1.6.1
2025-03-13 11:46:01,883 [WARN] PackLoader:240 - Cannot read IP mode file for wolfSSL.I-CUBE-wolfSSH.1.4.17
2025-03-13 11:46:01,884 [INFO] ThirdParty:978 - Integrity check success = true
2025-03-13 11:46:01,885 [INFO] IntegrityCheckThread:100 - exiting critical section [integrity check]
2025-03-13 11:46:01,885 [INFO] IntegrityCheckThread:103 - End integrity checks thread
2025-03-13 11:46:03,011 [INFO] WebApp:448 - Apply proxy settings
2025-03-13 11:46:03,013 [INFO] WebApp:533 - Chromium requires no authentication
2025-03-13 11:46:03,036 [INFO] WebApp:476 - Direct internet connection detected
2025-03-13 11:46:03,100 [INFO] WebApp:869 - Register for checkConnection events
2025-03-13 11:46:03,100 [INFO] WebApp:448 - Apply proxy settings
2025-03-13 11:46:03,100 [INFO] WebApp:533 - Chromium requires no authentication
2025-03-13 11:46:03,101 [INFO] WebApp:476 - Direct internet connection detected
2025-03-13 11:46:03,448 [INFO] WebApp:186 - Connection restablished
2025-03-13 11:46:03,506 [INFO] WebApp:220 - Starting web application
2025-03-13 11:46:03,507 [INFO] WebApp:578 - Web application path used C:\ST\STM32CubeIDE_1.16.1\STM32CubeIDE\plugins\com.st.stm32cube.common.mx_6.12.1.202409122256\db\plugins\mcufinder\reactClient1\index.html
2025-03-13 11:48:07,480 [INFO] WebApp:189 - Connection lost
2025-03-13 11:48:07,784 [INFO] WebApp:186 - Connection restablished
2025-03-13 11:48:14,469 [INFO] WebApp:189 - Connection lost
2025-03-13 11:48:14,723 [INFO] WebApp:186 - Connection restablished
2025-03-13 11:48:20,469 [INFO] WebApp:189 - Connection lost
2025-03-13 11:48:20,781 [INFO] WebApp:186 - Connection restablished
2025-03-13 11:48:50,984 [INFO] WebApp:189 - Connection lost
2025-03-13 11:48:51,468 [INFO] WebApp:186 - Connection restablished
2025-03-13 11:48:54,968 [INFO] WebApp:189 - Connection lost
2025-03-13 11:48:55,220 [INFO] WebApp:186 - Connection restablished
2025-03-13 11:49:31,016 [INFO] WebApp:189 - Connection lost
2025-03-13 11:49:32,372 [INFO] WebApp:186 - Connection restablished
2025-03-13 11:49:34,971 [INFO] WebApp:189 - Connection lost
2025-03-13 11:49:35,229 [INFO] WebApp:186 - Connection restablished
2025-03-13 11:50:24,975 [INFO] WebApp:189 - Connection lost
2025-03-13 11:50:25,314 [INFO] WebApp:186 - Connection restablished
2025-03-13 11:50:28,971 [INFO] WebApp:189 - Connection lost
2025-03-13 11:50:29,230 [INFO] WebApp:186 - Connection restablished
2025-03-13 11:50:34,955 [INFO] WebApp:189 - Connection lost
2025-03-13 11:50:35,216 [INFO] WebApp:186 - Connection restablished
2025-03-13 11:50:50,968 [INFO] WebApp:189 - Connection lost
2025-03-13 11:50:51,230 [INFO] WebApp:186 - Connection restablished
2025-03-13 11:51:04,959 [INFO] WebApp:189 - Connection lost
2025-03-13 11:51:05,271 [INFO] WebApp:186 - Connection restablished
2025-03-13 11:51:08,978 [INFO] WebApp:189 - Connection lost
2025-03-13 11:51:09,253 [INFO] WebApp:186 - Connection restablished
2025-03-13 11:52:21,467 [INFO] WebApp:189 - Connection lost
2025-03-13 11:52:21,807 [INFO] WebApp:186 - Connection restablished
2025-03-13 11:52:25,471 [INFO] WebApp:189 - Connection lost
2025-03-13 11:52:25,730 [INFO] WebApp:186 - Connection restablished
2025-03-13 11:52:34,965 [INFO] WebApp:189 - Connection lost
2025-03-13 11:52:35,232 [INFO] WebApp:186 - Connection restablished
2025-03-13 11:52:41,446 [INFO] WebApp:189 - Connection lost
2025-03-13 11:52:41,710 [INFO] WebApp:186 - Connection restablished
2025-03-13 12:03:50,500 [INFO] WebApp:189 - Connection lost
2025-03-13 12:03:50,784 [INFO] WebApp:186 - Connection restablished
2025-03-13 12:05:31,460 [INFO] WebApp:189 - Connection lost
2025-03-13 12:05:32,932 [INFO] WebApp:186 - Connection restablished
2025-03-13 12:24:26,535 [INFO] WebApp:189 - Connection lost
2025-03-13 12:24:26,915 [INFO] WebApp:186 - Connection restablished
2025-03-13 12:27:11,972 [INFO] WebApp:189 - Connection lost
2025-03-13 12:27:13,130 [INFO] WebApp:186 - Connection restablished
2025-03-13 12:28:06,474 [INFO] WebApp:189 - Connection lost
2025-03-13 12:28:07,811 [INFO] WebApp:186 - Connection restablished
2025-03-13 12:28:10,460 [INFO] WebApp:189 - Connection lost
2025-03-13 12:28:10,754 [INFO] WebApp:186 - Connection restablished
2025-03-13 12:28:49,973 [INFO] WebApp:189 - Connection lost
2025-03-13 12:28:51,712 [INFO] WebApp:186 - Connection restablished
2025-03-13 12:30:32,456 [INFO] WebApp:189 - Connection lost
2025-03-13 12:30:33,851 [INFO] WebApp:186 - Connection restablished
2025-03-13 12:34:31,462 [INFO] WebApp:189 - Connection lost
2025-03-13 12:34:31,777 [INFO] WebApp:186 - Connection restablished
2025-03-13 12:36:03,462 [INFO] WebApp:189 - Connection lost
2025-03-13 12:36:04,799 [INFO] WebApp:186 - Connection restablished
2025-03-13 12:36:16,477 [INFO] WebApp:189 - Connection lost
2025-03-13 12:36:16,885 [INFO] WebApp:186 - Connection restablished
2025-03-13 12:37:34,011 [INFO] WebApp:189 - Connection lost
2025-03-13 12:37:55,023 [INFO] WebApp:186 - Connection restablished
2025-03-13 12:38:02,457 [INFO] WebApp:189 - Connection lost
2025-03-13 12:38:02,728 [INFO] WebApp:186 - Connection restablished
2025-03-13 12:38:18,458 [INFO] WebApp:189 - Connection lost
2025-03-13 12:38:18,786 [INFO] WebApp:186 - Connection restablished
2025-03-13 12:38:25,461 [INFO] WebApp:189 - Connection lost
2025-03-13 12:38:25,718 [INFO] WebApp:186 - Connection restablished
2025-03-13 12:39:40,969 [INFO] WebApp:189 - Connection lost
2025-03-13 12:39:41,270 [INFO] WebApp:186 - Connection restablished
2025-03-13 12:40:41,475 [INFO] WebApp:189 - Connection lost
2025-03-13 12:40:41,787 [INFO] WebApp:186 - Connection restablished
2025-03-13 12:41:15,493 [INFO] WebApp:189 - Connection lost
2025-03-13 12:41:16,049 [INFO] WebApp:186 - Connection restablished
2025-03-13 12:43:00,978 [INFO] WebApp:189 - Connection lost
2025-03-13 12:43:01,470 [INFO] WebApp:186 - Connection restablished
2025-03-13 12:43:15,481 [INFO] WebApp:189 - Connection lost
2025-03-13 12:43:15,750 [INFO] WebApp:186 - Connection restablished
2025-03-13 12:43:27,470 [INFO] WebApp:189 - Connection lost
2025-03-13 12:43:27,724 [INFO] WebApp:186 - Connection restablished
2025-03-13 12:43:44,451 [INFO] WebApp:189 - Connection lost
2025-03-13 12:43:44,723 [INFO] WebApp:186 - Connection restablished
2025-03-13 12:44:04,967 [INFO] WebApp:189 - Connection lost
2025-03-13 12:44:05,311 [INFO] WebApp:186 - Connection restablished
2025-03-13 12:44:22,003 [INFO] WebApp:189 - Connection lost
2025-03-13 12:44:22,253 [INFO] WebApp:186 - Connection restablished
2025-03-13 12:44:56,493 [INFO] WebApp:189 - Connection lost
2025-03-13 12:44:56,805 [INFO] WebApp:186 - Connection restablished
2025-03-13 12:45:14,476 [INFO] WebApp:189 - Connection lost
2025-03-13 12:45:14,726 [INFO] WebApp:186 - Connection restablished
2025-03-13 12:45:38,479 [INFO] WebApp:189 - Connection lost
2025-03-13 12:45:38,729 [INFO] WebApp:186 - Connection restablished
2025-03-13 12:45:56,472 [INFO] WebApp:189 - Connection lost
2025-03-13 12:45:56,724 [INFO] WebApp:186 - Connection restablished
2025-03-13 12:48:03,474 [INFO] WebApp:189 - Connection lost
2025-03-13 12:48:03,830 [INFO] WebApp:186 - Connection restablished
2025-03-13 12:51:51,966 [INFO] WebApp:189 - Connection lost
2025-03-13 12:51:52,550 [INFO] WebApp:186 - Connection restablished
2025-03-13 12:52:26,482 [INFO] WebApp:189 - Connection lost
2025-03-13 12:52:27,492 [INFO] WebApp:186 - Connection restablished
2025-03-13 12:53:50,978 [INFO] WebApp:189 - Connection lost
2025-03-13 12:53:51,573 [INFO] WebApp:186 - Connection restablished
2025-03-13 12:53:58,965 [INFO] WebApp:189 - Connection lost
2025-03-13 12:54:00,012 [INFO] WebApp:186 - Connection restablished
2025-03-13 12:54:09,983 [INFO] WebApp:189 - Connection lost
2025-03-13 12:54:10,437 [INFO] WebApp:186 - Connection restablished
2025-03-13 12:54:40,959 [INFO] WebApp:189 - Connection lost
2025-03-13 12:54:41,824 [INFO] WebApp:186 - Connection restablished
2025-03-13 12:54:50,495 [INFO] WebApp:189 - Connection lost
2025-03-13 12:54:50,851 [INFO] WebApp:186 - Connection restablished
2025-03-13 12:55:12,469 [INFO] WebApp:189 - Connection lost
2025-03-13 12:55:13,244 [INFO] WebApp:186 - Connection restablished
2025-03-13 12:55:28,473 [INFO] WebApp:189 - Connection lost
2025-03-13 12:55:28,743 [INFO] WebApp:186 - Connection restablished
2025-03-13 12:55:42,962 [INFO] WebApp:189 - Connection lost
2025-03-13 12:55:43,265 [INFO] WebApp:186 - Connection restablished
2025-03-13 12:56:00,970 [INFO] WebApp:189 - Connection lost
2025-03-13 12:56:01,219 [INFO] WebApp:186 - Connection restablished
2025-03-13 12:56:28,958 [INFO] WebApp:189 - Connection lost
2025-03-13 12:56:29,314 [INFO] WebApp:186 - Connection restablished
2025-03-13 12:56:41,482 [INFO] WebApp:189 - Connection lost
2025-03-13 12:56:42,047 [INFO] WebApp:186 - Connection restablished
2025-03-13 12:57:56,458 [INFO] WebApp:189 - Connection lost
2025-03-13 12:57:57,132 [INFO] WebApp:186 - Connection restablished
2025-03-13 13:00:41,482 [INFO] WebApp:189 - Connection lost
2025-03-13 13:00:41,799 [INFO] WebApp:186 - Connection restablished
2025-03-13 13:02:15,979 [INFO] WebApp:189 - Connection lost
2025-03-13 13:02:16,317 [INFO] WebApp:186 - Connection restablished
2025-03-13 15:42:04,008 [INFO] WebApp:189 - Connection lost
2025-03-13 15:42:04,326 [INFO] WebApp:186 - Connection restablished
2025-03-13 15:42:07,500 [INFO] WebApp:189 - Connection lost
2025-03-13 15:42:07,701 [INFO] WebApp:186 - Connection restablished
2025-03-13 15:42:14,985 [INFO] WebApp:189 - Connection lost
2025-03-13 15:42:15,252 [INFO] WebApp:186 - Connection restablished
2025-03-13 15:42:21,478 [INFO] WebApp:189 - Connection lost
2025-03-13 15:42:21,704 [INFO] WebApp:186 - Connection restablished
2025-03-13 15:42:29,494 [INFO] WebApp:189 - Connection lost
2025-03-13 15:42:29,875 [INFO] WebApp:186 - Connection restablished
2025-03-13 15:42:35,514 [INFO] WebApp:189 - Connection lost
2025-03-13 15:42:36,235 [INFO] WebApp:186 - Connection restablished
2025-03-13 15:42:41,500 [INFO] WebApp:189 - Connection lost
2025-03-13 15:42:41,790 [INFO] WebApp:186 - Connection restablished
2025-03-13 15:47:28,484 [INFO] WebApp:189 - Connection lost
2025-03-13 15:47:28,806 [INFO] WebApp:186 - Connection restablished
2025-03-13 15:48:40,985 [INFO] WebApp:189 - Connection lost
2025-03-13 15:48:41,433 [INFO] WebApp:186 - Connection restablished
2025-03-13 15:51:26,008 [INFO] WebApp:189 - Connection lost
2025-03-13 15:51:26,366 [INFO] WebApp:186 - Connection restablished
2025-03-13 15:54:36,024 [INFO] WebApp:189 - Connection lost
2025-03-13 15:54:37,820 [INFO] WebApp:186 - Connection restablished
2025-03-13 15:54:48,517 [INFO] WebApp:189 - Connection lost
2025-03-13 15:54:49,400 [INFO] WebApp:186 - Connection restablished
2025-03-13 15:55:01,513 [INFO] WebApp:189 - Connection lost
2025-03-13 15:55:01,799 [INFO] WebApp:186 - Connection restablished
2025-03-13 15:55:28,996 [INFO] WebApp:189 - Connection lost
2025-03-13 15:55:29,251 [INFO] WebApp:186 - Connection restablished
2025-03-13 15:55:46,971 [INFO] WebApp:189 - Connection lost
2025-03-13 15:55:47,858 [INFO] WebApp:186 - Connection restablished
2025-03-13 15:55:59,008 [INFO] WebApp:189 - Connection lost
2025-03-13 15:55:59,313 [INFO] WebApp:186 - Connection restablished
2025-03-13 15:56:43,525 [INFO] WebApp:189 - Connection lost
2025-03-13 15:56:44,229 [INFO] WebApp:186 - Connection restablished
2025-03-13 15:57:02,011 [INFO] WebApp:189 - Connection lost
2025-03-13 15:57:02,803 [INFO] WebApp:186 - Connection restablished
2025-03-13 15:57:13,522 [INFO] WebApp:189 - Connection lost
2025-03-13 15:57:13,780 [INFO] WebApp:186 - Connection restablished
2025-03-13 15:57:41,039 [INFO] WebApp:189 - Connection lost
2025-03-13 15:57:41,472 [INFO] WebApp:186 - Connection restablished
2025-03-13 16:16:33,499 [INFO] WebApp:189 - Connection lost
2025-03-13 16:16:33,839 [INFO] WebApp:186 - Connection restablished
2025-03-13 16:19:04,501 [INFO] WebApp:189 - Connection lost
2025-03-13 16:19:04,871 [INFO] WebApp:186 - Connection restablished
2025-03-13 16:36:37,044 [INFO] WebApp:189 - Connection lost
2025-03-13 16:36:37,386 [INFO] WebApp:186 - Connection restablished
2025-03-13 16:57:56,028 [INFO] WebApp:189 - Connection lost
2025-03-13 16:57:56,781 [INFO] WebApp:186 - Connection restablished
2025-03-13 16:58:29,484 [INFO] WebApp:189 - Connection lost
2025-03-13 16:58:30,887 [INFO] WebApp:186 - Connection restablished
2025-03-13 16:58:35,006 [INFO] WebApp:189 - Connection lost
2025-03-13 16:58:35,228 [INFO] WebApp:186 - Connection restablished
2025-03-13 16:58:38,991 [INFO] WebApp:189 - Connection lost
2025-03-13 16:58:39,332 [INFO] WebApp:186 - Connection restablished
2025-03-13 16:58:43,000 [INFO] WebApp:189 - Connection lost
2025-03-13 16:58:43,212 [INFO] WebApp:186 - Connection restablished
2025-03-13 16:58:46,976 [INFO] WebApp:189 - Connection lost
2025-03-13 16:58:47,187 [INFO] WebApp:186 - Connection restablished
2025-03-13 16:58:51,004 [INFO] WebApp:189 - Connection lost
2025-03-13 16:58:51,456 [INFO] WebApp:186 - Connection restablished
2025-03-13 17:06:57,506 [INFO] WebApp:189 - Connection lost
2025-03-13 17:07:01,003 [INFO] WebApp:186 - Connection restablished
2025-03-13 17:07:03,485 [INFO] WebApp:189 - Connection lost
2025-03-13 17:07:04,323 [INFO] WebApp:186 - Connection restablished
2025-03-13 17:09:58,513 [INFO] WebApp:189 - Connection lost
2025-03-13 17:09:58,853 [INFO] WebApp:186 - Connection restablished
2025-03-13 17:10:09,992 [INFO] WebApp:189 - Connection lost
2025-03-13 17:10:10,259 [INFO] WebApp:186 - Connection restablished
2025-03-13 17:10:24,525 [INFO] WebApp:189 - Connection lost
2025-03-13 17:10:24,813 [INFO] WebApp:186 - Connection restablished
2025-03-13 17:12:52,501 [INFO] WebApp:189 - Connection lost
2025-03-13 17:12:53,011 [INFO] WebApp:186 - Connection restablished
2025-03-13 17:40:20,030 [INFO] WebApp:189 - Connection lost
2025-03-13 17:40:20,383 [INFO] WebApp:186 - Connection restablished
2025-03-13 17:53:21,555 [INFO] WebApp:189 - Connection lost
2025-03-13 17:53:22,175 [INFO] WebApp:186 - Connection restablished
2025-03-13 17:54:37,977 [INFO] WebApp:189 - Connection lost
2025-03-13 17:54:38,770 [INFO] WebApp:186 - Connection restablished
2025-03-13 17:54:57,992 [INFO] WebApp:189 - Connection lost
2025-03-13 17:54:58,491 [INFO] WebApp:186 - Connection restablished
2025-03-13 17:58:14,567 [INFO] WebApp:189 - Connection lost
2025-03-13 17:58:14,913 [INFO] WebApp:186 - Connection restablished
2025-03-13 17:59:29,501 [INFO] WebApp:189 - Connection lost
2025-03-13 17:59:29,855 [INFO] WebApp:186 - Connection restablished
2025-03-13 18:01:44,022 [INFO] WebApp:189 - Connection lost
2025-03-13 18:01:45,174 [INFO] WebApp:186 - Connection restablished
2025-03-13 18:01:59,488 [INFO] WebApp:189 - Connection lost
2025-03-13 18:01:59,766 [INFO] WebApp:186 - Connection restablished
2025-03-13 18:02:52,514 [INFO] WebApp:189 - Connection lost
2025-03-13 18:02:52,829 [INFO] WebApp:186 - Connection restablished
2025-03-13 18:03:12,015 [INFO] WebApp:189 - Connection lost
2025-03-13 18:03:12,278 [INFO] WebApp:186 - Connection restablished
2025-03-13 19:37:30,288 [INFO] WebApp:189 - Connection lost
2025-03-13 20:53:38,416 [INFO] WebApp:186 - Connection restablished
2025-03-13 20:53:39,535 [INFO] WebApp:189 - Connection lost
2025-03-13 20:53:39,919 [INFO] WebApp:186 - Connection restablished
2025-03-13 20:53:45,347 [INFO] WebApp:388 - JxBrowser engine has been closed 
2025-03-13 20:53:47,320 [ERROR] LogOutputStream:75 - [STDERR_REDIRECT] 
