2025-03-02 12:31:52,992 [INFO] Activator:176 - 


2025-03-02 12:31:53,004 [INFO] Activator:177 - !SESSION log4j initialized
2025-03-02 12:32:03,993 [INFO] LogOutputStream:77 - [STDOUT_REDIRECT] 
2025-03-02 12:32:06,325 [INFO] ApplicationProperties:184 - Using Application install path: C:\ST\STM32CubeIDE_1.16.1\STM32CubeIDE\plugins\com.st.stm32cube.common.mx_6.12.1.202409122256
2025-03-02 12:32:06,351 [INFO] DbMcusXml:78 - Set database path to: C:\ST\STM32CubeIDE_1.16.1\STM32CubeIDE\plugins\com.st.stm32cube.common.mx_6.12.1.202409122256\\db\/mcu/
2025-03-02 12:32:06,352 [INFO] ApiDb:274 - Set plugin database path to: C:\ST\STM32CubeIDE_1.16.1\STM32CubeIDE\plugins\com.st.stm32cube.common.mx_6.12.1.202409122256\\db\/plugins/boardmanager/
2025-03-02 12:32:06,353 [WARN] ApiDb:259 - Overriding images path with different value:  => C:\ST\STM32CubeIDE_1.16.1\STM32CubeIDE\plugins\com.st.stm32cube.common.mx_6.12.1.202409122256\\db\/plugins/mcufinder/images/
2025-03-02 12:32:06,369 [INFO] ApiDb:250 - Set database path to: C:\Users\talur\.stmcufinder\plugins\mcufinder//mcu/
2025-03-02 12:32:06,370 [INFO] DbMcusAds:125 - Set database path to: C:\Users\talur\.stmcufinder\plugins\mcufinder//mcu/
2025-03-02 12:32:06,375 [INFO] CrossReferenceDbSqlite:203 - Set database path to: C:\Users\talur\.stmcufinder\plugins\mcufinder//mcu/cs/
2025-03-02 12:32:06,536 [INFO] RulesReader:64 - Compatibility file has been processed (297 Rules)
2025-03-02 12:32:06,670 [INFO] DbMcusXml:78 - Set database path to: C:\ST\STM32CubeIDE_1.16.1\STM32CubeIDE\plugins\com.st.stm32cube.common.mx_6.12.1.202409122256\\db\/mcu/
2025-03-02 12:32:06,670 [INFO] ApiDb:274 - Set plugin database path to: C:\ST\STM32CubeIDE_1.16.1\STM32CubeIDE\plugins\com.st.stm32cube.common.mx_6.12.1.202409122256\\db\/plugins/boardmanager/
2025-03-02 12:32:06,670 [INFO] ApiDb:261 - Set plugin images path to: C:\ST\STM32CubeIDE_1.16.1\STM32CubeIDE\plugins\com.st.stm32cube.common.mx_6.12.1.202409122256\\db\/plugins/mcufinder/images/
2025-03-02 12:32:06,670 [WARN] DbFile:41 - Overriding database path with different value: C:\Users\talur\.stmcufinder\plugins\mcufinder/ => C:\Users\talur\.stmcufinder\plugins\mcufinder
2025-03-02 12:32:06,671 [INFO] ApiDb:250 - Set database path to: C:\Users\talur\.stmcufinder\plugins\mcufinder//mcu/
2025-03-02 12:32:06,671 [WARN] DbFile:41 - Overriding database path with different value: C:\Users\talur\.stmcufinder\plugins\mcufinder/ => C:\Users\talur\.stmcufinder\plugins\mcufinder
2025-03-02 12:32:06,671 [INFO] DbMcusAds:125 - Set database path to: C:\Users\talur\.stmcufinder\plugins\mcufinder//mcu/
2025-03-02 12:32:06,671 [WARN] DbFile:41 - Overriding database path with different value: C:\Users\talur\.stmcufinder\plugins\mcufinder/ => C:\Users\talur\.stmcufinder\plugins\mcufinder
2025-03-02 12:32:06,671 [WARN] DbFile:41 - Overriding database path with different value: C:\Users\talur\.stmcufinder\plugins\mcufinder/ => C:\Users\talur\.stmcufinder\plugins\mcufinder
2025-03-02 12:32:06,671 [INFO] CrossReferenceDbSqlite:203 - Set database path to: C:\Users\talur\.stmcufinder\plugins\mcufinder//mcu/cs/
2025-03-02 12:32:06,804 [INFO] MainPanel:268 - HeapMemory: 268435456
2025-03-02 12:32:06,995 [INFO] DbMcusXml:78 - Set database path to: C:\ST\STM32CubeIDE_1.16.1\STM32CubeIDE\plugins\com.st.stm32cube.common.mx_6.12.1.202409122256\\db\/mcu/
2025-03-02 12:32:06,996 [INFO] ApiDb:274 - Set plugin database path to: C:\ST\STM32CubeIDE_1.16.1\STM32CubeIDE\plugins\com.st.stm32cube.common.mx_6.12.1.202409122256\\db\/plugins/boardmanager/
2025-03-02 12:32:06,996 [INFO] ApiDb:261 - Set plugin images path to: C:\ST\STM32CubeIDE_1.16.1\STM32CubeIDE\plugins\com.st.stm32cube.common.mx_6.12.1.202409122256\\db\/plugins/mcufinder/images/
2025-03-02 12:32:06,997 [WARN] DbFile:41 - Overriding database path with different value: C:\Users\talur\.stmcufinder\plugins\mcufinder/ => C:\Users\talur\.stmcufinder\plugins\mcufinder
2025-03-02 12:32:06,997 [INFO] ApiDb:250 - Set database path to: C:\Users\talur\.stmcufinder\plugins\mcufinder//mcu/
2025-03-02 12:32:06,997 [WARN] DbFile:41 - Overriding database path with different value: C:\Users\talur\.stmcufinder\plugins\mcufinder/ => C:\Users\talur\.stmcufinder\plugins\mcufinder
2025-03-02 12:32:06,997 [INFO] DbMcusAds:125 - Set database path to: C:\Users\talur\.stmcufinder\plugins\mcufinder//mcu/
2025-03-02 12:32:06,997 [WARN] DbFile:41 - Overriding database path with different value: C:\Users\talur\.stmcufinder\plugins\mcufinder/ => C:\Users\talur\.stmcufinder\plugins\mcufinder
2025-03-02 12:32:06,997 [WARN] DbFile:41 - Overriding database path with different value: C:\Users\talur\.stmcufinder\plugins\mcufinder/ => C:\Users\talur\.stmcufinder\plugins\mcufinder
2025-03-02 12:32:06,997 [INFO] CrossReferenceDbSqlite:203 - Set database path to: C:\Users\talur\.stmcufinder\plugins\mcufinder//mcu/cs/
2025-03-02 12:32:07,027 [INFO] ApplicationProperties:184 - Using Application install path: C:\ST\STM32CubeIDE_1.16.1\STM32CubeIDE\plugins\com.st.stm32cube.common.mx_6.12.1.202409122256
2025-03-02 12:32:07,029 [INFO] PluginManage:196 - Search for loadable plugins [exclusion list=, ]
2025-03-02 12:32:07,032 [INFO] PluginManage:310 - Check plugin analytics
2025-03-02 12:32:07,329 [INFO] AnalyticsPlugin:253 - Accepted Software Licenses: 
2025-03-02 12:32:07,329 [INFO] AnalyticsPlugin:255 - Accepted CMSIS Pack Licenses: 
2025-03-02 12:32:07,330 [INFO] AnalyticsPlugin:257 - Accepted Firmware Licenses: FW.F4.1.28.0
2025-03-02 12:32:07,337 [INFO] PluginManage:359 - Loaded plugin analytics (category:tool,tabindex:-1)
2025-03-02 12:32:07,338 [INFO] PluginManage:310 - Check plugin cadmodel
2025-03-02 12:32:07,368 [INFO] CADModel:105 - Init CAD model plugin
2025-03-02 12:32:07,368 [INFO] PluginManage:359 - Loaded plugin cadmodel (category:power,tabindex:5)
2025-03-02 12:32:07,368 [INFO] PluginManage:310 - Check plugin clock
2025-03-02 12:32:07,406 [INFO] PluginManage:359 - Loaded plugin clock (category:base,tabindex:2)
2025-03-02 12:32:07,406 [INFO] PluginManage:310 - Check plugin ddr
2025-03-02 12:32:07,410 [INFO] PluginManage:359 - Loaded plugin ddr (category:tool,tabindex:6)
2025-03-02 12:32:07,411 [INFO] PluginManage:310 - Check plugin filemanager
2025-03-02 12:32:07,631 [INFO] PluginManage:359 - Loaded plugin filemanager (category:base,tabindex:10)
2025-03-02 12:32:07,631 [INFO] PluginManage:310 - Check plugin ipmanager
2025-03-02 12:32:07,642 [INFO] PluginManage:359 - Loaded plugin ipmanager (category:base,tabindex:5)
2025-03-02 12:32:07,642 [INFO] PluginManage:310 - Check plugin lpbam
2025-03-02 12:32:07,673 [INFO] PluginManage:359 - Loaded plugin lpbam (category:base,tabindex:0)
2025-03-02 12:32:07,673 [INFO] PluginManage:310 - Check plugin memorymap
2025-03-02 12:32:07,718 [INFO] PluginManage:359 - Loaded plugin memorymap (category:base,tabindex:4)
2025-03-02 12:32:07,718 [INFO] PluginManage:310 - Check plugin pinoutandconfiguration
2025-03-02 12:32:07,750 [INFO] PluginManage:359 - Loaded plugin pinoutandconfiguration (category:base,tabindex:1)
2025-03-02 12:32:07,750 [INFO] PluginManage:310 - Check plugin pinoutconfig
2025-03-02 12:32:07,937 [WARN] SupportedApi:132 - Cannot load RTOS API schema: s4s-elt-must-match.1: The content of 'definitions' must match (annotation?, (simpleType | complexType)?, (unique | key | keyref)*)). A problem was found starting at: attribute.
2025-03-02 12:32:08,224 [INFO] PluginManage:359 - Loaded plugin pinoutconfig (category:base,tabindex:0)
2025-03-02 12:32:08,224 [INFO] PluginManage:310 - Check plugin power
2025-03-02 12:32:08,272 [INFO] PluginManage:359 - Loaded plugin power (category:power,tabindex:4)
2025-03-02 12:32:08,272 [INFO] PluginManage:310 - Check plugin projectmanager
2025-03-02 12:32:08,309 [INFO] PluginManage:359 - Loaded plugin projectmanager (category:projectmanager,tabindex:4)
2025-03-02 12:32:08,310 [INFO] PluginManage:310 - Check plugin rif
2025-03-02 12:32:08,346 [INFO] PluginManage:359 - Loaded plugin rif (category:base,tabindex:3)
2025-03-02 12:32:08,346 [INFO] PluginManage:310 - Check plugin thirdparty
2025-03-02 12:32:08,858 [INFO] PluginManage:359 - Loaded plugin thirdparty (category:base,tabindex:-1)
2025-03-02 12:32:08,858 [WARN] IntegrityCheckThread:84 - waiting for thirdparty lock release [integrity check]
2025-03-02 12:32:08,858 [INFO] IntegrityCheckThread:86 - entering critical section [integrity check]
2025-03-02 12:32:08,858 [INFO] PluginManage:310 - Check plugin tools
2025-03-02 12:32:08,860 [INFO] ThirdPartyUpdaterWithRetryManager:70 - Updater plugin not ready yet. [1/15]
2025-03-02 12:32:08,923 [INFO] PluginManage:359 - Loaded plugin tools (category:base,tabindex:7)
2025-03-02 12:32:08,923 [INFO] PluginManage:310 - Check plugin tutovideos
2025-03-02 12:32:09,203 [INFO] PluginManage:359 - Loaded plugin tutovideos (category:base,tabindex:-1)
2025-03-02 12:32:09,204 [INFO] PluginManage:310 - Check plugin updater
2025-03-02 12:32:09,229 [INFO] PluginManage:359 - Loaded plugin updater (category:base,tabindex:12)
2025-03-02 12:32:09,229 [INFO] PluginManage:310 - Check plugin userauth
2025-03-02 12:32:09,238 [INFO] UserAuth:113 - Init User Auth plugin
2025-03-02 12:32:09,239 [INFO] PluginManage:359 - Loaded plugin userauth (category:base,tabindex:14)
2025-03-02 12:32:09,239 [INFO] PluginManage:283 - PluginManage : Loaded plugins [18]
2025-03-02 12:32:09,608 [INFO] PinOutPanel:1561 - setPackage(No Configuration,No Configuration)
2025-03-02 12:32:09,754 [INFO] CADModel:165 - CPN selected for project level
2025-03-02 12:32:09,754 [INFO] CADModel:114 - Register for checkConnection events
2025-03-02 12:32:09,802 [INFO] IPUIPlugin:80 - create IPUIPlugin
2025-03-02 12:32:09,803 [INFO] PluginManager:220 - loadIPPluginJar : add adc
2025-03-02 12:32:09,865 [INFO] IPUIPlugin:80 - create IPUIPlugin
2025-03-02 12:32:09,865 [INFO] PluginManager:220 - loadIPPluginJar : add aes
2025-03-02 12:32:09,934 [INFO] IPUIPlugin:80 - create IPUIPlugin
2025-03-02 12:32:09,935 [INFO] PluginManager:220 - loadIPPluginJar : add can
2025-03-02 12:32:09,975 [INFO] IPUIPlugin:80 - create IPUIPlugin
2025-03-02 12:32:09,975 [INFO] PluginManager:220 - loadIPPluginJar : add comp
2025-03-02 12:32:10,028 [INFO] IPUIPlugin:80 - create IPUIPlugin
2025-03-02 12:32:10,028 [INFO] PluginManager:220 - loadIPPluginJar : add cryp
2025-03-02 12:32:10,047 [INFO] IPUIPlugin:80 - create IPUIPlugin
2025-03-02 12:32:10,047 [INFO] PluginManager:220 - loadIPPluginJar : add ddr_ctrl_phy
2025-03-02 12:32:10,100 [INFO] IPUIPlugin:80 - create IPUIPlugin
2025-03-02 12:32:10,100 [INFO] PluginManager:220 - loadIPPluginJar : add dfsdm
2025-03-02 12:32:10,123 [INFO] IPUIPlugin:80 - create IPUIPlugin
2025-03-02 12:32:10,123 [INFO] PluginManager:220 - loadIPPluginJar : add dma
2025-03-02 12:32:10,203 [INFO] IPUIPlugin:80 - create IPUIPlugin
2025-03-02 12:32:10,203 [INFO] PluginManager:220 - loadIPPluginJar : add dma3
2025-03-02 12:32:10,283 [INFO] IPUIPlugin:80 - create IPUIPlugin
2025-03-02 12:32:10,283 [INFO] PluginManager:220 - loadIPPluginJar : add extmemmanager
2025-03-02 12:32:10,318 [INFO] IPUIPlugin:80 - create IPUIPlugin
2025-03-02 12:32:10,318 [INFO] PluginManager:220 - loadIPPluginJar : add fatfs
2025-03-02 12:32:10,391 [INFO] IPUIPlugin:80 - create IPUIPlugin
2025-03-02 12:32:10,393 [INFO] PluginManager:220 - loadIPPluginJar : add fmc
2025-03-02 12:32:10,418 [INFO] IPUIPlugin:80 - create IPUIPlugin
2025-03-02 12:32:10,419 [INFO] PluginManager:220 - loadIPPluginJar : add freertos
2025-03-02 12:32:10,454 [INFO] IPUIPlugin:80 - create IPUIPlugin
2025-03-02 12:32:10,455 [INFO] PluginManager:220 - loadIPPluginJar : add genericplugin
2025-03-02 12:32:10,621 [INFO] IPUIPlugin:80 - create IPUIPlugin
2025-03-02 12:32:10,621 [INFO] PluginManager:220 - loadIPPluginJar : add gfxmmu
2025-03-02 12:32:10,866 [INFO] IPUIPlugin:80 - create IPUIPlugin
2025-03-02 12:32:10,866 [INFO] PluginManager:220 - loadIPPluginJar : add gic
2025-03-02 12:32:10,900 [INFO] IPUIPlugin:80 - create IPUIPlugin
2025-03-02 12:32:10,900 [INFO] PluginManager:220 - loadIPPluginJar : add gpio
2025-03-02 12:32:11,048 [INFO] IPUIPlugin:80 - create IPUIPlugin
2025-03-02 12:32:11,048 [INFO] PluginManager:220 - loadIPPluginJar : add gtzc
2025-03-02 12:32:11,117 [INFO] IPUIPlugin:80 - create IPUIPlugin
2025-03-02 12:32:11,118 [INFO] PluginManager:220 - loadIPPluginJar : add hash
2025-03-02 12:32:11,211 [INFO] IPUIPlugin:80 - create IPUIPlugin
2025-03-02 12:32:11,211 [INFO] PluginManager:220 - loadIPPluginJar : add i2c
2025-03-02 12:32:11,282 [INFO] IPUIPlugin:80 - create IPUIPlugin
2025-03-02 12:32:11,282 [INFO] PluginManager:220 - loadIPPluginJar : add i2s
2025-03-02 12:32:11,357 [INFO] IPUIPlugin:80 - create IPUIPlugin
2025-03-02 12:32:11,357 [INFO] PluginManager:220 - loadIPPluginJar : add i3c
2025-03-02 12:32:11,536 [INFO] IPUIPlugin:80 - create IPUIPlugin
2025-03-02 12:32:11,536 [INFO] PluginManager:220 - loadIPPluginJar : add ipddr
2025-03-02 12:32:11,708 [INFO] IPUIPlugin:80 - create IPUIPlugin
2025-03-02 12:32:11,709 [INFO] PluginManager:220 - loadIPPluginJar : add linkedlist
2025-03-02 12:32:11,777 [INFO] IPUIPlugin:80 - create IPUIPlugin
2025-03-02 12:32:11,778 [INFO] PluginManager:220 - loadIPPluginJar : add lorawan
2025-03-02 12:32:11,833 [INFO] IPUIPlugin:80 - create IPUIPlugin
2025-03-02 12:32:11,833 [INFO] PluginManager:220 - loadIPPluginJar : add ltdc
2025-03-02 12:32:11,853 [INFO] IPUIPlugin:80 - create IPUIPlugin
2025-03-02 12:32:11,853 [INFO] PluginManager:220 - loadIPPluginJar : add mdma
2025-03-02 12:32:11,862 [INFO] ThirdPartyUpdaterWithRetryManager:70 - Updater plugin not ready yet. [2/15]
2025-03-02 12:32:11,872 [INFO] IPUIPlugin:80 - create IPUIPlugin
2025-03-02 12:32:11,873 [INFO] PluginManager:220 - loadIPPluginJar : add nvic
2025-03-02 12:32:11,945 [INFO] IPUIPlugin:80 - create IPUIPlugin
2025-03-02 12:32:11,945 [INFO] PluginManager:220 - loadIPPluginJar : add opamp
2025-03-02 12:32:12,051 [INFO] IPUIPlugin:80 - create IPUIPlugin
2025-03-02 12:32:12,051 [INFO] PluginManager:220 - loadIPPluginJar : add openamp
2025-03-02 12:32:12,129 [INFO] IPUIPlugin:80 - create IPUIPlugin
2025-03-02 12:32:12,130 [INFO] PluginManager:220 - loadIPPluginJar : add pdm2pcm
2025-03-02 12:32:12,152 [INFO] IPUIPlugin:80 - create IPUIPlugin
2025-03-02 12:32:12,155 [INFO] PluginManager:220 - loadIPPluginJar : add plateformsettings
2025-03-02 12:32:12,196 [INFO] IPUIPlugin:80 - create IPUIPlugin
2025-03-02 12:32:12,196 [INFO] PluginManager:220 - loadIPPluginJar : add quadspi
2025-03-02 12:32:12,241 [INFO] IPUIPlugin:80 - create IPUIPlugin
2025-03-02 12:32:12,242 [INFO] PluginManager:220 - loadIPPluginJar : add radio
2025-03-02 12:32:12,265 [INFO] IPUIPlugin:80 - create IPUIPlugin
2025-03-02 12:32:12,265 [INFO] PluginManager:220 - loadIPPluginJar : add resmgrutility
2025-03-02 12:32:12,348 [INFO] IPUIPlugin:80 - create IPUIPlugin
2025-03-02 12:32:12,348 [INFO] PluginManager:220 - loadIPPluginJar : add sai
2025-03-02 12:32:12,413 [INFO] IPUIPlugin:80 - create IPUIPlugin
2025-03-02 12:32:12,413 [INFO] PluginManager:220 - loadIPPluginJar : add spi
2025-03-02 12:32:12,523 [INFO] IPUIPlugin:80 - create IPUIPlugin
2025-03-02 12:32:12,523 [INFO] PluginManager:220 - loadIPPluginJar : add stm32_wpan
2025-03-02 12:32:12,571 [INFO] IPUIPlugin:80 - create IPUIPlugin
2025-03-02 12:32:12,571 [INFO] PluginManager:220 - loadIPPluginJar : add tim
2025-03-02 12:32:12,669 [INFO] IPUIPlugin:80 - create IPUIPlugin
2025-03-02 12:32:12,669 [INFO] PluginManager:220 - loadIPPluginJar : add touchsensing
2025-03-02 12:32:12,708 [INFO] IPUIPlugin:80 - create IPUIPlugin
2025-03-02 12:32:12,708 [INFO] PluginManager:220 - loadIPPluginJar : add tracer_emb
2025-03-02 12:32:12,748 [INFO] IPUIPlugin:80 - create IPUIPlugin
2025-03-02 12:32:12,748 [INFO] PluginManager:220 - loadIPPluginJar : add ts
2025-03-02 12:32:12,787 [INFO] IPUIPlugin:80 - create IPUIPlugin
2025-03-02 12:32:12,787 [INFO] PluginManager:220 - loadIPPluginJar : add tsc
2025-03-02 12:32:12,831 [INFO] IPUIPlugin:80 - create IPUIPlugin
2025-03-02 12:32:12,831 [INFO] PluginManager:220 - loadIPPluginJar : add ucpd
2025-03-02 12:32:12,923 [INFO] IPUIPlugin:80 - create IPUIPlugin
2025-03-02 12:32:12,924 [INFO] PluginManager:220 - loadIPPluginJar : add usart
2025-03-02 12:32:12,996 [INFO] IPUIPlugin:80 - create IPUIPlugin
2025-03-02 12:32:12,997 [INFO] PluginManager:220 - loadIPPluginJar : add usbx
2025-03-02 12:32:13,149 [INFO] CADModel:165 - CPN selected for project level
2025-03-02 12:32:13,150 [INFO] CADModel:114 - Register for checkConnection events
2025-03-02 12:32:13,150 [FATAL] Updater:334 - Updater called before beeing initialized
2025-03-02 12:32:13,150 [ERROR] CADModel:125 - Updater not yet initialized, retry later 
2025-03-02 12:32:13,348 [INFO] CADModel:165 - CPN selected for project level
2025-03-02 12:32:13,348 [INFO] CADModel:114 - Register for checkConnection events
2025-03-02 12:32:13,348 [FATAL] Updater:334 - Updater called before beeing initialized
2025-03-02 12:32:13,348 [ERROR] CADModel:125 - Updater not yet initialized, retry later 
2025-03-02 12:32:13,352 [FATAL] Updater:334 - Updater called before beeing initialized
2025-03-02 12:32:13,501 [FATAL] Updater:334 - Updater called before beeing initialized
2025-03-02 12:32:13,515 [INFO] DbMcusAds:53 - JSON generation date=Tue Dec 17 21:31:15 IST 2024 (1734451275111)
2025-03-02 12:32:13,516 [FATAL] Updater:334 - Updater called before beeing initialized
2025-03-02 12:32:13,566 [WARN] DetailPanel:346 - Failed to get advertising image, set to default
2025-03-02 12:32:13,663 [FATAL] Updater:334 - Updater called before beeing initialized
2025-03-02 12:32:13,666 [FATAL] Updater:334 - Updater called before beeing initialized
2025-03-02 12:32:13,666 [FATAL] Updater:334 - Updater called before beeing initialized
2025-03-02 12:32:13,666 [WARN] DetailPanel:346 - Failed to get advertising image, set to default
2025-03-02 12:32:13,667 [FATAL] Updater:334 - Updater called before beeing initialized
2025-03-02 12:32:13,846 [ERROR] Updater:1164 - MainUpdater not yet initialized. External WinMGr cannot be set.
2025-03-02 12:32:13,885 [INFO] Updater:1100 - Updater Version found : 6.12.1
2025-03-02 12:32:13,934 [INFO] ApplicationProperties:184 - Using Application install path: C:\ST\STM32CubeIDE_1.16.1\STM32CubeIDE\plugins\com.st.stm32cube.common.mx_6.12.1.202409122256
2025-03-02 12:32:14,864 [INFO] ThirdPartyUpdaterWithRetryManager:70 - Updater plugin not ready yet. [3/15]
2025-03-02 12:32:15,560 [ERROR] LogOutputStream:75 - [STDERR_REDIRECT] Mar 02, 2025 12:32:15 PM java.util.prefs.WindowsPreferences <init>
2025-03-02 12:32:15,563 [ERROR] LogOutputStream:75 - [STDERR_REDIRECT] WARNING: Could not open/create prefs root node Software\JavaSoft\Prefs at root 0xffffffff80000002. Windows RegCreateKeyEx(...) returned error code 5.
2025-03-02 12:32:15,564 [ERROR] LogOutputStream:75 - [STDERR_REDIRECT] 
2025-03-02 12:32:16,329 [INFO] MainUpdater:2873 - connection check result : 10
2025-03-02 12:32:16,333 [INFO] MainUpdater:290 - Updater Check For Update Now.
2025-03-02 12:32:16,334 [INFO] MicroXplorer:498 - Change Database Version : DB.6.0.121
2025-03-02 12:32:16,389 [INFO] McuFinderGlobals:63 - Set McuFinder mode to 2 (CubeIDE integrated)
2025-03-02 12:32:16,391 [INFO] UserAuth:179 - activating auth plugin
2025-03-02 12:32:16,456 [INFO] UserAuth:417 - Internet connection configuration mode: 1
2025-03-02 12:32:16,608 [INFO] JxBrowserEngine:152 - Initiate JxBrowser Engine with user profile folder
2025-03-02 12:32:16,865 [INFO] CheckServerUpdateThread:120 - End of CheckServer Thread
2025-03-02 12:32:18,437 [WARN] PackLoader:240 - Cannot read IP mode file for STMicroelectronics.FP-SNS-MOTENVWB1.1.4.0
2025-03-02 12:32:18,477 [WARN] PackLoader:240 - Cannot read IP mode file for STMicroelectronics.FP-ATR-ASTRA1.2.0.1
2025-03-02 12:32:18,515 [WARN] PackLoader:240 - Cannot read IP mode file for STMicroelectronics.X-CUBE-SMBUS.2.1.0
2025-03-02 12:32:18,555 [WARN] PackLoader:240 - Cannot read IP mode file for STMicroelectronics.X-CUBE-WB05N.1.1.0
2025-03-02 12:32:18,708 [WARN] PackLoader:240 - Cannot read IP mode file for STMicroelectronics.X-CUBE-AZRTOS-F7.1.1.0
2025-03-02 12:32:18,971 [WARN] PackLoader:240 - Cannot read IP mode file for STMicroelectronics.X-CUBE-MEMS1.11.0.0
2025-03-02 12:32:19,682 [WARN] PackLoader:240 - Cannot read IP mode file for STMicroelectronics.FP-SNS-FLIGHT1.5.0.2
2025-03-02 12:32:19,765 [WARN] PackLoader:240 - Cannot read IP mode file for STMicroelectronics.X-CUBE-DISPLAY.3.0.0
2025-03-02 12:32:19,826 [WARN] PackLoader:240 - Cannot read IP mode file for STMicroelectronics.X-CUBE-BLE1.7.0.0
2025-03-02 12:32:19,885 [WARN] PackLoader:240 - Cannot read IP mode file for STMicroelectronics.X-CUBE-NFC10.1.0.0
2025-03-02 12:32:19,952 [WARN] PackLoader:240 - Cannot read IP mode file for STMicroelectronics.X-CUBE-BLEMGR.4.0.0
2025-03-02 12:32:20,019 [WARN] PackLoader:240 - Cannot read IP mode file for emotas.I-CUBE-CANOPEN.1.3.0
2025-03-02 12:32:20,098 [WARN] PackLoader:240 - Cannot read IP mode file for STMicroelectronics.X-CUBE-BLEMGR.3.1.0
2025-03-02 12:32:20,173 [WARN] PackLoader:240 - Cannot read IP mode file for STMicroelectronics.X-CUBE-AI.10.0.0
2025-03-02 12:32:20,364 [WARN] PackLoader:240 - Cannot read IP mode file for STMicroelectronics.FP-SNS-SMARTAG2.1.2.0
2025-03-02 12:32:20,575 [WARN] PackLoader:240 - Cannot read IP mode file for STMicroelectronics.X-CUBE-MEMS1.11.1.0
2025-03-02 12:32:21,176 [INFO] LogOutputStream:77 - [STDOUT_REDIRECT] 1 : Invalid condition id : UX_CORESTACK_Condition cause : null
2025-03-02 12:32:21,177 [INFO] LogOutputStream:77 - [STDOUT_REDIRECT] 1 : Invalid condition id : UX_CORESTACK_Condition cause : null
2025-03-02 12:32:21,179 [INFO] LogOutputStream:77 - [STDOUT_REDIRECT] 1 : Invalid condition id : UX_CORESTACK_Condition cause : null
2025-03-02 12:32:21,185 [INFO] LogOutputStream:77 - [STDOUT_REDIRECT] 1 : Invalid condition id : UX_CORESTACK_Condition cause : null
2025-03-02 12:32:21,188 [INFO] LogOutputStream:77 - [STDOUT_REDIRECT] 1 : Invalid condition id : UX_CORESTACK_Condition cause : null
2025-03-02 12:32:21,194 [WARN] PackLoader:240 - Cannot read IP mode file for STMicroelectronics.X-CUBE-AZRTOS-WL.2.0.0
2025-03-02 12:32:21,243 [WARN] PackLoader:240 - Cannot read IP mode file for STMicroelectronics.FP-SNS-MOTENV1.5.0.0
2025-03-02 12:32:21,285 [WARN] PackLoader:240 - Cannot read IP mode file for wolfSSL.I-CUBE-wolfMQTT.1.19.0
2025-03-02 12:32:21,343 [WARN] PackLoader:240 - Cannot read IP mode file for WES.I-CUBE-Cesium.1.3.0
2025-03-02 12:32:21,391 [WARN] PackLoader:240 - Cannot read IP mode file for STMicroelectronics.X-CUBE-BLE2.3.3.0
2025-03-02 12:32:21,443 [WARN] PackLoader:240 - Cannot read IP mode file for STMicroelectronics.X-CUBE-NFC9.1.0.0
2025-03-02 12:32:21,490 [WARN] PackLoader:240 - Cannot read IP mode file for STMicroelectronics.X-CUBE-TCPP.4.1.0
2025-03-02 12:32:21,555 [WARN] PackLoader:240 - Cannot read IP mode file for STMicroelectronics.X-CUBE-AZRTOS-G0.1.1.0
2025-03-02 12:32:21,602 [WARN] PackLoader:240 - Cannot read IP mode file for STMicroelectronics.X-CUBE-SAFEA1.1.2.2
2025-03-02 12:32:21,642 [WARN] PackLoader:240 - Cannot read IP mode file for STMicroelectronics.X-CUBE-NFC4.3.0.0
2025-03-02 12:32:21,689 [WARN] PackLoader:240 - Cannot read IP mode file for EmbeddedOffice.I-CUBE-FS-RTOS.1.0.1
2025-03-02 12:32:21,691 [ERROR] ConditionMgr:805 - Attr not supported : Dmpu
2025-03-02 12:32:21,691 [ERROR] ConditionMgr:805 - Attr not supported : Dmpu
2025-03-02 12:32:21,691 [ERROR] ConditionMgr:805 - Attr not supported : Dmpu
2025-03-02 12:32:21,691 [ERROR] ConditionMgr:805 - Attr not supported : Dmpu
2025-03-02 12:32:21,691 [ERROR] ConditionMgr:805 - Attr not supported : Dmpu
2025-03-02 12:32:21,691 [ERROR] ConditionMgr:805 - Attr not supported : Dmpu
2025-03-02 12:32:21,691 [ERROR] ConditionMgr:805 - Attr not supported : Dmpu
2025-03-02 12:32:21,691 [ERROR] ConditionMgr:805 - Attr not supported : Dmpu
2025-03-02 12:32:21,691 [ERROR] ConditionMgr:805 - Attr not supported : Dmpu
2025-03-02 12:32:21,691 [ERROR] ConditionMgr:805 - Attr not supported : Dmpu
2025-03-02 12:32:21,692 [ERROR] ConditionMgr:805 - Attr not supported : Dmpu
2025-03-02 12:32:21,692 [ERROR] ConditionMgr:805 - Attr not supported : Dmpu
2025-03-02 12:32:21,692 [ERROR] ConditionMgr:805 - Attr not supported : Dmpu
2025-03-02 12:32:21,692 [ERROR] ConditionMgr:805 - Attr not supported : Dmpu
2025-03-02 12:32:21,692 [ERROR] ConditionMgr:805 - Attr not supported : Dmpu
2025-03-02 12:32:21,692 [ERROR] ConditionMgr:805 - Attr not supported : Dmpu
2025-03-02 12:32:21,692 [ERROR] ConditionMgr:805 - Attr not supported : Dmpu
2025-03-02 12:32:21,692 [ERROR] ConditionMgr:805 - Attr not supported : Dmpu
2025-03-02 12:32:21,692 [ERROR] ConditionMgr:805 - Attr not supported : Dmpu
2025-03-02 12:32:21,692 [ERROR] ConditionMgr:805 - Attr not supported : Dmpu
2025-03-02 12:32:21,692 [ERROR] ConditionMgr:805 - Attr not supported : Dmpu
2025-03-02 12:32:21,692 [ERROR] ConditionMgr:805 - Attr not supported : Dmpu
2025-03-02 12:32:21,692 [ERROR] ConditionMgr:805 - Attr not supported : Dmpu
2025-03-02 12:32:21,692 [ERROR] ConditionMgr:805 - Attr not supported : Dmpu
2025-03-02 12:32:21,692 [ERROR] ConditionMgr:805 - Attr not supported : Dmpu
2025-03-02 12:32:21,694 [ERROR] ConditionMgr:805 - Attr not supported : Dmpu
2025-03-02 12:32:21,694 [ERROR] ConditionMgr:805 - Attr not supported : Dmpu
2025-03-02 12:32:21,694 [ERROR] ConditionMgr:805 - Attr not supported : Dmpu
2025-03-02 12:32:21,694 [ERROR] ConditionMgr:805 - Attr not supported : Dmpu
2025-03-02 12:32:21,694 [ERROR] ConditionMgr:805 - Attr not supported : Dmpu
2025-03-02 12:32:21,695 [ERROR] ConditionMgr:805 - Attr not supported : Dmpu
2025-03-02 12:32:21,696 [ERROR] ConditionMgr:805 - Attr not supported : Dmpu
2025-03-02 12:32:21,696 [ERROR] ConditionMgr:805 - Attr not supported : Dmpu
2025-03-02 12:32:21,697 [ERROR] ConditionMgr:805 - Attr not supported : Dmpu
2025-03-02 12:32:21,699 [ERROR] ConditionMgr:805 - Attr not supported : Dmpu
2025-03-02 12:32:21,701 [ERROR] ConditionMgr:805 - Attr not supported : Dmpu
2025-03-02 12:32:21,702 [ERROR] ConditionMgr:805 - Attr not supported : Dmpu
2025-03-02 12:32:21,702 [ERROR] ConditionMgr:805 - Attr not supported : Dmpu
2025-03-02 12:32:21,703 [ERROR] ConditionMgr:805 - Attr not supported : Dmpu
2025-03-02 12:32:21,703 [ERROR] ConditionMgr:805 - Attr not supported : Dmpu
2025-03-02 12:32:21,703 [ERROR] ConditionMgr:805 - Attr not supported : Dmpu
2025-03-02 12:32:21,703 [ERROR] ConditionMgr:805 - Attr not supported : Dmpu
2025-03-02 12:32:21,703 [ERROR] ConditionMgr:805 - Attr not supported : Dmpu
2025-03-02 12:32:21,703 [ERROR] ConditionMgr:805 - Attr not supported : Dmpu
2025-03-02 12:32:21,703 [ERROR] ConditionMgr:805 - Attr not supported : Dmpu
2025-03-02 12:32:21,703 [ERROR] ConditionMgr:805 - Attr not supported : Dmpu
2025-03-02 12:32:21,703 [ERROR] ConditionMgr:805 - Attr not supported : Dmpu
2025-03-02 12:32:21,703 [ERROR] ConditionMgr:805 - Attr not supported : Dmpu
2025-03-02 12:32:21,703 [ERROR] ConditionMgr:805 - Attr not supported : Dmpu
2025-03-02 12:32:21,703 [ERROR] ConditionMgr:805 - Attr not supported : Dmpu
2025-03-02 12:32:21,703 [ERROR] ConditionMgr:805 - Attr not supported : Dmpu
2025-03-02 12:32:21,703 [ERROR] ConditionMgr:805 - Attr not supported : Dmpu
2025-03-02 12:32:21,703 [ERROR] ConditionMgr:805 - Attr not supported : Dmpu
2025-03-02 12:32:21,703 [ERROR] ConditionMgr:805 - Attr not supported : Dmpu
2025-03-02 12:32:21,703 [ERROR] ConditionMgr:805 - Attr not supported : Dmpu
2025-03-02 12:32:21,703 [ERROR] ConditionMgr:805 - Attr not supported : Dmpu
2025-03-02 12:32:21,703 [ERROR] ConditionMgr:805 - Attr not supported : Dmpu
2025-03-02 12:32:21,703 [ERROR] ConditionMgr:805 - Attr not supported : Dmpu
2025-03-02 12:32:21,703 [ERROR] ConditionMgr:805 - Attr not supported : Dmpu
2025-03-02 12:32:21,705 [ERROR] ConditionMgr:805 - Attr not supported : Dmpu
2025-03-02 12:32:21,705 [ERROR] ConditionMgr:805 - Attr not supported : Dmpu
2025-03-02 12:32:21,705 [ERROR] ConditionMgr:805 - Attr not supported : Dmpu
2025-03-02 12:32:21,705 [ERROR] ConditionMgr:805 - Attr not supported : Dmpu
2025-03-02 12:32:21,705 [ERROR] ConditionMgr:805 - Attr not supported : Dmpu
2025-03-02 12:32:21,741 [ERROR] Engine:466 - C:\Users\talur\.stm32cubemx\thirdparties\pdsc\STMicroelectronics.X-CUBE-TCPP.4.2.0.pdsc: PDSC version is not supported
2025-03-02 12:32:21,779 [WARN] PackLoader:240 - Cannot read IP mode file for RealThread.X-CUBE-RT-Thread_Nano.4.1.1
2025-03-02 12:32:21,817 [WARN] PackLoader:240 - Cannot read IP mode file for STMicroelectronics.FP-ATR-SIGFOX1.3.2.0
2025-03-02 12:32:21,856 [WARN] PackLoader:240 - Cannot read IP mode file for wolfSSL.I-CUBE-wolfSSL.5.7.2
2025-03-02 12:32:21,892 [WARN] ConditionMgr:438 - getConditionDescription Invalid condition id : Cortex-A Device cause : null
2025-03-02 12:32:21,969 [WARN] ConditionMgr:1039 - genDependencies : Invalid condition id : Cortex-A Device cause : null
2025-03-02 12:32:21,969 [WARN] ConditionMgr:1039 - genDependencies : Invalid condition id : Cortex-A Device cause : null
2025-03-02 12:32:21,969 [WARN] ConditionMgr:1039 - genDependencies : Invalid condition id : Cortex-A Device cause : null
2025-03-02 12:32:22,008 [WARN] PackLoader:240 - Cannot read IP mode file for STMicroelectronics.X-CUBE-EEPRMA1.5.1.0
2025-03-02 12:32:22,054 [WARN] PackLoader:240 - Cannot read IP mode file for wolfSSL.I-CUBE-wolfSSL.5.7.4
2025-03-02 12:32:22,128 [WARN] PackLoader:240 - Cannot read IP mode file for ITTIA_DB.I-CUBE-ITTIADB.8.9.0
2025-03-02 12:32:22,224 [WARN] PackLoader:240 - Cannot read IP mode file for SEGGER.I-CUBE-embOS.1.3.1
2025-03-02 12:32:22,373 [WARN] PackLoader:240 - Cannot read IP mode file for STMicroelectronics.X-CUBE-ALGOBUILD.1.4.0
2025-03-02 12:32:22,427 [WARN] PackLoader:240 - Cannot read IP mode file for STMicroelectronics.X-CUBE-AI.9.1.0
2025-03-02 12:32:22,498 [WARN] PackLoader:240 - Cannot read IP mode file for STMicroelectronics.X-CUBE-AZRTOS-F4.1.1.0
2025-03-02 12:32:22,539 [WARN] PackLoader:240 - Cannot read IP mode file for STMicroelectronics.X-CUBE-ISPU.2.1.0
2025-03-02 12:32:22,586 [WARN] PackLoader:240 - Cannot read IP mode file for STMicroelectronics.X-CUBE-FREERTOS.1.2.0
2025-03-02 12:32:22,656 [WARN] PackLoader:240 - Cannot read IP mode file for STMicroelectronics.X-CUBE-AZRTOS-L5.2.0.0
2025-03-02 12:32:22,702 [WARN] PackLoader:240 - Cannot read IP mode file for STMicroelectronics.X-CUBE-NFC6.3.1.0
2025-03-02 12:32:22,765 [WARN] PackLoader:240 - Cannot read IP mode file for STMicroelectronics.X-CUBE-DPower.1.2.0
2025-03-02 12:32:22,806 [WARN] PackLoader:240 - Cannot read IP mode file for STMicroelectronics.X-CUBE-AI.9.0.0
2025-03-02 12:32:22,852 [WARN] PackLoader:240 - Cannot read IP mode file for STMicroelectronics.X-CUBE-FREERTOS.1.3.0
2025-03-02 12:32:22,891 [WARN] PackLoader:240 - Cannot read IP mode file for STMicroelectronics.X-CUBE-NFC7.1.0.1
2025-03-02 12:32:22,967 [WARN] ConditionMgr:438 - getConditionDescription Invalid condition id : LAN8742 Phy interface Condition cause : null
2025-03-02 12:32:22,968 [WARN] PackLoader:240 - Cannot read IP mode file for STMicroelectronics.X-CUBE-AZRTOS-L4.2.0.0
2025-03-02 12:32:22,970 [WARN] ConditionMgr:1039 - genDependencies : Invalid condition id : LAN8742 Phy interface Condition cause : null
2025-03-02 12:32:22,972 [WARN] ConditionMgr:1039 - genDependencies : Invalid condition id : LAN8742 Phy interface Condition cause : null
2025-03-02 12:32:22,974 [WARN] ConditionMgr:1039 - genDependencies : Invalid condition id : LAN8742 Phy interface Condition cause : null
2025-03-02 12:32:23,197 [WARN] PackLoader:240 - Cannot read IP mode file for STMicroelectronics.X-CUBE-SFXS2LP1.4.0.0
2025-03-02 12:32:23,289 [WARN] PackLoader:240 - Cannot read IP mode file for STMicroelectronics.X-CUBE-AZRTOS-H7.3.3.0
2025-03-02 12:32:23,388 [WARN] PackLoader:240 - Cannot read IP mode file for STMicroelectronics.X-CUBE-IPS.3.0.0
2025-03-02 12:32:23,465 [WARN] ConditionMgr:438 - getConditionDescription Invalid condition id : UX DEVICE CLASS RTOS Condition cause : null
2025-03-02 12:32:23,466 [WARN] ConditionMgr:438 - getConditionDescription Invalid condition id : UX DEVICE CLASS RTOS Condition cause : null
2025-03-02 12:32:23,468 [WARN] PackLoader:240 - Cannot read IP mode file for STMicroelectronics.X-CUBE-AZRTOS-WB.2.0.0
2025-03-02 12:32:23,469 [WARN] ConditionMgr:1039 - genDependencies : Invalid condition id : UX DEVICE CLASS RTOS Condition cause : null
2025-03-02 12:32:23,470 [WARN] ConditionMgr:1039 - genDependencies : Invalid condition id : UX DEVICE CLASS RTOS Condition cause : null
2025-03-02 12:32:23,471 [WARN] ConditionMgr:1039 - genDependencies : Invalid condition id : UX DEVICE CLASS RTOS Condition cause : null
2025-03-02 12:32:23,471 [WARN] ConditionMgr:1039 - genDependencies : Invalid condition id : UX DEVICE CLASS RTOS Condition cause : null
2025-03-02 12:32:23,471 [WARN] ConditionMgr:1039 - genDependencies : Invalid condition id : UX DEVICE CLASS RTOS Condition cause : null
2025-03-02 12:32:23,511 [WARN] PackLoader:240 - Cannot read IP mode file for STMicroelectronics.X-CUBE-GNSS1.7.0.0
2025-03-02 12:32:23,554 [WARN] PackLoader:240 - Cannot read IP mode file for STMicroelectronics.X-CUBE-GNSS1.7.0.1
2025-03-02 12:32:23,600 [WARN] PackLoader:240 - Cannot read IP mode file for STMicroelectronics.FP-SNS-STBOX1.2.0.0
2025-03-02 12:32:23,638 [WARN] PackLoader:240 - Cannot read IP mode file for STMicroelectronics.X-CUBE-SUBG2.5.0.0
2025-03-02 12:32:23,684 [WARN] PackLoader:240 - Cannot read IP mode file for Cesanta.I-CUBE-Mongoose.7.13.0
2025-03-02 12:32:23,742 [WARN] PackLoader:240 - Cannot read IP mode file for STMicroelectronics.X-CUBE-AZRTOS-G4.2.0.0
2025-03-02 12:32:23,782 [WARN] PackLoader:240 - Cannot read IP mode file for STMicroelectronics.X-CUBE-ISPU.2.0.0
2025-03-02 12:32:23,831 [ERROR] Engine:466 - C:\Users\talur\.stm32cubemx\thirdparties\pdsc\STMicroelectronics.X-CUBE-IPS.3.1.0.pdsc: PDSC version is not supported
2025-03-02 12:32:23,873 [WARN] PackLoader:240 - Cannot read IP mode file for STMicroelectronics.X-CUBE-ALS.1.0.2
2025-03-02 12:32:23,919 [WARN] PackLoader:240 - Cannot read IP mode file for STMicroelectronics.X-CUBE-TOUCHGFX.4.24.0
2025-03-02 12:32:23,957 [WARN] PackLoader:240 - Cannot read IP mode file for STMicroelectronics.X-CUBE-TOUCHGFX.4.24.2
2025-03-02 12:32:23,998 [WARN] PackLoader:240 - Cannot read IP mode file for STMicroelectronics.X-CUBE-TOUCHGFX.4.24.1
2025-03-02 12:32:24,045 [WARN] PackLoader:240 - Cannot read IP mode file for wolfSSL.I-CUBE-wolfTPM.3.4.0
2025-03-02 12:32:24,089 [WARN] PackLoader:240 - Cannot read IP mode file for portGmbH.I-Cube-SoM-uGOAL.1.1.0
2025-03-02 12:32:24,157 [WARN] PackLoader:240 - Cannot read IP mode file for STMicroelectronics.X-CUBE-AZRTOS-H7RS.1.0.0
2025-03-02 12:32:24,199 [WARN] PackLoader:240 - Cannot read IP mode file for STMicroelectronics.FP-ATR-ASTRA1.2.0.0
2025-03-02 12:32:24,235 [WARN] PackLoader:240 - Cannot read IP mode file for STMicroelectronics.X-CUBE-TOF1.3.4.2
2025-03-02 12:32:24,305 [WARN] PackLoader:240 - Cannot read IP mode file for Infineon.AIROC-Wi-Fi-Bluetooth-STM32.1.6.1
2025-03-02 12:32:24,346 [WARN] PackLoader:240 - Cannot read IP mode file for wolfSSL.I-CUBE-wolfSSH.1.4.17
2025-03-02 12:32:24,349 [INFO] ThirdParty:978 - Integrity check success = true
2025-03-02 12:32:24,350 [INFO] IntegrityCheckThread:100 - exiting critical section [integrity check]
2025-03-02 12:32:24,351 [INFO] IntegrityCheckThread:103 - End integrity checks thread
2025-03-02 12:32:26,246 [INFO] WebApp:167 - Instantiating new browser for Auth
2025-03-02 12:32:27,727 [INFO] WebApp:448 - Apply proxy settings
2025-03-02 12:32:27,729 [INFO] WebApp:533 - Chromium requires no authentication
2025-03-02 12:32:27,751 [INFO] WebApp:476 - Direct internet connection detected
2025-03-02 12:32:27,809 [INFO] WebApp:869 - Register for checkConnection events
2025-03-02 12:32:27,810 [INFO] WebApp:448 - Apply proxy settings
2025-03-02 12:32:27,810 [INFO] WebApp:533 - Chromium requires no authentication
2025-03-02 12:32:27,812 [INFO] WebApp:476 - Direct internet connection detected
2025-03-02 12:32:28,233 [INFO] WebApp:186 - Connection restablished
2025-03-02 12:32:28,304 [INFO] WebApp:220 - Starting web application
2025-03-02 12:32:28,304 [INFO] WebApp:578 - Web application path used C:\ST\STM32CubeIDE_1.16.1\STM32CubeIDE\plugins\com.st.stm32cube.common.mx_6.12.1.202409122256\db\plugins\mcufinder\reactClient1\index.html
2025-03-02 12:36:08,728 [INFO] WebApp:189 - Connection lost
2025-03-02 12:36:09,395 [INFO] WebApp:186 - Connection restablished
2025-03-02 12:38:08,219 [INFO] WebApp:189 - Connection lost
2025-03-02 12:38:08,612 [INFO] WebApp:186 - Connection restablished
2025-03-02 12:39:02,702 [INFO] WebApp:189 - Connection lost
2025-03-02 12:39:03,039 [INFO] WebApp:186 - Connection restablished
2025-03-02 12:39:52,207 [INFO] WebApp:189 - Connection lost
2025-03-02 12:39:52,527 [INFO] WebApp:186 - Connection restablished
2025-03-02 12:46:22,227 [INFO] WebApp:189 - Connection lost
2025-03-02 12:46:22,638 [INFO] WebApp:186 - Connection restablished
2025-03-02 12:47:12,716 [INFO] WebApp:189 - Connection lost
2025-03-02 12:47:13,166 [INFO] WebApp:186 - Connection restablished
2025-03-02 12:48:34,198 [INFO] WebApp:189 - Connection lost
2025-03-02 12:48:34,544 [INFO] WebApp:186 - Connection restablished
2025-03-02 12:50:21,190 [INFO] WebApp:189 - Connection lost
2025-03-02 12:50:21,559 [INFO] WebApp:186 - Connection restablished
2025-03-02 12:51:11,218 [INFO] WebApp:189 - Connection lost
2025-03-02 12:51:11,631 [INFO] WebApp:186 - Connection restablished
2025-03-02 12:52:27,229 [INFO] WebApp:189 - Connection lost
2025-03-02 12:52:27,616 [INFO] WebApp:186 - Connection restablished
2025-03-02 12:53:40,223 [INFO] WebApp:189 - Connection lost
2025-03-02 12:53:40,544 [INFO] WebApp:186 - Connection restablished
2025-03-02 12:56:20,725 [INFO] WebApp:189 - Connection lost
2025-03-02 12:56:21,037 [INFO] WebApp:186 - Connection restablished
2025-03-02 12:57:25,221 [INFO] WebApp:189 - Connection lost
2025-03-02 12:57:25,621 [INFO] WebApp:186 - Connection restablished
2025-03-02 12:58:35,242 [INFO] WebApp:189 - Connection lost
2025-03-02 12:58:35,585 [INFO] WebApp:186 - Connection restablished
2025-03-02 13:00:07,704 [INFO] WebApp:189 - Connection lost
2025-03-02 13:00:08,169 [INFO] WebApp:186 - Connection restablished
2025-03-02 13:00:49,682 [INFO] WebApp:189 - Connection lost
2025-03-02 13:00:49,987 [INFO] WebApp:186 - Connection restablished
2025-03-02 13:01:54,725 [INFO] WebApp:189 - Connection lost
2025-03-02 13:01:55,026 [INFO] WebApp:186 - Connection restablished
2025-03-02 13:03:52,720 [INFO] WebApp:189 - Connection lost
2025-03-02 13:03:53,049 [INFO] WebApp:186 - Connection restablished
2025-03-02 13:05:47,238 [INFO] WebApp:189 - Connection lost
2025-03-02 13:05:47,681 [INFO] WebApp:186 - Connection restablished
2025-03-02 13:06:35,200 [INFO] WebApp:189 - Connection lost
2025-03-02 13:06:35,494 [INFO] WebApp:186 - Connection restablished
2025-03-02 13:07:17,718 [INFO] WebApp:189 - Connection lost
2025-03-02 13:07:18,032 [INFO] WebApp:186 - Connection restablished
2025-03-02 13:09:37,716 [INFO] WebApp:189 - Connection lost
2025-03-02 13:09:38,060 [INFO] WebApp:186 - Connection restablished
2025-03-02 13:10:20,205 [INFO] WebApp:189 - Connection lost
2025-03-02 13:10:20,546 [INFO] WebApp:186 - Connection restablished
2025-03-02 13:13:39,195 [INFO] WebApp:189 - Connection lost
2025-03-02 13:13:39,538 [INFO] WebApp:186 - Connection restablished
2025-03-02 13:15:31,228 [INFO] WebApp:189 - Connection lost
2025-03-02 13:15:31,556 [INFO] WebApp:186 - Connection restablished
2025-03-02 13:19:24,213 [INFO] WebApp:189 - Connection lost
2025-03-02 13:19:24,531 [INFO] WebApp:186 - Connection restablished
2025-03-02 13:22:07,217 [INFO] WebApp:189 - Connection lost
2025-03-02 13:22:07,535 [INFO] WebApp:186 - Connection restablished
2025-03-02 13:24:19,723 [INFO] WebApp:189 - Connection lost
2025-03-02 13:24:20,305 [INFO] WebApp:186 - Connection restablished
2025-03-02 13:25:14,217 [INFO] WebApp:189 - Connection lost
2025-03-02 13:25:14,625 [INFO] WebApp:186 - Connection restablished
2025-03-02 13:30:05,227 [INFO] WebApp:189 - Connection lost
2025-03-02 13:30:05,629 [INFO] WebApp:186 - Connection restablished
2025-03-02 13:31:17,207 [INFO] WebApp:189 - Connection lost
2025-03-02 13:31:17,527 [INFO] WebApp:186 - Connection restablished
2025-03-02 13:31:44,229 [INFO] WebApp:189 - Connection lost
2025-03-02 13:31:44,575 [INFO] WebApp:186 - Connection restablished
2025-03-02 13:32:23,743 [INFO] WebApp:189 - Connection lost
2025-03-02 13:32:24,063 [INFO] WebApp:186 - Connection restablished
2025-03-02 13:33:09,724 [INFO] WebApp:189 - Connection lost
2025-03-02 13:33:10,053 [INFO] WebApp:186 - Connection restablished
2025-03-02 13:35:24,825 [ERROR] LogOutputStream:75 - [STDERR_REDIRECT] 
