2025-03-03 18:31:39,791 [INFO] Activator:176 - 


2025-03-03 18:31:39,817 [INFO] Activator:177 - !SESSION log4j initialized
2025-03-03 18:31:52,736 [INFO] LogOutputStream:77 - [STDOUT_REDIRECT] 
2025-03-03 18:31:55,052 [INFO] ApplicationProperties:184 - Using Application install path: C:\ST\STM32CubeIDE_1.16.1\STM32CubeIDE\plugins\com.st.stm32cube.common.mx_6.12.1.202409122256
2025-03-03 18:31:55,093 [INFO] DbMcusXml:78 - Set database path to: C:\ST\STM32CubeIDE_1.16.1\STM32CubeIDE\plugins\com.st.stm32cube.common.mx_6.12.1.202409122256\\db\/mcu/
2025-03-03 18:31:55,094 [INFO] ApiDb:274 - Set plugin database path to: C:\ST\STM32CubeIDE_1.16.1\STM32CubeIDE\plugins\com.st.stm32cube.common.mx_6.12.1.202409122256\\db\/plugins/boardmanager/
2025-03-03 18:31:55,096 [WARN] ApiDb:259 - Overriding images path with different value:  => C:\ST\STM32CubeIDE_1.16.1\STM32CubeIDE\plugins\com.st.stm32cube.common.mx_6.12.1.202409122256\\db\/plugins/mcufinder/images/
2025-03-03 18:31:55,118 [INFO] ApiDb:250 - Set database path to: C:\Users\talur\.stmcufinder\plugins\mcufinder//mcu/
2025-03-03 18:31:55,121 [INFO] DbMcusAds:125 - Set database path to: C:\Users\talur\.stmcufinder\plugins\mcufinder//mcu/
2025-03-03 18:31:55,128 [INFO] CrossReferenceDbSqlite:203 - Set database path to: C:\Users\talur\.stmcufinder\plugins\mcufinder//mcu/cs/
2025-03-03 18:31:55,311 [INFO] RulesReader:64 - Compatibility file has been processed (297 Rules)
2025-03-03 18:31:55,460 [INFO] DbMcusXml:78 - Set database path to: C:\ST\STM32CubeIDE_1.16.1\STM32CubeIDE\plugins\com.st.stm32cube.common.mx_6.12.1.202409122256\\db\/mcu/
2025-03-03 18:31:55,460 [INFO] ApiDb:274 - Set plugin database path to: C:\ST\STM32CubeIDE_1.16.1\STM32CubeIDE\plugins\com.st.stm32cube.common.mx_6.12.1.202409122256\\db\/plugins/boardmanager/
2025-03-03 18:31:55,460 [INFO] ApiDb:261 - Set plugin images path to: C:\ST\STM32CubeIDE_1.16.1\STM32CubeIDE\plugins\com.st.stm32cube.common.mx_6.12.1.202409122256\\db\/plugins/mcufinder/images/
2025-03-03 18:31:55,461 [WARN] DbFile:41 - Overriding database path with different value: C:\Users\talur\.stmcufinder\plugins\mcufinder/ => C:\Users\talur\.stmcufinder\plugins\mcufinder
2025-03-03 18:31:55,461 [INFO] ApiDb:250 - Set database path to: C:\Users\talur\.stmcufinder\plugins\mcufinder//mcu/
2025-03-03 18:31:55,461 [WARN] DbFile:41 - Overriding database path with different value: C:\Users\talur\.stmcufinder\plugins\mcufinder/ => C:\Users\talur\.stmcufinder\plugins\mcufinder
2025-03-03 18:31:55,461 [INFO] DbMcusAds:125 - Set database path to: C:\Users\talur\.stmcufinder\plugins\mcufinder//mcu/
2025-03-03 18:31:55,461 [WARN] DbFile:41 - Overriding database path with different value: C:\Users\talur\.stmcufinder\plugins\mcufinder/ => C:\Users\talur\.stmcufinder\plugins\mcufinder
2025-03-03 18:31:55,461 [WARN] DbFile:41 - Overriding database path with different value: C:\Users\talur\.stmcufinder\plugins\mcufinder/ => C:\Users\talur\.stmcufinder\plugins\mcufinder
2025-03-03 18:31:55,461 [INFO] CrossReferenceDbSqlite:203 - Set database path to: C:\Users\talur\.stmcufinder\plugins\mcufinder//mcu/cs/
2025-03-03 18:31:55,597 [INFO] MainPanel:268 - HeapMemory: 268435456
2025-03-03 18:31:55,812 [INFO] DbMcusXml:78 - Set database path to: C:\ST\STM32CubeIDE_1.16.1\STM32CubeIDE\plugins\com.st.stm32cube.common.mx_6.12.1.202409122256\\db\/mcu/
2025-03-03 18:31:55,812 [INFO] ApiDb:274 - Set plugin database path to: C:\ST\STM32CubeIDE_1.16.1\STM32CubeIDE\plugins\com.st.stm32cube.common.mx_6.12.1.202409122256\\db\/plugins/boardmanager/
2025-03-03 18:31:55,812 [INFO] ApiDb:261 - Set plugin images path to: C:\ST\STM32CubeIDE_1.16.1\STM32CubeIDE\plugins\com.st.stm32cube.common.mx_6.12.1.202409122256\\db\/plugins/mcufinder/images/
2025-03-03 18:31:55,813 [WARN] DbFile:41 - Overriding database path with different value: C:\Users\talur\.stmcufinder\plugins\mcufinder/ => C:\Users\talur\.stmcufinder\plugins\mcufinder
2025-03-03 18:31:55,813 [INFO] ApiDb:250 - Set database path to: C:\Users\talur\.stmcufinder\plugins\mcufinder//mcu/
2025-03-03 18:31:55,813 [WARN] DbFile:41 - Overriding database path with different value: C:\Users\talur\.stmcufinder\plugins\mcufinder/ => C:\Users\talur\.stmcufinder\plugins\mcufinder
2025-03-03 18:31:55,814 [INFO] DbMcusAds:125 - Set database path to: C:\Users\talur\.stmcufinder\plugins\mcufinder//mcu/
2025-03-03 18:31:55,814 [WARN] DbFile:41 - Overriding database path with different value: C:\Users\talur\.stmcufinder\plugins\mcufinder/ => C:\Users\talur\.stmcufinder\plugins\mcufinder
2025-03-03 18:31:55,814 [WARN] DbFile:41 - Overriding database path with different value: C:\Users\talur\.stmcufinder\plugins\mcufinder/ => C:\Users\talur\.stmcufinder\plugins\mcufinder
2025-03-03 18:31:55,814 [INFO] CrossReferenceDbSqlite:203 - Set database path to: C:\Users\talur\.stmcufinder\plugins\mcufinder//mcu/cs/
2025-03-03 18:31:55,848 [INFO] ApplicationProperties:184 - Using Application install path: C:\ST\STM32CubeIDE_1.16.1\STM32CubeIDE\plugins\com.st.stm32cube.common.mx_6.12.1.202409122256
2025-03-03 18:31:55,851 [INFO] PluginManage:196 - Search for loadable plugins [exclusion list=, ]
2025-03-03 18:31:55,856 [INFO] PluginManage:310 - Check plugin analytics
2025-03-03 18:31:56,153 [INFO] AnalyticsPlugin:253 - Accepted Software Licenses: 
2025-03-03 18:31:56,153 [INFO] AnalyticsPlugin:255 - Accepted CMSIS Pack Licenses: 
2025-03-03 18:31:56,154 [INFO] AnalyticsPlugin:257 - Accepted Firmware Licenses: FW.F4.1.28.0
2025-03-03 18:31:56,158 [INFO] PluginManage:359 - Loaded plugin analytics (category:tool,tabindex:-1)
2025-03-03 18:31:56,159 [INFO] PluginManage:310 - Check plugin cadmodel
2025-03-03 18:31:56,196 [INFO] CADModel:105 - Init CAD model plugin
2025-03-03 18:31:56,196 [INFO] PluginManage:359 - Loaded plugin cadmodel (category:power,tabindex:5)
2025-03-03 18:31:56,196 [INFO] PluginManage:310 - Check plugin clock
2025-03-03 18:31:56,254 [INFO] PluginManage:359 - Loaded plugin clock (category:base,tabindex:2)
2025-03-03 18:31:56,255 [INFO] PluginManage:310 - Check plugin ddr
2025-03-03 18:31:56,263 [INFO] PluginManage:359 - Loaded plugin ddr (category:tool,tabindex:6)
2025-03-03 18:31:56,264 [INFO] PluginManage:310 - Check plugin filemanager
2025-03-03 18:31:56,566 [INFO] PluginManage:359 - Loaded plugin filemanager (category:base,tabindex:10)
2025-03-03 18:31:56,566 [INFO] PluginManage:310 - Check plugin ipmanager
2025-03-03 18:31:56,585 [INFO] PluginManage:359 - Loaded plugin ipmanager (category:base,tabindex:5)
2025-03-03 18:31:56,585 [INFO] PluginManage:310 - Check plugin lpbam
2025-03-03 18:31:56,639 [INFO] PluginManage:359 - Loaded plugin lpbam (category:base,tabindex:0)
2025-03-03 18:31:56,641 [INFO] PluginManage:310 - Check plugin memorymap
2025-03-03 18:31:56,701 [INFO] PluginManage:359 - Loaded plugin memorymap (category:base,tabindex:4)
2025-03-03 18:31:56,702 [INFO] PluginManage:310 - Check plugin pinoutandconfiguration
2025-03-03 18:31:56,748 [INFO] PluginManage:359 - Loaded plugin pinoutandconfiguration (category:base,tabindex:1)
2025-03-03 18:31:56,748 [INFO] PluginManage:310 - Check plugin pinoutconfig
2025-03-03 18:31:57,006 [WARN] SupportedApi:132 - Cannot load RTOS API schema: s4s-elt-must-match.1: The content of 'definitions' must match (annotation?, (simpleType | complexType)?, (unique | key | keyref)*)). A problem was found starting at: attribute.
2025-03-03 18:31:57,222 [INFO] PluginManage:359 - Loaded plugin pinoutconfig (category:base,tabindex:0)
2025-03-03 18:31:57,222 [INFO] PluginManage:310 - Check plugin power
2025-03-03 18:31:57,261 [INFO] PluginManage:359 - Loaded plugin power (category:power,tabindex:4)
2025-03-03 18:31:57,261 [INFO] PluginManage:310 - Check plugin projectmanager
2025-03-03 18:31:57,289 [INFO] PluginManage:359 - Loaded plugin projectmanager (category:projectmanager,tabindex:4)
2025-03-03 18:31:57,290 [INFO] PluginManage:310 - Check plugin rif
2025-03-03 18:31:57,326 [INFO] PluginManage:359 - Loaded plugin rif (category:base,tabindex:3)
2025-03-03 18:31:57,326 [INFO] PluginManage:310 - Check plugin thirdparty
2025-03-03 18:31:57,859 [INFO] PluginManage:359 - Loaded plugin thirdparty (category:base,tabindex:-1)
2025-03-03 18:31:57,859 [WARN] IntegrityCheckThread:84 - waiting for thirdparty lock release [integrity check]
2025-03-03 18:31:57,860 [INFO] PluginManage:310 - Check plugin tools
2025-03-03 18:31:57,860 [INFO] IntegrityCheckThread:86 - entering critical section [integrity check]
2025-03-03 18:31:57,860 [INFO] ThirdPartyUpdaterWithRetryManager:70 - Updater plugin not ready yet. [1/15]
2025-03-03 18:31:57,935 [INFO] PluginManage:359 - Loaded plugin tools (category:base,tabindex:7)
2025-03-03 18:31:57,935 [INFO] PluginManage:310 - Check plugin tutovideos
2025-03-03 18:31:58,267 [INFO] PluginManage:359 - Loaded plugin tutovideos (category:base,tabindex:-1)
2025-03-03 18:31:58,267 [INFO] PluginManage:310 - Check plugin updater
2025-03-03 18:31:58,294 [INFO] PluginManage:359 - Loaded plugin updater (category:base,tabindex:12)
2025-03-03 18:31:58,294 [INFO] PluginManage:310 - Check plugin userauth
2025-03-03 18:31:58,304 [INFO] UserAuth:113 - Init User Auth plugin
2025-03-03 18:31:58,304 [INFO] PluginManage:359 - Loaded plugin userauth (category:base,tabindex:14)
2025-03-03 18:31:58,306 [INFO] PluginManage:283 - PluginManage : Loaded plugins [18]
2025-03-03 18:31:58,691 [INFO] PinOutPanel:1561 - setPackage(No Configuration,No Configuration)
2025-03-03 18:31:58,843 [INFO] CADModel:165 - CPN selected for project level
2025-03-03 18:31:58,843 [INFO] CADModel:114 - Register for checkConnection events
2025-03-03 18:31:58,894 [INFO] IPUIPlugin:80 - create IPUIPlugin
2025-03-03 18:31:58,895 [INFO] PluginManager:220 - loadIPPluginJar : add adc
2025-03-03 18:31:58,963 [INFO] IPUIPlugin:80 - create IPUIPlugin
2025-03-03 18:31:58,963 [INFO] PluginManager:220 - loadIPPluginJar : add aes
2025-03-03 18:31:59,033 [INFO] IPUIPlugin:80 - create IPUIPlugin
2025-03-03 18:31:59,033 [INFO] PluginManager:220 - loadIPPluginJar : add can
2025-03-03 18:31:59,072 [INFO] IPUIPlugin:80 - create IPUIPlugin
2025-03-03 18:31:59,072 [INFO] PluginManager:220 - loadIPPluginJar : add comp
2025-03-03 18:31:59,125 [INFO] IPUIPlugin:80 - create IPUIPlugin
2025-03-03 18:31:59,125 [INFO] PluginManager:220 - loadIPPluginJar : add cryp
2025-03-03 18:31:59,145 [INFO] IPUIPlugin:80 - create IPUIPlugin
2025-03-03 18:31:59,145 [INFO] PluginManager:220 - loadIPPluginJar : add ddr_ctrl_phy
2025-03-03 18:31:59,196 [INFO] IPUIPlugin:80 - create IPUIPlugin
2025-03-03 18:31:59,196 [INFO] PluginManager:220 - loadIPPluginJar : add dfsdm
2025-03-03 18:31:59,220 [INFO] IPUIPlugin:80 - create IPUIPlugin
2025-03-03 18:31:59,221 [INFO] PluginManager:220 - loadIPPluginJar : add dma
2025-03-03 18:31:59,295 [INFO] IPUIPlugin:80 - create IPUIPlugin
2025-03-03 18:31:59,296 [INFO] PluginManager:220 - loadIPPluginJar : add dma3
2025-03-03 18:31:59,371 [INFO] IPUIPlugin:80 - create IPUIPlugin
2025-03-03 18:31:59,371 [INFO] PluginManager:220 - loadIPPluginJar : add extmemmanager
2025-03-03 18:31:59,408 [INFO] IPUIPlugin:80 - create IPUIPlugin
2025-03-03 18:31:59,409 [INFO] PluginManager:220 - loadIPPluginJar : add fatfs
2025-03-03 18:31:59,486 [INFO] IPUIPlugin:80 - create IPUIPlugin
2025-03-03 18:31:59,486 [INFO] PluginManager:220 - loadIPPluginJar : add fmc
2025-03-03 18:31:59,509 [INFO] IPUIPlugin:80 - create IPUIPlugin
2025-03-03 18:31:59,509 [INFO] PluginManager:220 - loadIPPluginJar : add freertos
2025-03-03 18:31:59,545 [INFO] IPUIPlugin:80 - create IPUIPlugin
2025-03-03 18:31:59,545 [INFO] PluginManager:220 - loadIPPluginJar : add genericplugin
2025-03-03 18:31:59,710 [INFO] IPUIPlugin:80 - create IPUIPlugin
2025-03-03 18:31:59,711 [INFO] PluginManager:220 - loadIPPluginJar : add gfxmmu
2025-03-03 18:31:59,936 [INFO] IPUIPlugin:80 - create IPUIPlugin
2025-03-03 18:31:59,936 [INFO] PluginManager:220 - loadIPPluginJar : add gic
2025-03-03 18:31:59,968 [INFO] IPUIPlugin:80 - create IPUIPlugin
2025-03-03 18:31:59,968 [INFO] PluginManager:220 - loadIPPluginJar : add gpio
2025-03-03 18:32:00,127 [INFO] IPUIPlugin:80 - create IPUIPlugin
2025-03-03 18:32:00,127 [INFO] PluginManager:220 - loadIPPluginJar : add gtzc
2025-03-03 18:32:00,183 [INFO] IPUIPlugin:80 - create IPUIPlugin
2025-03-03 18:32:00,183 [INFO] PluginManager:220 - loadIPPluginJar : add hash
2025-03-03 18:32:00,282 [INFO] IPUIPlugin:80 - create IPUIPlugin
2025-03-03 18:32:00,283 [INFO] PluginManager:220 - loadIPPluginJar : add i2c
2025-03-03 18:32:00,351 [INFO] IPUIPlugin:80 - create IPUIPlugin
2025-03-03 18:32:00,351 [INFO] PluginManager:220 - loadIPPluginJar : add i2s
2025-03-03 18:32:00,416 [INFO] IPUIPlugin:80 - create IPUIPlugin
2025-03-03 18:32:00,417 [INFO] PluginManager:220 - loadIPPluginJar : add i3c
2025-03-03 18:32:00,566 [INFO] IPUIPlugin:80 - create IPUIPlugin
2025-03-03 18:32:00,567 [INFO] PluginManager:220 - loadIPPluginJar : add ipddr
2025-03-03 18:32:00,740 [INFO] IPUIPlugin:80 - create IPUIPlugin
2025-03-03 18:32:00,740 [INFO] PluginManager:220 - loadIPPluginJar : add linkedlist
2025-03-03 18:32:00,806 [INFO] IPUIPlugin:80 - create IPUIPlugin
2025-03-03 18:32:00,807 [INFO] PluginManager:220 - loadIPPluginJar : add lorawan
2025-03-03 18:32:00,861 [INFO] ThirdPartyUpdaterWithRetryManager:70 - Updater plugin not ready yet. [2/15]
2025-03-03 18:32:00,871 [INFO] IPUIPlugin:80 - create IPUIPlugin
2025-03-03 18:32:00,871 [INFO] PluginManager:220 - loadIPPluginJar : add ltdc
2025-03-03 18:32:00,894 [INFO] IPUIPlugin:80 - create IPUIPlugin
2025-03-03 18:32:00,895 [INFO] PluginManager:220 - loadIPPluginJar : add mdma
2025-03-03 18:32:00,916 [INFO] IPUIPlugin:80 - create IPUIPlugin
2025-03-03 18:32:00,916 [INFO] PluginManager:220 - loadIPPluginJar : add nvic
2025-03-03 18:32:00,988 [INFO] IPUIPlugin:80 - create IPUIPlugin
2025-03-03 18:32:00,988 [INFO] PluginManager:220 - loadIPPluginJar : add opamp
2025-03-03 18:32:01,089 [INFO] IPUIPlugin:80 - create IPUIPlugin
2025-03-03 18:32:01,090 [INFO] PluginManager:220 - loadIPPluginJar : add openamp
2025-03-03 18:32:01,163 [INFO] IPUIPlugin:80 - create IPUIPlugin
2025-03-03 18:32:01,163 [INFO] PluginManager:220 - loadIPPluginJar : add pdm2pcm
2025-03-03 18:32:01,187 [INFO] IPUIPlugin:80 - create IPUIPlugin
2025-03-03 18:32:01,189 [INFO] PluginManager:220 - loadIPPluginJar : add plateformsettings
2025-03-03 18:32:01,230 [INFO] IPUIPlugin:80 - create IPUIPlugin
2025-03-03 18:32:01,230 [INFO] PluginManager:220 - loadIPPluginJar : add quadspi
2025-03-03 18:32:01,274 [INFO] IPUIPlugin:80 - create IPUIPlugin
2025-03-03 18:32:01,275 [INFO] PluginManager:220 - loadIPPluginJar : add radio
2025-03-03 18:32:01,296 [INFO] IPUIPlugin:80 - create IPUIPlugin
2025-03-03 18:32:01,297 [INFO] PluginManager:220 - loadIPPluginJar : add resmgrutility
2025-03-03 18:32:01,372 [INFO] IPUIPlugin:80 - create IPUIPlugin
2025-03-03 18:32:01,373 [INFO] PluginManager:220 - loadIPPluginJar : add sai
2025-03-03 18:32:01,437 [INFO] IPUIPlugin:80 - create IPUIPlugin
2025-03-03 18:32:01,437 [INFO] PluginManager:220 - loadIPPluginJar : add spi
2025-03-03 18:32:01,558 [INFO] IPUIPlugin:80 - create IPUIPlugin
2025-03-03 18:32:01,559 [INFO] PluginManager:220 - loadIPPluginJar : add stm32_wpan
2025-03-03 18:32:01,615 [INFO] IPUIPlugin:80 - create IPUIPlugin
2025-03-03 18:32:01,615 [INFO] PluginManager:220 - loadIPPluginJar : add tim
2025-03-03 18:32:01,713 [INFO] IPUIPlugin:80 - create IPUIPlugin
2025-03-03 18:32:01,713 [INFO] PluginManager:220 - loadIPPluginJar : add touchsensing
2025-03-03 18:32:01,762 [INFO] IPUIPlugin:80 - create IPUIPlugin
2025-03-03 18:32:01,762 [INFO] PluginManager:220 - loadIPPluginJar : add tracer_emb
2025-03-03 18:32:01,822 [INFO] IPUIPlugin:80 - create IPUIPlugin
2025-03-03 18:32:01,822 [INFO] PluginManager:220 - loadIPPluginJar : add ts
2025-03-03 18:32:01,877 [INFO] IPUIPlugin:80 - create IPUIPlugin
2025-03-03 18:32:01,878 [INFO] PluginManager:220 - loadIPPluginJar : add tsc
2025-03-03 18:32:01,925 [INFO] IPUIPlugin:80 - create IPUIPlugin
2025-03-03 18:32:01,925 [INFO] PluginManager:220 - loadIPPluginJar : add ucpd
2025-03-03 18:32:02,032 [INFO] IPUIPlugin:80 - create IPUIPlugin
2025-03-03 18:32:02,032 [INFO] PluginManager:220 - loadIPPluginJar : add usart
2025-03-03 18:32:02,138 [INFO] IPUIPlugin:80 - create IPUIPlugin
2025-03-03 18:32:02,138 [INFO] PluginManager:220 - loadIPPluginJar : add usbx
2025-03-03 18:32:02,318 [INFO] CADModel:165 - CPN selected for project level
2025-03-03 18:32:02,318 [INFO] CADModel:114 - Register for checkConnection events
2025-03-03 18:32:02,318 [FATAL] Updater:334 - Updater called before beeing initialized
2025-03-03 18:32:02,318 [ERROR] CADModel:125 - Updater not yet initialized, retry later 
2025-03-03 18:32:02,542 [INFO] CADModel:165 - CPN selected for project level
2025-03-03 18:32:02,542 [INFO] CADModel:114 - Register for checkConnection events
2025-03-03 18:32:02,542 [FATAL] Updater:334 - Updater called before beeing initialized
2025-03-03 18:32:02,542 [ERROR] CADModel:125 - Updater not yet initialized, retry later 
2025-03-03 18:32:02,546 [FATAL] Updater:334 - Updater called before beeing initialized
2025-03-03 18:32:02,700 [FATAL] Updater:334 - Updater called before beeing initialized
2025-03-03 18:32:02,716 [INFO] DbMcusAds:53 - JSON generation date=Tue Dec 17 21:31:15 IST 2024 (1734451275111)
2025-03-03 18:32:02,717 [FATAL] Updater:334 - Updater called before beeing initialized
2025-03-03 18:32:02,771 [WARN] DetailPanel:346 - Failed to get advertising image, set to default
2025-03-03 18:32:02,881 [FATAL] Updater:334 - Updater called before beeing initialized
2025-03-03 18:32:02,884 [FATAL] Updater:334 - Updater called before beeing initialized
2025-03-03 18:32:02,885 [FATAL] Updater:334 - Updater called before beeing initialized
2025-03-03 18:32:02,885 [WARN] DetailPanel:346 - Failed to get advertising image, set to default
2025-03-03 18:32:02,886 [FATAL] Updater:334 - Updater called before beeing initialized
2025-03-03 18:32:03,007 [ERROR] Updater:1164 - MainUpdater not yet initialized. External WinMGr cannot be set.
2025-03-03 18:32:03,025 [INFO] Updater:1100 - Updater Version found : 6.12.1
2025-03-03 18:32:03,056 [INFO] ApplicationProperties:184 - Using Application install path: C:\ST\STM32CubeIDE_1.16.1\STM32CubeIDE\plugins\com.st.stm32cube.common.mx_6.12.1.202409122256
2025-03-03 18:32:03,864 [INFO] ThirdPartyUpdaterWithRetryManager:70 - Updater plugin not ready yet. [3/15]
2025-03-03 18:32:04,665 [ERROR] LogOutputStream:75 - [STDERR_REDIRECT] Mar 03, 2025 6:32:04 PM java.util.prefs.WindowsPreferences <init>
2025-03-03 18:32:04,667 [ERROR] LogOutputStream:75 - [STDERR_REDIRECT] WARNING: Could not open/create prefs root node Software\JavaSoft\Prefs at root 0xffffffff80000002. Windows RegCreateKeyEx(...) returned error code 5.
2025-03-03 18:32:04,667 [ERROR] LogOutputStream:75 - [STDERR_REDIRECT] 
2025-03-03 18:32:05,382 [INFO] MainUpdater:2873 - connection check result : 10
2025-03-03 18:32:05,383 [INFO] MainUpdater:3567 - Updater definition file requires update
2025-03-03 18:32:05,385 [INFO] MainUpdater:290 - Updater Check For Update Now.
2025-03-03 18:32:05,386 [INFO] MicroXplorer:498 - Change Database Version : DB.6.0.121
2025-03-03 18:32:05,427 [INFO] McuFinderGlobals:63 - Set McuFinder mode to 2 (CubeIDE integrated)
2025-03-03 18:32:05,428 [INFO] UserAuth:179 - activating auth plugin
2025-03-03 18:32:05,434 [INFO] UserAuth:417 - Internet connection configuration mode: 1
2025-03-03 18:32:05,492 [INFO] JxBrowserEngine:152 - Initiate JxBrowser Engine with user profile folder
2025-03-03 18:32:05,564 [INFO] ServerAccessManage:473 - Download File updaters.zip
2025-03-03 18:32:05,865 [INFO] FileExtend:240 - Unzip File : updaters.zip
2025-03-03 18:32:05,866 [INFO] FileExtend:255 - Standard Zip Deflate
2025-03-03 18:32:06,867 [WARN] MainUpdater:1194 - Updater busy. Cannot search thirdparties
2025-03-03 18:32:06,868 [INFO] ThirdPartyUpdaterWithRetryManager:96 - Updater plugin is busy. [1/15]
2025-03-03 18:32:07,953 [INFO] ServerAccessManage:473 - Download File PacksControlFlags.xml
2025-03-03 18:32:08,243 [INFO] ServerAccessManage:473 - Download File cubemx.pidx
2025-03-03 18:32:09,057 [INFO] ServerAccessManage:473 - Download File STMicroelectronics.FP-ATR-ASTRA1.pdsc
2025-03-03 18:32:09,871 [WARN] MainUpdater:1194 - Updater busy. Cannot search thirdparties
2025-03-03 18:32:09,871 [INFO] ThirdPartyUpdaterWithRetryManager:96 - Updater plugin is busy. [2/15]
2025-03-03 18:32:10,375 [INFO] ServerAccessManage:473 - Download File STMicroelectronics.X-CUBE-BLE1.pdsc
2025-03-03 18:32:12,437 [ERROR] ServerAccessManage:1089 - Problem, file not found on Server
2025-03-03 18:32:12,873 [WARN] MainUpdater:1194 - Updater busy. Cannot search thirdparties
2025-03-03 18:32:12,873 [INFO] ThirdPartyUpdaterWithRetryManager:96 - Updater plugin is busy. [3/15]
2025-03-03 18:32:12,910 [INFO] WebApp:167 - Instantiating new browser for Auth
2025-03-03 18:32:14,851 [INFO] WebApp:448 - Apply proxy settings
2025-03-03 18:32:14,851 [INFO] WebApp:533 - Chromium requires no authentication
2025-03-03 18:32:14,885 [INFO] WebApp:476 - Direct internet connection detected
2025-03-03 18:32:14,971 [INFO] WebApp:869 - Register for checkConnection events
2025-03-03 18:32:14,971 [INFO] WebApp:448 - Apply proxy settings
2025-03-03 18:32:14,972 [INFO] WebApp:533 - Chromium requires no authentication
2025-03-03 18:32:14,974 [INFO] WebApp:476 - Direct internet connection detected
2025-03-03 18:32:15,411 [WARN] PackLoader:240 - Cannot read IP mode file for STMicroelectronics.FP-ATR-ASTRA1.2.0.2
2025-03-03 18:32:15,432 [INFO] WebApp:186 - Connection restablished
2025-03-03 18:32:15,449 [WARN] PackLoader:240 - Cannot read IP mode file for STMicroelectronics.X-CUBE-BLE1.7.1.0
2025-03-03 18:32:15,452 [INFO] PopulateThirdPartyThread:66 - Ending populate Thread
2025-03-03 18:32:15,455 [INFO] ThirdParty:1030 - CMSIS Pack Vendor :STMicroelectronics FP-ATR-ASTRA1 2.0.2
2025-03-03 18:32:15,457 [INFO] ThirdParty:1030 - CMSIS Pack Vendor :STMicroelectronics X-CUBE-BLE1 7.1.0
2025-03-03 18:32:15,458 [INFO] LoadServerUpdatesThread:375 - End of LoadServerUpdate Thread
2025-03-03 18:32:15,610 [INFO] CheckServerUpdateThread:120 - End of CheckServer Thread
2025-03-03 18:32:15,676 [INFO] WebApp:220 - Starting web application
2025-03-03 18:32:15,677 [INFO] WebApp:578 - Web application path used C:\ST\STM32CubeIDE_1.16.1\STM32CubeIDE\plugins\com.st.stm32cube.common.mx_6.12.1.202409122256\db\plugins\mcufinder\reactClient1\index.html
2025-03-03 18:32:16,565 [WARN] PackLoader:240 - Cannot read IP mode file for STMicroelectronics.FP-SNS-MOTENVWB1.1.4.0
2025-03-03 18:32:16,577 [WARN] PackLoader:240 - Cannot read IP mode file for STMicroelectronics.FP-ATR-ASTRA1.2.0.2
2025-03-03 18:32:16,595 [WARN] PackLoader:240 - Cannot read IP mode file for STMicroelectronics.FP-ATR-ASTRA1.2.0.1
2025-03-03 18:32:16,655 [WARN] PackLoader:240 - Cannot read IP mode file for STMicroelectronics.X-CUBE-SMBUS.2.1.0
2025-03-03 18:32:16,707 [WARN] PackLoader:240 - Cannot read IP mode file for STMicroelectronics.X-CUBE-WB05N.1.1.0
2025-03-03 18:32:16,869 [WARN] PackLoader:240 - Cannot read IP mode file for STMicroelectronics.X-CUBE-AZRTOS-F7.1.1.0
2025-03-03 18:32:17,045 [WARN] PackLoader:240 - Cannot read IP mode file for STMicroelectronics.X-CUBE-MEMS1.11.0.0
2025-03-03 18:32:17,280 [WARN] PackLoader:240 - Cannot read IP mode file for STMicroelectronics.FP-SNS-FLIGHT1.5.0.2
2025-03-03 18:32:17,326 [WARN] PackLoader:240 - Cannot read IP mode file for STMicroelectronics.X-CUBE-DISPLAY.3.0.0
2025-03-03 18:32:17,372 [WARN] PackLoader:240 - Cannot read IP mode file for STMicroelectronics.X-CUBE-BLE1.7.0.0
2025-03-03 18:32:17,413 [WARN] PackLoader:240 - Cannot read IP mode file for STMicroelectronics.X-CUBE-NFC10.1.0.0
2025-03-03 18:32:17,465 [WARN] PackLoader:240 - Cannot read IP mode file for STMicroelectronics.X-CUBE-BLEMGR.4.0.0
2025-03-03 18:32:17,510 [WARN] PackLoader:240 - Cannot read IP mode file for emotas.I-CUBE-CANOPEN.1.3.0
2025-03-03 18:32:17,551 [WARN] PackLoader:240 - Cannot read IP mode file for STMicroelectronics.X-CUBE-BLEMGR.3.1.0
2025-03-03 18:32:17,589 [WARN] PackLoader:240 - Cannot read IP mode file for STMicroelectronics.X-CUBE-AI.10.0.0
2025-03-03 18:32:17,627 [WARN] PackLoader:240 - Cannot read IP mode file for STMicroelectronics.FP-SNS-SMARTAG2.1.2.0
2025-03-03 18:32:17,754 [WARN] PackLoader:240 - Cannot read IP mode file for STMicroelectronics.X-CUBE-MEMS1.11.1.0
2025-03-03 18:32:17,963 [INFO] LogOutputStream:77 - [STDOUT_REDIRECT] 1 : Invalid condition id : UX_CORESTACK_Condition cause : null
2025-03-03 18:32:17,965 [INFO] LogOutputStream:77 - [STDOUT_REDIRECT] 1 : Invalid condition id : UX_CORESTACK_Condition cause : null
2025-03-03 18:32:17,967 [INFO] LogOutputStream:77 - [STDOUT_REDIRECT] 1 : Invalid condition id : UX_CORESTACK_Condition cause : null
2025-03-03 18:32:17,969 [INFO] LogOutputStream:77 - [STDOUT_REDIRECT] 1 : Invalid condition id : UX_CORESTACK_Condition cause : null
2025-03-03 18:32:17,970 [INFO] LogOutputStream:77 - [STDOUT_REDIRECT] 1 : Invalid condition id : UX_CORESTACK_Condition cause : null
2025-03-03 18:32:17,975 [WARN] PackLoader:240 - Cannot read IP mode file for STMicroelectronics.X-CUBE-AZRTOS-WL.2.0.0
2025-03-03 18:32:18,012 [WARN] PackLoader:240 - Cannot read IP mode file for STMicroelectronics.FP-SNS-MOTENV1.5.0.0
2025-03-03 18:32:18,027 [WARN] PackLoader:240 - Cannot read IP mode file for wolfSSL.I-CUBE-wolfMQTT.1.19.0
2025-03-03 18:32:18,064 [WARN] PackLoader:240 - Cannot read IP mode file for WES.I-CUBE-Cesium.1.3.0
2025-03-03 18:32:18,096 [WARN] PackLoader:240 - Cannot read IP mode file for STMicroelectronics.X-CUBE-BLE2.3.3.0
2025-03-03 18:32:18,130 [WARN] PackLoader:240 - Cannot read IP mode file for STMicroelectronics.X-CUBE-NFC9.1.0.0
2025-03-03 18:32:18,140 [WARN] PackLoader:240 - Cannot read IP mode file for STMicroelectronics.X-CUBE-BLE1.7.1.0
2025-03-03 18:32:18,166 [WARN] PackLoader:240 - Cannot read IP mode file for STMicroelectronics.X-CUBE-TCPP.4.1.0
2025-03-03 18:32:18,214 [WARN] PackLoader:240 - Cannot read IP mode file for STMicroelectronics.X-CUBE-AZRTOS-G0.1.1.0
2025-03-03 18:32:18,242 [WARN] PackLoader:240 - Cannot read IP mode file for STMicroelectronics.X-CUBE-SAFEA1.1.2.2
2025-03-03 18:32:18,271 [WARN] PackLoader:240 - Cannot read IP mode file for STMicroelectronics.X-CUBE-NFC4.3.0.0
2025-03-03 18:32:18,306 [WARN] PackLoader:240 - Cannot read IP mode file for EmbeddedOffice.I-CUBE-FS-RTOS.1.0.1
2025-03-03 18:32:18,307 [ERROR] ConditionMgr:805 - Attr not supported : Dmpu
2025-03-03 18:32:18,307 [ERROR] ConditionMgr:805 - Attr not supported : Dmpu
2025-03-03 18:32:18,308 [ERROR] ConditionMgr:805 - Attr not supported : Dmpu
2025-03-03 18:32:18,308 [ERROR] ConditionMgr:805 - Attr not supported : Dmpu
2025-03-03 18:32:18,308 [ERROR] ConditionMgr:805 - Attr not supported : Dmpu
2025-03-03 18:32:18,308 [ERROR] ConditionMgr:805 - Attr not supported : Dmpu
2025-03-03 18:32:18,308 [ERROR] ConditionMgr:805 - Attr not supported : Dmpu
2025-03-03 18:32:18,308 [ERROR] ConditionMgr:805 - Attr not supported : Dmpu
2025-03-03 18:32:18,308 [ERROR] ConditionMgr:805 - Attr not supported : Dmpu
2025-03-03 18:32:18,308 [ERROR] ConditionMgr:805 - Attr not supported : Dmpu
2025-03-03 18:32:18,308 [ERROR] ConditionMgr:805 - Attr not supported : Dmpu
2025-03-03 18:32:18,308 [ERROR] ConditionMgr:805 - Attr not supported : Dmpu
2025-03-03 18:32:18,308 [ERROR] ConditionMgr:805 - Attr not supported : Dmpu
2025-03-03 18:32:18,308 [ERROR] ConditionMgr:805 - Attr not supported : Dmpu
2025-03-03 18:32:18,308 [ERROR] ConditionMgr:805 - Attr not supported : Dmpu
2025-03-03 18:32:18,308 [ERROR] ConditionMgr:805 - Attr not supported : Dmpu
2025-03-03 18:32:18,309 [ERROR] ConditionMgr:805 - Attr not supported : Dmpu
2025-03-03 18:32:18,309 [ERROR] ConditionMgr:805 - Attr not supported : Dmpu
2025-03-03 18:32:18,309 [ERROR] ConditionMgr:805 - Attr not supported : Dmpu
2025-03-03 18:32:18,309 [ERROR] ConditionMgr:805 - Attr not supported : Dmpu
2025-03-03 18:32:18,309 [ERROR] ConditionMgr:805 - Attr not supported : Dmpu
2025-03-03 18:32:18,309 [ERROR] ConditionMgr:805 - Attr not supported : Dmpu
2025-03-03 18:32:18,309 [ERROR] ConditionMgr:805 - Attr not supported : Dmpu
2025-03-03 18:32:18,309 [ERROR] ConditionMgr:805 - Attr not supported : Dmpu
2025-03-03 18:32:18,309 [ERROR] ConditionMgr:805 - Attr not supported : Dmpu
2025-03-03 18:32:18,309 [ERROR] ConditionMgr:805 - Attr not supported : Dmpu
2025-03-03 18:32:18,309 [ERROR] ConditionMgr:805 - Attr not supported : Dmpu
2025-03-03 18:32:18,309 [ERROR] ConditionMgr:805 - Attr not supported : Dmpu
2025-03-03 18:32:18,310 [ERROR] ConditionMgr:805 - Attr not supported : Dmpu
2025-03-03 18:32:18,310 [ERROR] ConditionMgr:805 - Attr not supported : Dmpu
2025-03-03 18:32:18,310 [ERROR] ConditionMgr:805 - Attr not supported : Dmpu
2025-03-03 18:32:18,310 [ERROR] ConditionMgr:805 - Attr not supported : Dmpu
2025-03-03 18:32:18,310 [ERROR] ConditionMgr:805 - Attr not supported : Dmpu
2025-03-03 18:32:18,310 [ERROR] ConditionMgr:805 - Attr not supported : Dmpu
2025-03-03 18:32:18,310 [ERROR] ConditionMgr:805 - Attr not supported : Dmpu
2025-03-03 18:32:18,310 [ERROR] ConditionMgr:805 - Attr not supported : Dmpu
2025-03-03 18:32:18,310 [ERROR] ConditionMgr:805 - Attr not supported : Dmpu
2025-03-03 18:32:18,310 [ERROR] ConditionMgr:805 - Attr not supported : Dmpu
2025-03-03 18:32:18,310 [ERROR] ConditionMgr:805 - Attr not supported : Dmpu
2025-03-03 18:32:18,310 [ERROR] ConditionMgr:805 - Attr not supported : Dmpu
2025-03-03 18:32:18,311 [ERROR] ConditionMgr:805 - Attr not supported : Dmpu
2025-03-03 18:32:18,311 [ERROR] ConditionMgr:805 - Attr not supported : Dmpu
2025-03-03 18:32:18,311 [ERROR] ConditionMgr:805 - Attr not supported : Dmpu
2025-03-03 18:32:18,311 [ERROR] ConditionMgr:805 - Attr not supported : Dmpu
2025-03-03 18:32:18,311 [ERROR] ConditionMgr:805 - Attr not supported : Dmpu
2025-03-03 18:32:18,311 [ERROR] ConditionMgr:805 - Attr not supported : Dmpu
2025-03-03 18:32:18,311 [ERROR] ConditionMgr:805 - Attr not supported : Dmpu
2025-03-03 18:32:18,311 [ERROR] ConditionMgr:805 - Attr not supported : Dmpu
2025-03-03 18:32:18,311 [ERROR] ConditionMgr:805 - Attr not supported : Dmpu
2025-03-03 18:32:18,312 [ERROR] ConditionMgr:805 - Attr not supported : Dmpu
2025-03-03 18:32:18,312 [ERROR] ConditionMgr:805 - Attr not supported : Dmpu
2025-03-03 18:32:18,312 [ERROR] ConditionMgr:805 - Attr not supported : Dmpu
2025-03-03 18:32:18,312 [ERROR] ConditionMgr:805 - Attr not supported : Dmpu
2025-03-03 18:32:18,312 [ERROR] ConditionMgr:805 - Attr not supported : Dmpu
2025-03-03 18:32:18,312 [ERROR] ConditionMgr:805 - Attr not supported : Dmpu
2025-03-03 18:32:18,312 [ERROR] ConditionMgr:805 - Attr not supported : Dmpu
2025-03-03 18:32:18,312 [ERROR] ConditionMgr:805 - Attr not supported : Dmpu
2025-03-03 18:32:18,313 [ERROR] ConditionMgr:805 - Attr not supported : Dmpu
2025-03-03 18:32:18,313 [ERROR] ConditionMgr:805 - Attr not supported : Dmpu
2025-03-03 18:32:18,313 [ERROR] ConditionMgr:805 - Attr not supported : Dmpu
2025-03-03 18:32:18,313 [ERROR] ConditionMgr:805 - Attr not supported : Dmpu
2025-03-03 18:32:18,313 [ERROR] ConditionMgr:805 - Attr not supported : Dmpu
2025-03-03 18:32:18,313 [ERROR] ConditionMgr:805 - Attr not supported : Dmpu
2025-03-03 18:32:18,313 [ERROR] ConditionMgr:805 - Attr not supported : Dmpu
2025-03-03 18:32:18,337 [ERROR] Engine:466 - C:\Users\talur\.stm32cubemx\thirdparties\pdsc\STMicroelectronics.X-CUBE-TCPP.4.2.0.pdsc: PDSC version is not supported
2025-03-03 18:32:18,365 [WARN] PackLoader:240 - Cannot read IP mode file for RealThread.X-CUBE-RT-Thread_Nano.4.1.1
2025-03-03 18:32:18,372 [WARN] PackLoader:240 - Cannot read IP mode file for STMicroelectronics.FP-ATR-SIGFOX1.3.2.0
2025-03-03 18:32:18,398 [WARN] PackLoader:240 - Cannot read IP mode file for wolfSSL.I-CUBE-wolfSSL.5.7.2
2025-03-03 18:32:18,408 [WARN] ConditionMgr:438 - getConditionDescription Invalid condition id : Cortex-A Device cause : null
2025-03-03 18:32:18,457 [WARN] ConditionMgr:1039 - genDependencies : Invalid condition id : Cortex-A Device cause : null
2025-03-03 18:32:18,457 [WARN] ConditionMgr:1039 - genDependencies : Invalid condition id : Cortex-A Device cause : null
2025-03-03 18:32:18,457 [WARN] ConditionMgr:1039 - genDependencies : Invalid condition id : Cortex-A Device cause : null
2025-03-03 18:32:18,480 [WARN] PackLoader:240 - Cannot read IP mode file for STMicroelectronics.X-CUBE-EEPRMA1.5.1.0
2025-03-03 18:32:18,506 [WARN] PackLoader:240 - Cannot read IP mode file for wolfSSL.I-CUBE-wolfSSL.5.7.4
2025-03-03 18:32:18,530 [WARN] PackLoader:240 - Cannot read IP mode file for ITTIA_DB.I-CUBE-ITTIADB.8.9.0
2025-03-03 18:32:18,575 [WARN] PackLoader:240 - Cannot read IP mode file for SEGGER.I-CUBE-embOS.1.3.1
2025-03-03 18:32:18,628 [WARN] PackLoader:240 - Cannot read IP mode file for STMicroelectronics.X-CUBE-ALGOBUILD.1.4.0
2025-03-03 18:32:18,652 [WARN] PackLoader:240 - Cannot read IP mode file for STMicroelectronics.X-CUBE-AI.9.1.0
2025-03-03 18:32:18,690 [WARN] PackLoader:240 - Cannot read IP mode file for STMicroelectronics.X-CUBE-AZRTOS-F4.1.1.0
2025-03-03 18:32:18,713 [WARN] PackLoader:240 - Cannot read IP mode file for STMicroelectronics.X-CUBE-ISPU.2.1.0
2025-03-03 18:32:18,746 [WARN] PackLoader:240 - Cannot read IP mode file for STMicroelectronics.X-CUBE-FREERTOS.1.2.0
2025-03-03 18:32:18,793 [WARN] PackLoader:240 - Cannot read IP mode file for STMicroelectronics.X-CUBE-AZRTOS-L5.2.0.0
2025-03-03 18:32:18,821 [WARN] PackLoader:240 - Cannot read IP mode file for STMicroelectronics.X-CUBE-NFC6.3.1.0
2025-03-03 18:32:18,850 [WARN] PackLoader:240 - Cannot read IP mode file for STMicroelectronics.X-CUBE-DPower.1.2.0
2025-03-03 18:32:18,871 [WARN] PackLoader:240 - Cannot read IP mode file for STMicroelectronics.X-CUBE-AI.9.0.0
2025-03-03 18:32:18,894 [WARN] PackLoader:240 - Cannot read IP mode file for STMicroelectronics.X-CUBE-FREERTOS.1.3.0
2025-03-03 18:32:18,920 [WARN] PackLoader:240 - Cannot read IP mode file for STMicroelectronics.X-CUBE-NFC7.1.0.1
2025-03-03 18:32:18,965 [WARN] ConditionMgr:438 - getConditionDescription Invalid condition id : LAN8742 Phy interface Condition cause : null
2025-03-03 18:32:18,966 [WARN] PackLoader:240 - Cannot read IP mode file for STMicroelectronics.X-CUBE-AZRTOS-L4.2.0.0
2025-03-03 18:32:18,968 [WARN] ConditionMgr:1039 - genDependencies : Invalid condition id : LAN8742 Phy interface Condition cause : null
2025-03-03 18:32:18,968 [WARN] ConditionMgr:1039 - genDependencies : Invalid condition id : LAN8742 Phy interface Condition cause : null
2025-03-03 18:32:18,968 [WARN] ConditionMgr:1039 - genDependencies : Invalid condition id : LAN8742 Phy interface Condition cause : null
2025-03-03 18:32:18,995 [WARN] PackLoader:240 - Cannot read IP mode file for STMicroelectronics.X-CUBE-SFXS2LP1.4.0.0
2025-03-03 18:32:19,043 [WARN] PackLoader:240 - Cannot read IP mode file for STMicroelectronics.X-CUBE-AZRTOS-H7.3.3.0
2025-03-03 18:32:19,088 [WARN] PackLoader:240 - Cannot read IP mode file for STMicroelectronics.X-CUBE-IPS.3.0.0
2025-03-03 18:32:19,146 [WARN] ConditionMgr:438 - getConditionDescription Invalid condition id : UX DEVICE CLASS RTOS Condition cause : null
2025-03-03 18:32:19,146 [WARN] ConditionMgr:438 - getConditionDescription Invalid condition id : UX DEVICE CLASS RTOS Condition cause : null
2025-03-03 18:32:19,149 [WARN] PackLoader:240 - Cannot read IP mode file for STMicroelectronics.X-CUBE-AZRTOS-WB.2.0.0
2025-03-03 18:32:19,150 [WARN] ConditionMgr:1039 - genDependencies : Invalid condition id : UX DEVICE CLASS RTOS Condition cause : null
2025-03-03 18:32:19,150 [WARN] ConditionMgr:1039 - genDependencies : Invalid condition id : UX DEVICE CLASS RTOS Condition cause : null
2025-03-03 18:32:19,151 [WARN] ConditionMgr:1039 - genDependencies : Invalid condition id : UX DEVICE CLASS RTOS Condition cause : null
2025-03-03 18:32:19,152 [WARN] ConditionMgr:1039 - genDependencies : Invalid condition id : UX DEVICE CLASS RTOS Condition cause : null
2025-03-03 18:32:19,152 [WARN] ConditionMgr:1039 - genDependencies : Invalid condition id : UX DEVICE CLASS RTOS Condition cause : null
2025-03-03 18:32:19,175 [WARN] PackLoader:240 - Cannot read IP mode file for STMicroelectronics.X-CUBE-GNSS1.7.0.0
2025-03-03 18:32:19,199 [WARN] PackLoader:240 - Cannot read IP mode file for STMicroelectronics.X-CUBE-GNSS1.7.0.1
2025-03-03 18:32:19,232 [WARN] PackLoader:240 - Cannot read IP mode file for STMicroelectronics.FP-SNS-STBOX1.2.0.0
2025-03-03 18:32:19,287 [WARN] PackLoader:240 - Cannot read IP mode file for STMicroelectronics.X-CUBE-SUBG2.5.0.0
2025-03-03 18:32:19,308 [WARN] PackLoader:240 - Cannot read IP mode file for Cesanta.I-CUBE-Mongoose.7.13.0
2025-03-03 18:32:19,365 [WARN] PackLoader:240 - Cannot read IP mode file for STMicroelectronics.X-CUBE-AZRTOS-G4.2.0.0
2025-03-03 18:32:19,397 [WARN] PackLoader:240 - Cannot read IP mode file for STMicroelectronics.X-CUBE-ISPU.2.0.0
2025-03-03 18:32:19,440 [ERROR] Engine:466 - C:\Users\talur\.stm32cubemx\thirdparties\pdsc\STMicroelectronics.X-CUBE-IPS.3.1.0.pdsc: PDSC version is not supported
2025-03-03 18:32:19,476 [WARN] PackLoader:240 - Cannot read IP mode file for STMicroelectronics.X-CUBE-ALS.1.0.2
2025-03-03 18:32:19,513 [WARN] PackLoader:240 - Cannot read IP mode file for STMicroelectronics.X-CUBE-TOUCHGFX.4.24.0
2025-03-03 18:32:19,550 [WARN] PackLoader:240 - Cannot read IP mode file for STMicroelectronics.X-CUBE-TOUCHGFX.4.24.2
2025-03-03 18:32:19,578 [WARN] PackLoader:240 - Cannot read IP mode file for STMicroelectronics.X-CUBE-TOUCHGFX.4.24.1
2025-03-03 18:32:19,588 [WARN] PackLoader:240 - Cannot read IP mode file for wolfSSL.I-CUBE-wolfTPM.3.4.0
2025-03-03 18:32:19,624 [WARN] PackLoader:240 - Cannot read IP mode file for portGmbH.I-Cube-SoM-uGOAL.1.1.0
2025-03-03 18:32:19,674 [WARN] PackLoader:240 - Cannot read IP mode file for STMicroelectronics.X-CUBE-AZRTOS-H7RS.1.0.0
2025-03-03 18:32:19,704 [WARN] PackLoader:240 - Cannot read IP mode file for STMicroelectronics.FP-ATR-ASTRA1.2.0.0
2025-03-03 18:32:19,741 [WARN] PackLoader:240 - Cannot read IP mode file for STMicroelectronics.X-CUBE-TOF1.3.4.2
2025-03-03 18:32:19,805 [WARN] PackLoader:240 - Cannot read IP mode file for Infineon.AIROC-Wi-Fi-Bluetooth-STM32.1.6.1
2025-03-03 18:32:19,823 [WARN] PackLoader:240 - Cannot read IP mode file for wolfSSL.I-CUBE-wolfSSH.1.4.17
2025-03-03 18:32:19,824 [INFO] ThirdParty:978 - Integrity check success = true
2025-03-03 18:32:19,824 [INFO] IntegrityCheckThread:100 - exiting critical section [integrity check]
2025-03-03 18:32:19,824 [INFO] IntegrityCheckThread:103 - End integrity checks thread
2025-03-03 20:31:57,331 [INFO] WebApp:189 - Connection lost
2025-03-03 20:32:11,523 [ERROR] ConfigurationRetriever:142 - IOException on connection: sw-center.st.com
2025-03-03 20:32:11,524 [ERROR] ConfigurationRetriever:142 - IOException on connection: sw-center.st.com
2025-03-03 20:32:11,525 [ERROR] ConfigurationRetriever:142 - IOException on connection: sw-center.st.com
2025-03-03 20:32:13,794 [ERROR] LogOutputStream:75 - [STDERR_REDIRECT] 
