2024-12-03 09:21:55,147 [INFO] Activator:176 - 


2024-12-03 09:21:55,160 [INFO] Activator:177 - !SESSION log4j initialized
2024-12-03 09:22:04,900 [INFO] LogOutputStream:77 - [STDOUT_REDIRECT] 
2024-12-03 09:22:07,347 [INFO] ApplicationProperties:184 - Using Application install path: C:\ST\STM32CubeIDE_1.16.1\STM32CubeIDE\plugins\com.st.stm32cube.common.mx_6.12.1.202409122256
2024-12-03 09:22:07,375 [INFO] DbMcusXml:78 - Set database path to: C:\ST\STM32CubeIDE_1.16.1\STM32CubeIDE\plugins\com.st.stm32cube.common.mx_6.12.1.202409122256\\db\/mcu/
2024-12-03 09:22:07,375 [INFO] ApiDb:274 - Set plugin database path to: C:\ST\STM32CubeIDE_1.16.1\STM32CubeIDE\plugins\com.st.stm32cube.common.mx_6.12.1.202409122256\\db\/plugins/boardmanager/
2024-12-03 09:22:07,375 [WARN] ApiDb:259 - Overriding images path with different value:  => C:\ST\STM32CubeIDE_1.16.1\STM32CubeIDE\plugins\com.st.stm32cube.common.mx_6.12.1.202409122256\\db\/plugins/mcufinder/images/
2024-12-03 09:22:07,391 [INFO] ApiDb:250 - Set database path to: C:\Users\talur\.stmcufinder\plugins\mcufinder//mcu/
2024-12-03 09:22:07,402 [INFO] DbMcusAds:125 - Set database path to: C:\Users\talur\.stmcufinder\plugins\mcufinder//mcu/
2024-12-03 09:22:07,405 [INFO] CrossReferenceDbSqlite:203 - Set database path to: C:\Users\talur\.stmcufinder\plugins\mcufinder//mcu/cs/
2024-12-03 09:22:07,570 [INFO] RulesReader:64 - Compatibility file has been processed (297 Rules)
2024-12-03 09:22:07,704 [INFO] DbMcusXml:78 - Set database path to: C:\ST\STM32CubeIDE_1.16.1\STM32CubeIDE\plugins\com.st.stm32cube.common.mx_6.12.1.202409122256\\db\/mcu/
2024-12-03 09:22:07,704 [INFO] ApiDb:274 - Set plugin database path to: C:\ST\STM32CubeIDE_1.16.1\STM32CubeIDE\plugins\com.st.stm32cube.common.mx_6.12.1.202409122256\\db\/plugins/boardmanager/
2024-12-03 09:22:07,704 [INFO] ApiDb:261 - Set plugin images path to: C:\ST\STM32CubeIDE_1.16.1\STM32CubeIDE\plugins\com.st.stm32cube.common.mx_6.12.1.202409122256\\db\/plugins/mcufinder/images/
2024-12-03 09:22:07,704 [WARN] DbFile:41 - Overriding database path with different value: C:\Users\talur\.stmcufinder\plugins\mcufinder/ => C:\Users\talur\.stmcufinder\plugins\mcufinder
2024-12-03 09:22:07,704 [INFO] ApiDb:250 - Set database path to: C:\Users\talur\.stmcufinder\plugins\mcufinder//mcu/
2024-12-03 09:22:07,704 [WARN] DbFile:41 - Overriding database path with different value: C:\Users\talur\.stmcufinder\plugins\mcufinder/ => C:\Users\talur\.stmcufinder\plugins\mcufinder
2024-12-03 09:22:07,704 [INFO] DbMcusAds:125 - Set database path to: C:\Users\talur\.stmcufinder\plugins\mcufinder//mcu/
2024-12-03 09:22:07,704 [WARN] DbFile:41 - Overriding database path with different value: C:\Users\talur\.stmcufinder\plugins\mcufinder/ => C:\Users\talur\.stmcufinder\plugins\mcufinder
2024-12-03 09:22:07,704 [WARN] DbFile:41 - Overriding database path with different value: C:\Users\talur\.stmcufinder\plugins\mcufinder/ => C:\Users\talur\.stmcufinder\plugins\mcufinder
2024-12-03 09:22:07,704 [INFO] CrossReferenceDbSqlite:203 - Set database path to: C:\Users\talur\.stmcufinder\plugins\mcufinder//mcu/cs/
2024-12-03 09:22:07,838 [INFO] MainPanel:268 - HeapMemory: 268435456
2024-12-03 09:22:08,012 [INFO] DbMcusXml:78 - Set database path to: C:\ST\STM32CubeIDE_1.16.1\STM32CubeIDE\plugins\com.st.stm32cube.common.mx_6.12.1.202409122256\\db\/mcu/
2024-12-03 09:22:08,012 [INFO] ApiDb:274 - Set plugin database path to: C:\ST\STM32CubeIDE_1.16.1\STM32CubeIDE\plugins\com.st.stm32cube.common.mx_6.12.1.202409122256\\db\/plugins/boardmanager/
2024-12-03 09:22:08,012 [INFO] ApiDb:261 - Set plugin images path to: C:\ST\STM32CubeIDE_1.16.1\STM32CubeIDE\plugins\com.st.stm32cube.common.mx_6.12.1.202409122256\\db\/plugins/mcufinder/images/
2024-12-03 09:22:08,016 [WARN] DbFile:41 - Overriding database path with different value: C:\Users\talur\.stmcufinder\plugins\mcufinder/ => C:\Users\talur\.stmcufinder\plugins\mcufinder
2024-12-03 09:22:08,016 [INFO] ApiDb:250 - Set database path to: C:\Users\talur\.stmcufinder\plugins\mcufinder//mcu/
2024-12-03 09:22:08,016 [WARN] DbFile:41 - Overriding database path with different value: C:\Users\talur\.stmcufinder\plugins\mcufinder/ => C:\Users\talur\.stmcufinder\plugins\mcufinder
2024-12-03 09:22:08,016 [INFO] DbMcusAds:125 - Set database path to: C:\Users\talur\.stmcufinder\plugins\mcufinder//mcu/
2024-12-03 09:22:08,016 [WARN] DbFile:41 - Overriding database path with different value: C:\Users\talur\.stmcufinder\plugins\mcufinder/ => C:\Users\talur\.stmcufinder\plugins\mcufinder
2024-12-03 09:22:08,016 [WARN] DbFile:41 - Overriding database path with different value: C:\Users\talur\.stmcufinder\plugins\mcufinder/ => C:\Users\talur\.stmcufinder\plugins\mcufinder
2024-12-03 09:22:08,016 [INFO] CrossReferenceDbSqlite:203 - Set database path to: C:\Users\talur\.stmcufinder\plugins\mcufinder//mcu/cs/
2024-12-03 09:22:08,041 [INFO] ApplicationProperties:184 - Using Application install path: C:\ST\STM32CubeIDE_1.16.1\STM32CubeIDE\plugins\com.st.stm32cube.common.mx_6.12.1.202409122256
2024-12-03 09:22:08,046 [INFO] PluginManage:196 - Search for loadable plugins [exclusion list=, ]
2024-12-03 09:22:08,050 [INFO] PluginManage:310 - Check plugin analytics
2024-12-03 09:22:08,339 [INFO] AnalyticsPlugin:253 - Accepted Software Licenses: 
2024-12-03 09:22:08,341 [INFO] AnalyticsPlugin:255 - Accepted CMSIS Pack Licenses: 
2024-12-03 09:22:08,341 [INFO] AnalyticsPlugin:257 - Accepted Firmware Licenses: FW.F4.1.28.0
2024-12-03 09:22:08,342 [INFO] PluginManage:359 - Loaded plugin analytics (category:tool,tabindex:-1)
2024-12-03 09:22:08,345 [INFO] PluginManage:310 - Check plugin cadmodel
2024-12-03 09:22:08,376 [INFO] CADModel:105 - Init CAD model plugin
2024-12-03 09:22:08,376 [INFO] PluginManage:359 - Loaded plugin cadmodel (category:power,tabindex:5)
2024-12-03 09:22:08,376 [INFO] PluginManage:310 - Check plugin clock
2024-12-03 09:22:08,412 [INFO] PluginManage:359 - Loaded plugin clock (category:base,tabindex:2)
2024-12-03 09:22:08,412 [INFO] PluginManage:310 - Check plugin ddr
2024-12-03 09:22:08,423 [INFO] PluginManage:359 - Loaded plugin ddr (category:tool,tabindex:6)
2024-12-03 09:22:08,423 [INFO] PluginManage:310 - Check plugin filemanager
2024-12-03 09:22:08,659 [INFO] PluginManage:359 - Loaded plugin filemanager (category:base,tabindex:10)
2024-12-03 09:22:08,659 [INFO] PluginManage:310 - Check plugin ipmanager
2024-12-03 09:22:08,668 [INFO] PluginManage:359 - Loaded plugin ipmanager (category:base,tabindex:5)
2024-12-03 09:22:08,668 [INFO] PluginManage:310 - Check plugin lpbam
2024-12-03 09:22:08,697 [INFO] PluginManage:359 - Loaded plugin lpbam (category:base,tabindex:0)
2024-12-03 09:22:08,697 [INFO] PluginManage:310 - Check plugin memorymap
2024-12-03 09:22:08,740 [INFO] PluginManage:359 - Loaded plugin memorymap (category:base,tabindex:4)
2024-12-03 09:22:08,740 [INFO] PluginManage:310 - Check plugin pinoutandconfiguration
2024-12-03 09:22:08,768 [INFO] PluginManage:359 - Loaded plugin pinoutandconfiguration (category:base,tabindex:1)
2024-12-03 09:22:08,768 [INFO] PluginManage:310 - Check plugin pinoutconfig
2024-12-03 09:22:08,922 [WARN] SupportedApi:132 - Cannot load RTOS API schema: s4s-elt-must-match.1: The content of 'definitions' must match (annotation?, (simpleType | complexType)?, (unique | key | keyref)*)). A problem was found starting at: attribute.
2024-12-03 09:22:09,125 [INFO] PluginManage:359 - Loaded plugin pinoutconfig (category:base,tabindex:0)
2024-12-03 09:22:09,125 [INFO] PluginManage:310 - Check plugin power
2024-12-03 09:22:09,157 [INFO] PluginManage:359 - Loaded plugin power (category:power,tabindex:4)
2024-12-03 09:22:09,157 [INFO] PluginManage:310 - Check plugin projectmanager
2024-12-03 09:22:09,180 [INFO] PluginManage:359 - Loaded plugin projectmanager (category:projectmanager,tabindex:4)
2024-12-03 09:22:09,180 [INFO] PluginManage:310 - Check plugin rif
2024-12-03 09:22:09,204 [INFO] PluginManage:359 - Loaded plugin rif (category:base,tabindex:3)
2024-12-03 09:22:09,204 [INFO] PluginManage:310 - Check plugin thirdparty
2024-12-03 09:22:09,659 [INFO] PluginManage:359 - Loaded plugin thirdparty (category:base,tabindex:-1)
2024-12-03 09:22:09,659 [WARN] IntegrityCheckThread:84 - waiting for thirdparty lock release [integrity check]
2024-12-03 09:22:09,659 [INFO] PluginManage:310 - Check plugin tools
2024-12-03 09:22:09,662 [INFO] IntegrityCheckThread:86 - entering critical section [integrity check]
2024-12-03 09:22:09,662 [INFO] ThirdPartyUpdaterWithRetryManager:70 - Updater plugin not ready yet. [1/15]
2024-12-03 09:22:09,714 [INFO] PluginManage:359 - Loaded plugin tools (category:base,tabindex:7)
2024-12-03 09:22:09,714 [INFO] PluginManage:310 - Check plugin tutovideos
2024-12-03 09:22:10,043 [INFO] PluginManage:359 - Loaded plugin tutovideos (category:base,tabindex:-1)
2024-12-03 09:22:10,043 [INFO] PluginManage:310 - Check plugin updater
2024-12-03 09:22:10,066 [INFO] PluginManage:359 - Loaded plugin updater (category:base,tabindex:12)
2024-12-03 09:22:10,066 [INFO] PluginManage:310 - Check plugin userauth
2024-12-03 09:22:10,076 [INFO] UserAuth:113 - Init User Auth plugin
2024-12-03 09:22:10,076 [INFO] PluginManage:359 - Loaded plugin userauth (category:base,tabindex:14)
2024-12-03 09:22:10,076 [INFO] PluginManage:283 - PluginManage : Loaded plugins [18]
2024-12-03 09:22:10,400 [INFO] PinOutPanel:1561 - setPackage(No Configuration,No Configuration)
2024-12-03 09:22:10,536 [INFO] CADModel:165 - CPN selected for project level
2024-12-03 09:22:10,536 [INFO] CADModel:114 - Register for checkConnection events
2024-12-03 09:22:10,578 [INFO] IPUIPlugin:80 - create IPUIPlugin
2024-12-03 09:22:10,578 [INFO] PluginManager:220 - loadIPPluginJar : add adc
2024-12-03 09:22:10,625 [INFO] IPUIPlugin:80 - create IPUIPlugin
2024-12-03 09:22:10,625 [INFO] PluginManager:220 - loadIPPluginJar : add aes
2024-12-03 09:22:10,691 [INFO] IPUIPlugin:80 - create IPUIPlugin
2024-12-03 09:22:10,691 [INFO] PluginManager:220 - loadIPPluginJar : add can
2024-12-03 09:22:10,720 [INFO] IPUIPlugin:80 - create IPUIPlugin
2024-12-03 09:22:10,720 [INFO] PluginManager:220 - loadIPPluginJar : add comp
2024-12-03 09:22:10,774 [INFO] IPUIPlugin:80 - create IPUIPlugin
2024-12-03 09:22:10,774 [INFO] PluginManager:220 - loadIPPluginJar : add cryp
2024-12-03 09:22:10,794 [INFO] IPUIPlugin:80 - create IPUIPlugin
2024-12-03 09:22:10,794 [INFO] PluginManager:220 - loadIPPluginJar : add ddr_ctrl_phy
2024-12-03 09:22:10,837 [INFO] IPUIPlugin:80 - create IPUIPlugin
2024-12-03 09:22:10,837 [INFO] PluginManager:220 - loadIPPluginJar : add dfsdm
2024-12-03 09:22:10,857 [INFO] IPUIPlugin:80 - create IPUIPlugin
2024-12-03 09:22:10,859 [INFO] PluginManager:220 - loadIPPluginJar : add dma
2024-12-03 09:22:10,911 [INFO] IPUIPlugin:80 - create IPUIPlugin
2024-12-03 09:22:10,911 [INFO] PluginManager:220 - loadIPPluginJar : add dma3
2024-12-03 09:22:10,984 [INFO] IPUIPlugin:80 - create IPUIPlugin
2024-12-03 09:22:10,984 [INFO] PluginManager:220 - loadIPPluginJar : add extmemmanager
2024-12-03 09:22:11,012 [INFO] IPUIPlugin:80 - create IPUIPlugin
2024-12-03 09:22:11,012 [INFO] PluginManager:220 - loadIPPluginJar : add fatfs
2024-12-03 09:22:11,084 [INFO] IPUIPlugin:80 - create IPUIPlugin
2024-12-03 09:22:11,084 [INFO] PluginManager:220 - loadIPPluginJar : add fmc
2024-12-03 09:22:11,103 [INFO] IPUIPlugin:80 - create IPUIPlugin
2024-12-03 09:22:11,103 [INFO] PluginManager:220 - loadIPPluginJar : add freertos
2024-12-03 09:22:11,138 [INFO] IPUIPlugin:80 - create IPUIPlugin
2024-12-03 09:22:11,138 [INFO] PluginManager:220 - loadIPPluginJar : add genericplugin
2024-12-03 09:22:11,296 [INFO] IPUIPlugin:80 - create IPUIPlugin
2024-12-03 09:22:11,296 [INFO] PluginManager:220 - loadIPPluginJar : add gfxmmu
2024-12-03 09:22:11,504 [INFO] IPUIPlugin:80 - create IPUIPlugin
2024-12-03 09:22:11,504 [INFO] PluginManager:220 - loadIPPluginJar : add gic
2024-12-03 09:22:11,524 [INFO] IPUIPlugin:80 - create IPUIPlugin
2024-12-03 09:22:11,524 [INFO] PluginManager:220 - loadIPPluginJar : add gpio
2024-12-03 09:22:11,695 [INFO] IPUIPlugin:80 - create IPUIPlugin
2024-12-03 09:22:11,695 [INFO] PluginManager:220 - loadIPPluginJar : add gtzc
2024-12-03 09:22:11,745 [INFO] IPUIPlugin:80 - create IPUIPlugin
2024-12-03 09:22:11,745 [INFO] PluginManager:220 - loadIPPluginJar : add hash
2024-12-03 09:22:11,831 [INFO] IPUIPlugin:80 - create IPUIPlugin
2024-12-03 09:22:11,831 [INFO] PluginManager:220 - loadIPPluginJar : add i2c
2024-12-03 09:22:11,885 [INFO] IPUIPlugin:80 - create IPUIPlugin
2024-12-03 09:22:11,885 [INFO] PluginManager:220 - loadIPPluginJar : add i2s
2024-12-03 09:22:11,944 [INFO] IPUIPlugin:80 - create IPUIPlugin
2024-12-03 09:22:11,944 [INFO] PluginManager:220 - loadIPPluginJar : add i3c
2024-12-03 09:22:12,085 [INFO] IPUIPlugin:80 - create IPUIPlugin
2024-12-03 09:22:12,085 [INFO] PluginManager:220 - loadIPPluginJar : add ipddr
2024-12-03 09:22:12,233 [INFO] IPUIPlugin:80 - create IPUIPlugin
2024-12-03 09:22:12,233 [INFO] PluginManager:220 - loadIPPluginJar : add linkedlist
2024-12-03 09:22:12,289 [INFO] IPUIPlugin:80 - create IPUIPlugin
2024-12-03 09:22:12,289 [INFO] PluginManager:220 - loadIPPluginJar : add lorawan
2024-12-03 09:22:12,344 [INFO] IPUIPlugin:80 - create IPUIPlugin
2024-12-03 09:22:12,344 [INFO] PluginManager:220 - loadIPPluginJar : add ltdc
2024-12-03 09:22:12,357 [INFO] IPUIPlugin:80 - create IPUIPlugin
2024-12-03 09:22:12,357 [INFO] PluginManager:220 - loadIPPluginJar : add mdma
2024-12-03 09:22:12,383 [INFO] IPUIPlugin:80 - create IPUIPlugin
2024-12-03 09:22:12,383 [INFO] PluginManager:220 - loadIPPluginJar : add nvic
2024-12-03 09:22:12,434 [INFO] IPUIPlugin:80 - create IPUIPlugin
2024-12-03 09:22:12,434 [INFO] PluginManager:220 - loadIPPluginJar : add opamp
2024-12-03 09:22:12,534 [INFO] IPUIPlugin:80 - create IPUIPlugin
2024-12-03 09:22:12,534 [INFO] PluginManager:220 - loadIPPluginJar : add openamp
2024-12-03 09:22:12,615 [INFO] IPUIPlugin:80 - create IPUIPlugin
2024-12-03 09:22:12,615 [INFO] PluginManager:220 - loadIPPluginJar : add pdm2pcm
2024-12-03 09:22:12,635 [INFO] IPUIPlugin:80 - create IPUIPlugin
2024-12-03 09:22:12,635 [INFO] PluginManager:220 - loadIPPluginJar : add plateformsettings
2024-12-03 09:22:12,665 [INFO] ThirdPartyUpdaterWithRetryManager:70 - Updater plugin not ready yet. [2/15]
2024-12-03 09:22:12,673 [INFO] IPUIPlugin:80 - create IPUIPlugin
2024-12-03 09:22:12,673 [INFO] PluginManager:220 - loadIPPluginJar : add quadspi
2024-12-03 09:22:12,712 [INFO] IPUIPlugin:80 - create IPUIPlugin
2024-12-03 09:22:12,714 [INFO] PluginManager:220 - loadIPPluginJar : add radio
2024-12-03 09:22:12,728 [INFO] IPUIPlugin:80 - create IPUIPlugin
2024-12-03 09:22:12,728 [INFO] PluginManager:220 - loadIPPluginJar : add resmgrutility
2024-12-03 09:22:12,799 [INFO] IPUIPlugin:80 - create IPUIPlugin
2024-12-03 09:22:12,799 [INFO] PluginManager:220 - loadIPPluginJar : add sai
2024-12-03 09:22:12,855 [INFO] IPUIPlugin:80 - create IPUIPlugin
2024-12-03 09:22:12,855 [INFO] PluginManager:220 - loadIPPluginJar : add spi
2024-12-03 09:22:12,949 [INFO] IPUIPlugin:80 - create IPUIPlugin
2024-12-03 09:22:12,949 [INFO] PluginManager:220 - loadIPPluginJar : add stm32_wpan
2024-12-03 09:22:12,988 [INFO] IPUIPlugin:80 - create IPUIPlugin
2024-12-03 09:22:12,988 [INFO] PluginManager:220 - loadIPPluginJar : add tim
2024-12-03 09:22:13,077 [INFO] IPUIPlugin:80 - create IPUIPlugin
2024-12-03 09:22:13,077 [INFO] PluginManager:220 - loadIPPluginJar : add touchsensing
2024-12-03 09:22:13,112 [INFO] IPUIPlugin:80 - create IPUIPlugin
2024-12-03 09:22:13,112 [INFO] PluginManager:220 - loadIPPluginJar : add tracer_emb
2024-12-03 09:22:13,149 [INFO] IPUIPlugin:80 - create IPUIPlugin
2024-12-03 09:22:13,149 [INFO] PluginManager:220 - loadIPPluginJar : add ts
2024-12-03 09:22:13,179 [INFO] IPUIPlugin:80 - create IPUIPlugin
2024-12-03 09:22:13,179 [INFO] PluginManager:220 - loadIPPluginJar : add tsc
2024-12-03 09:22:13,217 [INFO] IPUIPlugin:80 - create IPUIPlugin
2024-12-03 09:22:13,217 [INFO] PluginManager:220 - loadIPPluginJar : add ucpd
2024-12-03 09:22:13,288 [INFO] IPUIPlugin:80 - create IPUIPlugin
2024-12-03 09:22:13,288 [INFO] PluginManager:220 - loadIPPluginJar : add usart
2024-12-03 09:22:13,353 [INFO] IPUIPlugin:80 - create IPUIPlugin
2024-12-03 09:22:13,353 [INFO] PluginManager:220 - loadIPPluginJar : add usbx
2024-12-03 09:22:13,496 [INFO] CADModel:165 - CPN selected for project level
2024-12-03 09:22:13,496 [INFO] CADModel:114 - Register for checkConnection events
2024-12-03 09:22:13,496 [FATAL] Updater:334 - Updater called before beeing initialized
2024-12-03 09:22:13,496 [ERROR] CADModel:125 - Updater not yet initialized, retry later 
2024-12-03 09:22:13,695 [INFO] CADModel:165 - CPN selected for project level
2024-12-03 09:22:13,695 [INFO] CADModel:114 - Register for checkConnection events
2024-12-03 09:22:13,695 [FATAL] Updater:334 - Updater called before beeing initialized
2024-12-03 09:22:13,695 [ERROR] CADModel:125 - Updater not yet initialized, retry later 
2024-12-03 09:22:13,696 [FATAL] Updater:334 - Updater called before beeing initialized
2024-12-03 09:22:13,842 [FATAL] Updater:334 - Updater called before beeing initialized
2024-12-03 09:22:13,850 [INFO] DbMcusAds:53 - JSON generation date=Fri Sep 20 18:34:23 IST 2024 (1726837463113)
2024-12-03 09:22:13,850 [FATAL] Updater:334 - Updater called before beeing initialized
2024-12-03 09:22:13,900 [WARN] DetailPanel:346 - Failed to get advertising image, set to default
2024-12-03 09:22:13,996 [FATAL] Updater:334 - Updater called before beeing initialized
2024-12-03 09:22:13,998 [FATAL] Updater:334 - Updater called before beeing initialized
2024-12-03 09:22:13,998 [FATAL] Updater:334 - Updater called before beeing initialized
2024-12-03 09:22:13,998 [WARN] DetailPanel:346 - Failed to get advertising image, set to default
2024-12-03 09:22:13,999 [FATAL] Updater:334 - Updater called before beeing initialized
2024-12-03 09:22:14,080 [ERROR] Updater:1164 - MainUpdater not yet initialized. External WinMGr cannot be set.
2024-12-03 09:22:14,096 [INFO] Updater:1100 - Updater Version found : 6.12.1
2024-12-03 09:22:14,124 [INFO] ApplicationProperties:184 - Using Application install path: C:\ST\STM32CubeIDE_1.16.1\STM32CubeIDE\plugins\com.st.stm32cube.common.mx_6.12.1.202409122256
2024-12-03 09:22:15,673 [INFO] ThirdPartyUpdaterWithRetryManager:70 - Updater plugin not ready yet. [3/15]
2024-12-03 09:22:15,762 [ERROR] LogOutputStream:75 - [STDERR_REDIRECT] Dec 03, 2024 9:22:15 AM java.util.prefs.WindowsPreferences <init>
2024-12-03 09:22:15,764 [ERROR] LogOutputStream:75 - [STDERR_REDIRECT] WARNING: Could not open/create prefs root node Software\JavaSoft\Prefs at root 0xffffffff80000002. Windows RegCreateKeyEx(...) returned error code 5.
2024-12-03 09:22:15,764 [ERROR] LogOutputStream:75 - [STDERR_REDIRECT] 
2024-12-03 09:22:16,434 [INFO] MainUpdater:2873 - connection check result : 10
2024-12-03 09:22:16,438 [INFO] MainUpdater:290 - Updater Check For Update Now.
2024-12-03 09:22:16,438 [INFO] MicroXplorer:498 - Change Database Version : DB.6.0.121
2024-12-03 09:22:16,482 [INFO] McuFinderGlobals:63 - Set McuFinder mode to 2 (CubeIDE integrated)
2024-12-03 09:22:16,484 [INFO] UserAuth:179 - activating auth plugin
2024-12-03 09:22:16,490 [INFO] UserAuth:417 - Internet connection configuration mode: 1
2024-12-03 09:22:16,544 [INFO] JxBrowserEngine:152 - Initiate JxBrowser Engine with user profile folder
2024-12-03 09:22:16,829 [INFO] CheckServerUpdateThread:120 - End of CheckServer Thread
2024-12-03 09:22:19,041 [WARN] PackLoader:240 - Cannot read IP mode file for STMicroelectronics.FP-SNS-MOTENVWB1.1.4.0
2024-12-03 09:22:19,080 [WARN] PackLoader:240 - Cannot read IP mode file for STMicroelectronics.FP-ATR-ASTRA1.2.0.1
2024-12-03 09:22:19,123 [WARN] PackLoader:240 - Cannot read IP mode file for STMicroelectronics.X-CUBE-SMBUS.2.1.0
2024-12-03 09:22:19,177 [WARN] PackLoader:240 - Cannot read IP mode file for STMicroelectronics.X-CUBE-WB05N.1.1.0
2024-12-03 09:22:19,276 [WARN] PackLoader:240 - Cannot read IP mode file for STMicroelectronics.X-CUBE-AZRTOS-F7.1.1.0
2024-12-03 09:22:19,423 [WARN] PackLoader:240 - Cannot read IP mode file for STMicroelectronics.X-CUBE-MEMS1.11.0.0
2024-12-03 09:22:19,613 [WARN] PackLoader:240 - Cannot read IP mode file for STMicroelectronics.FP-SNS-FLIGHT1.5.0.2
2024-12-03 09:22:19,645 [WARN] PackLoader:240 - Cannot read IP mode file for STMicroelectronics.X-CUBE-DISPLAY.3.0.0
2024-12-03 09:22:19,681 [WARN] PackLoader:240 - Cannot read IP mode file for STMicroelectronics.X-CUBE-BLE1.7.0.0
2024-12-03 09:22:19,710 [WARN] PackLoader:240 - Cannot read IP mode file for STMicroelectronics.X-CUBE-NFC10.1.0.0
2024-12-03 09:22:19,740 [WARN] PackLoader:240 - Cannot read IP mode file for emotas.I-CUBE-CANOPEN.1.3.0
2024-12-03 09:22:19,782 [WARN] PackLoader:240 - Cannot read IP mode file for STMicroelectronics.X-CUBE-BLEMGR.3.1.0
2024-12-03 09:22:19,810 [WARN] PackLoader:240 - Cannot read IP mode file for STMicroelectronics.FP-SNS-SMARTAG2.1.2.0
2024-12-03 09:22:19,847 [INFO] LogOutputStream:77 - [STDOUT_REDIRECT] 1 : Invalid condition id : UX_CORESTACK_Condition cause : null
2024-12-03 09:22:19,847 [INFO] LogOutputStream:77 - [STDOUT_REDIRECT] 1 : Invalid condition id : UX_CORESTACK_Condition cause : null
2024-12-03 09:22:19,847 [INFO] LogOutputStream:77 - [STDOUT_REDIRECT] 1 : Invalid condition id : UX_CORESTACK_Condition cause : null
2024-12-03 09:22:19,851 [INFO] LogOutputStream:77 - [STDOUT_REDIRECT] 1 : Invalid condition id : UX_CORESTACK_Condition cause : null
2024-12-03 09:22:19,853 [INFO] LogOutputStream:77 - [STDOUT_REDIRECT] 1 : Invalid condition id : UX_CORESTACK_Condition cause : null
2024-12-03 09:22:19,855 [WARN] PackLoader:240 - Cannot read IP mode file for STMicroelectronics.X-CUBE-AZRTOS-WL.2.0.0
2024-12-03 09:22:19,882 [WARN] PackLoader:240 - Cannot read IP mode file for STMicroelectronics.FP-SNS-MOTENV1.5.0.0
2024-12-03 09:22:19,910 [WARN] PackLoader:240 - Cannot read IP mode file for wolfSSL.I-CUBE-wolfMQTT.1.19.0
2024-12-03 09:22:19,938 [WARN] PackLoader:240 - Cannot read IP mode file for WES.I-CUBE-Cesium.1.3.0
2024-12-03 09:22:19,964 [WARN] PackLoader:240 - Cannot read IP mode file for STMicroelectronics.X-CUBE-BLE2.3.3.0
2024-12-03 09:22:19,994 [WARN] PackLoader:240 - Cannot read IP mode file for STMicroelectronics.X-CUBE-NFC9.1.0.0
2024-12-03 09:22:20,024 [WARN] PackLoader:240 - Cannot read IP mode file for STMicroelectronics.X-CUBE-TCPP.4.1.0
2024-12-03 09:22:20,067 [WARN] PackLoader:240 - Cannot read IP mode file for STMicroelectronics.X-CUBE-AZRTOS-G0.1.1.0
2024-12-03 09:22:20,098 [WARN] PackLoader:240 - Cannot read IP mode file for STMicroelectronics.X-CUBE-SAFEA1.1.2.2
2024-12-03 09:22:20,126 [WARN] PackLoader:240 - Cannot read IP mode file for STMicroelectronics.X-CUBE-NFC4.3.0.0
2024-12-03 09:22:20,160 [WARN] PackLoader:240 - Cannot read IP mode file for EmbeddedOffice.I-CUBE-FS-RTOS.1.0.1
2024-12-03 09:22:20,160 [ERROR] ConditionMgr:805 - Attr not supported : Dmpu
2024-12-03 09:22:20,162 [ERROR] ConditionMgr:805 - Attr not supported : Dmpu
2024-12-03 09:22:20,162 [ERROR] ConditionMgr:805 - Attr not supported : Dmpu
2024-12-03 09:22:20,162 [ERROR] ConditionMgr:805 - Attr not supported : Dmpu
2024-12-03 09:22:20,162 [ERROR] ConditionMgr:805 - Attr not supported : Dmpu
2024-12-03 09:22:20,162 [ERROR] ConditionMgr:805 - Attr not supported : Dmpu
2024-12-03 09:22:20,162 [ERROR] ConditionMgr:805 - Attr not supported : Dmpu
2024-12-03 09:22:20,162 [ERROR] ConditionMgr:805 - Attr not supported : Dmpu
2024-12-03 09:22:20,162 [ERROR] ConditionMgr:805 - Attr not supported : Dmpu
2024-12-03 09:22:20,162 [ERROR] ConditionMgr:805 - Attr not supported : Dmpu
2024-12-03 09:22:20,162 [ERROR] ConditionMgr:805 - Attr not supported : Dmpu
2024-12-03 09:22:20,162 [ERROR] ConditionMgr:805 - Attr not supported : Dmpu
2024-12-03 09:22:20,162 [ERROR] ConditionMgr:805 - Attr not supported : Dmpu
2024-12-03 09:22:20,162 [ERROR] ConditionMgr:805 - Attr not supported : Dmpu
2024-12-03 09:22:20,162 [ERROR] ConditionMgr:805 - Attr not supported : Dmpu
2024-12-03 09:22:20,162 [ERROR] ConditionMgr:805 - Attr not supported : Dmpu
2024-12-03 09:22:20,162 [ERROR] ConditionMgr:805 - Attr not supported : Dmpu
2024-12-03 09:22:20,162 [ERROR] ConditionMgr:805 - Attr not supported : Dmpu
2024-12-03 09:22:20,162 [ERROR] ConditionMgr:805 - Attr not supported : Dmpu
2024-12-03 09:22:20,162 [ERROR] ConditionMgr:805 - Attr not supported : Dmpu
2024-12-03 09:22:20,162 [ERROR] ConditionMgr:805 - Attr not supported : Dmpu
2024-12-03 09:22:20,162 [ERROR] ConditionMgr:805 - Attr not supported : Dmpu
2024-12-03 09:22:20,162 [ERROR] ConditionMgr:805 - Attr not supported : Dmpu
2024-12-03 09:22:20,164 [ERROR] ConditionMgr:805 - Attr not supported : Dmpu
2024-12-03 09:22:20,164 [ERROR] ConditionMgr:805 - Attr not supported : Dmpu
2024-12-03 09:22:20,164 [ERROR] ConditionMgr:805 - Attr not supported : Dmpu
2024-12-03 09:22:20,164 [ERROR] ConditionMgr:805 - Attr not supported : Dmpu
2024-12-03 09:22:20,164 [ERROR] ConditionMgr:805 - Attr not supported : Dmpu
2024-12-03 09:22:20,164 [ERROR] ConditionMgr:805 - Attr not supported : Dmpu
2024-12-03 09:22:20,164 [ERROR] ConditionMgr:805 - Attr not supported : Dmpu
2024-12-03 09:22:20,164 [ERROR] ConditionMgr:805 - Attr not supported : Dmpu
2024-12-03 09:22:20,164 [ERROR] ConditionMgr:805 - Attr not supported : Dmpu
2024-12-03 09:22:20,164 [ERROR] ConditionMgr:805 - Attr not supported : Dmpu
2024-12-03 09:22:20,164 [ERROR] ConditionMgr:805 - Attr not supported : Dmpu
2024-12-03 09:22:20,164 [ERROR] ConditionMgr:805 - Attr not supported : Dmpu
2024-12-03 09:22:20,164 [ERROR] ConditionMgr:805 - Attr not supported : Dmpu
2024-12-03 09:22:20,164 [ERROR] ConditionMgr:805 - Attr not supported : Dmpu
2024-12-03 09:22:20,164 [ERROR] ConditionMgr:805 - Attr not supported : Dmpu
2024-12-03 09:22:20,164 [ERROR] ConditionMgr:805 - Attr not supported : Dmpu
2024-12-03 09:22:20,164 [ERROR] ConditionMgr:805 - Attr not supported : Dmpu
2024-12-03 09:22:20,164 [ERROR] ConditionMgr:805 - Attr not supported : Dmpu
2024-12-03 09:22:20,164 [ERROR] ConditionMgr:805 - Attr not supported : Dmpu
2024-12-03 09:22:20,164 [ERROR] ConditionMgr:805 - Attr not supported : Dmpu
2024-12-03 09:22:20,164 [ERROR] ConditionMgr:805 - Attr not supported : Dmpu
2024-12-03 09:22:20,166 [ERROR] ConditionMgr:805 - Attr not supported : Dmpu
2024-12-03 09:22:20,166 [ERROR] ConditionMgr:805 - Attr not supported : Dmpu
2024-12-03 09:22:20,166 [ERROR] ConditionMgr:805 - Attr not supported : Dmpu
2024-12-03 09:22:20,166 [ERROR] ConditionMgr:805 - Attr not supported : Dmpu
2024-12-03 09:22:20,166 [ERROR] ConditionMgr:805 - Attr not supported : Dmpu
2024-12-03 09:22:20,166 [ERROR] ConditionMgr:805 - Attr not supported : Dmpu
2024-12-03 09:22:20,166 [ERROR] ConditionMgr:805 - Attr not supported : Dmpu
2024-12-03 09:22:20,166 [ERROR] ConditionMgr:805 - Attr not supported : Dmpu
2024-12-03 09:22:20,166 [ERROR] ConditionMgr:805 - Attr not supported : Dmpu
2024-12-03 09:22:20,166 [ERROR] ConditionMgr:805 - Attr not supported : Dmpu
2024-12-03 09:22:20,166 [ERROR] ConditionMgr:805 - Attr not supported : Dmpu
2024-12-03 09:22:20,166 [ERROR] ConditionMgr:805 - Attr not supported : Dmpu
2024-12-03 09:22:20,166 [ERROR] ConditionMgr:805 - Attr not supported : Dmpu
2024-12-03 09:22:20,166 [ERROR] ConditionMgr:805 - Attr not supported : Dmpu
2024-12-03 09:22:20,166 [ERROR] ConditionMgr:805 - Attr not supported : Dmpu
2024-12-03 09:22:20,166 [ERROR] ConditionMgr:805 - Attr not supported : Dmpu
2024-12-03 09:22:20,166 [ERROR] ConditionMgr:805 - Attr not supported : Dmpu
2024-12-03 09:22:20,166 [ERROR] ConditionMgr:805 - Attr not supported : Dmpu
2024-12-03 09:22:20,166 [ERROR] ConditionMgr:805 - Attr not supported : Dmpu
2024-12-03 09:22:20,166 [ERROR] ConditionMgr:805 - Attr not supported : Dmpu
2024-12-03 09:22:20,196 [WARN] PackLoader:240 - Cannot read IP mode file for RealThread.X-CUBE-RT-Thread_Nano.4.1.1
2024-12-03 09:22:20,223 [WARN] PackLoader:240 - Cannot read IP mode file for STMicroelectronics.FP-ATR-SIGFOX1.3.2.0
2024-12-03 09:22:20,247 [WARN] PackLoader:240 - Cannot read IP mode file for wolfSSL.I-CUBE-wolfSSL.5.7.2
2024-12-03 09:22:20,269 [WARN] ConditionMgr:438 - getConditionDescription Invalid condition id : Cortex-A Device cause : null
2024-12-03 09:22:20,314 [WARN] ConditionMgr:1039 - genDependencies : Invalid condition id : Cortex-A Device cause : null
2024-12-03 09:22:20,316 [WARN] ConditionMgr:1039 - genDependencies : Invalid condition id : Cortex-A Device cause : null
2024-12-03 09:22:20,316 [WARN] ConditionMgr:1039 - genDependencies : Invalid condition id : Cortex-A Device cause : null
2024-12-03 09:22:20,339 [WARN] PackLoader:240 - Cannot read IP mode file for STMicroelectronics.X-CUBE-EEPRMA1.5.1.0
2024-12-03 09:22:20,352 [WARN] PackLoader:240 - Cannot read IP mode file for wolfSSL.I-CUBE-wolfSSL.5.7.4
2024-12-03 09:22:20,393 [WARN] PackLoader:240 - Cannot read IP mode file for ITTIA_DB.I-CUBE-ITTIADB.8.9.0
2024-12-03 09:22:20,449 [WARN] PackLoader:240 - Cannot read IP mode file for SEGGER.I-CUBE-embOS.1.3.1
2024-12-03 09:22:20,508 [WARN] PackLoader:240 - Cannot read IP mode file for STMicroelectronics.X-CUBE-ALGOBUILD.1.4.0
2024-12-03 09:22:20,527 [WARN] PackLoader:240 - Cannot read IP mode file for STMicroelectronics.X-CUBE-AI.9.1.0
2024-12-03 09:22:20,579 [WARN] PackLoader:240 - Cannot read IP mode file for STMicroelectronics.X-CUBE-AZRTOS-F4.1.1.0
2024-12-03 09:22:20,606 [WARN] PackLoader:240 - Cannot read IP mode file for STMicroelectronics.X-CUBE-ISPU.2.1.0
2024-12-03 09:22:20,628 [WARN] PackLoader:240 - Cannot read IP mode file for STMicroelectronics.X-CUBE-FREERTOS.1.2.0
2024-12-03 09:22:20,695 [WARN] PackLoader:240 - Cannot read IP mode file for STMicroelectronics.X-CUBE-AZRTOS-L5.2.0.0
2024-12-03 09:22:20,731 [WARN] PackLoader:240 - Cannot read IP mode file for STMicroelectronics.X-CUBE-NFC6.3.1.0
2024-12-03 09:22:20,786 [WARN] PackLoader:240 - Cannot read IP mode file for STMicroelectronics.X-CUBE-DPower.1.2.0
2024-12-03 09:22:20,816 [WARN] PackLoader:240 - Cannot read IP mode file for STMicroelectronics.X-CUBE-AI.9.0.0
2024-12-03 09:22:20,847 [WARN] PackLoader:240 - Cannot read IP mode file for STMicroelectronics.X-CUBE-NFC7.1.0.1
2024-12-03 09:22:20,903 [WARN] ConditionMgr:438 - getConditionDescription Invalid condition id : LAN8742 Phy interface Condition cause : null
2024-12-03 09:22:20,903 [WARN] PackLoader:240 - Cannot read IP mode file for STMicroelectronics.X-CUBE-AZRTOS-L4.2.0.0
2024-12-03 09:22:20,905 [WARN] ConditionMgr:1039 - genDependencies : Invalid condition id : LAN8742 Phy interface Condition cause : null
2024-12-03 09:22:20,907 [WARN] ConditionMgr:1039 - genDependencies : Invalid condition id : LAN8742 Phy interface Condition cause : null
2024-12-03 09:22:20,907 [WARN] ConditionMgr:1039 - genDependencies : Invalid condition id : LAN8742 Phy interface Condition cause : null
2024-12-03 09:22:20,940 [WARN] PackLoader:240 - Cannot read IP mode file for STMicroelectronics.X-CUBE-SFXS2LP1.4.0.0
2024-12-03 09:22:20,989 [WARN] PackLoader:240 - Cannot read IP mode file for STMicroelectronics.X-CUBE-AZRTOS-H7.3.3.0
2024-12-03 09:22:21,028 [WARN] PackLoader:240 - Cannot read IP mode file for STMicroelectronics.X-CUBE-IPS.3.0.0
2024-12-03 09:22:21,073 [WARN] ConditionMgr:438 - getConditionDescription Invalid condition id : UX DEVICE CLASS RTOS Condition cause : null
2024-12-03 09:22:21,073 [WARN] ConditionMgr:438 - getConditionDescription Invalid condition id : UX DEVICE CLASS RTOS Condition cause : null
2024-12-03 09:22:21,073 [WARN] PackLoader:240 - Cannot read IP mode file for STMicroelectronics.X-CUBE-AZRTOS-WB.2.0.0
2024-12-03 09:22:21,080 [WARN] ConditionMgr:1039 - genDependencies : Invalid condition id : UX DEVICE CLASS RTOS Condition cause : null
2024-12-03 09:22:21,080 [WARN] ConditionMgr:1039 - genDependencies : Invalid condition id : UX DEVICE CLASS RTOS Condition cause : null
2024-12-03 09:22:21,080 [WARN] ConditionMgr:1039 - genDependencies : Invalid condition id : UX DEVICE CLASS RTOS Condition cause : null
2024-12-03 09:22:21,080 [WARN] ConditionMgr:1039 - genDependencies : Invalid condition id : UX DEVICE CLASS RTOS Condition cause : null
2024-12-03 09:22:21,080 [WARN] ConditionMgr:1039 - genDependencies : Invalid condition id : UX DEVICE CLASS RTOS Condition cause : null
2024-12-03 09:22:21,111 [WARN] PackLoader:240 - Cannot read IP mode file for STMicroelectronics.X-CUBE-GNSS1.7.0.0
2024-12-03 09:22:21,140 [WARN] PackLoader:240 - Cannot read IP mode file for STMicroelectronics.FP-SNS-STBOX1.2.0.0
2024-12-03 09:22:21,169 [WARN] PackLoader:240 - Cannot read IP mode file for STMicroelectronics.X-CUBE-SUBG2.5.0.0
2024-12-03 09:22:21,198 [WARN] PackLoader:240 - Cannot read IP mode file for Cesanta.I-CUBE-Mongoose.7.13.0
2024-12-03 09:22:21,234 [WARN] PackLoader:240 - Cannot read IP mode file for STMicroelectronics.X-CUBE-AZRTOS-G4.2.0.0
2024-12-03 09:22:21,264 [WARN] PackLoader:240 - Cannot read IP mode file for STMicroelectronics.X-CUBE-ISPU.2.0.0
2024-12-03 09:22:21,288 [WARN] PackLoader:240 - Cannot read IP mode file for STMicroelectronics.X-CUBE-ALS.1.0.2
2024-12-03 09:22:21,317 [WARN] PackLoader:240 - Cannot read IP mode file for STMicroelectronics.X-CUBE-TOUCHGFX.4.24.0
2024-12-03 09:22:21,344 [WARN] PackLoader:240 - Cannot read IP mode file for STMicroelectronics.X-CUBE-TOUCHGFX.4.24.1
2024-12-03 09:22:21,369 [WARN] PackLoader:240 - Cannot read IP mode file for wolfSSL.I-CUBE-wolfTPM.3.4.0
2024-12-03 09:22:21,393 [WARN] PackLoader:240 - Cannot read IP mode file for portGmbH.I-Cube-SoM-uGOAL.1.1.0
2024-12-03 09:22:21,435 [WARN] PackLoader:240 - Cannot read IP mode file for STMicroelectronics.X-CUBE-AZRTOS-H7RS.1.0.0
2024-12-03 09:22:21,448 [WARN] PackLoader:240 - Cannot read IP mode file for STMicroelectronics.FP-ATR-ASTRA1.2.0.0
2024-12-03 09:22:21,478 [WARN] PackLoader:240 - Cannot read IP mode file for STMicroelectronics.X-CUBE-TOF1.3.4.2
2024-12-03 09:22:21,545 [WARN] PackLoader:240 - Cannot read IP mode file for Infineon.AIROC-Wi-Fi-Bluetooth-STM32.1.6.1
2024-12-03 09:22:21,574 [WARN] PackLoader:240 - Cannot read IP mode file for wolfSSL.I-CUBE-wolfSSH.1.4.17
2024-12-03 09:22:21,577 [INFO] ThirdParty:978 - Integrity check success = true
2024-12-03 09:22:21,577 [INFO] IntegrityCheckThread:100 - exiting critical section [integrity check]
2024-12-03 09:22:21,577 [INFO] IntegrityCheckThread:103 - End integrity checks thread
2024-12-03 09:22:25,213 [INFO] WebApp:167 - Instantiating new browser for Auth
2024-12-03 09:22:26,420 [INFO] WebApp:448 - Apply proxy settings
2024-12-03 09:22:26,420 [INFO] WebApp:533 - Chromium requires no authentication
2024-12-03 09:22:26,439 [INFO] WebApp:476 - Direct internet connection detected
2024-12-03 09:22:26,487 [INFO] WebApp:869 - Register for checkConnection events
2024-12-03 09:22:26,487 [INFO] WebApp:448 - Apply proxy settings
2024-12-03 09:22:26,487 [INFO] WebApp:533 - Chromium requires no authentication
2024-12-03 09:22:26,487 [INFO] WebApp:476 - Direct internet connection detected
2024-12-03 09:22:26,768 [INFO] WebApp:220 - Starting web application
2024-12-03 09:22:26,768 [INFO] WebApp:578 - Web application path used C:\ST\STM32CubeIDE_1.16.1\STM32CubeIDE\plugins\com.st.stm32cube.common.mx_6.12.1.202409122256\db\plugins\mcufinder\reactClient1\index.html
2024-12-03 09:22:27,783 [INFO] WebApp:186 - Connection restablished
2024-12-03 09:30:01,517 [INFO] WebApp:189 - Connection lost
2024-12-03 09:30:01,885 [INFO] WebApp:186 - Connection restablished
2024-12-03 09:33:47,996 [INFO] WebApp:189 - Connection lost
2024-12-03 09:33:48,316 [INFO] WebApp:186 - Connection restablished
2024-12-03 09:36:33,519 [INFO] WebApp:189 - Connection lost
2024-12-03 09:36:33,817 [INFO] WebApp:186 - Connection restablished
2024-12-03 09:39:02,048 [INFO] WebApp:189 - Connection lost
2024-12-03 09:39:02,777 [INFO] WebApp:186 - Connection restablished
2024-12-03 09:39:37,000 [INFO] WebApp:189 - Connection lost
2024-12-03 09:39:38,473 [INFO] WebApp:186 - Connection restablished
2024-12-03 09:42:41,981 [INFO] WebApp:189 - Connection lost
2024-12-03 09:42:42,294 [INFO] WebApp:186 - Connection restablished
2024-12-03 09:43:22,010 [INFO] WebApp:189 - Connection lost
2024-12-03 09:43:22,332 [INFO] WebApp:186 - Connection restablished
2024-12-03 09:45:04,008 [INFO] WebApp:189 - Connection lost
2024-12-03 09:45:05,562 [INFO] WebApp:186 - Connection restablished
2024-12-03 09:53:08,029 [INFO] WebApp:189 - Connection lost
2024-12-03 09:53:08,492 [INFO] WebApp:186 - Connection restablished
2024-12-03 09:54:22,000 [INFO] WebApp:189 - Connection lost
2024-12-03 09:54:22,325 [INFO] WebApp:186 - Connection restablished
2024-12-03 09:55:06,009 [INFO] WebApp:189 - Connection lost
2024-12-03 09:55:06,312 [INFO] WebApp:186 - Connection restablished
2024-12-03 09:55:40,486 [INFO] WebApp:189 - Connection lost
2024-12-03 09:55:40,781 [INFO] WebApp:186 - Connection restablished
2024-12-03 09:56:24,549 [INFO] WebApp:189 - Connection lost
2024-12-03 09:56:24,908 [INFO] WebApp:186 - Connection restablished
2024-12-03 09:57:41,519 [INFO] WebApp:189 - Connection lost
2024-12-03 09:57:41,832 [INFO] WebApp:186 - Connection restablished
2024-12-03 09:58:32,512 [INFO] WebApp:189 - Connection lost
2024-12-03 09:58:32,803 [INFO] WebApp:186 - Connection restablished
2024-12-03 10:00:41,015 [INFO] WebApp:189 - Connection lost
2024-12-03 10:00:41,331 [INFO] WebApp:186 - Connection restablished
2024-12-03 10:03:00,007 [INFO] WebApp:189 - Connection lost
2024-12-03 10:03:00,931 [INFO] WebApp:186 - Connection restablished
2024-12-03 10:06:15,502 [INFO] WebApp:189 - Connection lost
2024-12-03 10:06:15,807 [INFO] WebApp:186 - Connection restablished
2024-12-03 10:06:33,015 [INFO] WebApp:189 - Connection lost
2024-12-03 10:06:33,321 [INFO] WebApp:186 - Connection restablished
2024-12-03 10:08:14,015 [INFO] WebApp:189 - Connection lost
2024-12-03 10:08:14,316 [INFO] WebApp:186 - Connection restablished
2024-12-03 10:25:46,005 [INFO] WebApp:189 - Connection lost
2024-12-03 10:25:46,383 [INFO] WebApp:186 - Connection restablished
2024-12-03 10:27:06,984 [INFO] WebApp:189 - Connection lost
2024-12-03 10:27:07,449 [INFO] WebApp:186 - Connection restablished
2024-12-03 10:27:36,005 [INFO] WebApp:189 - Connection lost
2024-12-03 10:27:36,239 [INFO] WebApp:186 - Connection restablished
2024-12-03 10:30:48,995 [INFO] WebApp:189 - Connection lost
2024-12-03 10:30:49,341 [INFO] WebApp:186 - Connection restablished
2024-12-03 10:32:41,530 [INFO] WebApp:189 - Connection lost
2024-12-03 10:32:41,840 [INFO] WebApp:186 - Connection restablished
2024-12-03 11:53:26,498 [INFO] WebApp:189 - Connection lost
2024-12-03 11:53:26,722 [INFO] WebApp:186 - Connection restablished
2024-12-03 12:05:35,014 [INFO] WebApp:189 - Connection lost
2024-12-03 12:05:36,352 [INFO] WebApp:186 - Connection restablished
2024-12-03 12:08:05,984 [INFO] WebApp:189 - Connection lost
2024-12-03 12:08:06,272 [INFO] WebApp:186 - Connection restablished
2024-12-03 12:09:15,499 [INFO] WebApp:189 - Connection lost
2024-12-03 12:09:15,803 [INFO] WebApp:186 - Connection restablished
2024-12-03 12:10:24,009 [INFO] WebApp:189 - Connection lost
2024-12-03 12:10:24,320 [INFO] WebApp:186 - Connection restablished
2024-12-03 12:13:59,028 [INFO] WebApp:189 - Connection lost
2024-12-03 12:13:59,329 [INFO] WebApp:186 - Connection restablished
2024-12-03 12:15:28,024 [INFO] WebApp:189 - Connection lost
2024-12-03 12:15:28,315 [INFO] WebApp:186 - Connection restablished
2024-12-03 12:17:15,517 [INFO] WebApp:189 - Connection lost
2024-12-03 12:17:15,899 [INFO] WebApp:186 - Connection restablished
2024-12-03 12:18:33,511 [INFO] WebApp:189 - Connection lost
2024-12-03 12:18:34,826 [INFO] WebApp:186 - Connection restablished
2024-12-03 12:18:52,022 [INFO] WebApp:189 - Connection lost
2024-12-03 12:18:52,256 [INFO] WebApp:186 - Connection restablished
2024-12-03 12:19:24,016 [INFO] WebApp:189 - Connection lost
2024-12-03 12:19:24,675 [INFO] WebApp:186 - Connection restablished
2024-12-03 12:20:50,005 [INFO] WebApp:189 - Connection lost
2024-12-03 12:20:50,389 [INFO] WebApp:186 - Connection restablished
2024-12-03 12:21:46,022 [INFO] WebApp:189 - Connection lost
2024-12-03 12:21:46,333 [INFO] WebApp:186 - Connection restablished
2024-12-03 12:26:26,524 [INFO] WebApp:189 - Connection lost
2024-12-03 12:26:26,813 [INFO] WebApp:186 - Connection restablished
2024-12-03 12:29:25,515 [INFO] WebApp:189 - Connection lost
2024-12-03 12:29:25,865 [INFO] WebApp:186 - Connection restablished
2024-12-03 12:29:50,005 [INFO] WebApp:189 - Connection lost
2024-12-03 12:29:50,255 [INFO] WebApp:186 - Connection restablished
2024-12-03 12:31:22,516 [INFO] WebApp:189 - Connection lost
2024-12-03 12:31:22,850 [INFO] WebApp:186 - Connection restablished
2024-12-03 12:32:17,514 [INFO] WebApp:189 - Connection lost
2024-12-03 12:32:17,871 [INFO] WebApp:186 - Connection restablished
2024-12-03 12:32:49,004 [INFO] WebApp:189 - Connection lost
2024-12-03 12:32:49,294 [INFO] WebApp:186 - Connection restablished
2024-12-03 12:33:17,040 [INFO] WebApp:189 - Connection lost
2024-12-03 12:33:17,261 [INFO] WebApp:186 - Connection restablished
2024-12-03 12:34:37,516 [INFO] WebApp:189 - Connection lost
2024-12-03 12:34:37,858 [INFO] WebApp:186 - Connection restablished
2024-12-03 12:35:31,509 [INFO] WebApp:189 - Connection lost
2024-12-03 12:35:31,813 [INFO] WebApp:186 - Connection restablished
2024-12-03 12:36:27,498 [INFO] WebApp:189 - Connection lost
2024-12-03 12:36:27,800 [INFO] WebApp:186 - Connection restablished
2024-12-03 12:36:50,024 [INFO] WebApp:189 - Connection lost
2024-12-03 12:36:50,268 [INFO] WebApp:186 - Connection restablished
2024-12-03 12:38:30,530 [INFO] WebApp:189 - Connection lost
2024-12-03 12:38:30,851 [INFO] WebApp:186 - Connection restablished
2024-12-03 12:39:22,538 [INFO] WebApp:189 - Connection lost
2024-12-03 12:39:24,199 [INFO] WebApp:186 - Connection restablished
2024-12-03 12:40:31,003 [INFO] WebApp:189 - Connection lost
2024-12-03 12:40:31,387 [INFO] WebApp:186 - Connection restablished
2024-12-03 12:40:58,489 [INFO] WebApp:189 - Connection lost
2024-12-03 12:40:58,763 [INFO] WebApp:186 - Connection restablished
2024-12-03 12:43:01,517 [INFO] WebApp:189 - Connection lost
2024-12-03 12:43:01,827 [INFO] WebApp:186 - Connection restablished
2024-12-03 12:45:06,525 [INFO] WebApp:189 - Connection lost
2024-12-03 12:45:06,817 [INFO] WebApp:186 - Connection restablished
2024-12-03 12:45:23,492 [INFO] WebApp:189 - Connection lost
2024-12-03 12:45:23,890 [INFO] WebApp:186 - Connection restablished
2024-12-03 12:45:56,040 [INFO] WebApp:189 - Connection lost
2024-12-03 12:45:57,086 [INFO] WebApp:186 - Connection restablished
2024-12-03 12:47:26,505 [INFO] WebApp:189 - Connection lost
2024-12-03 12:47:26,805 [INFO] WebApp:186 - Connection restablished
2024-12-03 12:50:31,023 [INFO] WebApp:189 - Connection lost
2024-12-03 12:50:31,704 [INFO] WebApp:186 - Connection restablished
2024-12-03 13:03:04,504 [INFO] WebApp:189 - Connection lost
2024-12-03 13:03:04,808 [INFO] WebApp:186 - Connection restablished
2024-12-03 13:08:57,541 [INFO] WebApp:189 - Connection lost
2024-12-03 13:08:58,034 [INFO] WebApp:186 - Connection restablished
2024-12-03 13:12:16,058 [INFO] WebApp:189 - Connection lost
2024-12-03 13:12:16,974 [INFO] WebApp:186 - Connection restablished
2024-12-03 13:28:14,007 [INFO] WebApp:189 - Connection lost
2024-12-03 13:28:14,322 [INFO] WebApp:186 - Connection restablished
2024-12-03 14:36:35,492 [INFO] WebApp:189 - Connection lost
2024-12-03 14:36:35,956 [INFO] WebApp:186 - Connection restablished
2024-12-03 16:49:55,035 [INFO] WebApp:189 - Connection lost
2024-12-03 16:49:55,601 [INFO] WebApp:186 - Connection restablished
2024-12-03 19:39:09,766 [INFO] WebApp:189 - Connection lost
2024-12-03 19:39:11,081 [INFO] WebApp:186 - Connection restablished
2024-12-03 19:39:13,442 [INFO] WebApp:189 - Connection lost
2024-12-03 19:39:13,690 [INFO] WebApp:186 - Connection restablished
2024-12-03 19:39:36,100 [ERROR] LogOutputStream:75 - [STDERR_REDIRECT] 
