2024-11-25 18:16:20,527 [INFO] Activator:176 - 


2024-11-25 18:16:20,540 [INFO] Activator:177 - !SESSION log4j initialized
2024-11-25 18:16:30,741 [INFO] LogOutputStream:77 - [STDOUT_REDIRECT] 
2024-11-25 18:16:33,292 [INFO] ApplicationProperties:184 - Using Application install path: C:\ST\STM32CubeIDE_1.16.1\STM32CubeIDE\plugins\com.st.stm32cube.common.mx_6.12.1.202409122256
2024-11-25 18:16:33,321 [INFO] DbMcusXml:78 - Set database path to: C:\ST\STM32CubeIDE_1.16.1\STM32CubeIDE\plugins\com.st.stm32cube.common.mx_6.12.1.202409122256\\db\/mcu/
2024-11-25 18:16:33,321 [INFO] ApiDb:274 - Set plugin database path to: C:\ST\STM32CubeIDE_1.16.1\STM32CubeIDE\plugins\com.st.stm32cube.common.mx_6.12.1.202409122256\\db\/plugins/boardmanager/
2024-11-25 18:16:33,322 [WARN] ApiDb:259 - Overriding images path with different value:  => C:\ST\STM32CubeIDE_1.16.1\STM32CubeIDE\plugins\com.st.stm32cube.common.mx_6.12.1.202409122256\\db\/plugins/mcufinder/images/
2024-11-25 18:16:33,342 [INFO] ApiDb:250 - Set database path to: C:\Users\talur\.stmcufinder\plugins\mcufinder//mcu/
2024-11-25 18:16:33,343 [INFO] DbMcusAds:125 - Set database path to: C:\Users\talur\.stmcufinder\plugins\mcufinder//mcu/
2024-11-25 18:16:33,348 [INFO] CrossReferenceDbSqlite:203 - Set database path to: C:\Users\talur\.stmcufinder\plugins\mcufinder//mcu/cs/
2024-11-25 18:16:33,506 [INFO] RulesReader:64 - Compatibility file has been processed (297 Rules)
2024-11-25 18:16:33,633 [INFO] DbMcusXml:78 - Set database path to: C:\ST\STM32CubeIDE_1.16.1\STM32CubeIDE\plugins\com.st.stm32cube.common.mx_6.12.1.202409122256\\db\/mcu/
2024-11-25 18:16:33,633 [INFO] ApiDb:274 - Set plugin database path to: C:\ST\STM32CubeIDE_1.16.1\STM32CubeIDE\plugins\com.st.stm32cube.common.mx_6.12.1.202409122256\\db\/plugins/boardmanager/
2024-11-25 18:16:33,634 [INFO] ApiDb:261 - Set plugin images path to: C:\ST\STM32CubeIDE_1.16.1\STM32CubeIDE\plugins\com.st.stm32cube.common.mx_6.12.1.202409122256\\db\/plugins/mcufinder/images/
2024-11-25 18:16:33,634 [WARN] DbFile:41 - Overriding database path with different value: C:\Users\talur\.stmcufinder\plugins\mcufinder/ => C:\Users\talur\.stmcufinder\plugins\mcufinder
2024-11-25 18:16:33,634 [INFO] ApiDb:250 - Set database path to: C:\Users\talur\.stmcufinder\plugins\mcufinder//mcu/
2024-11-25 18:16:33,635 [WARN] DbFile:41 - Overriding database path with different value: C:\Users\talur\.stmcufinder\plugins\mcufinder/ => C:\Users\talur\.stmcufinder\plugins\mcufinder
2024-11-25 18:16:33,635 [INFO] DbMcusAds:125 - Set database path to: C:\Users\talur\.stmcufinder\plugins\mcufinder//mcu/
2024-11-25 18:16:33,635 [WARN] DbFile:41 - Overriding database path with different value: C:\Users\talur\.stmcufinder\plugins\mcufinder/ => C:\Users\talur\.stmcufinder\plugins\mcufinder
2024-11-25 18:16:33,635 [WARN] DbFile:41 - Overriding database path with different value: C:\Users\talur\.stmcufinder\plugins\mcufinder/ => C:\Users\talur\.stmcufinder\plugins\mcufinder
2024-11-25 18:16:33,635 [INFO] CrossReferenceDbSqlite:203 - Set database path to: C:\Users\talur\.stmcufinder\plugins\mcufinder//mcu/cs/
2024-11-25 18:16:33,772 [INFO] MainPanel:268 - HeapMemory: 268435456
2024-11-25 18:16:33,985 [INFO] DbMcusXml:78 - Set database path to: C:\ST\STM32CubeIDE_1.16.1\STM32CubeIDE\plugins\com.st.stm32cube.common.mx_6.12.1.202409122256\\db\/mcu/
2024-11-25 18:16:33,986 [INFO] ApiDb:274 - Set plugin database path to: C:\ST\STM32CubeIDE_1.16.1\STM32CubeIDE\plugins\com.st.stm32cube.common.mx_6.12.1.202409122256\\db\/plugins/boardmanager/
2024-11-25 18:16:33,987 [INFO] ApiDb:261 - Set plugin images path to: C:\ST\STM32CubeIDE_1.16.1\STM32CubeIDE\plugins\com.st.stm32cube.common.mx_6.12.1.202409122256\\db\/plugins/mcufinder/images/
2024-11-25 18:16:33,988 [WARN] DbFile:41 - Overriding database path with different value: C:\Users\talur\.stmcufinder\plugins\mcufinder/ => C:\Users\talur\.stmcufinder\plugins\mcufinder
2024-11-25 18:16:33,988 [INFO] ApiDb:250 - Set database path to: C:\Users\talur\.stmcufinder\plugins\mcufinder//mcu/
2024-11-25 18:16:33,988 [WARN] DbFile:41 - Overriding database path with different value: C:\Users\talur\.stmcufinder\plugins\mcufinder/ => C:\Users\talur\.stmcufinder\plugins\mcufinder
2024-11-25 18:16:33,989 [INFO] DbMcusAds:125 - Set database path to: C:\Users\talur\.stmcufinder\plugins\mcufinder//mcu/
2024-11-25 18:16:33,989 [WARN] DbFile:41 - Overriding database path with different value: C:\Users\talur\.stmcufinder\plugins\mcufinder/ => C:\Users\talur\.stmcufinder\plugins\mcufinder
2024-11-25 18:16:33,989 [WARN] DbFile:41 - Overriding database path with different value: C:\Users\talur\.stmcufinder\plugins\mcufinder/ => C:\Users\talur\.stmcufinder\plugins\mcufinder
2024-11-25 18:16:33,989 [INFO] CrossReferenceDbSqlite:203 - Set database path to: C:\Users\talur\.stmcufinder\plugins\mcufinder//mcu/cs/
2024-11-25 18:16:34,018 [INFO] ApplicationProperties:184 - Using Application install path: C:\ST\STM32CubeIDE_1.16.1\STM32CubeIDE\plugins\com.st.stm32cube.common.mx_6.12.1.202409122256
2024-11-25 18:16:34,021 [INFO] PluginManage:196 - Search for loadable plugins [exclusion list=, ]
2024-11-25 18:16:34,023 [INFO] PluginManage:310 - Check plugin analytics
2024-11-25 18:16:34,304 [INFO] AnalyticsPlugin:253 - Accepted Software Licenses: 
2024-11-25 18:16:34,305 [INFO] AnalyticsPlugin:255 - Accepted CMSIS Pack Licenses: 
2024-11-25 18:16:34,305 [INFO] AnalyticsPlugin:257 - Accepted Firmware Licenses: FW.F4.1.28.0
2024-11-25 18:16:34,309 [INFO] PluginManage:359 - Loaded plugin analytics (category:tool,tabindex:-1)
2024-11-25 18:16:34,310 [INFO] PluginManage:310 - Check plugin cadmodel
2024-11-25 18:16:34,343 [INFO] CADModel:105 - Init CAD model plugin
2024-11-25 18:16:34,343 [INFO] PluginManage:359 - Loaded plugin cadmodel (category:power,tabindex:5)
2024-11-25 18:16:34,344 [INFO] PluginManage:310 - Check plugin clock
2024-11-25 18:16:34,387 [INFO] PluginManage:359 - Loaded plugin clock (category:base,tabindex:2)
2024-11-25 18:16:34,387 [INFO] PluginManage:310 - Check plugin ddr
2024-11-25 18:16:34,394 [INFO] PluginManage:359 - Loaded plugin ddr (category:tool,tabindex:6)
2024-11-25 18:16:34,395 [INFO] PluginManage:310 - Check plugin filemanager
2024-11-25 18:16:34,635 [INFO] PluginManage:359 - Loaded plugin filemanager (category:base,tabindex:10)
2024-11-25 18:16:34,636 [INFO] PluginManage:310 - Check plugin ipmanager
2024-11-25 18:16:34,648 [INFO] PluginManage:359 - Loaded plugin ipmanager (category:base,tabindex:5)
2024-11-25 18:16:34,648 [INFO] PluginManage:310 - Check plugin lpbam
2024-11-25 18:16:34,676 [INFO] PluginManage:359 - Loaded plugin lpbam (category:base,tabindex:0)
2024-11-25 18:16:34,677 [INFO] PluginManage:310 - Check plugin memorymap
2024-11-25 18:16:34,716 [INFO] PluginManage:359 - Loaded plugin memorymap (category:base,tabindex:4)
2024-11-25 18:16:34,716 [INFO] PluginManage:310 - Check plugin pinoutandconfiguration
2024-11-25 18:16:34,741 [INFO] PluginManage:359 - Loaded plugin pinoutandconfiguration (category:base,tabindex:1)
2024-11-25 18:16:34,741 [INFO] PluginManage:310 - Check plugin pinoutconfig
2024-11-25 18:16:34,880 [WARN] SupportedApi:132 - Cannot load RTOS API schema: s4s-elt-must-match.1: The content of 'definitions' must match (annotation?, (simpleType | complexType)?, (unique | key | keyref)*)). A problem was found starting at: attribute.
2024-11-25 18:16:35,070 [INFO] PluginManage:359 - Loaded plugin pinoutconfig (category:base,tabindex:0)
2024-11-25 18:16:35,070 [INFO] PluginManage:310 - Check plugin power
2024-11-25 18:16:35,102 [INFO] PluginManage:359 - Loaded plugin power (category:power,tabindex:4)
2024-11-25 18:16:35,102 [INFO] PluginManage:310 - Check plugin projectmanager
2024-11-25 18:16:35,127 [INFO] PluginManage:359 - Loaded plugin projectmanager (category:projectmanager,tabindex:4)
2024-11-25 18:16:35,127 [INFO] PluginManage:310 - Check plugin rif
2024-11-25 18:16:35,148 [INFO] PluginManage:359 - Loaded plugin rif (category:base,tabindex:3)
2024-11-25 18:16:35,149 [INFO] PluginManage:310 - Check plugin thirdparty
2024-11-25 18:16:35,636 [INFO] PluginManage:359 - Loaded plugin thirdparty (category:base,tabindex:-1)
2024-11-25 18:16:35,636 [WARN] IntegrityCheckThread:84 - waiting for thirdparty lock release [integrity check]
2024-11-25 18:16:35,636 [INFO] IntegrityCheckThread:86 - entering critical section [integrity check]
2024-11-25 18:16:35,636 [INFO] PluginManage:310 - Check plugin tools
2024-11-25 18:16:35,637 [INFO] ThirdPartyUpdaterWithRetryManager:70 - Updater plugin not ready yet. [1/15]
2024-11-25 18:16:35,692 [INFO] PluginManage:359 - Loaded plugin tools (category:base,tabindex:7)
2024-11-25 18:16:35,692 [INFO] PluginManage:310 - Check plugin tutovideos
2024-11-25 18:16:35,978 [INFO] PluginManage:359 - Loaded plugin tutovideos (category:base,tabindex:-1)
2024-11-25 18:16:35,978 [INFO] PluginManage:310 - Check plugin updater
2024-11-25 18:16:36,005 [INFO] PluginManage:359 - Loaded plugin updater (category:base,tabindex:12)
2024-11-25 18:16:36,005 [INFO] PluginManage:310 - Check plugin userauth
2024-11-25 18:16:36,014 [INFO] UserAuth:113 - Init User Auth plugin
2024-11-25 18:16:36,015 [INFO] PluginManage:359 - Loaded plugin userauth (category:base,tabindex:14)
2024-11-25 18:16:36,016 [INFO] PluginManage:283 - PluginManage : Loaded plugins [18]
2024-11-25 18:16:36,357 [INFO] PinOutPanel:1561 - setPackage(No Configuration,No Configuration)
2024-11-25 18:16:36,495 [INFO] CADModel:165 - CPN selected for project level
2024-11-25 18:16:36,495 [INFO] CADModel:114 - Register for checkConnection events
2024-11-25 18:16:36,538 [INFO] IPUIPlugin:80 - create IPUIPlugin
2024-11-25 18:16:36,538 [INFO] PluginManager:220 - loadIPPluginJar : add adc
2024-11-25 18:16:36,591 [INFO] IPUIPlugin:80 - create IPUIPlugin
2024-11-25 18:16:36,592 [INFO] PluginManager:220 - loadIPPluginJar : add aes
2024-11-25 18:16:36,652 [INFO] IPUIPlugin:80 - create IPUIPlugin
2024-11-25 18:16:36,653 [INFO] PluginManager:220 - loadIPPluginJar : add can
2024-11-25 18:16:36,707 [INFO] IPUIPlugin:80 - create IPUIPlugin
2024-11-25 18:16:36,708 [INFO] PluginManager:220 - loadIPPluginJar : add comp
2024-11-25 18:16:36,767 [INFO] IPUIPlugin:80 - create IPUIPlugin
2024-11-25 18:16:36,767 [INFO] PluginManager:220 - loadIPPluginJar : add cryp
2024-11-25 18:16:36,786 [INFO] IPUIPlugin:80 - create IPUIPlugin
2024-11-25 18:16:36,786 [INFO] PluginManager:220 - loadIPPluginJar : add ddr_ctrl_phy
2024-11-25 18:16:36,832 [INFO] IPUIPlugin:80 - create IPUIPlugin
2024-11-25 18:16:36,832 [INFO] PluginManager:220 - loadIPPluginJar : add dfsdm
2024-11-25 18:16:36,854 [INFO] IPUIPlugin:80 - create IPUIPlugin
2024-11-25 18:16:36,855 [INFO] PluginManager:220 - loadIPPluginJar : add dma
2024-11-25 18:16:36,918 [INFO] IPUIPlugin:80 - create IPUIPlugin
2024-11-25 18:16:36,918 [INFO] PluginManager:220 - loadIPPluginJar : add dma3
2024-11-25 18:16:36,983 [INFO] IPUIPlugin:80 - create IPUIPlugin
2024-11-25 18:16:36,983 [INFO] PluginManager:220 - loadIPPluginJar : add extmemmanager
2024-11-25 18:16:37,019 [INFO] IPUIPlugin:80 - create IPUIPlugin
2024-11-25 18:16:37,019 [INFO] PluginManager:220 - loadIPPluginJar : add fatfs
2024-11-25 18:16:37,098 [INFO] IPUIPlugin:80 - create IPUIPlugin
2024-11-25 18:16:37,098 [INFO] PluginManager:220 - loadIPPluginJar : add fmc
2024-11-25 18:16:37,128 [INFO] IPUIPlugin:80 - create IPUIPlugin
2024-11-25 18:16:37,128 [INFO] PluginManager:220 - loadIPPluginJar : add freertos
2024-11-25 18:16:37,164 [INFO] IPUIPlugin:80 - create IPUIPlugin
2024-11-25 18:16:37,165 [INFO] PluginManager:220 - loadIPPluginJar : add genericplugin
2024-11-25 18:16:37,323 [INFO] IPUIPlugin:80 - create IPUIPlugin
2024-11-25 18:16:37,323 [INFO] PluginManager:220 - loadIPPluginJar : add gfxmmu
2024-11-25 18:16:37,537 [INFO] IPUIPlugin:80 - create IPUIPlugin
2024-11-25 18:16:37,537 [INFO] PluginManager:220 - loadIPPluginJar : add gic
2024-11-25 18:16:37,568 [INFO] IPUIPlugin:80 - create IPUIPlugin
2024-11-25 18:16:37,568 [INFO] PluginManager:220 - loadIPPluginJar : add gpio
2024-11-25 18:16:37,706 [INFO] IPUIPlugin:80 - create IPUIPlugin
2024-11-25 18:16:37,707 [INFO] PluginManager:220 - loadIPPluginJar : add gtzc
2024-11-25 18:16:37,780 [INFO] IPUIPlugin:80 - create IPUIPlugin
2024-11-25 18:16:37,780 [INFO] PluginManager:220 - loadIPPluginJar : add hash
2024-11-25 18:16:37,865 [INFO] IPUIPlugin:80 - create IPUIPlugin
2024-11-25 18:16:37,865 [INFO] PluginManager:220 - loadIPPluginJar : add i2c
2024-11-25 18:16:37,926 [INFO] IPUIPlugin:80 - create IPUIPlugin
2024-11-25 18:16:37,926 [INFO] PluginManager:220 - loadIPPluginJar : add i2s
2024-11-25 18:16:38,004 [INFO] IPUIPlugin:80 - create IPUIPlugin
2024-11-25 18:16:38,004 [INFO] PluginManager:220 - loadIPPluginJar : add i3c
2024-11-25 18:16:38,179 [INFO] IPUIPlugin:80 - create IPUIPlugin
2024-11-25 18:16:38,179 [INFO] PluginManager:220 - loadIPPluginJar : add ipddr
2024-11-25 18:16:38,336 [INFO] IPUIPlugin:80 - create IPUIPlugin
2024-11-25 18:16:38,337 [INFO] PluginManager:220 - loadIPPluginJar : add linkedlist
2024-11-25 18:16:38,396 [INFO] IPUIPlugin:80 - create IPUIPlugin
2024-11-25 18:16:38,396 [INFO] PluginManager:220 - loadIPPluginJar : add lorawan
2024-11-25 18:16:38,462 [INFO] IPUIPlugin:80 - create IPUIPlugin
2024-11-25 18:16:38,463 [INFO] PluginManager:220 - loadIPPluginJar : add ltdc
2024-11-25 18:16:38,490 [INFO] IPUIPlugin:80 - create IPUIPlugin
2024-11-25 18:16:38,490 [INFO] PluginManager:220 - loadIPPluginJar : add mdma
2024-11-25 18:16:38,510 [INFO] IPUIPlugin:80 - create IPUIPlugin
2024-11-25 18:16:38,510 [INFO] PluginManager:220 - loadIPPluginJar : add nvic
2024-11-25 18:16:38,581 [INFO] IPUIPlugin:80 - create IPUIPlugin
2024-11-25 18:16:38,581 [INFO] PluginManager:220 - loadIPPluginJar : add opamp
2024-11-25 18:16:38,641 [INFO] ThirdPartyUpdaterWithRetryManager:70 - Updater plugin not ready yet. [2/15]
2024-11-25 18:16:38,742 [INFO] IPUIPlugin:80 - create IPUIPlugin
2024-11-25 18:16:38,742 [INFO] PluginManager:220 - loadIPPluginJar : add openamp
2024-11-25 18:16:38,829 [INFO] IPUIPlugin:80 - create IPUIPlugin
2024-11-25 18:16:38,829 [INFO] PluginManager:220 - loadIPPluginJar : add pdm2pcm
2024-11-25 18:16:38,850 [INFO] IPUIPlugin:80 - create IPUIPlugin
2024-11-25 18:16:38,853 [INFO] PluginManager:220 - loadIPPluginJar : add plateformsettings
2024-11-25 18:16:38,890 [INFO] IPUIPlugin:80 - create IPUIPlugin
2024-11-25 18:16:38,891 [INFO] PluginManager:220 - loadIPPluginJar : add quadspi
2024-11-25 18:16:38,928 [INFO] IPUIPlugin:80 - create IPUIPlugin
2024-11-25 18:16:38,928 [INFO] PluginManager:220 - loadIPPluginJar : add radio
2024-11-25 18:16:38,948 [INFO] IPUIPlugin:80 - create IPUIPlugin
2024-11-25 18:16:38,949 [INFO] PluginManager:220 - loadIPPluginJar : add resmgrutility
2024-11-25 18:16:39,019 [INFO] IPUIPlugin:80 - create IPUIPlugin
2024-11-25 18:16:39,019 [INFO] PluginManager:220 - loadIPPluginJar : add sai
2024-11-25 18:16:39,073 [INFO] IPUIPlugin:80 - create IPUIPlugin
2024-11-25 18:16:39,075 [INFO] PluginManager:220 - loadIPPluginJar : add spi
2024-11-25 18:16:39,181 [INFO] IPUIPlugin:80 - create IPUIPlugin
2024-11-25 18:16:39,182 [INFO] PluginManager:220 - loadIPPluginJar : add stm32_wpan
2024-11-25 18:16:39,225 [INFO] IPUIPlugin:80 - create IPUIPlugin
2024-11-25 18:16:39,226 [INFO] PluginManager:220 - loadIPPluginJar : add tim
2024-11-25 18:16:39,319 [INFO] IPUIPlugin:80 - create IPUIPlugin
2024-11-25 18:16:39,320 [INFO] PluginManager:220 - loadIPPluginJar : add touchsensing
2024-11-25 18:16:39,353 [INFO] IPUIPlugin:80 - create IPUIPlugin
2024-11-25 18:16:39,353 [INFO] PluginManager:220 - loadIPPluginJar : add tracer_emb
2024-11-25 18:16:39,386 [INFO] IPUIPlugin:80 - create IPUIPlugin
2024-11-25 18:16:39,386 [INFO] PluginManager:220 - loadIPPluginJar : add ts
2024-11-25 18:16:39,419 [INFO] IPUIPlugin:80 - create IPUIPlugin
2024-11-25 18:16:39,419 [INFO] PluginManager:220 - loadIPPluginJar : add tsc
2024-11-25 18:16:39,451 [INFO] IPUIPlugin:80 - create IPUIPlugin
2024-11-25 18:16:39,451 [INFO] PluginManager:220 - loadIPPluginJar : add ucpd
2024-11-25 18:16:39,534 [INFO] IPUIPlugin:80 - create IPUIPlugin
2024-11-25 18:16:39,535 [INFO] PluginManager:220 - loadIPPluginJar : add usart
2024-11-25 18:16:39,602 [INFO] IPUIPlugin:80 - create IPUIPlugin
2024-11-25 18:16:39,602 [INFO] PluginManager:220 - loadIPPluginJar : add usbx
2024-11-25 18:16:39,772 [INFO] CADModel:165 - CPN selected for project level
2024-11-25 18:16:39,772 [INFO] CADModel:114 - Register for checkConnection events
2024-11-25 18:16:39,772 [FATAL] Updater:334 - Updater called before beeing initialized
2024-11-25 18:16:39,773 [ERROR] CADModel:125 - Updater not yet initialized, retry later 
2024-11-25 18:16:40,026 [INFO] CADModel:165 - CPN selected for project level
2024-11-25 18:16:40,026 [INFO] CADModel:114 - Register for checkConnection events
2024-11-25 18:16:40,026 [FATAL] Updater:334 - Updater called before beeing initialized
2024-11-25 18:16:40,026 [ERROR] CADModel:125 - Updater not yet initialized, retry later 
2024-11-25 18:16:40,033 [FATAL] Updater:334 - Updater called before beeing initialized
2024-11-25 18:16:40,183 [FATAL] Updater:334 - Updater called before beeing initialized
2024-11-25 18:16:40,199 [INFO] DbMcusAds:53 - JSON generation date=Fri Sep 20 18:34:38 IST 2024 (1726837478367)
2024-11-25 18:16:40,199 [FATAL] Updater:334 - Updater called before beeing initialized
2024-11-25 18:16:40,246 [WARN] DetailPanel:346 - Failed to get advertising image, set to default
2024-11-25 18:16:40,355 [FATAL] Updater:334 - Updater called before beeing initialized
2024-11-25 18:16:40,357 [FATAL] Updater:334 - Updater called before beeing initialized
2024-11-25 18:16:40,357 [FATAL] Updater:334 - Updater called before beeing initialized
2024-11-25 18:16:40,357 [WARN] DetailPanel:346 - Failed to get advertising image, set to default
2024-11-25 18:16:40,358 [FATAL] Updater:334 - Updater called before beeing initialized
2024-11-25 18:16:40,457 [ERROR] Updater:1164 - MainUpdater not yet initialized. External WinMGr cannot be set.
2024-11-25 18:16:40,475 [INFO] Updater:1100 - Updater Version found : 6.12.1
2024-11-25 18:16:40,502 [INFO] ApplicationProperties:184 - Using Application install path: C:\ST\STM32CubeIDE_1.16.1\STM32CubeIDE\plugins\com.st.stm32cube.common.mx_6.12.1.202409122256
2024-11-25 18:16:41,642 [INFO] ThirdPartyUpdaterWithRetryManager:70 - Updater plugin not ready yet. [3/15]
2024-11-25 18:16:42,104 [ERROR] LogOutputStream:75 - [STDERR_REDIRECT] Nov 25, 2024 6:16:42 PM java.util.prefs.WindowsPreferences <init>
2024-11-25 18:16:42,108 [ERROR] LogOutputStream:75 - [STDERR_REDIRECT] WARNING: Could not open/create prefs root node Software\JavaSoft\Prefs at root 0xffffffff80000002. Windows RegCreateKeyEx(...) returned error code 5.
2024-11-25 18:16:42,109 [ERROR] LogOutputStream:75 - [STDERR_REDIRECT] 
2024-11-25 18:16:43,697 [INFO] MainUpdater:2873 - connection check result : 10
2024-11-25 18:16:43,699 [INFO] MainUpdater:290 - Updater Check For Update Now.
2024-11-25 18:16:43,700 [INFO] MicroXplorer:498 - Change Database Version : DB.6.0.121
2024-11-25 18:16:43,751 [INFO] McuFinderGlobals:63 - Set McuFinder mode to 2 (CubeIDE integrated)
2024-11-25 18:16:43,752 [INFO] UserAuth:179 - activating auth plugin
2024-11-25 18:16:43,759 [INFO] UserAuth:417 - Internet connection configuration mode: 1
2024-11-25 18:16:43,842 [INFO] JxBrowserEngine:152 - Initiate JxBrowser Engine with user profile folder
2024-11-25 18:16:44,192 [INFO] CheckServerUpdateThread:120 - End of CheckServer Thread
2024-11-25 18:16:45,236 [WARN] PackLoader:240 - Cannot read IP mode file for STMicroelectronics.FP-SNS-MOTENVWB1.1.4.0
2024-11-25 18:16:45,273 [WARN] PackLoader:240 - Cannot read IP mode file for STMicroelectronics.FP-ATR-ASTRA1.2.0.1
2024-11-25 18:16:45,311 [WARN] PackLoader:240 - Cannot read IP mode file for STMicroelectronics.X-CUBE-SMBUS.2.1.0
2024-11-25 18:16:45,346 [WARN] PackLoader:240 - Cannot read IP mode file for STMicroelectronics.X-CUBE-WB05N.1.1.0
2024-11-25 18:16:45,421 [WARN] PackLoader:240 - Cannot read IP mode file for STMicroelectronics.X-CUBE-AZRTOS-F7.1.1.0
2024-11-25 18:16:45,606 [WARN] PackLoader:240 - Cannot read IP mode file for STMicroelectronics.X-CUBE-MEMS1.11.0.0
2024-11-25 18:16:45,982 [WARN] PackLoader:240 - Cannot read IP mode file for STMicroelectronics.FP-SNS-FLIGHT1.5.0.2
2024-11-25 18:16:46,034 [WARN] PackLoader:240 - Cannot read IP mode file for STMicroelectronics.X-CUBE-DISPLAY.3.0.0
2024-11-25 18:16:46,080 [WARN] PackLoader:240 - Cannot read IP mode file for STMicroelectronics.X-CUBE-BLE1.7.0.0
2024-11-25 18:16:46,123 [WARN] PackLoader:240 - Cannot read IP mode file for STMicroelectronics.X-CUBE-NFC10.1.0.0
2024-11-25 18:16:46,170 [WARN] PackLoader:240 - Cannot read IP mode file for emotas.I-CUBE-CANOPEN.1.3.0
2024-11-25 18:16:46,220 [WARN] PackLoader:240 - Cannot read IP mode file for STMicroelectronics.X-CUBE-BLEMGR.3.1.0
2024-11-25 18:16:46,263 [WARN] PackLoader:240 - Cannot read IP mode file for STMicroelectronics.FP-SNS-SMARTAG2.1.2.0
2024-11-25 18:16:46,316 [INFO] LogOutputStream:77 - [STDOUT_REDIRECT] 1 : Invalid condition id : UX_CORESTACK_Condition cause : null
2024-11-25 18:16:46,317 [INFO] LogOutputStream:77 - [STDOUT_REDIRECT] 1 : Invalid condition id : UX_CORESTACK_Condition cause : null
2024-11-25 18:16:46,320 [INFO] LogOutputStream:77 - [STDOUT_REDIRECT] 1 : Invalid condition id : UX_CORESTACK_Condition cause : null
2024-11-25 18:16:46,322 [INFO] LogOutputStream:77 - [STDOUT_REDIRECT] 1 : Invalid condition id : UX_CORESTACK_Condition cause : null
2024-11-25 18:16:46,326 [INFO] LogOutputStream:77 - [STDOUT_REDIRECT] 1 : Invalid condition id : UX_CORESTACK_Condition cause : null
2024-11-25 18:16:46,333 [WARN] PackLoader:240 - Cannot read IP mode file for STMicroelectronics.X-CUBE-AZRTOS-WL.2.0.0
2024-11-25 18:16:46,379 [WARN] PackLoader:240 - Cannot read IP mode file for STMicroelectronics.FP-SNS-MOTENV1.5.0.0
2024-11-25 18:16:46,416 [WARN] PackLoader:240 - Cannot read IP mode file for wolfSSL.I-CUBE-wolfMQTT.1.19.0
2024-11-25 18:16:46,453 [WARN] PackLoader:240 - Cannot read IP mode file for WES.I-CUBE-Cesium.1.3.0
2024-11-25 18:16:46,499 [WARN] PackLoader:240 - Cannot read IP mode file for STMicroelectronics.X-CUBE-BLE2.3.3.0
2024-11-25 18:16:46,537 [WARN] PackLoader:240 - Cannot read IP mode file for STMicroelectronics.X-CUBE-NFC9.1.0.0
2024-11-25 18:16:46,575 [WARN] PackLoader:240 - Cannot read IP mode file for STMicroelectronics.X-CUBE-TCPP.4.1.0
2024-11-25 18:16:46,656 [WARN] PackLoader:240 - Cannot read IP mode file for STMicroelectronics.X-CUBE-AZRTOS-G0.1.1.0
2024-11-25 18:16:46,699 [WARN] PackLoader:240 - Cannot read IP mode file for STMicroelectronics.X-CUBE-SAFEA1.1.2.2
2024-11-25 18:16:46,732 [WARN] PackLoader:240 - Cannot read IP mode file for STMicroelectronics.X-CUBE-NFC4.3.0.0
2024-11-25 18:16:46,782 [WARN] PackLoader:240 - Cannot read IP mode file for EmbeddedOffice.I-CUBE-FS-RTOS.1.0.1
2024-11-25 18:16:46,782 [ERROR] ConditionMgr:805 - Attr not supported : Dmpu
2024-11-25 18:16:46,783 [ERROR] ConditionMgr:805 - Attr not supported : Dmpu
2024-11-25 18:16:46,783 [ERROR] ConditionMgr:805 - Attr not supported : Dmpu
2024-11-25 18:16:46,783 [ERROR] ConditionMgr:805 - Attr not supported : Dmpu
2024-11-25 18:16:46,783 [ERROR] ConditionMgr:805 - Attr not supported : Dmpu
2024-11-25 18:16:46,783 [ERROR] ConditionMgr:805 - Attr not supported : Dmpu
2024-11-25 18:16:46,783 [ERROR] ConditionMgr:805 - Attr not supported : Dmpu
2024-11-25 18:16:46,784 [ERROR] ConditionMgr:805 - Attr not supported : Dmpu
2024-11-25 18:16:46,784 [ERROR] ConditionMgr:805 - Attr not supported : Dmpu
2024-11-25 18:16:46,784 [ERROR] ConditionMgr:805 - Attr not supported : Dmpu
2024-11-25 18:16:46,784 [ERROR] ConditionMgr:805 - Attr not supported : Dmpu
2024-11-25 18:16:46,784 [ERROR] ConditionMgr:805 - Attr not supported : Dmpu
2024-11-25 18:16:46,784 [ERROR] ConditionMgr:805 - Attr not supported : Dmpu
2024-11-25 18:16:46,784 [ERROR] ConditionMgr:805 - Attr not supported : Dmpu
2024-11-25 18:16:46,784 [ERROR] ConditionMgr:805 - Attr not supported : Dmpu
2024-11-25 18:16:46,785 [ERROR] ConditionMgr:805 - Attr not supported : Dmpu
2024-11-25 18:16:46,785 [ERROR] ConditionMgr:805 - Attr not supported : Dmpu
2024-11-25 18:16:46,785 [ERROR] ConditionMgr:805 - Attr not supported : Dmpu
2024-11-25 18:16:46,785 [ERROR] ConditionMgr:805 - Attr not supported : Dmpu
2024-11-25 18:16:46,785 [ERROR] ConditionMgr:805 - Attr not supported : Dmpu
2024-11-25 18:16:46,785 [ERROR] ConditionMgr:805 - Attr not supported : Dmpu
2024-11-25 18:16:46,785 [ERROR] ConditionMgr:805 - Attr not supported : Dmpu
2024-11-25 18:16:46,785 [ERROR] ConditionMgr:805 - Attr not supported : Dmpu
2024-11-25 18:16:46,785 [ERROR] ConditionMgr:805 - Attr not supported : Dmpu
2024-11-25 18:16:46,786 [ERROR] ConditionMgr:805 - Attr not supported : Dmpu
2024-11-25 18:16:46,786 [ERROR] ConditionMgr:805 - Attr not supported : Dmpu
2024-11-25 18:16:46,786 [ERROR] ConditionMgr:805 - Attr not supported : Dmpu
2024-11-25 18:16:46,786 [ERROR] ConditionMgr:805 - Attr not supported : Dmpu
2024-11-25 18:16:46,786 [ERROR] ConditionMgr:805 - Attr not supported : Dmpu
2024-11-25 18:16:46,786 [ERROR] ConditionMgr:805 - Attr not supported : Dmpu
2024-11-25 18:16:46,786 [ERROR] ConditionMgr:805 - Attr not supported : Dmpu
2024-11-25 18:16:46,787 [ERROR] ConditionMgr:805 - Attr not supported : Dmpu
2024-11-25 18:16:46,787 [ERROR] ConditionMgr:805 - Attr not supported : Dmpu
2024-11-25 18:16:46,787 [ERROR] ConditionMgr:805 - Attr not supported : Dmpu
2024-11-25 18:16:46,787 [ERROR] ConditionMgr:805 - Attr not supported : Dmpu
2024-11-25 18:16:46,788 [ERROR] ConditionMgr:805 - Attr not supported : Dmpu
2024-11-25 18:16:46,788 [ERROR] ConditionMgr:805 - Attr not supported : Dmpu
2024-11-25 18:16:46,788 [ERROR] ConditionMgr:805 - Attr not supported : Dmpu
2024-11-25 18:16:46,788 [ERROR] ConditionMgr:805 - Attr not supported : Dmpu
2024-11-25 18:16:46,788 [ERROR] ConditionMgr:805 - Attr not supported : Dmpu
2024-11-25 18:16:46,788 [ERROR] ConditionMgr:805 - Attr not supported : Dmpu
2024-11-25 18:16:46,788 [ERROR] ConditionMgr:805 - Attr not supported : Dmpu
2024-11-25 18:16:46,788 [ERROR] ConditionMgr:805 - Attr not supported : Dmpu
2024-11-25 18:16:46,789 [ERROR] ConditionMgr:805 - Attr not supported : Dmpu
2024-11-25 18:16:46,789 [ERROR] ConditionMgr:805 - Attr not supported : Dmpu
2024-11-25 18:16:46,789 [ERROR] ConditionMgr:805 - Attr not supported : Dmpu
2024-11-25 18:16:46,789 [ERROR] ConditionMgr:805 - Attr not supported : Dmpu
2024-11-25 18:16:46,789 [ERROR] ConditionMgr:805 - Attr not supported : Dmpu
2024-11-25 18:16:46,790 [ERROR] ConditionMgr:805 - Attr not supported : Dmpu
2024-11-25 18:16:46,790 [ERROR] ConditionMgr:805 - Attr not supported : Dmpu
2024-11-25 18:16:46,791 [ERROR] ConditionMgr:805 - Attr not supported : Dmpu
2024-11-25 18:16:46,793 [ERROR] ConditionMgr:805 - Attr not supported : Dmpu
2024-11-25 18:16:46,794 [ERROR] ConditionMgr:805 - Attr not supported : Dmpu
2024-11-25 18:16:46,794 [ERROR] ConditionMgr:805 - Attr not supported : Dmpu
2024-11-25 18:16:46,794 [ERROR] ConditionMgr:805 - Attr not supported : Dmpu
2024-11-25 18:16:46,794 [ERROR] ConditionMgr:805 - Attr not supported : Dmpu
2024-11-25 18:16:46,794 [ERROR] ConditionMgr:805 - Attr not supported : Dmpu
2024-11-25 18:16:46,795 [ERROR] ConditionMgr:805 - Attr not supported : Dmpu
2024-11-25 18:16:46,795 [ERROR] ConditionMgr:805 - Attr not supported : Dmpu
2024-11-25 18:16:46,795 [ERROR] ConditionMgr:805 - Attr not supported : Dmpu
2024-11-25 18:16:46,795 [ERROR] ConditionMgr:805 - Attr not supported : Dmpu
2024-11-25 18:16:46,795 [ERROR] ConditionMgr:805 - Attr not supported : Dmpu
2024-11-25 18:16:46,795 [ERROR] ConditionMgr:805 - Attr not supported : Dmpu
2024-11-25 18:16:46,795 [ERROR] ConditionMgr:805 - Attr not supported : Dmpu
2024-11-25 18:16:46,830 [WARN] PackLoader:240 - Cannot read IP mode file for RealThread.X-CUBE-RT-Thread_Nano.4.1.1
2024-11-25 18:16:46,873 [WARN] PackLoader:240 - Cannot read IP mode file for STMicroelectronics.FP-ATR-SIGFOX1.3.2.0
2024-11-25 18:16:46,917 [WARN] PackLoader:240 - Cannot read IP mode file for wolfSSL.I-CUBE-wolfSSL.5.7.2
2024-11-25 18:16:46,950 [WARN] ConditionMgr:438 - getConditionDescription Invalid condition id : Cortex-A Device cause : null
2024-11-25 18:16:47,004 [WARN] ConditionMgr:1039 - genDependencies : Invalid condition id : Cortex-A Device cause : null
2024-11-25 18:16:47,006 [WARN] ConditionMgr:1039 - genDependencies : Invalid condition id : Cortex-A Device cause : null
2024-11-25 18:16:47,006 [WARN] ConditionMgr:1039 - genDependencies : Invalid condition id : Cortex-A Device cause : null
2024-11-25 18:16:47,047 [WARN] PackLoader:240 - Cannot read IP mode file for STMicroelectronics.X-CUBE-EEPRMA1.5.1.0
2024-11-25 18:16:47,085 [WARN] PackLoader:240 - Cannot read IP mode file for wolfSSL.I-CUBE-wolfSSL.5.7.4
2024-11-25 18:16:47,129 [WARN] PackLoader:240 - Cannot read IP mode file for ITTIA_DB.I-CUBE-ITTIADB.8.9.0
2024-11-25 18:16:47,228 [WARN] PackLoader:240 - Cannot read IP mode file for SEGGER.I-CUBE-embOS.1.3.1
2024-11-25 18:16:47,329 [WARN] PackLoader:240 - Cannot read IP mode file for STMicroelectronics.X-CUBE-ALGOBUILD.1.4.0
2024-11-25 18:16:47,370 [WARN] PackLoader:240 - Cannot read IP mode file for STMicroelectronics.X-CUBE-AI.9.1.0
2024-11-25 18:16:47,435 [WARN] PackLoader:240 - Cannot read IP mode file for STMicroelectronics.X-CUBE-AZRTOS-F4.1.1.0
2024-11-25 18:16:47,472 [WARN] PackLoader:240 - Cannot read IP mode file for STMicroelectronics.X-CUBE-ISPU.2.1.0
2024-11-25 18:16:47,511 [WARN] PackLoader:240 - Cannot read IP mode file for STMicroelectronics.X-CUBE-FREERTOS.1.2.0
2024-11-25 18:16:47,570 [WARN] PackLoader:240 - Cannot read IP mode file for STMicroelectronics.X-CUBE-AZRTOS-L5.2.0.0
2024-11-25 18:16:47,618 [WARN] PackLoader:240 - Cannot read IP mode file for STMicroelectronics.X-CUBE-NFC6.3.1.0
2024-11-25 18:16:47,663 [WARN] PackLoader:240 - Cannot read IP mode file for STMicroelectronics.X-CUBE-DPower.1.2.0
2024-11-25 18:16:47,695 [WARN] PackLoader:240 - Cannot read IP mode file for STMicroelectronics.X-CUBE-AI.9.0.0
2024-11-25 18:16:47,731 [WARN] PackLoader:240 - Cannot read IP mode file for STMicroelectronics.X-CUBE-NFC7.1.0.1
2024-11-25 18:16:47,797 [WARN] ConditionMgr:438 - getConditionDescription Invalid condition id : LAN8742 Phy interface Condition cause : null
2024-11-25 18:16:47,799 [WARN] PackLoader:240 - Cannot read IP mode file for STMicroelectronics.X-CUBE-AZRTOS-L4.2.0.0
2024-11-25 18:16:47,816 [WARN] ConditionMgr:1039 - genDependencies : Invalid condition id : LAN8742 Phy interface Condition cause : null
2024-11-25 18:16:47,817 [WARN] ConditionMgr:1039 - genDependencies : Invalid condition id : LAN8742 Phy interface Condition cause : null
2024-11-25 18:16:47,819 [WARN] ConditionMgr:1039 - genDependencies : Invalid condition id : LAN8742 Phy interface Condition cause : null
2024-11-25 18:16:48,039 [WARN] PackLoader:240 - Cannot read IP mode file for STMicroelectronics.X-CUBE-SFXS2LP1.4.0.0
2024-11-25 18:16:48,130 [WARN] PackLoader:240 - Cannot read IP mode file for STMicroelectronics.X-CUBE-AZRTOS-H7.3.3.0
2024-11-25 18:16:48,190 [WARN] PackLoader:240 - Cannot read IP mode file for STMicroelectronics.X-CUBE-IPS.3.0.0
2024-11-25 18:16:48,260 [WARN] ConditionMgr:438 - getConditionDescription Invalid condition id : UX DEVICE CLASS RTOS Condition cause : null
2024-11-25 18:16:48,260 [WARN] ConditionMgr:438 - getConditionDescription Invalid condition id : UX DEVICE CLASS RTOS Condition cause : null
2024-11-25 18:16:48,263 [WARN] PackLoader:240 - Cannot read IP mode file for STMicroelectronics.X-CUBE-AZRTOS-WB.2.0.0
2024-11-25 18:16:48,265 [WARN] ConditionMgr:1039 - genDependencies : Invalid condition id : UX DEVICE CLASS RTOS Condition cause : null
2024-11-25 18:16:48,265 [WARN] ConditionMgr:1039 - genDependencies : Invalid condition id : UX DEVICE CLASS RTOS Condition cause : null
2024-11-25 18:16:48,266 [WARN] ConditionMgr:1039 - genDependencies : Invalid condition id : UX DEVICE CLASS RTOS Condition cause : null
2024-11-25 18:16:48,266 [WARN] ConditionMgr:1039 - genDependencies : Invalid condition id : UX DEVICE CLASS RTOS Condition cause : null
2024-11-25 18:16:48,266 [WARN] ConditionMgr:1039 - genDependencies : Invalid condition id : UX DEVICE CLASS RTOS Condition cause : null
2024-11-25 18:16:48,304 [WARN] PackLoader:240 - Cannot read IP mode file for STMicroelectronics.X-CUBE-GNSS1.7.0.0
2024-11-25 18:16:48,350 [WARN] PackLoader:240 - Cannot read IP mode file for STMicroelectronics.FP-SNS-STBOX1.2.0.0
2024-11-25 18:16:48,392 [WARN] PackLoader:240 - Cannot read IP mode file for STMicroelectronics.X-CUBE-SUBG2.5.0.0
2024-11-25 18:16:48,434 [WARN] PackLoader:240 - Cannot read IP mode file for Cesanta.I-CUBE-Mongoose.7.13.0
2024-11-25 18:16:48,496 [WARN] PackLoader:240 - Cannot read IP mode file for STMicroelectronics.X-CUBE-AZRTOS-G4.2.0.0
2024-11-25 18:16:48,531 [WARN] PackLoader:240 - Cannot read IP mode file for STMicroelectronics.X-CUBE-ISPU.2.0.0
2024-11-25 18:16:48,568 [WARN] PackLoader:240 - Cannot read IP mode file for STMicroelectronics.X-CUBE-ALS.1.0.2
2024-11-25 18:16:48,600 [WARN] PackLoader:240 - Cannot read IP mode file for STMicroelectronics.X-CUBE-TOUCHGFX.4.24.0
2024-11-25 18:16:48,631 [WARN] PackLoader:240 - Cannot read IP mode file for STMicroelectronics.X-CUBE-TOUCHGFX.4.24.1
2024-11-25 18:16:48,665 [WARN] PackLoader:240 - Cannot read IP mode file for wolfSSL.I-CUBE-wolfTPM.3.4.0
2024-11-25 18:16:48,703 [WARN] PackLoader:240 - Cannot read IP mode file for portGmbH.I-Cube-SoM-uGOAL.1.1.0
2024-11-25 18:16:48,771 [WARN] PackLoader:240 - Cannot read IP mode file for STMicroelectronics.X-CUBE-AZRTOS-H7RS.1.0.0
2024-11-25 18:16:48,803 [WARN] PackLoader:240 - Cannot read IP mode file for STMicroelectronics.FP-ATR-ASTRA1.2.0.0
2024-11-25 18:16:48,849 [WARN] PackLoader:240 - Cannot read IP mode file for STMicroelectronics.X-CUBE-TOF1.3.4.2
2024-11-25 18:16:48,930 [WARN] PackLoader:240 - Cannot read IP mode file for Infineon.AIROC-Wi-Fi-Bluetooth-STM32.1.6.1
2024-11-25 18:16:48,970 [WARN] PackLoader:240 - Cannot read IP mode file for wolfSSL.I-CUBE-wolfSSH.1.4.17
2024-11-25 18:16:48,971 [INFO] ThirdParty:978 - Integrity check success = true
2024-11-25 18:16:48,971 [INFO] IntegrityCheckThread:100 - exiting critical section [integrity check]
2024-11-25 18:16:48,971 [INFO] IntegrityCheckThread:103 - End integrity checks thread
2024-11-25 18:16:55,471 [INFO] WebApp:167 - Instantiating new browser for Auth
2024-11-25 18:16:57,004 [INFO] WebApp:448 - Apply proxy settings
2024-11-25 18:16:57,005 [INFO] WebApp:533 - Chromium requires no authentication
2024-11-25 18:16:57,038 [INFO] WebApp:476 - Direct internet connection detected
2024-11-25 18:16:57,094 [INFO] WebApp:869 - Register for checkConnection events
2024-11-25 18:16:57,094 [INFO] WebApp:448 - Apply proxy settings
2024-11-25 18:16:57,095 [INFO] WebApp:533 - Chromium requires no authentication
2024-11-25 18:16:57,095 [INFO] WebApp:476 - Direct internet connection detected
2024-11-25 18:16:57,501 [INFO] WebApp:186 - Connection restablished
2024-11-25 18:16:57,504 [INFO] WebApp:220 - Starting web application
2024-11-25 18:16:57,504 [INFO] WebApp:578 - Web application path used C:\ST\STM32CubeIDE_1.16.1\STM32CubeIDE\plugins\com.st.stm32cube.common.mx_6.12.1.202409122256\db\plugins\mcufinder\reactClient1\index.html
2024-11-25 18:21:39,233 [INFO] WebApp:189 - Connection lost
2024-11-25 18:21:39,638 [INFO] WebApp:186 - Connection restablished
2024-11-25 18:23:10,182 [INFO] WebApp:189 - Connection lost
2024-11-25 18:23:10,545 [INFO] WebApp:186 - Connection restablished
2024-11-25 18:23:56,207 [INFO] WebApp:189 - Connection lost
2024-11-25 18:23:56,697 [INFO] WebApp:186 - Connection restablished
2024-11-25 18:24:48,195 [INFO] WebApp:189 - Connection lost
2024-11-25 18:24:48,543 [INFO] WebApp:186 - Connection restablished
2024-11-25 18:26:26,717 [INFO] WebApp:189 - Connection lost
2024-11-25 18:26:27,055 [INFO] WebApp:186 - Connection restablished
2024-11-25 18:27:44,711 [INFO] WebApp:189 - Connection lost
2024-11-25 18:27:45,221 [INFO] WebApp:186 - Connection restablished
2024-11-25 18:28:33,206 [INFO] WebApp:189 - Connection lost
2024-11-25 18:28:33,654 [INFO] WebApp:186 - Connection restablished
2024-11-25 18:29:05,223 [INFO] WebApp:189 - Connection lost
2024-11-25 18:29:05,527 [INFO] WebApp:186 - Connection restablished
2024-11-25 18:29:43,219 [INFO] WebApp:189 - Connection lost
2024-11-25 18:29:43,535 [INFO] WebApp:186 - Connection restablished
2024-11-25 18:30:29,728 [INFO] WebApp:189 - Connection lost
2024-11-25 18:30:30,077 [INFO] WebApp:186 - Connection restablished
2024-11-25 18:31:01,692 [INFO] WebApp:189 - Connection lost
2024-11-25 18:31:02,038 [INFO] WebApp:186 - Connection restablished
2024-11-25 18:33:20,187 [INFO] WebApp:189 - Connection lost
2024-11-25 18:33:20,514 [INFO] WebApp:186 - Connection restablished
2024-11-25 19:43:45,208 [ERROR] LogOutputStream:75 - [STDERR_REDIRECT] 
