2025-03-15 17:24:42,928 [INFO] Activator:176 - 


2025-03-15 17:24:42,938 [INFO] Activator:177 - !SESSION log4j initialized
2025-03-15 17:24:53,830 [INFO] LogOutputStream:77 - [STDOUT_REDIRECT] 
2025-03-15 17:24:56,726 [INFO] ApplicationProperties:184 - Using Application install path: C:\ST\STM32CubeIDE_1.16.1\STM32CubeIDE\plugins\com.st.stm32cube.common.mx_6.12.1.202409122256
2025-03-15 17:24:56,758 [INFO] DbMcusXml:78 - Set database path to: C:\ST\STM32CubeIDE_1.16.1\STM32CubeIDE\plugins\com.st.stm32cube.common.mx_6.12.1.202409122256\\db\/mcu/
2025-03-15 17:24:56,759 [INFO] ApiDb:274 - Set plugin database path to: C:\ST\STM32CubeIDE_1.16.1\STM32CubeIDE\plugins\com.st.stm32cube.common.mx_6.12.1.202409122256\\db\/plugins/boardmanager/
2025-03-15 17:24:56,760 [WARN] ApiDb:259 - Overriding images path with different value:  => C:\ST\STM32CubeIDE_1.16.1\STM32CubeIDE\plugins\com.st.stm32cube.common.mx_6.12.1.202409122256\\db\/plugins/mcufinder/images/
2025-03-15 17:24:56,779 [INFO] ApiDb:250 - Set database path to: C:\Users\talur\.stmcufinder\plugins\mcufinder//mcu/
2025-03-15 17:24:56,781 [INFO] DbMcusAds:125 - Set database path to: C:\Users\talur\.stmcufinder\plugins\mcufinder//mcu/
2025-03-15 17:24:56,786 [INFO] CrossReferenceDbSqlite:203 - Set database path to: C:\Users\talur\.stmcufinder\plugins\mcufinder//mcu/cs/
2025-03-15 17:24:56,984 [INFO] RulesReader:64 - Compatibility file has been processed (297 Rules)
2025-03-15 17:24:57,140 [INFO] DbMcusXml:78 - Set database path to: C:\ST\STM32CubeIDE_1.16.1\STM32CubeIDE\plugins\com.st.stm32cube.common.mx_6.12.1.202409122256\\db\/mcu/
2025-03-15 17:24:57,140 [INFO] ApiDb:274 - Set plugin database path to: C:\ST\STM32CubeIDE_1.16.1\STM32CubeIDE\plugins\com.st.stm32cube.common.mx_6.12.1.202409122256\\db\/plugins/boardmanager/
2025-03-15 17:24:57,141 [INFO] ApiDb:261 - Set plugin images path to: C:\ST\STM32CubeIDE_1.16.1\STM32CubeIDE\plugins\com.st.stm32cube.common.mx_6.12.1.202409122256\\db\/plugins/mcufinder/images/
2025-03-15 17:24:57,141 [WARN] DbFile:41 - Overriding database path with different value: C:\Users\talur\.stmcufinder\plugins\mcufinder/ => C:\Users\talur\.stmcufinder\plugins\mcufinder
2025-03-15 17:24:57,141 [INFO] ApiDb:250 - Set database path to: C:\Users\talur\.stmcufinder\plugins\mcufinder//mcu/
2025-03-15 17:24:57,141 [WARN] DbFile:41 - Overriding database path with different value: C:\Users\talur\.stmcufinder\plugins\mcufinder/ => C:\Users\talur\.stmcufinder\plugins\mcufinder
2025-03-15 17:24:57,141 [INFO] DbMcusAds:125 - Set database path to: C:\Users\talur\.stmcufinder\plugins\mcufinder//mcu/
2025-03-15 17:24:57,141 [WARN] DbFile:41 - Overriding database path with different value: C:\Users\talur\.stmcufinder\plugins\mcufinder/ => C:\Users\talur\.stmcufinder\plugins\mcufinder
2025-03-15 17:24:57,141 [WARN] DbFile:41 - Overriding database path with different value: C:\Users\talur\.stmcufinder\plugins\mcufinder/ => C:\Users\talur\.stmcufinder\plugins\mcufinder
2025-03-15 17:24:57,142 [INFO] CrossReferenceDbSqlite:203 - Set database path to: C:\Users\talur\.stmcufinder\plugins\mcufinder//mcu/cs/
2025-03-15 17:24:57,312 [INFO] MainPanel:268 - HeapMemory: 268435456
2025-03-15 17:24:57,539 [INFO] DbMcusXml:78 - Set database path to: C:\ST\STM32CubeIDE_1.16.1\STM32CubeIDE\plugins\com.st.stm32cube.common.mx_6.12.1.202409122256\\db\/mcu/
2025-03-15 17:24:57,539 [INFO] ApiDb:274 - Set plugin database path to: C:\ST\STM32CubeIDE_1.16.1\STM32CubeIDE\plugins\com.st.stm32cube.common.mx_6.12.1.202409122256\\db\/plugins/boardmanager/
2025-03-15 17:24:57,539 [INFO] ApiDb:261 - Set plugin images path to: C:\ST\STM32CubeIDE_1.16.1\STM32CubeIDE\plugins\com.st.stm32cube.common.mx_6.12.1.202409122256\\db\/plugins/mcufinder/images/
2025-03-15 17:24:57,540 [WARN] DbFile:41 - Overriding database path with different value: C:\Users\talur\.stmcufinder\plugins\mcufinder/ => C:\Users\talur\.stmcufinder\plugins\mcufinder
2025-03-15 17:24:57,540 [INFO] ApiDb:250 - Set database path to: C:\Users\talur\.stmcufinder\plugins\mcufinder//mcu/
2025-03-15 17:24:57,540 [WARN] DbFile:41 - Overriding database path with different value: C:\Users\talur\.stmcufinder\plugins\mcufinder/ => C:\Users\talur\.stmcufinder\plugins\mcufinder
2025-03-15 17:24:57,540 [INFO] DbMcusAds:125 - Set database path to: C:\Users\talur\.stmcufinder\plugins\mcufinder//mcu/
2025-03-15 17:24:57,540 [WARN] DbFile:41 - Overriding database path with different value: C:\Users\talur\.stmcufinder\plugins\mcufinder/ => C:\Users\talur\.stmcufinder\plugins\mcufinder
2025-03-15 17:24:57,540 [WARN] DbFile:41 - Overriding database path with different value: C:\Users\talur\.stmcufinder\plugins\mcufinder/ => C:\Users\talur\.stmcufinder\plugins\mcufinder
2025-03-15 17:24:57,540 [INFO] CrossReferenceDbSqlite:203 - Set database path to: C:\Users\talur\.stmcufinder\plugins\mcufinder//mcu/cs/
2025-03-15 17:24:57,573 [INFO] ApplicationProperties:184 - Using Application install path: C:\ST\STM32CubeIDE_1.16.1\STM32CubeIDE\plugins\com.st.stm32cube.common.mx_6.12.1.202409122256
2025-03-15 17:24:57,576 [INFO] PluginManage:196 - Search for loadable plugins [exclusion list=, ]
2025-03-15 17:24:57,579 [INFO] PluginManage:310 - Check plugin analytics
2025-03-15 17:24:57,961 [INFO] AnalyticsPlugin:253 - Accepted Software Licenses: 
2025-03-15 17:24:57,961 [INFO] AnalyticsPlugin:255 - Accepted CMSIS Pack Licenses: 
2025-03-15 17:24:57,962 [INFO] AnalyticsPlugin:257 - Accepted Firmware Licenses: FW.F4.1.28.0
2025-03-15 17:24:57,968 [INFO] PluginManage:359 - Loaded plugin analytics (category:tool,tabindex:-1)
2025-03-15 17:24:57,969 [INFO] PluginManage:310 - Check plugin cadmodel
2025-03-15 17:24:58,007 [INFO] CADModel:105 - Init CAD model plugin
2025-03-15 17:24:58,008 [INFO] PluginManage:359 - Loaded plugin cadmodel (category:power,tabindex:5)
2025-03-15 17:24:58,009 [INFO] PluginManage:310 - Check plugin clock
2025-03-15 17:24:58,053 [INFO] PluginManage:359 - Loaded plugin clock (category:base,tabindex:2)
2025-03-15 17:24:58,054 [INFO] PluginManage:310 - Check plugin ddr
2025-03-15 17:24:58,061 [INFO] PluginManage:359 - Loaded plugin ddr (category:tool,tabindex:6)
2025-03-15 17:24:58,061 [INFO] PluginManage:310 - Check plugin filemanager
2025-03-15 17:24:58,367 [INFO] PluginManage:359 - Loaded plugin filemanager (category:base,tabindex:10)
2025-03-15 17:24:58,368 [INFO] PluginManage:310 - Check plugin ipmanager
2025-03-15 17:24:58,383 [INFO] PluginManage:359 - Loaded plugin ipmanager (category:base,tabindex:5)
2025-03-15 17:24:58,383 [INFO] PluginManage:310 - Check plugin lpbam
2025-03-15 17:24:58,418 [INFO] PluginManage:359 - Loaded plugin lpbam (category:base,tabindex:0)
2025-03-15 17:24:58,419 [INFO] PluginManage:310 - Check plugin memorymap
2025-03-15 17:24:58,467 [INFO] PluginManage:359 - Loaded plugin memorymap (category:base,tabindex:4)
2025-03-15 17:24:58,468 [INFO] PluginManage:310 - Check plugin pinoutandconfiguration
2025-03-15 17:24:58,504 [INFO] PluginManage:359 - Loaded plugin pinoutandconfiguration (category:base,tabindex:1)
2025-03-15 17:24:58,504 [INFO] PluginManage:310 - Check plugin pinoutconfig
2025-03-15 17:24:58,696 [WARN] SupportedApi:132 - Cannot load RTOS API schema: s4s-elt-must-match.1: The content of 'definitions' must match (annotation?, (simpleType | complexType)?, (unique | key | keyref)*)). A problem was found starting at: attribute.
2025-03-15 17:24:59,006 [INFO] PluginManage:359 - Loaded plugin pinoutconfig (category:base,tabindex:0)
2025-03-15 17:24:59,007 [INFO] PluginManage:310 - Check plugin power
2025-03-15 17:24:59,050 [INFO] PluginManage:359 - Loaded plugin power (category:power,tabindex:4)
2025-03-15 17:24:59,050 [INFO] PluginManage:310 - Check plugin projectmanager
2025-03-15 17:24:59,081 [INFO] PluginManage:359 - Loaded plugin projectmanager (category:projectmanager,tabindex:4)
2025-03-15 17:24:59,082 [INFO] PluginManage:310 - Check plugin rif
2025-03-15 17:24:59,112 [INFO] PluginManage:359 - Loaded plugin rif (category:base,tabindex:3)
2025-03-15 17:24:59,112 [INFO] PluginManage:310 - Check plugin thirdparty
2025-03-15 17:24:59,669 [INFO] PluginManage:359 - Loaded plugin thirdparty (category:base,tabindex:-1)
2025-03-15 17:24:59,669 [WARN] IntegrityCheckThread:84 - waiting for thirdparty lock release [integrity check]
2025-03-15 17:24:59,669 [INFO] PluginManage:310 - Check plugin tools
2025-03-15 17:24:59,669 [INFO] IntegrityCheckThread:86 - entering critical section [integrity check]
2025-03-15 17:24:59,670 [INFO] ThirdPartyUpdaterWithRetryManager:70 - Updater plugin not ready yet. [1/15]
2025-03-15 17:24:59,749 [INFO] PluginManage:359 - Loaded plugin tools (category:base,tabindex:7)
2025-03-15 17:24:59,749 [INFO] PluginManage:310 - Check plugin tutovideos
2025-03-15 17:25:00,085 [INFO] PluginManage:359 - Loaded plugin tutovideos (category:base,tabindex:-1)
2025-03-15 17:25:00,085 [INFO] PluginManage:310 - Check plugin updater
2025-03-15 17:25:00,112 [INFO] PluginManage:359 - Loaded plugin updater (category:base,tabindex:12)
2025-03-15 17:25:00,113 [INFO] PluginManage:310 - Check plugin userauth
2025-03-15 17:25:00,122 [INFO] UserAuth:113 - Init User Auth plugin
2025-03-15 17:25:00,122 [INFO] PluginManage:359 - Loaded plugin userauth (category:base,tabindex:14)
2025-03-15 17:25:00,123 [INFO] PluginManage:283 - PluginManage : Loaded plugins [18]
2025-03-15 17:25:00,472 [INFO] PinOutPanel:1561 - setPackage(No Configuration,No Configuration)
2025-03-15 17:25:00,617 [INFO] CADModel:165 - CPN selected for project level
2025-03-15 17:25:00,617 [INFO] CADModel:114 - Register for checkConnection events
2025-03-15 17:25:00,658 [INFO] IPUIPlugin:80 - create IPUIPlugin
2025-03-15 17:25:00,658 [INFO] PluginManager:220 - loadIPPluginJar : add adc
2025-03-15 17:25:00,730 [INFO] IPUIPlugin:80 - create IPUIPlugin
2025-03-15 17:25:00,730 [INFO] PluginManager:220 - loadIPPluginJar : add aes
2025-03-15 17:25:00,800 [INFO] IPUIPlugin:80 - create IPUIPlugin
2025-03-15 17:25:00,800 [INFO] PluginManager:220 - loadIPPluginJar : add can
2025-03-15 17:25:00,843 [INFO] IPUIPlugin:80 - create IPUIPlugin
2025-03-15 17:25:00,843 [INFO] PluginManager:220 - loadIPPluginJar : add comp
2025-03-15 17:25:00,900 [INFO] IPUIPlugin:80 - create IPUIPlugin
2025-03-15 17:25:00,900 [INFO] PluginManager:220 - loadIPPluginJar : add cryp
2025-03-15 17:25:00,918 [INFO] IPUIPlugin:80 - create IPUIPlugin
2025-03-15 17:25:00,919 [INFO] PluginManager:220 - loadIPPluginJar : add ddr_ctrl_phy
2025-03-15 17:25:00,971 [INFO] IPUIPlugin:80 - create IPUIPlugin
2025-03-15 17:25:00,971 [INFO] PluginManager:220 - loadIPPluginJar : add dfsdm
2025-03-15 17:25:00,992 [INFO] IPUIPlugin:80 - create IPUIPlugin
2025-03-15 17:25:00,992 [INFO] PluginManager:220 - loadIPPluginJar : add dma
2025-03-15 17:25:01,068 [INFO] IPUIPlugin:80 - create IPUIPlugin
2025-03-15 17:25:01,068 [INFO] PluginManager:220 - loadIPPluginJar : add dma3
2025-03-15 17:25:01,140 [INFO] IPUIPlugin:80 - create IPUIPlugin
2025-03-15 17:25:01,140 [INFO] PluginManager:220 - loadIPPluginJar : add extmemmanager
2025-03-15 17:25:01,174 [INFO] IPUIPlugin:80 - create IPUIPlugin
2025-03-15 17:25:01,193 [INFO] PluginManager:220 - loadIPPluginJar : add fatfs
2025-03-15 17:25:01,272 [INFO] IPUIPlugin:80 - create IPUIPlugin
2025-03-15 17:25:01,272 [INFO] PluginManager:220 - loadIPPluginJar : add fmc
2025-03-15 17:25:01,294 [INFO] IPUIPlugin:80 - create IPUIPlugin
2025-03-15 17:25:01,294 [INFO] PluginManager:220 - loadIPPluginJar : add freertos
2025-03-15 17:25:01,329 [INFO] IPUIPlugin:80 - create IPUIPlugin
2025-03-15 17:25:01,329 [INFO] PluginManager:220 - loadIPPluginJar : add genericplugin
2025-03-15 17:25:01,480 [INFO] IPUIPlugin:80 - create IPUIPlugin
2025-03-15 17:25:01,480 [INFO] PluginManager:220 - loadIPPluginJar : add gfxmmu
2025-03-15 17:25:01,728 [INFO] IPUIPlugin:80 - create IPUIPlugin
2025-03-15 17:25:01,729 [INFO] PluginManager:220 - loadIPPluginJar : add gic
2025-03-15 17:25:01,749 [INFO] IPUIPlugin:80 - create IPUIPlugin
2025-03-15 17:25:01,749 [INFO] PluginManager:220 - loadIPPluginJar : add gpio
2025-03-15 17:25:01,899 [INFO] IPUIPlugin:80 - create IPUIPlugin
2025-03-15 17:25:01,899 [INFO] PluginManager:220 - loadIPPluginJar : add gtzc
2025-03-15 17:25:01,964 [INFO] IPUIPlugin:80 - create IPUIPlugin
2025-03-15 17:25:01,964 [INFO] PluginManager:220 - loadIPPluginJar : add hash
2025-03-15 17:25:02,054 [INFO] IPUIPlugin:80 - create IPUIPlugin
2025-03-15 17:25:02,055 [INFO] PluginManager:220 - loadIPPluginJar : add i2c
2025-03-15 17:25:02,123 [INFO] IPUIPlugin:80 - create IPUIPlugin
2025-03-15 17:25:02,124 [INFO] PluginManager:220 - loadIPPluginJar : add i2s
2025-03-15 17:25:02,193 [INFO] IPUIPlugin:80 - create IPUIPlugin
2025-03-15 17:25:02,193 [INFO] PluginManager:220 - loadIPPluginJar : add i3c
2025-03-15 17:25:02,353 [INFO] IPUIPlugin:80 - create IPUIPlugin
2025-03-15 17:25:02,353 [INFO] PluginManager:220 - loadIPPluginJar : add ipddr
2025-03-15 17:25:02,515 [INFO] IPUIPlugin:80 - create IPUIPlugin
2025-03-15 17:25:02,515 [INFO] PluginManager:220 - loadIPPluginJar : add linkedlist
2025-03-15 17:25:02,577 [INFO] IPUIPlugin:80 - create IPUIPlugin
2025-03-15 17:25:02,578 [INFO] PluginManager:220 - loadIPPluginJar : add lorawan
2025-03-15 17:25:02,639 [INFO] IPUIPlugin:80 - create IPUIPlugin
2025-03-15 17:25:02,639 [INFO] PluginManager:220 - loadIPPluginJar : add ltdc
2025-03-15 17:25:02,662 [INFO] IPUIPlugin:80 - create IPUIPlugin
2025-03-15 17:25:02,663 [INFO] PluginManager:220 - loadIPPluginJar : add mdma
2025-03-15 17:25:02,672 [INFO] ThirdPartyUpdaterWithRetryManager:70 - Updater plugin not ready yet. [2/15]
2025-03-15 17:25:02,683 [INFO] IPUIPlugin:80 - create IPUIPlugin
2025-03-15 17:25:02,684 [INFO] PluginManager:220 - loadIPPluginJar : add nvic
2025-03-15 17:25:02,752 [INFO] IPUIPlugin:80 - create IPUIPlugin
2025-03-15 17:25:02,752 [INFO] PluginManager:220 - loadIPPluginJar : add opamp
2025-03-15 17:25:02,861 [INFO] IPUIPlugin:80 - create IPUIPlugin
2025-03-15 17:25:02,861 [INFO] PluginManager:220 - loadIPPluginJar : add openamp
2025-03-15 17:25:02,932 [INFO] IPUIPlugin:80 - create IPUIPlugin
2025-03-15 17:25:02,932 [INFO] PluginManager:220 - loadIPPluginJar : add pdm2pcm
2025-03-15 17:25:02,953 [INFO] IPUIPlugin:80 - create IPUIPlugin
2025-03-15 17:25:02,955 [INFO] PluginManager:220 - loadIPPluginJar : add plateformsettings
2025-03-15 17:25:02,993 [INFO] IPUIPlugin:80 - create IPUIPlugin
2025-03-15 17:25:02,993 [INFO] PluginManager:220 - loadIPPluginJar : add quadspi
2025-03-15 17:25:03,036 [INFO] IPUIPlugin:80 - create IPUIPlugin
2025-03-15 17:25:03,037 [INFO] PluginManager:220 - loadIPPluginJar : add radio
2025-03-15 17:25:03,057 [INFO] IPUIPlugin:80 - create IPUIPlugin
2025-03-15 17:25:03,057 [INFO] PluginManager:220 - loadIPPluginJar : add resmgrutility
2025-03-15 17:25:03,150 [INFO] IPUIPlugin:80 - create IPUIPlugin
2025-03-15 17:25:03,151 [INFO] PluginManager:220 - loadIPPluginJar : add sai
2025-03-15 17:25:03,290 [INFO] IPUIPlugin:80 - create IPUIPlugin
2025-03-15 17:25:03,290 [INFO] PluginManager:220 - loadIPPluginJar : add spi
2025-03-15 17:25:03,425 [INFO] IPUIPlugin:80 - create IPUIPlugin
2025-03-15 17:25:03,425 [INFO] PluginManager:220 - loadIPPluginJar : add stm32_wpan
2025-03-15 17:25:03,465 [INFO] IPUIPlugin:80 - create IPUIPlugin
2025-03-15 17:25:03,466 [INFO] PluginManager:220 - loadIPPluginJar : add tim
2025-03-15 17:25:03,566 [INFO] IPUIPlugin:80 - create IPUIPlugin
2025-03-15 17:25:03,566 [INFO] PluginManager:220 - loadIPPluginJar : add touchsensing
2025-03-15 17:25:03,605 [INFO] IPUIPlugin:80 - create IPUIPlugin
2025-03-15 17:25:03,605 [INFO] PluginManager:220 - loadIPPluginJar : add tracer_emb
2025-03-15 17:25:03,659 [INFO] IPUIPlugin:80 - create IPUIPlugin
2025-03-15 17:25:03,659 [INFO] PluginManager:220 - loadIPPluginJar : add ts
2025-03-15 17:25:03,701 [INFO] IPUIPlugin:80 - create IPUIPlugin
2025-03-15 17:25:03,703 [INFO] PluginManager:220 - loadIPPluginJar : add tsc
2025-03-15 17:25:03,741 [INFO] IPUIPlugin:80 - create IPUIPlugin
2025-03-15 17:25:03,741 [INFO] PluginManager:220 - loadIPPluginJar : add ucpd
2025-03-15 17:25:03,828 [INFO] IPUIPlugin:80 - create IPUIPlugin
2025-03-15 17:25:03,828 [INFO] PluginManager:220 - loadIPPluginJar : add usart
2025-03-15 17:25:03,898 [INFO] IPUIPlugin:80 - create IPUIPlugin
2025-03-15 17:25:03,898 [INFO] PluginManager:220 - loadIPPluginJar : add usbx
2025-03-15 17:25:04,043 [INFO] CADModel:165 - CPN selected for project level
2025-03-15 17:25:04,043 [INFO] CADModel:114 - Register for checkConnection events
2025-03-15 17:25:04,044 [FATAL] Updater:334 - Updater called before beeing initialized
2025-03-15 17:25:04,044 [ERROR] CADModel:125 - Updater not yet initialized, retry later 
2025-03-15 17:25:04,253 [INFO] CADModel:165 - CPN selected for project level
2025-03-15 17:25:04,253 [INFO] CADModel:114 - Register for checkConnection events
2025-03-15 17:25:04,253 [FATAL] Updater:334 - Updater called before beeing initialized
2025-03-15 17:25:04,253 [ERROR] CADModel:125 - Updater not yet initialized, retry later 
2025-03-15 17:25:04,258 [FATAL] Updater:334 - Updater called before beeing initialized
2025-03-15 17:25:04,421 [FATAL] Updater:334 - Updater called before beeing initialized
2025-03-15 17:25:04,444 [INFO] DbMcusAds:53 - JSON generation date=Thu Mar 06 20:24:21 IST 2025 (1741272861825)
2025-03-15 17:25:04,444 [FATAL] Updater:334 - Updater called before beeing initialized
2025-03-15 17:25:04,503 [WARN] DetailPanel:346 - Failed to get advertising image, set to default
2025-03-15 17:25:04,607 [FATAL] Updater:334 - Updater called before beeing initialized
2025-03-15 17:25:04,610 [FATAL] Updater:334 - Updater called before beeing initialized
2025-03-15 17:25:04,611 [FATAL] Updater:334 - Updater called before beeing initialized
2025-03-15 17:25:04,611 [WARN] DetailPanel:346 - Failed to get advertising image, set to default
2025-03-15 17:25:04,612 [FATAL] Updater:334 - Updater called before beeing initialized
2025-03-15 17:25:04,727 [ERROR] Updater:1164 - MainUpdater not yet initialized. External WinMGr cannot be set.
2025-03-15 17:25:04,749 [INFO] Updater:1100 - Updater Version found : 6.12.1
2025-03-15 17:25:04,785 [INFO] ApplicationProperties:184 - Using Application install path: C:\ST\STM32CubeIDE_1.16.1\STM32CubeIDE\plugins\com.st.stm32cube.common.mx_6.12.1.202409122256
2025-03-15 17:25:05,674 [INFO] ThirdPartyUpdaterWithRetryManager:70 - Updater plugin not ready yet. [3/15]
2025-03-15 17:25:06,398 [ERROR] LogOutputStream:75 - [STDERR_REDIRECT] Mar 15, 2025 5:25:06 PM java.util.prefs.WindowsPreferences <init>
2025-03-15 17:25:06,402 [ERROR] LogOutputStream:75 - [STDERR_REDIRECT] WARNING: Could not open/create prefs root node Software\JavaSoft\Prefs at root 0xffffffff80000002. Windows RegCreateKeyEx(...) returned error code 5.
2025-03-15 17:25:06,404 [ERROR] LogOutputStream:75 - [STDERR_REDIRECT] 
2025-03-15 17:25:07,368 [INFO] MainUpdater:2873 - connection check result : 10
2025-03-15 17:25:07,372 [INFO] MainUpdater:290 - Updater Check For Update Now.
2025-03-15 17:25:07,372 [INFO] MicroXplorer:498 - Change Database Version : DB.6.0.121
2025-03-15 17:25:07,447 [INFO] McuFinderGlobals:63 - Set McuFinder mode to 2 (CubeIDE integrated)
2025-03-15 17:25:07,448 [INFO] UserAuth:179 - activating auth plugin
2025-03-15 17:25:07,464 [INFO] UserAuth:417 - Internet connection configuration mode: 1
2025-03-15 17:25:07,598 [INFO] JxBrowserEngine:152 - Initiate JxBrowser Engine with user profile folder
2025-03-15 17:25:07,839 [INFO] CheckServerUpdateThread:120 - End of CheckServer Thread
2025-03-15 17:25:09,380 [WARN] PackLoader:240 - Cannot read IP mode file for STMicroelectronics.FP-SNS-MOTENVWB1.1.4.0
2025-03-15 17:25:09,433 [WARN] PackLoader:240 - Cannot read IP mode file for STMicroelectronics.FP-ATR-ASTRA1.2.0.2
2025-03-15 17:25:09,469 [WARN] PackLoader:240 - Cannot read IP mode file for STMicroelectronics.FP-ATR-ASTRA1.2.0.1
2025-03-15 17:25:09,508 [WARN] PackLoader:240 - Cannot read IP mode file for STMicroelectronics.X-CUBE-SMBUS.2.1.0
2025-03-15 17:25:09,551 [WARN] PackLoader:240 - Cannot read IP mode file for STMicroelectronics.X-CUBE-WB05N.1.1.0
2025-03-15 17:25:09,665 [WARN] PackLoader:240 - Cannot read IP mode file for STMicroelectronics.X-CUBE-AZRTOS-F7.1.1.0
2025-03-15 17:25:09,915 [WARN] PackLoader:240 - Cannot read IP mode file for STMicroelectronics.X-CUBE-MEMS1.11.0.0
2025-03-15 17:25:10,296 [WARN] PackLoader:240 - Cannot read IP mode file for STMicroelectronics.FP-SNS-FLIGHT1.5.0.2
2025-03-15 17:25:10,341 [WARN] PackLoader:240 - Cannot read IP mode file for STMicroelectronics.X-CUBE-DISPLAY.3.0.0
2025-03-15 17:25:10,390 [WARN] PackLoader:240 - Cannot read IP mode file for STMicroelectronics.X-CUBE-BLE1.7.0.0
2025-03-15 17:25:10,434 [WARN] PackLoader:240 - Cannot read IP mode file for STMicroelectronics.X-CUBE-NFC10.1.0.0
2025-03-15 17:25:10,485 [WARN] PackLoader:240 - Cannot read IP mode file for STMicroelectronics.X-CUBE-BLEMGR.4.0.0
2025-03-15 17:25:10,536 [WARN] PackLoader:240 - Cannot read IP mode file for emotas.I-CUBE-CANOPEN.1.3.0
2025-03-15 17:25:10,584 [WARN] PackLoader:240 - Cannot read IP mode file for STMicroelectronics.X-CUBE-BLEMGR.3.1.0
2025-03-15 17:25:10,629 [WARN] PackLoader:240 - Cannot read IP mode file for STMicroelectronics.X-CUBE-AI.10.0.0
2025-03-15 17:25:10,671 [WARN] PackLoader:240 - Cannot read IP mode file for STMicroelectronics.FP-SNS-SMARTAG2.1.2.0
2025-03-15 17:25:10,829 [WARN] PackLoader:240 - Cannot read IP mode file for STMicroelectronics.X-CUBE-MEMS1.11.1.0
2025-03-15 17:25:11,095 [INFO] LogOutputStream:77 - [STDOUT_REDIRECT] 1 : Invalid condition id : UX_CORESTACK_Condition cause : null
2025-03-15 17:25:11,096 [INFO] LogOutputStream:77 - [STDOUT_REDIRECT] 1 : Invalid condition id : UX_CORESTACK_Condition cause : null
2025-03-15 17:25:11,099 [INFO] LogOutputStream:77 - [STDOUT_REDIRECT] 1 : Invalid condition id : UX_CORESTACK_Condition cause : null
2025-03-15 17:25:11,101 [INFO] LogOutputStream:77 - [STDOUT_REDIRECT] 1 : Invalid condition id : UX_CORESTACK_Condition cause : null
2025-03-15 17:25:11,104 [INFO] LogOutputStream:77 - [STDOUT_REDIRECT] 1 : Invalid condition id : UX_CORESTACK_Condition cause : null
2025-03-15 17:25:11,109 [WARN] PackLoader:240 - Cannot read IP mode file for STMicroelectronics.X-CUBE-AZRTOS-WL.2.0.0
2025-03-15 17:25:11,147 [WARN] PackLoader:240 - Cannot read IP mode file for STMicroelectronics.FP-SNS-MOTENV1.5.0.0
2025-03-15 17:25:11,189 [WARN] PackLoader:240 - Cannot read IP mode file for wolfSSL.I-CUBE-wolfMQTT.1.19.0
2025-03-15 17:25:11,226 [WARN] PackLoader:240 - Cannot read IP mode file for WES.I-CUBE-Cesium.1.3.0
2025-03-15 17:25:11,268 [WARN] PackLoader:240 - Cannot read IP mode file for STMicroelectronics.X-CUBE-BLE2.3.3.0
2025-03-15 17:25:11,306 [WARN] PackLoader:240 - Cannot read IP mode file for STMicroelectronics.X-CUBE-NFC9.1.0.0
2025-03-15 17:25:11,346 [WARN] PackLoader:240 - Cannot read IP mode file for STMicroelectronics.X-CUBE-BLE1.7.1.0
2025-03-15 17:25:11,395 [WARN] PackLoader:240 - Cannot read IP mode file for STMicroelectronics.X-CUBE-TCPP.4.1.0
2025-03-15 17:25:11,468 [WARN] PackLoader:240 - Cannot read IP mode file for STMicroelectronics.X-CUBE-AZRTOS-G0.1.1.0
2025-03-15 17:25:11,516 [WARN] PackLoader:240 - Cannot read IP mode file for STMicroelectronics.X-CUBE-SAFEA1.1.2.2
2025-03-15 17:25:11,562 [WARN] PackLoader:240 - Cannot read IP mode file for STMicroelectronics.X-CUBE-NFC4.3.0.0
2025-03-15 17:25:11,609 [WARN] PackLoader:240 - Cannot read IP mode file for EmbeddedOffice.I-CUBE-FS-RTOS.1.0.1
2025-03-15 17:25:11,611 [ERROR] ConditionMgr:805 - Attr not supported : Dmpu
2025-03-15 17:25:11,612 [ERROR] ConditionMgr:805 - Attr not supported : Dmpu
2025-03-15 17:25:11,612 [ERROR] ConditionMgr:805 - Attr not supported : Dmpu
2025-03-15 17:25:11,613 [ERROR] ConditionMgr:805 - Attr not supported : Dmpu
2025-03-15 17:25:11,613 [ERROR] ConditionMgr:805 - Attr not supported : Dmpu
2025-03-15 17:25:11,613 [ERROR] ConditionMgr:805 - Attr not supported : Dmpu
2025-03-15 17:25:11,613 [ERROR] ConditionMgr:805 - Attr not supported : Dmpu
2025-03-15 17:25:11,614 [ERROR] ConditionMgr:805 - Attr not supported : Dmpu
2025-03-15 17:25:11,614 [ERROR] ConditionMgr:805 - Attr not supported : Dmpu
2025-03-15 17:25:11,614 [ERROR] ConditionMgr:805 - Attr not supported : Dmpu
2025-03-15 17:25:11,614 [ERROR] ConditionMgr:805 - Attr not supported : Dmpu
2025-03-15 17:25:11,614 [ERROR] ConditionMgr:805 - Attr not supported : Dmpu
2025-03-15 17:25:11,615 [ERROR] ConditionMgr:805 - Attr not supported : Dmpu
2025-03-15 17:25:11,615 [ERROR] ConditionMgr:805 - Attr not supported : Dmpu
2025-03-15 17:25:11,615 [ERROR] ConditionMgr:805 - Attr not supported : Dmpu
2025-03-15 17:25:11,615 [ERROR] ConditionMgr:805 - Attr not supported : Dmpu
2025-03-15 17:25:11,615 [ERROR] ConditionMgr:805 - Attr not supported : Dmpu
2025-03-15 17:25:11,615 [ERROR] ConditionMgr:805 - Attr not supported : Dmpu
2025-03-15 17:25:11,615 [ERROR] ConditionMgr:805 - Attr not supported : Dmpu
2025-03-15 17:25:11,616 [ERROR] ConditionMgr:805 - Attr not supported : Dmpu
2025-03-15 17:25:11,616 [ERROR] ConditionMgr:805 - Attr not supported : Dmpu
2025-03-15 17:25:11,616 [ERROR] ConditionMgr:805 - Attr not supported : Dmpu
2025-03-15 17:25:11,616 [ERROR] ConditionMgr:805 - Attr not supported : Dmpu
2025-03-15 17:25:11,616 [ERROR] ConditionMgr:805 - Attr not supported : Dmpu
2025-03-15 17:25:11,616 [ERROR] ConditionMgr:805 - Attr not supported : Dmpu
2025-03-15 17:25:11,617 [ERROR] ConditionMgr:805 - Attr not supported : Dmpu
2025-03-15 17:25:11,617 [ERROR] ConditionMgr:805 - Attr not supported : Dmpu
2025-03-15 17:25:11,617 [ERROR] ConditionMgr:805 - Attr not supported : Dmpu
2025-03-15 17:25:11,617 [ERROR] ConditionMgr:805 - Attr not supported : Dmpu
2025-03-15 17:25:11,617 [ERROR] ConditionMgr:805 - Attr not supported : Dmpu
2025-03-15 17:25:11,617 [ERROR] ConditionMgr:805 - Attr not supported : Dmpu
2025-03-15 17:25:11,617 [ERROR] ConditionMgr:805 - Attr not supported : Dmpu
2025-03-15 17:25:11,618 [ERROR] ConditionMgr:805 - Attr not supported : Dmpu
2025-03-15 17:25:11,618 [ERROR] ConditionMgr:805 - Attr not supported : Dmpu
2025-03-15 17:25:11,618 [ERROR] ConditionMgr:805 - Attr not supported : Dmpu
2025-03-15 17:25:11,618 [ERROR] ConditionMgr:805 - Attr not supported : Dmpu
2025-03-15 17:25:11,618 [ERROR] ConditionMgr:805 - Attr not supported : Dmpu
2025-03-15 17:25:11,619 [ERROR] ConditionMgr:805 - Attr not supported : Dmpu
2025-03-15 17:25:11,619 [ERROR] ConditionMgr:805 - Attr not supported : Dmpu
2025-03-15 17:25:11,620 [ERROR] ConditionMgr:805 - Attr not supported : Dmpu
2025-03-15 17:25:11,620 [ERROR] ConditionMgr:805 - Attr not supported : Dmpu
2025-03-15 17:25:11,620 [ERROR] ConditionMgr:805 - Attr not supported : Dmpu
2025-03-15 17:25:11,620 [ERROR] ConditionMgr:805 - Attr not supported : Dmpu
2025-03-15 17:25:11,620 [ERROR] ConditionMgr:805 - Attr not supported : Dmpu
2025-03-15 17:25:11,620 [ERROR] ConditionMgr:805 - Attr not supported : Dmpu
2025-03-15 17:25:11,620 [ERROR] ConditionMgr:805 - Attr not supported : Dmpu
2025-03-15 17:25:11,621 [ERROR] ConditionMgr:805 - Attr not supported : Dmpu
2025-03-15 17:25:11,621 [ERROR] ConditionMgr:805 - Attr not supported : Dmpu
2025-03-15 17:25:11,621 [ERROR] ConditionMgr:805 - Attr not supported : Dmpu
2025-03-15 17:25:11,621 [ERROR] ConditionMgr:805 - Attr not supported : Dmpu
2025-03-15 17:25:11,621 [ERROR] ConditionMgr:805 - Attr not supported : Dmpu
2025-03-15 17:25:11,622 [ERROR] ConditionMgr:805 - Attr not supported : Dmpu
2025-03-15 17:25:11,622 [ERROR] ConditionMgr:805 - Attr not supported : Dmpu
2025-03-15 17:25:11,622 [ERROR] ConditionMgr:805 - Attr not supported : Dmpu
2025-03-15 17:25:11,622 [ERROR] ConditionMgr:805 - Attr not supported : Dmpu
2025-03-15 17:25:11,622 [ERROR] ConditionMgr:805 - Attr not supported : Dmpu
2025-03-15 17:25:11,622 [ERROR] ConditionMgr:805 - Attr not supported : Dmpu
2025-03-15 17:25:11,622 [ERROR] ConditionMgr:805 - Attr not supported : Dmpu
2025-03-15 17:25:11,622 [ERROR] ConditionMgr:805 - Attr not supported : Dmpu
2025-03-15 17:25:11,623 [ERROR] ConditionMgr:805 - Attr not supported : Dmpu
2025-03-15 17:25:11,623 [ERROR] ConditionMgr:805 - Attr not supported : Dmpu
2025-03-15 17:25:11,623 [ERROR] ConditionMgr:805 - Attr not supported : Dmpu
2025-03-15 17:25:11,624 [ERROR] ConditionMgr:805 - Attr not supported : Dmpu
2025-03-15 17:25:11,624 [ERROR] ConditionMgr:805 - Attr not supported : Dmpu
2025-03-15 17:25:11,669 [ERROR] Engine:466 - C:\Users\talur\.stm32cubemx\thirdparties\pdsc\STMicroelectronics.X-CUBE-TCPP.4.2.0.pdsc: PDSC version is not supported
2025-03-15 17:25:11,954 [WARN] PackLoader:240 - Cannot read IP mode file for RealThread.X-CUBE-RT-Thread_Nano.4.1.1
2025-03-15 17:25:11,991 [WARN] PackLoader:240 - Cannot read IP mode file for STMicroelectronics.FP-ATR-SIGFOX1.3.2.0
2025-03-15 17:25:12,025 [WARN] PackLoader:240 - Cannot read IP mode file for wolfSSL.I-CUBE-wolfSSL.5.7.2
2025-03-15 17:25:12,065 [WARN] ConditionMgr:438 - getConditionDescription Invalid condition id : Cortex-A Device cause : null
2025-03-15 17:25:12,121 [WARN] ConditionMgr:1039 - genDependencies : Invalid condition id : Cortex-A Device cause : null
2025-03-15 17:25:12,122 [WARN] ConditionMgr:1039 - genDependencies : Invalid condition id : Cortex-A Device cause : null
2025-03-15 17:25:12,122 [WARN] ConditionMgr:1039 - genDependencies : Invalid condition id : Cortex-A Device cause : null
2025-03-15 17:25:12,163 [WARN] PackLoader:240 - Cannot read IP mode file for STMicroelectronics.X-CUBE-EEPRMA1.5.1.0
2025-03-15 17:25:12,205 [WARN] PackLoader:240 - Cannot read IP mode file for wolfSSL.I-CUBE-wolfSSL.5.7.4
2025-03-15 17:25:12,253 [WARN] PackLoader:240 - Cannot read IP mode file for ITTIA_DB.I-CUBE-ITTIADB.8.9.0
2025-03-15 17:25:12,347 [WARN] PackLoader:240 - Cannot read IP mode file for SEGGER.I-CUBE-embOS.1.3.1
2025-03-15 17:25:12,442 [WARN] PackLoader:240 - Cannot read IP mode file for STMicroelectronics.X-CUBE-ALGOBUILD.1.4.0
2025-03-15 17:25:12,482 [WARN] PackLoader:240 - Cannot read IP mode file for STMicroelectronics.X-CUBE-AI.9.1.0
2025-03-15 17:25:12,550 [WARN] PackLoader:240 - Cannot read IP mode file for STMicroelectronics.X-CUBE-AZRTOS-F4.1.1.0
2025-03-15 17:25:12,585 [WARN] PackLoader:240 - Cannot read IP mode file for STMicroelectronics.X-CUBE-ISPU.2.1.0
2025-03-15 17:25:12,615 [WARN] PackLoader:240 - Cannot read IP mode file for STMicroelectronics.X-CUBE-FREERTOS.1.2.0
2025-03-15 17:25:12,679 [WARN] PackLoader:240 - Cannot read IP mode file for STMicroelectronics.X-CUBE-AZRTOS-L5.2.0.0
2025-03-15 17:25:12,718 [WARN] PackLoader:240 - Cannot read IP mode file for STMicroelectronics.X-CUBE-NFC6.3.1.0
2025-03-15 17:25:12,760 [WARN] PackLoader:240 - Cannot read IP mode file for STMicroelectronics.X-CUBE-DPower.1.2.0
2025-03-15 17:25:12,791 [WARN] PackLoader:240 - Cannot read IP mode file for STMicroelectronics.X-CUBE-AI.9.0.0
2025-03-15 17:25:12,822 [WARN] PackLoader:240 - Cannot read IP mode file for STMicroelectronics.X-CUBE-FREERTOS.1.3.0
2025-03-15 17:25:12,859 [WARN] PackLoader:240 - Cannot read IP mode file for STMicroelectronics.X-CUBE-NFC7.1.0.1
2025-03-15 17:25:12,930 [WARN] ConditionMgr:438 - getConditionDescription Invalid condition id : LAN8742 Phy interface Condition cause : null
2025-03-15 17:25:12,931 [WARN] PackLoader:240 - Cannot read IP mode file for STMicroelectronics.X-CUBE-AZRTOS-L4.2.0.0
2025-03-15 17:25:12,933 [WARN] ConditionMgr:1039 - genDependencies : Invalid condition id : LAN8742 Phy interface Condition cause : null
2025-03-15 17:25:12,934 [WARN] ConditionMgr:1039 - genDependencies : Invalid condition id : LAN8742 Phy interface Condition cause : null
2025-03-15 17:25:12,936 [WARN] ConditionMgr:1039 - genDependencies : Invalid condition id : LAN8742 Phy interface Condition cause : null
2025-03-15 17:25:12,982 [WARN] PackLoader:240 - Cannot read IP mode file for STMicroelectronics.X-CUBE-SFXS2LP1.4.0.0
2025-03-15 17:25:13,049 [WARN] PackLoader:240 - Cannot read IP mode file for STMicroelectronics.X-CUBE-AZRTOS-H7.3.3.0
2025-03-15 17:25:13,112 [WARN] PackLoader:240 - Cannot read IP mode file for STMicroelectronics.X-CUBE-IPS.3.0.0
2025-03-15 17:25:13,172 [WARN] ConditionMgr:438 - getConditionDescription Invalid condition id : UX DEVICE CLASS RTOS Condition cause : null
2025-03-15 17:25:13,173 [WARN] ConditionMgr:438 - getConditionDescription Invalid condition id : UX DEVICE CLASS RTOS Condition cause : null
2025-03-15 17:25:13,177 [WARN] PackLoader:240 - Cannot read IP mode file for STMicroelectronics.X-CUBE-AZRTOS-WB.2.0.0
2025-03-15 17:25:13,178 [WARN] ConditionMgr:1039 - genDependencies : Invalid condition id : UX DEVICE CLASS RTOS Condition cause : null
2025-03-15 17:25:13,179 [WARN] ConditionMgr:1039 - genDependencies : Invalid condition id : UX DEVICE CLASS RTOS Condition cause : null
2025-03-15 17:25:13,180 [WARN] ConditionMgr:1039 - genDependencies : Invalid condition id : UX DEVICE CLASS RTOS Condition cause : null
2025-03-15 17:25:13,180 [WARN] ConditionMgr:1039 - genDependencies : Invalid condition id : UX DEVICE CLASS RTOS Condition cause : null
2025-03-15 17:25:13,180 [WARN] ConditionMgr:1039 - genDependencies : Invalid condition id : UX DEVICE CLASS RTOS Condition cause : null
2025-03-15 17:25:13,214 [WARN] PackLoader:240 - Cannot read IP mode file for STMicroelectronics.X-CUBE-GNSS1.7.0.0
2025-03-15 17:25:13,242 [WARN] PackLoader:240 - Cannot read IP mode file for STMicroelectronics.X-CUBE-GNSS1.7.0.1
2025-03-15 17:25:13,276 [WARN] PackLoader:240 - Cannot read IP mode file for STMicroelectronics.X-CUBE-TOUCHGFX.4.25.0
2025-03-15 17:25:13,307 [WARN] PackLoader:240 - Cannot read IP mode file for STMicroelectronics.FP-SNS-STBOX1.2.0.0
2025-03-15 17:25:13,349 [WARN] PackLoader:240 - Cannot read IP mode file for STMicroelectronics.X-CUBE-SUBG2.5.0.0
2025-03-15 17:25:13,381 [WARN] PackLoader:240 - Cannot read IP mode file for Cesanta.I-CUBE-Mongoose.7.13.0
2025-03-15 17:25:13,430 [WARN] PackLoader:240 - Cannot read IP mode file for STMicroelectronics.X-CUBE-AZRTOS-G4.2.0.0
2025-03-15 17:25:13,460 [WARN] PackLoader:240 - Cannot read IP mode file for STMicroelectronics.X-CUBE-ISPU.2.0.0
2025-03-15 17:25:13,496 [ERROR] Engine:466 - C:\Users\talur\.stm32cubemx\thirdparties\pdsc\STMicroelectronics.X-CUBE-IPS.3.1.0.pdsc: PDSC version is not supported
2025-03-15 17:25:13,526 [WARN] PackLoader:240 - Cannot read IP mode file for STMicroelectronics.X-CUBE-ALS.1.0.2
2025-03-15 17:25:13,563 [WARN] PackLoader:240 - Cannot read IP mode file for STMicroelectronics.X-CUBE-TOUCHGFX.4.24.0
2025-03-15 17:25:13,600 [WARN] PackLoader:240 - Cannot read IP mode file for STMicroelectronics.X-CUBE-TOUCHGFX.4.24.2
2025-03-15 17:25:13,633 [WARN] PackLoader:240 - Cannot read IP mode file for STMicroelectronics.X-CUBE-TOUCHGFX.4.24.1
2025-03-15 17:25:13,671 [WARN] PackLoader:240 - Cannot read IP mode file for wolfSSL.I-CUBE-wolfTPM.3.4.0
2025-03-15 17:25:13,716 [WARN] PackLoader:240 - Cannot read IP mode file for portGmbH.I-Cube-SoM-uGOAL.1.1.0
2025-03-15 17:25:13,788 [WARN] PackLoader:240 - Cannot read IP mode file for STMicroelectronics.X-CUBE-AZRTOS-H7RS.1.0.0
2025-03-15 17:25:13,826 [WARN] PackLoader:240 - Cannot read IP mode file for STMicroelectronics.FP-ATR-ASTRA1.2.0.0
2025-03-15 17:25:13,871 [WARN] PackLoader:240 - Cannot read IP mode file for STMicroelectronics.X-CUBE-TOF1.3.4.2
2025-03-15 17:25:13,942 [WARN] PackLoader:240 - Cannot read IP mode file for Infineon.AIROC-Wi-Fi-Bluetooth-STM32.1.6.1
2025-03-15 17:25:13,982 [WARN] PackLoader:240 - Cannot read IP mode file for wolfSSL.I-CUBE-wolfSSH.1.4.17
2025-03-15 17:25:13,983 [INFO] ThirdParty:978 - Integrity check success = true
2025-03-15 17:25:13,983 [INFO] IntegrityCheckThread:100 - exiting critical section [integrity check]
2025-03-15 17:25:13,985 [INFO] IntegrityCheckThread:103 - End integrity checks thread
2025-03-15 17:25:15,621 [INFO] WebApp:167 - Instantiating new browser for Auth
2025-03-15 17:25:17,487 [INFO] WebApp:448 - Apply proxy settings
2025-03-15 17:25:17,488 [INFO] WebApp:533 - Chromium requires no authentication
2025-03-15 17:25:17,523 [INFO] WebApp:476 - Direct internet connection detected
2025-03-15 17:25:17,593 [INFO] WebApp:869 - Register for checkConnection events
2025-03-15 17:25:17,593 [INFO] WebApp:448 - Apply proxy settings
2025-03-15 17:25:17,594 [INFO] WebApp:533 - Chromium requires no authentication
2025-03-15 17:25:17,596 [INFO] WebApp:476 - Direct internet connection detected
2025-03-15 17:25:17,984 [INFO] WebApp:186 - Connection restablished
2025-03-15 17:25:17,985 [INFO] WebApp:220 - Starting web application
2025-03-15 17:25:17,986 [INFO] WebApp:578 - Web application path used C:\ST\STM32CubeIDE_1.16.1\STM32CubeIDE\plugins\com.st.stm32cube.common.mx_6.12.1.202409122256\db\plugins\mcufinder\reactClient1\index.html
2025-03-15 17:36:11,430 [ERROR] ConfigurationRetriever:142 - IOException on connection: Read timed out
2025-03-15 17:43:45,197 [ERROR] LogOutputStream:75 - [STDERR_REDIRECT] 
