2025-04-25 15:09:47,297 [INFO] Activator:176 - 


2025-04-25 15:09:47,306 [INFO] Activator:177 - !SESSION log4j initialized
2025-04-25 15:09:57,652 [INFO] LogOutputStream:77 - [STDOUT_REDIRECT] 
2025-04-25 15:09:59,966 [INFO] ApplicationProperties:184 - Using Application install path: C:\ST\STM32CubeIDE_1.16.1\STM32CubeIDE\plugins\com.st.stm32cube.common.mx_6.12.1.202409122256
2025-04-25 15:09:59,990 [INFO] DbMcusXml:78 - Set database path to: C:\ST\STM32CubeIDE_1.16.1\STM32CubeIDE\plugins\com.st.stm32cube.common.mx_6.12.1.202409122256\\db\/mcu/
2025-04-25 15:09:59,991 [INFO] ApiDb:274 - Set plugin database path to: C:\ST\STM32CubeIDE_1.16.1\STM32CubeIDE\plugins\com.st.stm32cube.common.mx_6.12.1.202409122256\\db\/plugins/boardmanager/
2025-04-25 15:09:59,991 [WARN] ApiDb:259 - Overriding images path with different value:  => C:\ST\STM32CubeIDE_1.16.1\STM32CubeIDE\plugins\com.st.stm32cube.common.mx_6.12.1.202409122256\\db\/plugins/mcufinder/images/
2025-04-25 15:10:00,019 [INFO] ApiDb:250 - Set database path to: C:\Users\talur\.stmcufinder\plugins\mcufinder//mcu/
2025-04-25 15:10:00,020 [INFO] DbMcusAds:125 - Set database path to: C:\Users\talur\.stmcufinder\plugins\mcufinder//mcu/
2025-04-25 15:10:00,023 [INFO] CrossReferenceDbSqlite:203 - Set database path to: C:\Users\talur\.stmcufinder\plugins\mcufinder//mcu/cs/
2025-04-25 15:10:00,171 [INFO] RulesReader:64 - Compatibility file has been processed (297 Rules)
2025-04-25 15:10:00,290 [INFO] DbMcusXml:78 - Set database path to: C:\ST\STM32CubeIDE_1.16.1\STM32CubeIDE\plugins\com.st.stm32cube.common.mx_6.12.1.202409122256\\db\/mcu/
2025-04-25 15:10:00,290 [INFO] ApiDb:274 - Set plugin database path to: C:\ST\STM32CubeIDE_1.16.1\STM32CubeIDE\plugins\com.st.stm32cube.common.mx_6.12.1.202409122256\\db\/plugins/boardmanager/
2025-04-25 15:10:00,291 [INFO] ApiDb:261 - Set plugin images path to: C:\ST\STM32CubeIDE_1.16.1\STM32CubeIDE\plugins\com.st.stm32cube.common.mx_6.12.1.202409122256\\db\/plugins/mcufinder/images/
2025-04-25 15:10:00,291 [WARN] DbFile:41 - Overriding database path with different value: C:\Users\talur\.stmcufinder\plugins\mcufinder/ => C:\Users\talur\.stmcufinder\plugins\mcufinder
2025-04-25 15:10:00,291 [INFO] ApiDb:250 - Set database path to: C:\Users\talur\.stmcufinder\plugins\mcufinder//mcu/
2025-04-25 15:10:00,291 [WARN] DbFile:41 - Overriding database path with different value: C:\Users\talur\.stmcufinder\plugins\mcufinder/ => C:\Users\talur\.stmcufinder\plugins\mcufinder
2025-04-25 15:10:00,291 [INFO] DbMcusAds:125 - Set database path to: C:\Users\talur\.stmcufinder\plugins\mcufinder//mcu/
2025-04-25 15:10:00,291 [WARN] DbFile:41 - Overriding database path with different value: C:\Users\talur\.stmcufinder\plugins\mcufinder/ => C:\Users\talur\.stmcufinder\plugins\mcufinder
2025-04-25 15:10:00,291 [WARN] DbFile:41 - Overriding database path with different value: C:\Users\talur\.stmcufinder\plugins\mcufinder/ => C:\Users\talur\.stmcufinder\plugins\mcufinder
2025-04-25 15:10:00,291 [INFO] CrossReferenceDbSqlite:203 - Set database path to: C:\Users\talur\.stmcufinder\plugins\mcufinder//mcu/cs/
2025-04-25 15:10:00,414 [INFO] MainPanel:268 - HeapMemory: 268435456
2025-04-25 15:10:00,581 [INFO] DbMcusXml:78 - Set database path to: C:\ST\STM32CubeIDE_1.16.1\STM32CubeIDE\plugins\com.st.stm32cube.common.mx_6.12.1.202409122256\\db\/mcu/
2025-04-25 15:10:00,582 [INFO] ApiDb:274 - Set plugin database path to: C:\ST\STM32CubeIDE_1.16.1\STM32CubeIDE\plugins\com.st.stm32cube.common.mx_6.12.1.202409122256\\db\/plugins/boardmanager/
2025-04-25 15:10:00,582 [INFO] ApiDb:261 - Set plugin images path to: C:\ST\STM32CubeIDE_1.16.1\STM32CubeIDE\plugins\com.st.stm32cube.common.mx_6.12.1.202409122256\\db\/plugins/mcufinder/images/
2025-04-25 15:10:00,582 [WARN] DbFile:41 - Overriding database path with different value: C:\Users\talur\.stmcufinder\plugins\mcufinder/ => C:\Users\talur\.stmcufinder\plugins\mcufinder
2025-04-25 15:10:00,583 [INFO] ApiDb:250 - Set database path to: C:\Users\talur\.stmcufinder\plugins\mcufinder//mcu/
2025-04-25 15:10:00,583 [WARN] DbFile:41 - Overriding database path with different value: C:\Users\talur\.stmcufinder\plugins\mcufinder/ => C:\Users\talur\.stmcufinder\plugins\mcufinder
2025-04-25 15:10:00,583 [INFO] DbMcusAds:125 - Set database path to: C:\Users\talur\.stmcufinder\plugins\mcufinder//mcu/
2025-04-25 15:10:00,583 [WARN] DbFile:41 - Overriding database path with different value: C:\Users\talur\.stmcufinder\plugins\mcufinder/ => C:\Users\talur\.stmcufinder\plugins\mcufinder
2025-04-25 15:10:00,583 [WARN] DbFile:41 - Overriding database path with different value: C:\Users\talur\.stmcufinder\plugins\mcufinder/ => C:\Users\talur\.stmcufinder\plugins\mcufinder
2025-04-25 15:10:00,583 [INFO] CrossReferenceDbSqlite:203 - Set database path to: C:\Users\talur\.stmcufinder\plugins\mcufinder//mcu/cs/
2025-04-25 15:10:00,614 [INFO] ApplicationProperties:184 - Using Application install path: C:\ST\STM32CubeIDE_1.16.1\STM32CubeIDE\plugins\com.st.stm32cube.common.mx_6.12.1.202409122256
2025-04-25 15:10:00,616 [INFO] PluginManage:196 - Search for loadable plugins [exclusion list=, ]
2025-04-25 15:10:00,619 [INFO] PluginManage:310 - Check plugin analytics
2025-04-25 15:10:00,922 [INFO] AnalyticsPlugin:253 - Accepted Software Licenses: STM32CubeMX.6.14.1
2025-04-25 15:10:00,922 [INFO] AnalyticsPlugin:255 - Accepted CMSIS Pack Licenses: 
2025-04-25 15:10:00,923 [INFO] AnalyticsPlugin:257 - Accepted Firmware Licenses: FW.F4.1.28.0
2025-04-25 15:10:00,928 [INFO] PluginManage:359 - Loaded plugin analytics (category:tool,tabindex:-1)
2025-04-25 15:10:00,930 [INFO] PluginManage:310 - Check plugin cadmodel
2025-04-25 15:10:00,959 [INFO] CADModel:105 - Init CAD model plugin
2025-04-25 15:10:00,960 [INFO] PluginManage:359 - Loaded plugin cadmodel (category:power,tabindex:5)
2025-04-25 15:10:00,961 [INFO] PluginManage:310 - Check plugin clock
2025-04-25 15:10:01,007 [INFO] PluginManage:359 - Loaded plugin clock (category:base,tabindex:2)
2025-04-25 15:10:01,007 [INFO] PluginManage:310 - Check plugin ddr
2025-04-25 15:10:01,012 [INFO] PluginManage:359 - Loaded plugin ddr (category:tool,tabindex:6)
2025-04-25 15:10:01,012 [INFO] PluginManage:310 - Check plugin filemanager
2025-04-25 15:10:01,291 [INFO] PluginManage:359 - Loaded plugin filemanager (category:base,tabindex:10)
2025-04-25 15:10:01,291 [INFO] PluginManage:310 - Check plugin ipmanager
2025-04-25 15:10:01,302 [INFO] PluginManage:359 - Loaded plugin ipmanager (category:base,tabindex:5)
2025-04-25 15:10:01,302 [INFO] PluginManage:310 - Check plugin lpbam
2025-04-25 15:10:01,326 [INFO] PluginManage:359 - Loaded plugin lpbam (category:base,tabindex:0)
2025-04-25 15:10:01,326 [INFO] PluginManage:310 - Check plugin memorymap
2025-04-25 15:10:01,378 [INFO] PluginManage:359 - Loaded plugin memorymap (category:base,tabindex:4)
2025-04-25 15:10:01,378 [INFO] PluginManage:310 - Check plugin pinoutandconfiguration
2025-04-25 15:10:01,421 [INFO] PluginManage:359 - Loaded plugin pinoutandconfiguration (category:base,tabindex:1)
2025-04-25 15:10:01,421 [INFO] PluginManage:310 - Check plugin pinoutconfig
2025-04-25 15:10:01,575 [WARN] SupportedApi:132 - Cannot load RTOS API schema: s4s-elt-must-match.1: The content of 'definitions' must match (annotation?, (simpleType | complexType)?, (unique | key | keyref)*)). A problem was found starting at: attribute.
2025-04-25 15:10:01,796 [INFO] PluginManage:359 - Loaded plugin pinoutconfig (category:base,tabindex:0)
2025-04-25 15:10:01,797 [INFO] PluginManage:310 - Check plugin power
2025-04-25 15:10:01,846 [INFO] PluginManage:359 - Loaded plugin power (category:power,tabindex:4)
2025-04-25 15:10:01,846 [INFO] PluginManage:310 - Check plugin projectmanager
2025-04-25 15:10:01,879 [INFO] PluginManage:359 - Loaded plugin projectmanager (category:projectmanager,tabindex:4)
2025-04-25 15:10:01,879 [INFO] PluginManage:310 - Check plugin rif
2025-04-25 15:10:01,929 [INFO] PluginManage:359 - Loaded plugin rif (category:base,tabindex:3)
2025-04-25 15:10:01,930 [INFO] PluginManage:310 - Check plugin thirdparty
2025-04-25 15:10:02,379 [INFO] PluginManage:359 - Loaded plugin thirdparty (category:base,tabindex:-1)
2025-04-25 15:10:02,379 [WARN] IntegrityCheckThread:84 - waiting for thirdparty lock release [integrity check]
2025-04-25 15:10:02,380 [INFO] PluginManage:310 - Check plugin tools
2025-04-25 15:10:02,380 [INFO] IntegrityCheckThread:86 - entering critical section [integrity check]
2025-04-25 15:10:02,381 [INFO] ThirdPartyUpdaterWithRetryManager:70 - Updater plugin not ready yet. [1/15]
2025-04-25 15:10:02,441 [INFO] PluginManage:359 - Loaded plugin tools (category:base,tabindex:7)
2025-04-25 15:10:02,442 [INFO] PluginManage:310 - Check plugin tutovideos
2025-04-25 15:10:02,705 [INFO] PluginManage:359 - Loaded plugin tutovideos (category:base,tabindex:-1)
2025-04-25 15:10:02,705 [INFO] PluginManage:310 - Check plugin updater
2025-04-25 15:10:02,730 [INFO] PluginManage:359 - Loaded plugin updater (category:base,tabindex:12)
2025-04-25 15:10:02,730 [INFO] PluginManage:310 - Check plugin userauth
2025-04-25 15:10:02,737 [INFO] UserAuth:113 - Init User Auth plugin
2025-04-25 15:10:02,737 [INFO] PluginManage:359 - Loaded plugin userauth (category:base,tabindex:14)
2025-04-25 15:10:02,738 [INFO] PluginManage:283 - PluginManage : Loaded plugins [18]
2025-04-25 15:10:03,060 [INFO] PinOutPanel:1561 - setPackage(No Configuration,No Configuration)
2025-04-25 15:10:03,192 [INFO] CADModel:165 - CPN selected for project level
2025-04-25 15:10:03,192 [INFO] CADModel:114 - Register for checkConnection events
2025-04-25 15:10:03,235 [INFO] IPUIPlugin:80 - create IPUIPlugin
2025-04-25 15:10:03,236 [INFO] PluginManager:220 - loadIPPluginJar : add adc
2025-04-25 15:10:03,294 [INFO] IPUIPlugin:80 - create IPUIPlugin
2025-04-25 15:10:03,294 [INFO] PluginManager:220 - loadIPPluginJar : add aes
2025-04-25 15:10:03,375 [INFO] IPUIPlugin:80 - create IPUIPlugin
2025-04-25 15:10:03,377 [INFO] PluginManager:220 - loadIPPluginJar : add can
2025-04-25 15:10:03,420 [INFO] IPUIPlugin:80 - create IPUIPlugin
2025-04-25 15:10:03,420 [INFO] PluginManager:220 - loadIPPluginJar : add comp
2025-04-25 15:10:03,476 [INFO] IPUIPlugin:80 - create IPUIPlugin
2025-04-25 15:10:03,476 [INFO] PluginManager:220 - loadIPPluginJar : add cryp
2025-04-25 15:10:03,493 [INFO] IPUIPlugin:80 - create IPUIPlugin
2025-04-25 15:10:03,495 [INFO] PluginManager:220 - loadIPPluginJar : add ddr_ctrl_phy
2025-04-25 15:10:03,547 [INFO] IPUIPlugin:80 - create IPUIPlugin
2025-04-25 15:10:03,547 [INFO] PluginManager:220 - loadIPPluginJar : add dfsdm
2025-04-25 15:10:03,569 [INFO] IPUIPlugin:80 - create IPUIPlugin
2025-04-25 15:10:03,570 [INFO] PluginManager:220 - loadIPPluginJar : add dma
2025-04-25 15:10:03,644 [INFO] IPUIPlugin:80 - create IPUIPlugin
2025-04-25 15:10:03,644 [INFO] PluginManager:220 - loadIPPluginJar : add dma3
2025-04-25 15:10:03,714 [INFO] IPUIPlugin:80 - create IPUIPlugin
2025-04-25 15:10:03,714 [INFO] PluginManager:220 - loadIPPluginJar : add extmemmanager
2025-04-25 15:10:03,755 [INFO] IPUIPlugin:80 - create IPUIPlugin
2025-04-25 15:10:03,755 [INFO] PluginManager:220 - loadIPPluginJar : add fatfs
2025-04-25 15:10:03,829 [INFO] IPUIPlugin:80 - create IPUIPlugin
2025-04-25 15:10:03,829 [INFO] PluginManager:220 - loadIPPluginJar : add fmc
2025-04-25 15:10:03,857 [INFO] IPUIPlugin:80 - create IPUIPlugin
2025-04-25 15:10:03,857 [INFO] PluginManager:220 - loadIPPluginJar : add freertos
2025-04-25 15:10:03,895 [INFO] IPUIPlugin:80 - create IPUIPlugin
2025-04-25 15:10:03,895 [INFO] PluginManager:220 - loadIPPluginJar : add genericplugin
2025-04-25 15:10:04,070 [INFO] IPUIPlugin:80 - create IPUIPlugin
2025-04-25 15:10:04,070 [INFO] PluginManager:220 - loadIPPluginJar : add gfxmmu
2025-04-25 15:10:04,310 [INFO] IPUIPlugin:80 - create IPUIPlugin
2025-04-25 15:10:04,310 [INFO] PluginManager:220 - loadIPPluginJar : add gic
2025-04-25 15:10:04,330 [INFO] IPUIPlugin:80 - create IPUIPlugin
2025-04-25 15:10:04,330 [INFO] PluginManager:220 - loadIPPluginJar : add gpio
2025-04-25 15:10:04,492 [INFO] IPUIPlugin:80 - create IPUIPlugin
2025-04-25 15:10:04,493 [INFO] PluginManager:220 - loadIPPluginJar : add gtzc
2025-04-25 15:10:04,560 [INFO] IPUIPlugin:80 - create IPUIPlugin
2025-04-25 15:10:04,560 [INFO] PluginManager:220 - loadIPPluginJar : add hash
2025-04-25 15:10:04,655 [INFO] IPUIPlugin:80 - create IPUIPlugin
2025-04-25 15:10:04,656 [INFO] PluginManager:220 - loadIPPluginJar : add i2c
2025-04-25 15:10:04,731 [INFO] IPUIPlugin:80 - create IPUIPlugin
2025-04-25 15:10:04,731 [INFO] PluginManager:220 - loadIPPluginJar : add i2s
2025-04-25 15:10:04,795 [INFO] IPUIPlugin:80 - create IPUIPlugin
2025-04-25 15:10:04,795 [INFO] PluginManager:220 - loadIPPluginJar : add i3c
2025-04-25 15:10:04,939 [INFO] IPUIPlugin:80 - create IPUIPlugin
2025-04-25 15:10:04,939 [INFO] PluginManager:220 - loadIPPluginJar : add ipddr
2025-04-25 15:10:05,090 [INFO] IPUIPlugin:80 - create IPUIPlugin
2025-04-25 15:10:05,090 [INFO] PluginManager:220 - loadIPPluginJar : add linkedlist
2025-04-25 15:10:05,146 [INFO] IPUIPlugin:80 - create IPUIPlugin
2025-04-25 15:10:05,146 [INFO] PluginManager:220 - loadIPPluginJar : add lorawan
2025-04-25 15:10:05,207 [INFO] IPUIPlugin:80 - create IPUIPlugin
2025-04-25 15:10:05,207 [INFO] PluginManager:220 - loadIPPluginJar : add ltdc
2025-04-25 15:10:05,228 [INFO] IPUIPlugin:80 - create IPUIPlugin
2025-04-25 15:10:05,229 [INFO] PluginManager:220 - loadIPPluginJar : add mdma
2025-04-25 15:10:05,249 [INFO] IPUIPlugin:80 - create IPUIPlugin
2025-04-25 15:10:05,249 [INFO] PluginManager:220 - loadIPPluginJar : add nvic
2025-04-25 15:10:05,324 [INFO] IPUIPlugin:80 - create IPUIPlugin
2025-04-25 15:10:05,324 [INFO] PluginManager:220 - loadIPPluginJar : add opamp
2025-04-25 15:10:05,382 [INFO] ThirdPartyUpdaterWithRetryManager:70 - Updater plugin not ready yet. [2/15]
2025-04-25 15:10:05,425 [INFO] IPUIPlugin:80 - create IPUIPlugin
2025-04-25 15:10:05,425 [INFO] PluginManager:220 - loadIPPluginJar : add openamp
2025-04-25 15:10:05,498 [INFO] IPUIPlugin:80 - create IPUIPlugin
2025-04-25 15:10:05,499 [INFO] PluginManager:220 - loadIPPluginJar : add pdm2pcm
2025-04-25 15:10:05,519 [INFO] IPUIPlugin:80 - create IPUIPlugin
2025-04-25 15:10:05,522 [INFO] PluginManager:220 - loadIPPluginJar : add plateformsettings
2025-04-25 15:10:05,560 [INFO] IPUIPlugin:80 - create IPUIPlugin
2025-04-25 15:10:05,561 [INFO] PluginManager:220 - loadIPPluginJar : add quadspi
2025-04-25 15:10:05,610 [INFO] IPUIPlugin:80 - create IPUIPlugin
2025-04-25 15:10:05,610 [INFO] PluginManager:220 - loadIPPluginJar : add radio
2025-04-25 15:10:05,631 [INFO] IPUIPlugin:80 - create IPUIPlugin
2025-04-25 15:10:05,631 [INFO] PluginManager:220 - loadIPPluginJar : add resmgrutility
2025-04-25 15:10:05,717 [INFO] IPUIPlugin:80 - create IPUIPlugin
2025-04-25 15:10:05,717 [INFO] PluginManager:220 - loadIPPluginJar : add sai
2025-04-25 15:10:05,776 [INFO] IPUIPlugin:80 - create IPUIPlugin
2025-04-25 15:10:05,776 [INFO] PluginManager:220 - loadIPPluginJar : add spi
2025-04-25 15:10:05,904 [INFO] IPUIPlugin:80 - create IPUIPlugin
2025-04-25 15:10:05,904 [INFO] PluginManager:220 - loadIPPluginJar : add stm32_wpan
2025-04-25 15:10:05,952 [INFO] IPUIPlugin:80 - create IPUIPlugin
2025-04-25 15:10:05,952 [INFO] PluginManager:220 - loadIPPluginJar : add tim
2025-04-25 15:10:06,046 [INFO] IPUIPlugin:80 - create IPUIPlugin
2025-04-25 15:10:06,046 [INFO] PluginManager:220 - loadIPPluginJar : add touchsensing
2025-04-25 15:10:06,091 [INFO] IPUIPlugin:80 - create IPUIPlugin
2025-04-25 15:10:06,091 [INFO] PluginManager:220 - loadIPPluginJar : add tracer_emb
2025-04-25 15:10:06,131 [INFO] IPUIPlugin:80 - create IPUIPlugin
2025-04-25 15:10:06,131 [INFO] PluginManager:220 - loadIPPluginJar : add ts
2025-04-25 15:10:06,178 [INFO] IPUIPlugin:80 - create IPUIPlugin
2025-04-25 15:10:06,178 [INFO] PluginManager:220 - loadIPPluginJar : add tsc
2025-04-25 15:10:06,215 [INFO] IPUIPlugin:80 - create IPUIPlugin
2025-04-25 15:10:06,215 [INFO] PluginManager:220 - loadIPPluginJar : add ucpd
2025-04-25 15:10:06,294 [INFO] IPUIPlugin:80 - create IPUIPlugin
2025-04-25 15:10:06,295 [INFO] PluginManager:220 - loadIPPluginJar : add usart
2025-04-25 15:10:06,366 [INFO] IPUIPlugin:80 - create IPUIPlugin
2025-04-25 15:10:06,366 [INFO] PluginManager:220 - loadIPPluginJar : add usbx
2025-04-25 15:10:06,521 [INFO] CADModel:165 - CPN selected for project level
2025-04-25 15:10:06,521 [INFO] CADModel:114 - Register for checkConnection events
2025-04-25 15:10:06,522 [FATAL] Updater:334 - Updater called before beeing initialized
2025-04-25 15:10:06,522 [ERROR] CADModel:125 - Updater not yet initialized, retry later 
2025-04-25 15:10:06,730 [INFO] CADModel:165 - CPN selected for project level
2025-04-25 15:10:06,730 [INFO] CADModel:114 - Register for checkConnection events
2025-04-25 15:10:06,730 [FATAL] Updater:334 - Updater called before beeing initialized
2025-04-25 15:10:06,730 [ERROR] CADModel:125 - Updater not yet initialized, retry later 
2025-04-25 15:10:06,734 [FATAL] Updater:334 - Updater called before beeing initialized
2025-04-25 15:10:06,888 [FATAL] Updater:334 - Updater called before beeing initialized
2025-04-25 15:10:06,900 [INFO] DbMcusAds:53 - JSON generation date=Thu Mar 06 20:24:21 IST 2025 (1741272861825)
2025-04-25 15:10:06,900 [FATAL] Updater:334 - Updater called before beeing initialized
2025-04-25 15:10:06,946 [WARN] DetailPanel:346 - Failed to get advertising image, set to default
2025-04-25 15:10:07,044 [FATAL] Updater:334 - Updater called before beeing initialized
2025-04-25 15:10:07,047 [FATAL] Updater:334 - Updater called before beeing initialized
2025-04-25 15:10:07,047 [FATAL] Updater:334 - Updater called before beeing initialized
2025-04-25 15:10:07,047 [WARN] DetailPanel:346 - Failed to get advertising image, set to default
2025-04-25 15:10:07,048 [FATAL] Updater:334 - Updater called before beeing initialized
2025-04-25 15:10:07,134 [ERROR] Updater:1164 - MainUpdater not yet initialized. External WinMGr cannot be set.
2025-04-25 15:10:07,151 [INFO] Updater:1100 - Updater Version found : 6.12.1
2025-04-25 15:10:07,177 [INFO] ApplicationProperties:184 - Using Application install path: C:\ST\STM32CubeIDE_1.16.1\STM32CubeIDE\plugins\com.st.stm32cube.common.mx_6.12.1.202409122256
2025-04-25 15:10:08,383 [INFO] ThirdPartyUpdaterWithRetryManager:70 - Updater plugin not ready yet. [3/15]
2025-04-25 15:10:08,772 [ERROR] LogOutputStream:75 - [STDERR_REDIRECT] Apr 25, 2025 3:10:08 PM java.util.prefs.WindowsPreferences <init>
2025-04-25 15:10:08,774 [ERROR] LogOutputStream:75 - [STDERR_REDIRECT] WARNING: Could not open/create prefs root node Software\JavaSoft\Prefs at root 0xffffffff80000002. Windows RegCreateKeyEx(...) returned error code 5.
2025-04-25 15:10:08,774 [ERROR] LogOutputStream:75 - [STDERR_REDIRECT] 
2025-04-25 15:10:08,832 [INFO] MainUpdater:526 - Copy updater definitions from MX database
2025-04-25 15:10:09,139 [INFO] MainUpdater:2873 - connection check result : 10
2025-04-25 15:10:09,139 [INFO] MainUpdater:3567 - Updater definition file requires update
2025-04-25 15:10:09,141 [INFO] MainUpdater:290 - Updater Check For Update Now.
2025-04-25 15:10:09,141 [INFO] MicroXplorer:498 - Change Database Version : DB.6.0.121
2025-04-25 15:10:09,167 [INFO] McuFinderGlobals:63 - Set McuFinder mode to 2 (CubeIDE integrated)
2025-04-25 15:10:09,168 [INFO] UserAuth:179 - activating auth plugin
2025-04-25 15:10:09,172 [INFO] UserAuth:417 - Internet connection configuration mode: 1
2025-04-25 15:10:09,187 [INFO] ServerAccessManage:473 - Download File updaters.zip
2025-04-25 15:10:09,223 [INFO] JxBrowserEngine:152 - Initiate JxBrowser Engine with user profile folder
2025-04-25 15:10:09,326 [INFO] FileExtend:240 - Unzip File : updaters.zip
2025-04-25 15:10:09,327 [INFO] FileExtend:255 - Standard Zip Deflate
2025-04-25 15:10:11,152 [INFO] ServerAccessManage:473 - Download File PacksControlFlags.xml
2025-04-25 15:10:11,402 [WARN] MainUpdater:1194 - Updater busy. Cannot search thirdparties
2025-04-25 15:10:11,403 [INFO] ThirdPartyUpdaterWithRetryManager:96 - Updater plugin is busy. [1/15]
2025-04-25 15:10:11,462 [INFO] ServerAccessManage:473 - Download File cubemx.pidx
2025-04-25 15:10:12,158 [INFO] LoadServerUpdatesThread:375 - End of LoadServerUpdate Thread
2025-04-25 15:10:12,476 [INFO] CheckServerUpdateThread:120 - End of CheckServer Thread
2025-04-25 15:10:15,515 [WARN] PackLoader:240 - Cannot read IP mode file for STMicroelectronics.FP-SNS-MOTENVWB1.1.4.0
2025-04-25 15:10:15,620 [WARN] PackLoader:240 - Cannot read IP mode file for STMicroelectronics.FP-ATR-ASTRA1.2.0.2
2025-04-25 15:10:15,669 [WARN] PackLoader:240 - Cannot read IP mode file for STMicroelectronics.FP-ATR-ASTRA1.2.0.1
2025-04-25 15:10:15,789 [WARN] PackLoader:240 - Cannot read IP mode file for STMicroelectronics.X-CUBE-SMBUS.2.1.0
2025-04-25 15:10:15,848 [WARN] PackLoader:240 - Cannot read IP mode file for STMicroelectronics.X-CUBE-WB05N.1.1.0
2025-04-25 15:10:16,083 [WARN] PackLoader:240 - Cannot read IP mode file for STMicroelectronics.X-CUBE-AZRTOS-F7.1.1.0
2025-04-25 15:10:16,103 [INFO] WebApp:167 - Instantiating new browser for Auth
2025-04-25 15:10:16,298 [WARN] PackLoader:240 - Cannot read IP mode file for STMicroelectronics.X-CUBE-MEMS1.11.0.0
2025-04-25 15:10:16,732 [WARN] PackLoader:240 - Cannot read IP mode file for STMicroelectronics.FP-SNS-FLIGHT1.5.0.2
2025-04-25 15:10:16,825 [WARN] PackLoader:240 - Cannot read IP mode file for STMicroelectronics.X-CUBE-DISPLAY.3.0.0
2025-04-25 15:10:16,908 [WARN] PackLoader:240 - Cannot read IP mode file for STMicroelectronics.X-CUBE-BLE1.7.0.0
2025-04-25 15:10:16,971 [WARN] PackLoader:240 - Cannot read IP mode file for STMicroelectronics.X-CUBE-NFC10.1.0.0
2025-04-25 15:10:17,034 [WARN] PackLoader:240 - Cannot read IP mode file for STMicroelectronics.X-CUBE-BLEMGR.4.0.0
2025-04-25 15:10:17,089 [WARN] PackLoader:240 - Cannot read IP mode file for emotas.I-CUBE-CANOPEN.1.3.0
2025-04-25 15:10:17,158 [WARN] PackLoader:240 - Cannot read IP mode file for STMicroelectronics.X-CUBE-BLEMGR.3.1.0
2025-04-25 15:10:17,205 [WARN] PackLoader:240 - Cannot read IP mode file for STMicroelectronics.X-CUBE-AI.10.0.0
2025-04-25 15:10:17,248 [WARN] PackLoader:240 - Cannot read IP mode file for STMicroelectronics.FP-SNS-SMARTAG2.1.2.0
2025-04-25 15:10:17,305 [ERROR] Engine:466 - C:\Users\talur\.stm32cubemx\thirdparties\pdsc\STMicroelectronics.FP-SNS-FLIGHT1.5.1.0.pdsc: PDSC version is not supported
2025-04-25 15:10:17,482 [WARN] PackLoader:240 - Cannot read IP mode file for STMicroelectronics.X-CUBE-MEMS1.11.1.0
2025-04-25 15:10:17,705 [INFO] LogOutputStream:77 - [STDOUT_REDIRECT] 1 : Invalid condition id : UX_CORESTACK_Condition cause : null
2025-04-25 15:10:17,706 [INFO] LogOutputStream:77 - [STDOUT_REDIRECT] 1 : Invalid condition id : UX_CORESTACK_Condition cause : null
2025-04-25 15:10:17,708 [INFO] LogOutputStream:77 - [STDOUT_REDIRECT] 1 : Invalid condition id : UX_CORESTACK_Condition cause : null
2025-04-25 15:10:17,711 [INFO] LogOutputStream:77 - [STDOUT_REDIRECT] 1 : Invalid condition id : UX_CORESTACK_Condition cause : null
2025-04-25 15:10:17,714 [INFO] LogOutputStream:77 - [STDOUT_REDIRECT] 1 : Invalid condition id : UX_CORESTACK_Condition cause : null
2025-04-25 15:10:17,719 [WARN] PackLoader:240 - Cannot read IP mode file for STMicroelectronics.X-CUBE-AZRTOS-WL.2.0.0
2025-04-25 15:10:17,759 [WARN] PackLoader:240 - Cannot read IP mode file for STMicroelectronics.FP-SNS-MOTENV1.5.0.0
2025-04-25 15:10:17,798 [WARN] PackLoader:240 - Cannot read IP mode file for wolfSSL.I-CUBE-wolfMQTT.1.19.0
2025-04-25 15:10:17,845 [WARN] PackLoader:240 - Cannot read IP mode file for WES.I-CUBE-Cesium.1.3.0
2025-04-25 15:10:17,887 [WARN] PackLoader:240 - Cannot read IP mode file for STMicroelectronics.X-CUBE-BLE2.3.3.0
2025-04-25 15:10:17,926 [WARN] PackLoader:240 - Cannot read IP mode file for STMicroelectronics.X-CUBE-NFC9.1.0.0
2025-04-25 15:10:17,963 [WARN] PackLoader:240 - Cannot read IP mode file for STMicroelectronics.X-CUBE-BLE1.7.1.0
2025-04-25 15:10:18,001 [WARN] PackLoader:240 - Cannot read IP mode file for STMicroelectronics.X-CUBE-TCPP.4.1.0
2025-04-25 15:10:18,153 [WARN] PackLoader:240 - Cannot read IP mode file for STMicroelectronics.X-CUBE-MEMS1.11.2.0
2025-04-25 15:10:18,450 [WARN] PackLoader:240 - Cannot read IP mode file for STMicroelectronics.X-CUBE-AZRTOS-G0.1.1.0
2025-04-25 15:10:18,511 [WARN] PackLoader:240 - Cannot read IP mode file for STMicroelectronics.X-CUBE-SAFEA1.1.2.2
2025-04-25 15:10:18,564 [WARN] PackLoader:240 - Cannot read IP mode file for STMicroelectronics.X-CUBE-NFC4.3.0.0
2025-04-25 15:10:18,648 [WARN] PackLoader:240 - Cannot read IP mode file for EmbeddedOffice.I-CUBE-FS-RTOS.1.0.1
2025-04-25 15:10:18,650 [ERROR] ConditionMgr:805 - Attr not supported : Dmpu
2025-04-25 15:10:18,650 [ERROR] ConditionMgr:805 - Attr not supported : Dmpu
2025-04-25 15:10:18,650 [ERROR] ConditionMgr:805 - Attr not supported : Dmpu
2025-04-25 15:10:18,650 [ERROR] ConditionMgr:805 - Attr not supported : Dmpu
2025-04-25 15:10:18,650 [ERROR] ConditionMgr:805 - Attr not supported : Dmpu
2025-04-25 15:10:18,651 [ERROR] ConditionMgr:805 - Attr not supported : Dmpu
2025-04-25 15:10:18,651 [ERROR] ConditionMgr:805 - Attr not supported : Dmpu
2025-04-25 15:10:18,652 [ERROR] ConditionMgr:805 - Attr not supported : Dmpu
2025-04-25 15:10:18,652 [ERROR] ConditionMgr:805 - Attr not supported : Dmpu
2025-04-25 15:10:18,652 [ERROR] ConditionMgr:805 - Attr not supported : Dmpu
2025-04-25 15:10:18,653 [ERROR] ConditionMgr:805 - Attr not supported : Dmpu
2025-04-25 15:10:18,653 [ERROR] ConditionMgr:805 - Attr not supported : Dmpu
2025-04-25 15:10:18,654 [ERROR] ConditionMgr:805 - Attr not supported : Dmpu
2025-04-25 15:10:18,655 [ERROR] ConditionMgr:805 - Attr not supported : Dmpu
2025-04-25 15:10:18,655 [ERROR] ConditionMgr:805 - Attr not supported : Dmpu
2025-04-25 15:10:18,657 [ERROR] ConditionMgr:805 - Attr not supported : Dmpu
2025-04-25 15:10:18,658 [ERROR] ConditionMgr:805 - Attr not supported : Dmpu
2025-04-25 15:10:18,658 [ERROR] ConditionMgr:805 - Attr not supported : Dmpu
2025-04-25 15:10:18,659 [ERROR] ConditionMgr:805 - Attr not supported : Dmpu
2025-04-25 15:10:18,659 [ERROR] ConditionMgr:805 - Attr not supported : Dmpu
2025-04-25 15:10:18,660 [ERROR] ConditionMgr:805 - Attr not supported : Dmpu
2025-04-25 15:10:18,660 [ERROR] ConditionMgr:805 - Attr not supported : Dmpu
2025-04-25 15:10:18,660 [ERROR] ConditionMgr:805 - Attr not supported : Dmpu
2025-04-25 15:10:18,662 [ERROR] ConditionMgr:805 - Attr not supported : Dmpu
2025-04-25 15:10:18,664 [ERROR] ConditionMgr:805 - Attr not supported : Dmpu
2025-04-25 15:10:18,665 [ERROR] ConditionMgr:805 - Attr not supported : Dmpu
2025-04-25 15:10:18,665 [ERROR] ConditionMgr:805 - Attr not supported : Dmpu
2025-04-25 15:10:18,666 [ERROR] ConditionMgr:805 - Attr not supported : Dmpu
2025-04-25 15:10:18,667 [ERROR] ConditionMgr:805 - Attr not supported : Dmpu
2025-04-25 15:10:18,668 [ERROR] ConditionMgr:805 - Attr not supported : Dmpu
2025-04-25 15:10:18,668 [ERROR] ConditionMgr:805 - Attr not supported : Dmpu
2025-04-25 15:10:18,669 [ERROR] ConditionMgr:805 - Attr not supported : Dmpu
2025-04-25 15:10:18,669 [ERROR] ConditionMgr:805 - Attr not supported : Dmpu
2025-04-25 15:10:18,670 [ERROR] ConditionMgr:805 - Attr not supported : Dmpu
2025-04-25 15:10:18,671 [ERROR] ConditionMgr:805 - Attr not supported : Dmpu
2025-04-25 15:10:18,671 [ERROR] ConditionMgr:805 - Attr not supported : Dmpu
2025-04-25 15:10:18,672 [ERROR] ConditionMgr:805 - Attr not supported : Dmpu
2025-04-25 15:10:18,673 [ERROR] ConditionMgr:805 - Attr not supported : Dmpu
2025-04-25 15:10:18,673 [ERROR] ConditionMgr:805 - Attr not supported : Dmpu
2025-04-25 15:10:18,674 [ERROR] ConditionMgr:805 - Attr not supported : Dmpu
2025-04-25 15:10:18,674 [ERROR] ConditionMgr:805 - Attr not supported : Dmpu
2025-04-25 15:10:18,674 [ERROR] ConditionMgr:805 - Attr not supported : Dmpu
2025-04-25 15:10:18,674 [ERROR] ConditionMgr:805 - Attr not supported : Dmpu
2025-04-25 15:10:18,675 [ERROR] ConditionMgr:805 - Attr not supported : Dmpu
2025-04-25 15:10:18,676 [ERROR] ConditionMgr:805 - Attr not supported : Dmpu
2025-04-25 15:10:18,677 [ERROR] ConditionMgr:805 - Attr not supported : Dmpu
2025-04-25 15:10:18,678 [ERROR] ConditionMgr:805 - Attr not supported : Dmpu
2025-04-25 15:10:18,679 [ERROR] ConditionMgr:805 - Attr not supported : Dmpu
2025-04-25 15:10:18,680 [ERROR] ConditionMgr:805 - Attr not supported : Dmpu
2025-04-25 15:10:18,681 [ERROR] ConditionMgr:805 - Attr not supported : Dmpu
2025-04-25 15:10:18,682 [ERROR] ConditionMgr:805 - Attr not supported : Dmpu
2025-04-25 15:10:18,684 [ERROR] ConditionMgr:805 - Attr not supported : Dmpu
2025-04-25 15:10:18,685 [ERROR] ConditionMgr:805 - Attr not supported : Dmpu
2025-04-25 15:10:18,686 [ERROR] ConditionMgr:805 - Attr not supported : Dmpu
2025-04-25 15:10:18,687 [ERROR] ConditionMgr:805 - Attr not supported : Dmpu
2025-04-25 15:10:18,688 [ERROR] ConditionMgr:805 - Attr not supported : Dmpu
2025-04-25 15:10:18,688 [ERROR] ConditionMgr:805 - Attr not supported : Dmpu
2025-04-25 15:10:18,689 [ERROR] ConditionMgr:805 - Attr not supported : Dmpu
2025-04-25 15:10:18,690 [ERROR] ConditionMgr:805 - Attr not supported : Dmpu
2025-04-25 15:10:18,690 [ERROR] ConditionMgr:805 - Attr not supported : Dmpu
2025-04-25 15:10:18,690 [ERROR] ConditionMgr:805 - Attr not supported : Dmpu
2025-04-25 15:10:18,691 [ERROR] ConditionMgr:805 - Attr not supported : Dmpu
2025-04-25 15:10:18,691 [ERROR] ConditionMgr:805 - Attr not supported : Dmpu
2025-04-25 15:10:18,691 [ERROR] ConditionMgr:805 - Attr not supported : Dmpu
2025-04-25 15:10:18,735 [WARN] PackLoader:240 - Cannot read IP mode file for STMicroelectronics.X-CUBE-WB05N.2.0.0
2025-04-25 15:10:18,784 [ERROR] Engine:466 - C:\Users\talur\.stm32cubemx\thirdparties\pdsc\STMicroelectronics.X-CUBE-TCPP.4.2.0.pdsc: PDSC version is not supported
2025-04-25 15:10:18,834 [WARN] PackLoader:240 - Cannot read IP mode file for RealThread.X-CUBE-RT-Thread_Nano.4.1.1
2025-04-25 15:10:18,883 [WARN] PackLoader:240 - Cannot read IP mode file for STMicroelectronics.FP-ATR-SIGFOX1.3.2.0
2025-04-25 15:10:18,920 [WARN] PackLoader:240 - Cannot read IP mode file for wolfSSL.I-CUBE-wolfSSL.5.7.2
2025-04-25 15:10:18,953 [WARN] ConditionMgr:438 - getConditionDescription Invalid condition id : Cortex-A Device cause : null
2025-04-25 15:10:19,009 [INFO] WebApp:448 - Apply proxy settings
2025-04-25 15:10:19,009 [INFO] WebApp:533 - Chromium requires no authentication
2025-04-25 15:10:19,020 [WARN] ConditionMgr:1039 - genDependencies : Invalid condition id : Cortex-A Device cause : null
2025-04-25 15:10:19,020 [WARN] ConditionMgr:1039 - genDependencies : Invalid condition id : Cortex-A Device cause : null
2025-04-25 15:10:19,021 [WARN] ConditionMgr:1039 - genDependencies : Invalid condition id : Cortex-A Device cause : null
2025-04-25 15:10:19,040 [INFO] WebApp:476 - Direct internet connection detected
2025-04-25 15:10:19,066 [WARN] PackLoader:240 - Cannot read IP mode file for STMicroelectronics.X-CUBE-EEPRMA1.5.1.0
2025-04-25 15:10:19,108 [WARN] PackLoader:240 - Cannot read IP mode file for wolfSSL.I-CUBE-wolfSSL.5.7.4
2025-04-25 15:10:19,114 [INFO] WebApp:869 - Register for checkConnection events
2025-04-25 15:10:19,115 [INFO] WebApp:448 - Apply proxy settings
2025-04-25 15:10:19,116 [INFO] WebApp:533 - Chromium requires no authentication
2025-04-25 15:10:19,121 [INFO] WebApp:476 - Direct internet connection detected
2025-04-25 15:10:19,153 [WARN] PackLoader:240 - Cannot read IP mode file for ITTIA_DB.I-CUBE-ITTIADB.8.9.0
2025-04-25 15:10:19,242 [WARN] PackLoader:240 - Cannot read IP mode file for SEGGER.I-CUBE-embOS.1.3.1
2025-04-25 15:10:19,326 [WARN] PackLoader:240 - Cannot read IP mode file for STMicroelectronics.X-CUBE-ALGOBUILD.1.4.0
2025-04-25 15:10:19,378 [WARN] PackLoader:240 - Cannot read IP mode file for STMicroelectronics.X-CUBE-AI.9.1.0
2025-04-25 15:10:19,462 [WARN] PackLoader:240 - Cannot read IP mode file for STMicroelectronics.X-CUBE-AZRTOS-F4.1.1.0
2025-04-25 15:10:19,502 [ERROR] Engine:466 - C:\Users\talur\.stm32cubemx\thirdparties\pdsc\Avnet-IotConnect.X-CUBE-IoTC-DA16k-PMOD.1.0.0.pdsc: PDSC version is not supported
2025-04-25 15:10:19,569 [WARN] PackLoader:240 - Cannot read IP mode file for STMicroelectronics.X-CUBE-ISPU.2.1.0
2025-04-25 15:10:19,617 [WARN] PackLoader:240 - Cannot read IP mode file for STMicroelectronics.X-CUBE-FREERTOS.1.2.0
2025-04-25 15:10:19,699 [WARN] PackLoader:240 - Cannot read IP mode file for STMicroelectronics.X-CUBE-AZRTOS-L5.2.0.0
2025-04-25 15:10:19,768 [WARN] PackLoader:240 - Cannot read IP mode file for STMicroelectronics.X-CUBE-NFC6.3.1.0
2025-04-25 15:10:19,813 [WARN] PackLoader:240 - Cannot read IP mode file for STMicroelectronics.X-CUBE-DPower.1.2.0
2025-04-25 15:10:19,841 [INFO] WebApp:186 - Connection restablished
2025-04-25 15:10:19,862 [WARN] PackLoader:240 - Cannot read IP mode file for STMicroelectronics.X-CUBE-AI.9.0.0
2025-04-25 15:10:19,868 [INFO] WebApp:220 - Starting web application
2025-04-25 15:10:19,869 [INFO] WebApp:578 - Web application path used C:\ST\STM32CubeIDE_1.16.1\STM32CubeIDE\plugins\com.st.stm32cube.common.mx_6.12.1.202409122256\db\plugins\mcufinder\reactClient1\index.html
2025-04-25 15:10:19,914 [WARN] PackLoader:240 - Cannot read IP mode file for STMicroelectronics.X-CUBE-FREERTOS.1.3.0
2025-04-25 15:10:19,956 [WARN] PackLoader:240 - Cannot read IP mode file for STMicroelectronics.X-CUBE-NFC7.1.0.1
2025-04-25 15:10:20,009 [WARN] PackLoader:240 - Cannot read IP mode file for STMicroelectronics.X-CUBE-DPower.1.3.0
2025-04-25 15:10:20,098 [WARN] ConditionMgr:438 - getConditionDescription Invalid condition id : LAN8742 Phy interface Condition cause : null
2025-04-25 15:10:20,099 [WARN] PackLoader:240 - Cannot read IP mode file for STMicroelectronics.X-CUBE-AZRTOS-L4.2.0.0
2025-04-25 15:10:20,101 [WARN] ConditionMgr:1039 - genDependencies : Invalid condition id : LAN8742 Phy interface Condition cause : null
2025-04-25 15:10:20,102 [WARN] ConditionMgr:1039 - genDependencies : Invalid condition id : LAN8742 Phy interface Condition cause : null
2025-04-25 15:10:20,103 [WARN] ConditionMgr:1039 - genDependencies : Invalid condition id : LAN8742 Phy interface Condition cause : null
2025-04-25 15:10:20,150 [WARN] PackLoader:240 - Cannot read IP mode file for STMicroelectronics.X-CUBE-SFXS2LP1.4.0.0
2025-04-25 15:10:20,238 [WARN] PackLoader:240 - Cannot read IP mode file for STMicroelectronics.X-CUBE-AZRTOS-H7.3.3.0
2025-04-25 15:10:20,295 [WARN] PackLoader:240 - Cannot read IP mode file for STMicroelectronics.X-CUBE-IPS.3.0.0
2025-04-25 15:10:20,352 [WARN] ConditionMgr:438 - getConditionDescription Invalid condition id : UX DEVICE CLASS RTOS Condition cause : null
2025-04-25 15:10:20,353 [WARN] ConditionMgr:438 - getConditionDescription Invalid condition id : UX DEVICE CLASS RTOS Condition cause : null
2025-04-25 15:10:20,356 [WARN] PackLoader:240 - Cannot read IP mode file for STMicroelectronics.X-CUBE-AZRTOS-WB.2.0.0
2025-04-25 15:10:20,357 [WARN] ConditionMgr:1039 - genDependencies : Invalid condition id : UX DEVICE CLASS RTOS Condition cause : null
2025-04-25 15:10:20,360 [WARN] ConditionMgr:1039 - genDependencies : Invalid condition id : UX DEVICE CLASS RTOS Condition cause : null
2025-04-25 15:10:20,362 [WARN] ConditionMgr:1039 - genDependencies : Invalid condition id : UX DEVICE CLASS RTOS Condition cause : null
2025-04-25 15:10:20,364 [WARN] ConditionMgr:1039 - genDependencies : Invalid condition id : UX DEVICE CLASS RTOS Condition cause : null
2025-04-25 15:10:20,365 [WARN] ConditionMgr:1039 - genDependencies : Invalid condition id : UX DEVICE CLASS RTOS Condition cause : null
2025-04-25 15:10:20,411 [WARN] PackLoader:240 - Cannot read IP mode file for STMicroelectronics.X-CUBE-GNSS1.7.0.0
2025-04-25 15:10:20,455 [WARN] PackLoader:240 - Cannot read IP mode file for STMicroelectronics.X-CUBE-GNSS1.7.0.1
2025-04-25 15:10:20,509 [WARN] PackLoader:240 - Cannot read IP mode file for STMicroelectronics.X-CUBE-TOUCHGFX.4.25.0
2025-04-25 15:10:20,557 [WARN] PackLoader:240 - Cannot read IP mode file for STMicroelectronics.FP-SNS-STBOX1.2.0.0
2025-04-25 15:10:20,630 [WARN] PackLoader:240 - Cannot read IP mode file for STMicroelectronics.X-CUBE-SUBG2.5.0.0
2025-04-25 15:10:20,720 [WARN] PackLoader:240 - Cannot read IP mode file for STMicroelectronics.X-CUBE-AZRTOS-H7RS.1.1.0
2025-04-25 15:10:20,766 [WARN] PackLoader:240 - Cannot read IP mode file for Cesanta.I-CUBE-Mongoose.7.13.0
2025-04-25 15:10:20,839 [WARN] PackLoader:240 - Cannot read IP mode file for STMicroelectronics.X-CUBE-AZRTOS-G4.2.0.0
2025-04-25 15:10:20,889 [WARN] PackLoader:240 - Cannot read IP mode file for STMicroelectronics.X-CUBE-ISPU.2.0.0
2025-04-25 15:10:20,947 [ERROR] Engine:466 - C:\Users\talur\.stm32cubemx\thirdparties\pdsc\STMicroelectronics.X-CUBE-IPS.3.1.0.pdsc: PDSC version is not supported
2025-04-25 15:10:20,986 [WARN] PackLoader:240 - Cannot read IP mode file for STMicroelectronics.X-CUBE-ALS.1.0.2
2025-04-25 15:10:21,026 [WARN] PackLoader:240 - Cannot read IP mode file for STMicroelectronics.X-CUBE-TOUCHGFX.4.24.0
2025-04-25 15:10:21,064 [WARN] PackLoader:240 - Cannot read IP mode file for STMicroelectronics.X-CUBE-TOUCHGFX.4.24.2
2025-04-25 15:10:21,102 [WARN] PackLoader:240 - Cannot read IP mode file for STMicroelectronics.X-CUBE-TOUCHGFX.4.24.1
2025-04-25 15:10:21,142 [WARN] PackLoader:240 - Cannot read IP mode file for wolfSSL.I-CUBE-wolfTPM.3.4.0
2025-04-25 15:10:21,192 [WARN] PackLoader:240 - Cannot read IP mode file for portGmbH.I-Cube-SoM-uGOAL.1.1.0
2025-04-25 15:10:21,262 [WARN] PackLoader:240 - Cannot read IP mode file for STMicroelectronics.X-CUBE-AZRTOS-H7RS.1.0.0
2025-04-25 15:10:21,305 [WARN] PackLoader:240 - Cannot read IP mode file for STMicroelectronics.FP-ATR-ASTRA1.2.0.0
2025-04-25 15:10:21,358 [WARN] PackLoader:240 - Cannot read IP mode file for STMicroelectronics.X-CUBE-TOF1.3.4.2
2025-04-25 15:10:21,420 [ERROR] Engine:466 - C:\Users\talur\.stm32cubemx\thirdparties\pdsc\STMicroelectronics.X-CUBE-TOF1.3.4.3.pdsc: PDSC version is not supported
2025-04-25 15:10:21,515 [WARN] PackLoader:240 - Cannot read IP mode file for Infineon.AIROC-Wi-Fi-Bluetooth-STM32.1.6.1
2025-04-25 15:10:21,624 [WARN] PackLoader:240 - Cannot read IP mode file for wolfSSL.I-CUBE-wolfSSH.1.4.17
2025-04-25 15:10:21,640 [INFO] ThirdParty:978 - Integrity check success = true
2025-04-25 15:10:21,649 [INFO] IntegrityCheckThread:100 - exiting critical section [integrity check]
2025-04-25 15:10:21,652 [INFO] IntegrityCheckThread:103 - End integrity checks thread
2025-04-25 15:10:39,515 [ERROR] LogOutputStream:75 - [STDERR_REDIRECT] 
2025-04-25 15:10:39,519 [ERROR] LogOutputStream:75 - [STDERR_REDIRECT] 
