2025-03-18 12:05:58,163 [INFO] Activator:176 - 


2025-03-18 12:05:58,174 [INFO] Activator:177 - !SESSION log4j initialized
2025-03-18 12:06:09,083 [INFO] LogOutputStream:77 - [STDOUT_REDIRECT] 
2025-03-18 12:06:11,044 [INFO] ApplicationProperties:184 - Using Application install path: C:\ST\STM32CubeIDE_1.16.1\STM32CubeIDE\plugins\com.st.stm32cube.common.mx_6.12.1.202409122256
2025-03-18 12:06:11,074 [INFO] DbMcusXml:78 - Set database path to: C:\ST\STM32CubeIDE_1.16.1\STM32CubeIDE\plugins\com.st.stm32cube.common.mx_6.12.1.202409122256\\db\/mcu/
2025-03-18 12:06:11,074 [INFO] ApiDb:274 - Set plugin database path to: C:\ST\STM32CubeIDE_1.16.1\STM32CubeIDE\plugins\com.st.stm32cube.common.mx_6.12.1.202409122256\\db\/plugins/boardmanager/
2025-03-18 12:06:11,076 [WARN] ApiDb:259 - Overriding images path with different value:  => C:\ST\STM32CubeIDE_1.16.1\STM32CubeIDE\plugins\com.st.stm32cube.common.mx_6.12.1.202409122256\\db\/plugins/mcufinder/images/
2025-03-18 12:06:11,092 [INFO] ApiDb:250 - Set database path to: C:\Users\talur\.stmcufinder\plugins\mcufinder//mcu/
2025-03-18 12:06:11,094 [INFO] DbMcusAds:125 - Set database path to: C:\Users\talur\.stmcufinder\plugins\mcufinder//mcu/
2025-03-18 12:06:11,098 [INFO] CrossReferenceDbSqlite:203 - Set database path to: C:\Users\talur\.stmcufinder\plugins\mcufinder//mcu/cs/
2025-03-18 12:06:11,269 [INFO] RulesReader:64 - Compatibility file has been processed (297 Rules)
2025-03-18 12:06:11,393 [INFO] DbMcusXml:78 - Set database path to: C:\ST\STM32CubeIDE_1.16.1\STM32CubeIDE\plugins\com.st.stm32cube.common.mx_6.12.1.202409122256\\db\/mcu/
2025-03-18 12:06:11,393 [INFO] ApiDb:274 - Set plugin database path to: C:\ST\STM32CubeIDE_1.16.1\STM32CubeIDE\plugins\com.st.stm32cube.common.mx_6.12.1.202409122256\\db\/plugins/boardmanager/
2025-03-18 12:06:11,394 [INFO] ApiDb:261 - Set plugin images path to: C:\ST\STM32CubeIDE_1.16.1\STM32CubeIDE\plugins\com.st.stm32cube.common.mx_6.12.1.202409122256\\db\/plugins/mcufinder/images/
2025-03-18 12:06:11,394 [WARN] DbFile:41 - Overriding database path with different value: C:\Users\talur\.stmcufinder\plugins\mcufinder/ => C:\Users\talur\.stmcufinder\plugins\mcufinder
2025-03-18 12:06:11,394 [INFO] ApiDb:250 - Set database path to: C:\Users\talur\.stmcufinder\plugins\mcufinder//mcu/
2025-03-18 12:06:11,394 [WARN] DbFile:41 - Overriding database path with different value: C:\Users\talur\.stmcufinder\plugins\mcufinder/ => C:\Users\talur\.stmcufinder\plugins\mcufinder
2025-03-18 12:06:11,394 [INFO] DbMcusAds:125 - Set database path to: C:\Users\talur\.stmcufinder\plugins\mcufinder//mcu/
2025-03-18 12:06:11,394 [WARN] DbFile:41 - Overriding database path with different value: C:\Users\talur\.stmcufinder\plugins\mcufinder/ => C:\Users\talur\.stmcufinder\plugins\mcufinder
2025-03-18 12:06:11,394 [WARN] DbFile:41 - Overriding database path with different value: C:\Users\talur\.stmcufinder\plugins\mcufinder/ => C:\Users\talur\.stmcufinder\plugins\mcufinder
2025-03-18 12:06:11,394 [INFO] CrossReferenceDbSqlite:203 - Set database path to: C:\Users\talur\.stmcufinder\plugins\mcufinder//mcu/cs/
2025-03-18 12:06:11,525 [INFO] MainPanel:268 - HeapMemory: 268435456
2025-03-18 12:06:11,700 [INFO] DbMcusXml:78 - Set database path to: C:\ST\STM32CubeIDE_1.16.1\STM32CubeIDE\plugins\com.st.stm32cube.common.mx_6.12.1.202409122256\\db\/mcu/
2025-03-18 12:06:11,701 [INFO] ApiDb:274 - Set plugin database path to: C:\ST\STM32CubeIDE_1.16.1\STM32CubeIDE\plugins\com.st.stm32cube.common.mx_6.12.1.202409122256\\db\/plugins/boardmanager/
2025-03-18 12:06:11,701 [INFO] ApiDb:261 - Set plugin images path to: C:\ST\STM32CubeIDE_1.16.1\STM32CubeIDE\plugins\com.st.stm32cube.common.mx_6.12.1.202409122256\\db\/plugins/mcufinder/images/
2025-03-18 12:06:11,701 [WARN] DbFile:41 - Overriding database path with different value: C:\Users\talur\.stmcufinder\plugins\mcufinder/ => C:\Users\talur\.stmcufinder\plugins\mcufinder
2025-03-18 12:06:11,702 [INFO] ApiDb:250 - Set database path to: C:\Users\talur\.stmcufinder\plugins\mcufinder//mcu/
2025-03-18 12:06:11,702 [WARN] DbFile:41 - Overriding database path with different value: C:\Users\talur\.stmcufinder\plugins\mcufinder/ => C:\Users\talur\.stmcufinder\plugins\mcufinder
2025-03-18 12:06:11,702 [INFO] DbMcusAds:125 - Set database path to: C:\Users\talur\.stmcufinder\plugins\mcufinder//mcu/
2025-03-18 12:06:11,702 [WARN] DbFile:41 - Overriding database path with different value: C:\Users\talur\.stmcufinder\plugins\mcufinder/ => C:\Users\talur\.stmcufinder\plugins\mcufinder
2025-03-18 12:06:11,702 [WARN] DbFile:41 - Overriding database path with different value: C:\Users\talur\.stmcufinder\plugins\mcufinder/ => C:\Users\talur\.stmcufinder\plugins\mcufinder
2025-03-18 12:06:11,702 [INFO] CrossReferenceDbSqlite:203 - Set database path to: C:\Users\talur\.stmcufinder\plugins\mcufinder//mcu/cs/
2025-03-18 12:06:11,729 [INFO] ApplicationProperties:184 - Using Application install path: C:\ST\STM32CubeIDE_1.16.1\STM32CubeIDE\plugins\com.st.stm32cube.common.mx_6.12.1.202409122256
2025-03-18 12:06:11,732 [INFO] PluginManage:196 - Search for loadable plugins [exclusion list=, ]
2025-03-18 12:06:11,734 [INFO] PluginManage:310 - Check plugin analytics
2025-03-18 12:06:12,008 [INFO] AnalyticsPlugin:253 - Accepted Software Licenses: 
2025-03-18 12:06:12,008 [INFO] AnalyticsPlugin:255 - Accepted CMSIS Pack Licenses: 
2025-03-18 12:06:12,009 [INFO] AnalyticsPlugin:257 - Accepted Firmware Licenses: FW.F4.1.28.0
2025-03-18 12:06:12,013 [INFO] PluginManage:359 - Loaded plugin analytics (category:tool,tabindex:-1)
2025-03-18 12:06:12,014 [INFO] PluginManage:310 - Check plugin cadmodel
2025-03-18 12:06:12,046 [INFO] CADModel:105 - Init CAD model plugin
2025-03-18 12:06:12,047 [INFO] PluginManage:359 - Loaded plugin cadmodel (category:power,tabindex:5)
2025-03-18 12:06:12,047 [INFO] PluginManage:310 - Check plugin clock
2025-03-18 12:06:12,084 [INFO] PluginManage:359 - Loaded plugin clock (category:base,tabindex:2)
2025-03-18 12:06:12,084 [INFO] PluginManage:310 - Check plugin ddr
2025-03-18 12:06:12,089 [INFO] PluginManage:359 - Loaded plugin ddr (category:tool,tabindex:6)
2025-03-18 12:06:12,089 [INFO] PluginManage:310 - Check plugin filemanager
2025-03-18 12:06:12,319 [INFO] PluginManage:359 - Loaded plugin filemanager (category:base,tabindex:10)
2025-03-18 12:06:12,319 [INFO] PluginManage:310 - Check plugin ipmanager
2025-03-18 12:06:12,330 [INFO] PluginManage:359 - Loaded plugin ipmanager (category:base,tabindex:5)
2025-03-18 12:06:12,330 [INFO] PluginManage:310 - Check plugin lpbam
2025-03-18 12:06:12,356 [INFO] PluginManage:359 - Loaded plugin lpbam (category:base,tabindex:0)
2025-03-18 12:06:12,356 [INFO] PluginManage:310 - Check plugin memorymap
2025-03-18 12:06:12,400 [INFO] PluginManage:359 - Loaded plugin memorymap (category:base,tabindex:4)
2025-03-18 12:06:12,401 [INFO] PluginManage:310 - Check plugin pinoutandconfiguration
2025-03-18 12:06:12,429 [INFO] PluginManage:359 - Loaded plugin pinoutandconfiguration (category:base,tabindex:1)
2025-03-18 12:06:12,430 [INFO] PluginManage:310 - Check plugin pinoutconfig
2025-03-18 12:06:12,629 [WARN] SupportedApi:132 - Cannot load RTOS API schema: s4s-elt-must-match.1: The content of 'definitions' must match (annotation?, (simpleType | complexType)?, (unique | key | keyref)*)). A problem was found starting at: attribute.
2025-03-18 12:06:12,848 [INFO] PluginManage:359 - Loaded plugin pinoutconfig (category:base,tabindex:0)
2025-03-18 12:06:12,848 [INFO] PluginManage:310 - Check plugin power
2025-03-18 12:06:12,883 [INFO] PluginManage:359 - Loaded plugin power (category:power,tabindex:4)
2025-03-18 12:06:12,883 [INFO] PluginManage:310 - Check plugin projectmanager
2025-03-18 12:06:12,905 [INFO] PluginManage:359 - Loaded plugin projectmanager (category:projectmanager,tabindex:4)
2025-03-18 12:06:12,905 [INFO] PluginManage:310 - Check plugin rif
2025-03-18 12:06:12,929 [INFO] PluginManage:359 - Loaded plugin rif (category:base,tabindex:3)
2025-03-18 12:06:12,930 [INFO] PluginManage:310 - Check plugin thirdparty
2025-03-18 12:06:13,310 [INFO] PluginManage:359 - Loaded plugin thirdparty (category:base,tabindex:-1)
2025-03-18 12:06:13,310 [WARN] IntegrityCheckThread:84 - waiting for thirdparty lock release [integrity check]
2025-03-18 12:06:13,311 [INFO] IntegrityCheckThread:86 - entering critical section [integrity check]
2025-03-18 12:06:13,311 [INFO] PluginManage:310 - Check plugin tools
2025-03-18 12:06:13,311 [INFO] ThirdPartyUpdaterWithRetryManager:70 - Updater plugin not ready yet. [1/15]
2025-03-18 12:06:13,376 [INFO] PluginManage:359 - Loaded plugin tools (category:base,tabindex:7)
2025-03-18 12:06:13,376 [INFO] PluginManage:310 - Check plugin tutovideos
2025-03-18 12:06:13,714 [INFO] PluginManage:359 - Loaded plugin tutovideos (category:base,tabindex:-1)
2025-03-18 12:06:13,714 [INFO] PluginManage:310 - Check plugin updater
2025-03-18 12:06:13,739 [INFO] PluginManage:359 - Loaded plugin updater (category:base,tabindex:12)
2025-03-18 12:06:13,739 [INFO] PluginManage:310 - Check plugin userauth
2025-03-18 12:06:13,747 [INFO] UserAuth:113 - Init User Auth plugin
2025-03-18 12:06:13,748 [INFO] PluginManage:359 - Loaded plugin userauth (category:base,tabindex:14)
2025-03-18 12:06:13,748 [INFO] PluginManage:283 - PluginManage : Loaded plugins [18]
2025-03-18 12:06:14,092 [INFO] PinOutPanel:1561 - setPackage(No Configuration,No Configuration)
2025-03-18 12:06:14,226 [INFO] CADModel:165 - CPN selected for project level
2025-03-18 12:06:14,227 [INFO] CADModel:114 - Register for checkConnection events
2025-03-18 12:06:14,271 [INFO] IPUIPlugin:80 - create IPUIPlugin
2025-03-18 12:06:14,271 [INFO] PluginManager:220 - loadIPPluginJar : add adc
2025-03-18 12:06:14,334 [INFO] IPUIPlugin:80 - create IPUIPlugin
2025-03-18 12:06:14,334 [INFO] PluginManager:220 - loadIPPluginJar : add aes
2025-03-18 12:06:14,404 [INFO] IPUIPlugin:80 - create IPUIPlugin
2025-03-18 12:06:14,405 [INFO] PluginManager:220 - loadIPPluginJar : add can
2025-03-18 12:06:14,445 [INFO] IPUIPlugin:80 - create IPUIPlugin
2025-03-18 12:06:14,445 [INFO] PluginManager:220 - loadIPPluginJar : add comp
2025-03-18 12:06:14,501 [INFO] IPUIPlugin:80 - create IPUIPlugin
2025-03-18 12:06:14,501 [INFO] PluginManager:220 - loadIPPluginJar : add cryp
2025-03-18 12:06:14,522 [INFO] IPUIPlugin:80 - create IPUIPlugin
2025-03-18 12:06:14,522 [INFO] PluginManager:220 - loadIPPluginJar : add ddr_ctrl_phy
2025-03-18 12:06:14,577 [INFO] IPUIPlugin:80 - create IPUIPlugin
2025-03-18 12:06:14,577 [INFO] PluginManager:220 - loadIPPluginJar : add dfsdm
2025-03-18 12:06:14,601 [INFO] IPUIPlugin:80 - create IPUIPlugin
2025-03-18 12:06:14,602 [INFO] PluginManager:220 - loadIPPluginJar : add dma
2025-03-18 12:06:14,680 [INFO] IPUIPlugin:80 - create IPUIPlugin
2025-03-18 12:06:14,680 [INFO] PluginManager:220 - loadIPPluginJar : add dma3
2025-03-18 12:06:14,753 [INFO] IPUIPlugin:80 - create IPUIPlugin
2025-03-18 12:06:14,753 [INFO] PluginManager:220 - loadIPPluginJar : add extmemmanager
2025-03-18 12:06:14,758 [INFO] IPUIPlugin:80 - create IPUIPlugin
2025-03-18 12:06:14,758 [INFO] PluginManager:220 - loadIPPluginJar : add fatfs
2025-03-18 12:06:14,846 [INFO] IPUIPlugin:80 - create IPUIPlugin
2025-03-18 12:06:14,846 [INFO] PluginManager:220 - loadIPPluginJar : add fmc
2025-03-18 12:06:14,871 [INFO] IPUIPlugin:80 - create IPUIPlugin
2025-03-18 12:06:14,871 [INFO] PluginManager:220 - loadIPPluginJar : add freertos
2025-03-18 12:06:14,875 [INFO] IPUIPlugin:80 - create IPUIPlugin
2025-03-18 12:06:14,875 [INFO] PluginManager:220 - loadIPPluginJar : add genericplugin
2025-03-18 12:06:15,046 [INFO] IPUIPlugin:80 - create IPUIPlugin
2025-03-18 12:06:15,046 [INFO] PluginManager:220 - loadIPPluginJar : add gfxmmu
2025-03-18 12:06:15,271 [INFO] IPUIPlugin:80 - create IPUIPlugin
2025-03-18 12:06:15,271 [INFO] PluginManager:220 - loadIPPluginJar : add gic
2025-03-18 12:06:15,304 [INFO] IPUIPlugin:80 - create IPUIPlugin
2025-03-18 12:06:15,304 [INFO] PluginManager:220 - loadIPPluginJar : add gpio
2025-03-18 12:06:15,511 [INFO] IPUIPlugin:80 - create IPUIPlugin
2025-03-18 12:06:15,511 [INFO] PluginManager:220 - loadIPPluginJar : add gtzc
2025-03-18 12:06:15,551 [INFO] IPUIPlugin:80 - create IPUIPlugin
2025-03-18 12:06:15,551 [INFO] PluginManager:220 - loadIPPluginJar : add hash
2025-03-18 12:06:15,646 [INFO] IPUIPlugin:80 - create IPUIPlugin
2025-03-18 12:06:15,647 [INFO] PluginManager:220 - loadIPPluginJar : add i2c
2025-03-18 12:06:15,714 [INFO] IPUIPlugin:80 - create IPUIPlugin
2025-03-18 12:06:15,714 [INFO] PluginManager:220 - loadIPPluginJar : add i2s
2025-03-18 12:06:15,782 [INFO] IPUIPlugin:80 - create IPUIPlugin
2025-03-18 12:06:15,783 [INFO] PluginManager:220 - loadIPPluginJar : add i3c
2025-03-18 12:06:15,955 [INFO] IPUIPlugin:80 - create IPUIPlugin
2025-03-18 12:06:15,955 [INFO] PluginManager:220 - loadIPPluginJar : add ipddr
2025-03-18 12:06:16,127 [INFO] IPUIPlugin:80 - create IPUIPlugin
2025-03-18 12:06:16,127 [INFO] PluginManager:220 - loadIPPluginJar : add linkedlist
2025-03-18 12:06:16,133 [INFO] IPUIPlugin:80 - create IPUIPlugin
2025-03-18 12:06:16,133 [INFO] PluginManager:220 - loadIPPluginJar : add lorawan
2025-03-18 12:06:16,197 [INFO] IPUIPlugin:80 - create IPUIPlugin
2025-03-18 12:06:16,197 [INFO] PluginManager:220 - loadIPPluginJar : add ltdc
2025-03-18 12:06:16,221 [INFO] IPUIPlugin:80 - create IPUIPlugin
2025-03-18 12:06:16,221 [INFO] PluginManager:220 - loadIPPluginJar : add mdma
2025-03-18 12:06:16,244 [INFO] IPUIPlugin:80 - create IPUIPlugin
2025-03-18 12:06:16,244 [INFO] PluginManager:220 - loadIPPluginJar : add nvic
2025-03-18 12:06:16,313 [INFO] IPUIPlugin:80 - create IPUIPlugin
2025-03-18 12:06:16,313 [INFO] PluginManager:220 - loadIPPluginJar : add opamp
2025-03-18 12:06:16,314 [INFO] ThirdPartyUpdaterWithRetryManager:70 - Updater plugin not ready yet. [2/15]
2025-03-18 12:06:16,440 [INFO] IPUIPlugin:80 - create IPUIPlugin
2025-03-18 12:06:16,440 [INFO] PluginManager:220 - loadIPPluginJar : add openamp
2025-03-18 12:06:16,516 [INFO] IPUIPlugin:80 - create IPUIPlugin
2025-03-18 12:06:16,516 [INFO] PluginManager:220 - loadIPPluginJar : add pdm2pcm
2025-03-18 12:06:16,540 [INFO] IPUIPlugin:80 - create IPUIPlugin
2025-03-18 12:06:16,543 [INFO] PluginManager:220 - loadIPPluginJar : add plateformsettings
2025-03-18 12:06:16,549 [INFO] IPUIPlugin:80 - create IPUIPlugin
2025-03-18 12:06:16,549 [INFO] PluginManager:220 - loadIPPluginJar : add quadspi
2025-03-18 12:06:16,554 [INFO] IPUIPlugin:80 - create IPUIPlugin
2025-03-18 12:06:16,555 [INFO] PluginManager:220 - loadIPPluginJar : add radio
2025-03-18 12:06:16,578 [INFO] IPUIPlugin:80 - create IPUIPlugin
2025-03-18 12:06:16,578 [INFO] PluginManager:220 - loadIPPluginJar : add resmgrutility
2025-03-18 12:06:16,659 [INFO] IPUIPlugin:80 - create IPUIPlugin
2025-03-18 12:06:16,659 [INFO] PluginManager:220 - loadIPPluginJar : add sai
2025-03-18 12:06:16,724 [INFO] IPUIPlugin:80 - create IPUIPlugin
2025-03-18 12:06:16,724 [INFO] PluginManager:220 - loadIPPluginJar : add spi
2025-03-18 12:06:16,840 [INFO] IPUIPlugin:80 - create IPUIPlugin
2025-03-18 12:06:16,840 [INFO] PluginManager:220 - loadIPPluginJar : add stm32_wpan
2025-03-18 12:06:16,845 [INFO] IPUIPlugin:80 - create IPUIPlugin
2025-03-18 12:06:16,846 [INFO] PluginManager:220 - loadIPPluginJar : add tim
2025-03-18 12:06:16,962 [INFO] IPUIPlugin:80 - create IPUIPlugin
2025-03-18 12:06:16,963 [INFO] PluginManager:220 - loadIPPluginJar : add touchsensing
2025-03-18 12:06:16,982 [INFO] IPUIPlugin:80 - create IPUIPlugin
2025-03-18 12:06:16,982 [INFO] PluginManager:220 - loadIPPluginJar : add tracer_emb
2025-03-18 12:06:16,986 [INFO] IPUIPlugin:80 - create IPUIPlugin
2025-03-18 12:06:16,988 [INFO] PluginManager:220 - loadIPPluginJar : add ts
2025-03-18 12:06:17,032 [INFO] IPUIPlugin:80 - create IPUIPlugin
2025-03-18 12:06:17,032 [INFO] PluginManager:220 - loadIPPluginJar : add tsc
2025-03-18 12:06:17,069 [INFO] IPUIPlugin:80 - create IPUIPlugin
2025-03-18 12:06:17,069 [INFO] PluginManager:220 - loadIPPluginJar : add ucpd
2025-03-18 12:06:17,155 [INFO] IPUIPlugin:80 - create IPUIPlugin
2025-03-18 12:06:17,155 [INFO] PluginManager:220 - loadIPPluginJar : add usart
2025-03-18 12:06:17,233 [INFO] IPUIPlugin:80 - create IPUIPlugin
2025-03-18 12:06:17,233 [INFO] PluginManager:220 - loadIPPluginJar : add usbx
2025-03-18 12:06:17,382 [INFO] CADModel:165 - CPN selected for project level
2025-03-18 12:06:17,383 [INFO] CADModel:114 - Register for checkConnection events
2025-03-18 12:06:17,383 [FATAL] Updater:334 - Updater called before beeing initialized
2025-03-18 12:06:17,383 [ERROR] CADModel:125 - Updater not yet initialized, retry later 
2025-03-18 12:06:17,593 [INFO] CADModel:165 - CPN selected for project level
2025-03-18 12:06:17,593 [INFO] CADModel:114 - Register for checkConnection events
2025-03-18 12:06:17,593 [FATAL] Updater:334 - Updater called before beeing initialized
2025-03-18 12:06:17,594 [ERROR] CADModel:125 - Updater not yet initialized, retry later 
2025-03-18 12:06:17,598 [FATAL] Updater:334 - Updater called before beeing initialized
2025-03-18 12:06:17,756 [FATAL] Updater:334 - Updater called before beeing initialized
2025-03-18 12:06:17,763 [INFO] DbMcusAds:53 - JSON generation date=Thu Mar 06 20:24:21 IST 2025 (1741272861825)
2025-03-18 12:06:17,764 [FATAL] Updater:334 - Updater called before beeing initialized
2025-03-18 12:06:17,817 [WARN] DetailPanel:346 - Failed to get advertising image, set to default
2025-03-18 12:06:17,918 [FATAL] Updater:334 - Updater called before beeing initialized
2025-03-18 12:06:17,920 [FATAL] Updater:334 - Updater called before beeing initialized
2025-03-18 12:06:17,920 [FATAL] Updater:334 - Updater called before beeing initialized
2025-03-18 12:06:17,920 [WARN] DetailPanel:346 - Failed to get advertising image, set to default
2025-03-18 12:06:17,921 [FATAL] Updater:334 - Updater called before beeing initialized
2025-03-18 12:06:18,000 [ERROR] Updater:1164 - MainUpdater not yet initialized. External WinMGr cannot be set.
2025-03-18 12:06:18,017 [INFO] Updater:1100 - Updater Version found : 6.12.1
2025-03-18 12:06:18,045 [INFO] ApplicationProperties:184 - Using Application install path: C:\ST\STM32CubeIDE_1.16.1\STM32CubeIDE\plugins\com.st.stm32cube.common.mx_6.12.1.202409122256
2025-03-18 12:06:19,315 [INFO] ThirdPartyUpdaterWithRetryManager:70 - Updater plugin not ready yet. [3/15]
2025-03-18 12:06:19,652 [ERROR] LogOutputStream:75 - [STDERR_REDIRECT] Mar 18, 2025 12:06:19 PM java.util.prefs.WindowsPreferences <init>
2025-03-18 12:06:19,657 [ERROR] LogOutputStream:75 - [STDERR_REDIRECT] WARNING: Could not open/create prefs root node Software\JavaSoft\Prefs at root 0xffffffff80000002. Windows RegCreateKeyEx(...) returned error code 5.
2025-03-18 12:06:19,658 [ERROR] LogOutputStream:75 - [STDERR_REDIRECT] 
2025-03-18 12:06:21,162 [INFO] MainUpdater:2873 - connection check result : 10
2025-03-18 12:06:21,163 [INFO] MainUpdater:3567 - Updater definition file requires update
2025-03-18 12:06:21,167 [INFO] MainUpdater:290 - Updater Check For Update Now.
2025-03-18 12:06:21,167 [INFO] MicroXplorer:498 - Change Database Version : DB.6.0.121
2025-03-18 12:06:21,286 [INFO] McuFinderGlobals:63 - Set McuFinder mode to 2 (CubeIDE integrated)
2025-03-18 12:06:21,287 [INFO] UserAuth:179 - activating auth plugin
2025-03-18 12:06:21,311 [INFO] ServerAccessManage:473 - Download File updaters.zip
2025-03-18 12:06:21,312 [INFO] UserAuth:417 - Internet connection configuration mode: 1
2025-03-18 12:06:21,525 [INFO] JxBrowserEngine:152 - Initiate JxBrowser Engine with user profile folder
2025-03-18 12:06:21,699 [INFO] FileExtend:240 - Unzip File : updaters.zip
2025-03-18 12:06:21,700 [INFO] FileExtend:255 - Standard Zip Deflate
2025-03-18 12:06:22,347 [WARN] MainUpdater:1194 - Updater busy. Cannot search thirdparties
2025-03-18 12:06:22,348 [INFO] ThirdPartyUpdaterWithRetryManager:96 - Updater plugin is busy. [1/15]
2025-03-18 12:06:24,200 [INFO] ServerAccessManage:473 - Download File PacksControlFlags.xml
2025-03-18 12:06:24,698 [INFO] ServerAccessManage:473 - Download File cubemx.pidx
2025-03-18 12:06:25,352 [WARN] MainUpdater:1194 - Updater busy. Cannot search thirdparties
2025-03-18 12:06:25,352 [INFO] ThirdPartyUpdaterWithRetryManager:96 - Updater plugin is busy. [2/15]
2025-03-18 12:06:25,729 [INFO] ServerAccessManage:473 - Download File STMicroelectronics.FP-SNS-FLIGHT1.pdsc
2025-03-18 12:06:28,208 [INFO] ServerAccessManage:473 - Download File STMicroelectronics.X-CUBE-AZRTOS-H7RS.pdsc
2025-03-18 12:06:28,355 [WARN] MainUpdater:1194 - Updater busy. Cannot search thirdparties
2025-03-18 12:06:28,356 [INFO] ThirdPartyUpdaterWithRetryManager:96 - Updater plugin is busy. [3/15]
2025-03-18 12:06:30,139 [WARN] PopulateThirdPartyThread:106 - Error when creating pack: C:/Users/talur/.stm32cubemx/thirdparties/pdsc/STMicroelectronics.FP-SNS-FLIGHT1.pdsc
2025-03-18 12:06:30,492 [INFO] CheckServerUpdateThread:120 - End of CheckServer Thread
2025-03-18 12:06:30,497 [WARN] PackLoader:240 - Cannot read IP mode file for STMicroelectronics.X-CUBE-AZRTOS-H7RS.1.1.0
2025-03-18 12:06:30,551 [INFO] PopulateThirdPartyThread:66 - Ending populate Thread
2025-03-18 12:06:30,555 [INFO] ThirdParty:1030 - CMSIS Pack Vendor :STMicroelectronics X-CUBE-AZRTOS-H7RS 1.1.0
2025-03-18 12:06:30,556 [INFO] LoadServerUpdatesThread:375 - End of LoadServerUpdate Thread
2025-03-18 12:06:32,214 [WARN] PackLoader:240 - Cannot read IP mode file for STMicroelectronics.FP-SNS-MOTENVWB1.1.4.0
2025-03-18 12:06:32,232 [WARN] PackLoader:240 - Cannot read IP mode file for STMicroelectronics.FP-ATR-ASTRA1.2.0.2
2025-03-18 12:06:32,269 [WARN] PackLoader:240 - Cannot read IP mode file for STMicroelectronics.FP-ATR-ASTRA1.2.0.1
2025-03-18 12:06:32,318 [WARN] PackLoader:240 - Cannot read IP mode file for STMicroelectronics.X-CUBE-SMBUS.2.1.0
2025-03-18 12:06:32,363 [WARN] PackLoader:240 - Cannot read IP mode file for STMicroelectronics.X-CUBE-WB05N.1.1.0
2025-03-18 12:06:32,439 [WARN] PackLoader:240 - Cannot read IP mode file for STMicroelectronics.X-CUBE-AZRTOS-F7.1.1.0
2025-03-18 12:06:32,599 [WARN] PackLoader:240 - Cannot read IP mode file for STMicroelectronics.X-CUBE-MEMS1.11.0.0
2025-03-18 12:06:32,681 [INFO] WebApp:167 - Instantiating new browser for Auth
2025-03-18 12:06:32,902 [WARN] PackLoader:240 - Cannot read IP mode file for STMicroelectronics.FP-SNS-FLIGHT1.5.0.2
2025-03-18 12:06:32,958 [WARN] PackLoader:240 - Cannot read IP mode file for STMicroelectronics.X-CUBE-DISPLAY.3.0.0
2025-03-18 12:06:33,007 [WARN] PackLoader:240 - Cannot read IP mode file for STMicroelectronics.X-CUBE-BLE1.7.0.0
2025-03-18 12:06:33,046 [WARN] PackLoader:240 - Cannot read IP mode file for STMicroelectronics.X-CUBE-NFC10.1.0.0
2025-03-18 12:06:33,106 [WARN] PackLoader:240 - Cannot read IP mode file for STMicroelectronics.X-CUBE-BLEMGR.4.0.0
2025-03-18 12:06:33,162 [WARN] PackLoader:240 - Cannot read IP mode file for emotas.I-CUBE-CANOPEN.1.3.0
2025-03-18 12:06:33,222 [WARN] PackLoader:240 - Cannot read IP mode file for STMicroelectronics.X-CUBE-BLEMGR.3.1.0
2025-03-18 12:06:33,276 [WARN] PackLoader:240 - Cannot read IP mode file for STMicroelectronics.X-CUBE-AI.10.0.0
2025-03-18 12:06:33,319 [WARN] PackLoader:240 - Cannot read IP mode file for STMicroelectronics.FP-SNS-SMARTAG2.1.2.0
2025-03-18 12:06:33,325 [ERROR] Engine:466 - C:\Users\talur\.stm32cubemx\thirdparties\pdsc\STMicroelectronics.FP-SNS-FLIGHT1.5.1.0.pdsc: PDSC version is not supported
2025-03-18 12:06:33,502 [WARN] PackLoader:240 - Cannot read IP mode file for STMicroelectronics.X-CUBE-MEMS1.11.1.0
2025-03-18 12:06:33,746 [INFO] LogOutputStream:77 - [STDOUT_REDIRECT] 1 : Invalid condition id : UX_CORESTACK_Condition cause : null
2025-03-18 12:06:33,747 [INFO] LogOutputStream:77 - [STDOUT_REDIRECT] 1 : Invalid condition id : UX_CORESTACK_Condition cause : null
2025-03-18 12:06:33,750 [INFO] LogOutputStream:77 - [STDOUT_REDIRECT] 1 : Invalid condition id : UX_CORESTACK_Condition cause : null
2025-03-18 12:06:33,752 [INFO] LogOutputStream:77 - [STDOUT_REDIRECT] 1 : Invalid condition id : UX_CORESTACK_Condition cause : null
2025-03-18 12:06:33,754 [INFO] LogOutputStream:77 - [STDOUT_REDIRECT] 1 : Invalid condition id : UX_CORESTACK_Condition cause : null
2025-03-18 12:06:33,759 [WARN] PackLoader:240 - Cannot read IP mode file for STMicroelectronics.X-CUBE-AZRTOS-WL.2.0.0
2025-03-18 12:06:33,804 [WARN] PackLoader:240 - Cannot read IP mode file for STMicroelectronics.FP-SNS-MOTENV1.5.0.0
2025-03-18 12:06:33,822 [WARN] PackLoader:240 - Cannot read IP mode file for wolfSSL.I-CUBE-wolfMQTT.1.19.0
2025-03-18 12:06:33,870 [WARN] PackLoader:240 - Cannot read IP mode file for WES.I-CUBE-Cesium.1.3.0
2025-03-18 12:06:33,914 [WARN] PackLoader:240 - Cannot read IP mode file for STMicroelectronics.X-CUBE-BLE2.3.3.0
2025-03-18 12:06:33,964 [WARN] PackLoader:240 - Cannot read IP mode file for STMicroelectronics.X-CUBE-NFC9.1.0.0
2025-03-18 12:06:34,003 [WARN] PackLoader:240 - Cannot read IP mode file for STMicroelectronics.X-CUBE-BLE1.7.1.0
2025-03-18 12:06:34,046 [WARN] PackLoader:240 - Cannot read IP mode file for STMicroelectronics.X-CUBE-TCPP.4.1.0
2025-03-18 12:06:34,110 [WARN] PackLoader:240 - Cannot read IP mode file for STMicroelectronics.X-CUBE-AZRTOS-G0.1.1.0
2025-03-18 12:06:34,162 [WARN] PackLoader:240 - Cannot read IP mode file for STMicroelectronics.X-CUBE-SAFEA1.1.2.2
2025-03-18 12:06:34,208 [WARN] PackLoader:240 - Cannot read IP mode file for STMicroelectronics.X-CUBE-NFC4.3.0.0
2025-03-18 12:06:34,260 [WARN] PackLoader:240 - Cannot read IP mode file for EmbeddedOffice.I-CUBE-FS-RTOS.1.0.1
2025-03-18 12:06:34,261 [ERROR] ConditionMgr:805 - Attr not supported : Dmpu
2025-03-18 12:06:34,261 [ERROR] ConditionMgr:805 - Attr not supported : Dmpu
2025-03-18 12:06:34,262 [ERROR] ConditionMgr:805 - Attr not supported : Dmpu
2025-03-18 12:06:34,262 [ERROR] ConditionMgr:805 - Attr not supported : Dmpu
2025-03-18 12:06:34,262 [ERROR] ConditionMgr:805 - Attr not supported : Dmpu
2025-03-18 12:06:34,262 [ERROR] ConditionMgr:805 - Attr not supported : Dmpu
2025-03-18 12:06:34,262 [ERROR] ConditionMgr:805 - Attr not supported : Dmpu
2025-03-18 12:06:34,262 [ERROR] ConditionMgr:805 - Attr not supported : Dmpu
2025-03-18 12:06:34,262 [ERROR] ConditionMgr:805 - Attr not supported : Dmpu
2025-03-18 12:06:34,262 [ERROR] ConditionMgr:805 - Attr not supported : Dmpu
2025-03-18 12:06:34,263 [ERROR] ConditionMgr:805 - Attr not supported : Dmpu
2025-03-18 12:06:34,263 [ERROR] ConditionMgr:805 - Attr not supported : Dmpu
2025-03-18 12:06:34,263 [ERROR] ConditionMgr:805 - Attr not supported : Dmpu
2025-03-18 12:06:34,263 [ERROR] ConditionMgr:805 - Attr not supported : Dmpu
2025-03-18 12:06:34,263 [ERROR] ConditionMgr:805 - Attr not supported : Dmpu
2025-03-18 12:06:34,264 [ERROR] ConditionMgr:805 - Attr not supported : Dmpu
2025-03-18 12:06:34,264 [ERROR] ConditionMgr:805 - Attr not supported : Dmpu
2025-03-18 12:06:34,264 [ERROR] ConditionMgr:805 - Attr not supported : Dmpu
2025-03-18 12:06:34,264 [ERROR] ConditionMgr:805 - Attr not supported : Dmpu
2025-03-18 12:06:34,265 [ERROR] ConditionMgr:805 - Attr not supported : Dmpu
2025-03-18 12:06:34,266 [ERROR] ConditionMgr:805 - Attr not supported : Dmpu
2025-03-18 12:06:34,267 [ERROR] ConditionMgr:805 - Attr not supported : Dmpu
2025-03-18 12:06:34,268 [ERROR] ConditionMgr:805 - Attr not supported : Dmpu
2025-03-18 12:06:34,268 [ERROR] ConditionMgr:805 - Attr not supported : Dmpu
2025-03-18 12:06:34,268 [ERROR] ConditionMgr:805 - Attr not supported : Dmpu
2025-03-18 12:06:34,269 [ERROR] ConditionMgr:805 - Attr not supported : Dmpu
2025-03-18 12:06:34,269 [ERROR] ConditionMgr:805 - Attr not supported : Dmpu
2025-03-18 12:06:34,269 [ERROR] ConditionMgr:805 - Attr not supported : Dmpu
2025-03-18 12:06:34,269 [ERROR] ConditionMgr:805 - Attr not supported : Dmpu
2025-03-18 12:06:34,269 [ERROR] ConditionMgr:805 - Attr not supported : Dmpu
2025-03-18 12:06:34,269 [ERROR] ConditionMgr:805 - Attr not supported : Dmpu
2025-03-18 12:06:34,269 [ERROR] ConditionMgr:805 - Attr not supported : Dmpu
2025-03-18 12:06:34,269 [ERROR] ConditionMgr:805 - Attr not supported : Dmpu
2025-03-18 12:06:34,269 [ERROR] ConditionMgr:805 - Attr not supported : Dmpu
2025-03-18 12:06:34,269 [ERROR] ConditionMgr:805 - Attr not supported : Dmpu
2025-03-18 12:06:34,269 [ERROR] ConditionMgr:805 - Attr not supported : Dmpu
2025-03-18 12:06:34,269 [ERROR] ConditionMgr:805 - Attr not supported : Dmpu
2025-03-18 12:06:34,270 [ERROR] ConditionMgr:805 - Attr not supported : Dmpu
2025-03-18 12:06:34,270 [ERROR] ConditionMgr:805 - Attr not supported : Dmpu
2025-03-18 12:06:34,270 [ERROR] ConditionMgr:805 - Attr not supported : Dmpu
2025-03-18 12:06:34,270 [ERROR] ConditionMgr:805 - Attr not supported : Dmpu
2025-03-18 12:06:34,270 [ERROR] ConditionMgr:805 - Attr not supported : Dmpu
2025-03-18 12:06:34,270 [ERROR] ConditionMgr:805 - Attr not supported : Dmpu
2025-03-18 12:06:34,270 [ERROR] ConditionMgr:805 - Attr not supported : Dmpu
2025-03-18 12:06:34,270 [ERROR] ConditionMgr:805 - Attr not supported : Dmpu
2025-03-18 12:06:34,270 [ERROR] ConditionMgr:805 - Attr not supported : Dmpu
2025-03-18 12:06:34,270 [ERROR] ConditionMgr:805 - Attr not supported : Dmpu
2025-03-18 12:06:34,270 [ERROR] ConditionMgr:805 - Attr not supported : Dmpu
2025-03-18 12:06:34,271 [ERROR] ConditionMgr:805 - Attr not supported : Dmpu
2025-03-18 12:06:34,271 [ERROR] ConditionMgr:805 - Attr not supported : Dmpu
2025-03-18 12:06:34,271 [ERROR] ConditionMgr:805 - Attr not supported : Dmpu
2025-03-18 12:06:34,271 [ERROR] ConditionMgr:805 - Attr not supported : Dmpu
2025-03-18 12:06:34,271 [ERROR] ConditionMgr:805 - Attr not supported : Dmpu
2025-03-18 12:06:34,271 [ERROR] ConditionMgr:805 - Attr not supported : Dmpu
2025-03-18 12:06:34,271 [ERROR] ConditionMgr:805 - Attr not supported : Dmpu
2025-03-18 12:06:34,271 [ERROR] ConditionMgr:805 - Attr not supported : Dmpu
2025-03-18 12:06:34,271 [ERROR] ConditionMgr:805 - Attr not supported : Dmpu
2025-03-18 12:06:34,271 [ERROR] ConditionMgr:805 - Attr not supported : Dmpu
2025-03-18 12:06:34,271 [ERROR] ConditionMgr:805 - Attr not supported : Dmpu
2025-03-18 12:06:34,272 [ERROR] ConditionMgr:805 - Attr not supported : Dmpu
2025-03-18 12:06:34,272 [ERROR] ConditionMgr:805 - Attr not supported : Dmpu
2025-03-18 12:06:34,272 [ERROR] ConditionMgr:805 - Attr not supported : Dmpu
2025-03-18 12:06:34,272 [ERROR] ConditionMgr:805 - Attr not supported : Dmpu
2025-03-18 12:06:34,272 [ERROR] ConditionMgr:805 - Attr not supported : Dmpu
2025-03-18 12:06:34,306 [ERROR] Engine:466 - C:\Users\talur\.stm32cubemx\thirdparties\pdsc\STMicroelectronics.X-CUBE-TCPP.4.2.0.pdsc: PDSC version is not supported
2025-03-18 12:06:34,342 [WARN] PackLoader:240 - Cannot read IP mode file for RealThread.X-CUBE-RT-Thread_Nano.4.1.1
2025-03-18 12:06:34,356 [WARN] PackLoader:240 - Cannot read IP mode file for STMicroelectronics.FP-ATR-SIGFOX1.3.2.0
2025-03-18 12:06:34,388 [WARN] PackLoader:240 - Cannot read IP mode file for wolfSSL.I-CUBE-wolfSSL.5.7.2
2025-03-18 12:06:34,406 [WARN] ConditionMgr:438 - getConditionDescription Invalid condition id : Cortex-A Device cause : null
2025-03-18 12:06:34,460 [WARN] ConditionMgr:1039 - genDependencies : Invalid condition id : Cortex-A Device cause : null
2025-03-18 12:06:34,461 [WARN] ConditionMgr:1039 - genDependencies : Invalid condition id : Cortex-A Device cause : null
2025-03-18 12:06:34,461 [WARN] ConditionMgr:1039 - genDependencies : Invalid condition id : Cortex-A Device cause : null
2025-03-18 12:06:34,496 [WARN] PackLoader:240 - Cannot read IP mode file for STMicroelectronics.X-CUBE-EEPRMA1.5.1.0
2025-03-18 12:06:34,531 [WARN] PackLoader:240 - Cannot read IP mode file for wolfSSL.I-CUBE-wolfSSL.5.7.4
2025-03-18 12:06:34,569 [WARN] PackLoader:240 - Cannot read IP mode file for ITTIA_DB.I-CUBE-ITTIADB.8.9.0
2025-03-18 12:06:34,638 [WARN] PackLoader:240 - Cannot read IP mode file for SEGGER.I-CUBE-embOS.1.3.1
2025-03-18 12:06:34,725 [WARN] PackLoader:240 - Cannot read IP mode file for STMicroelectronics.X-CUBE-ALGOBUILD.1.4.0
2025-03-18 12:06:34,764 [WARN] PackLoader:240 - Cannot read IP mode file for STMicroelectronics.X-CUBE-AI.9.1.0
2025-03-18 12:06:34,839 [WARN] PackLoader:240 - Cannot read IP mode file for STMicroelectronics.X-CUBE-AZRTOS-F4.1.1.0
2025-03-18 12:06:34,902 [WARN] PackLoader:240 - Cannot read IP mode file for STMicroelectronics.X-CUBE-ISPU.2.1.0
2025-03-18 12:06:34,955 [WARN] PackLoader:240 - Cannot read IP mode file for STMicroelectronics.X-CUBE-FREERTOS.1.2.0
2025-03-18 12:06:35,033 [WARN] PackLoader:240 - Cannot read IP mode file for STMicroelectronics.X-CUBE-AZRTOS-L5.2.0.0
2025-03-18 12:06:35,094 [WARN] PackLoader:240 - Cannot read IP mode file for STMicroelectronics.X-CUBE-NFC6.3.1.0
2025-03-18 12:06:35,147 [WARN] PackLoader:240 - Cannot read IP mode file for STMicroelectronics.X-CUBE-DPower.1.2.0
2025-03-18 12:06:35,189 [WARN] PackLoader:240 - Cannot read IP mode file for STMicroelectronics.X-CUBE-AI.9.0.0
2025-03-18 12:06:35,225 [WARN] PackLoader:240 - Cannot read IP mode file for STMicroelectronics.X-CUBE-FREERTOS.1.3.0
2025-03-18 12:06:35,266 [WARN] PackLoader:240 - Cannot read IP mode file for STMicroelectronics.X-CUBE-NFC7.1.0.1
2025-03-18 12:06:35,340 [WARN] ConditionMgr:438 - getConditionDescription Invalid condition id : LAN8742 Phy interface Condition cause : null
2025-03-18 12:06:35,341 [WARN] PackLoader:240 - Cannot read IP mode file for STMicroelectronics.X-CUBE-AZRTOS-L4.2.0.0
2025-03-18 12:06:35,345 [WARN] ConditionMgr:1039 - genDependencies : Invalid condition id : LAN8742 Phy interface Condition cause : null
2025-03-18 12:06:35,346 [WARN] ConditionMgr:1039 - genDependencies : Invalid condition id : LAN8742 Phy interface Condition cause : null
2025-03-18 12:06:35,347 [WARN] ConditionMgr:1039 - genDependencies : Invalid condition id : LAN8742 Phy interface Condition cause : null
2025-03-18 12:06:35,362 [INFO] WebApp:448 - Apply proxy settings
2025-03-18 12:06:35,363 [INFO] WebApp:533 - Chromium requires no authentication
2025-03-18 12:06:35,389 [WARN] PackLoader:240 - Cannot read IP mode file for STMicroelectronics.X-CUBE-SFXS2LP1.4.0.0
2025-03-18 12:06:35,390 [INFO] WebApp:476 - Direct internet connection detected
2025-03-18 12:06:35,459 [WARN] PackLoader:240 - Cannot read IP mode file for STMicroelectronics.X-CUBE-AZRTOS-H7.3.3.0
2025-03-18 12:06:35,464 [INFO] WebApp:869 - Register for checkConnection events
2025-03-18 12:06:35,464 [INFO] WebApp:448 - Apply proxy settings
2025-03-18 12:06:35,465 [INFO] WebApp:533 - Chromium requires no authentication
2025-03-18 12:06:35,467 [INFO] WebApp:476 - Direct internet connection detected
2025-03-18 12:06:35,507 [WARN] PackLoader:240 - Cannot read IP mode file for STMicroelectronics.X-CUBE-IPS.3.0.0
2025-03-18 12:06:35,571 [WARN] ConditionMgr:438 - getConditionDescription Invalid condition id : UX DEVICE CLASS RTOS Condition cause : null
2025-03-18 12:06:35,572 [WARN] ConditionMgr:438 - getConditionDescription Invalid condition id : UX DEVICE CLASS RTOS Condition cause : null
2025-03-18 12:06:35,576 [WARN] PackLoader:240 - Cannot read IP mode file for STMicroelectronics.X-CUBE-AZRTOS-WB.2.0.0
2025-03-18 12:06:35,577 [WARN] ConditionMgr:1039 - genDependencies : Invalid condition id : UX DEVICE CLASS RTOS Condition cause : null
2025-03-18 12:06:35,578 [WARN] ConditionMgr:1039 - genDependencies : Invalid condition id : UX DEVICE CLASS RTOS Condition cause : null
2025-03-18 12:06:35,579 [WARN] ConditionMgr:1039 - genDependencies : Invalid condition id : UX DEVICE CLASS RTOS Condition cause : null
2025-03-18 12:06:35,580 [WARN] ConditionMgr:1039 - genDependencies : Invalid condition id : UX DEVICE CLASS RTOS Condition cause : null
2025-03-18 12:06:35,581 [WARN] ConditionMgr:1039 - genDependencies : Invalid condition id : UX DEVICE CLASS RTOS Condition cause : null
2025-03-18 12:06:35,621 [WARN] PackLoader:240 - Cannot read IP mode file for STMicroelectronics.X-CUBE-GNSS1.7.0.0
2025-03-18 12:06:35,657 [WARN] PackLoader:240 - Cannot read IP mode file for STMicroelectronics.X-CUBE-GNSS1.7.0.1
2025-03-18 12:06:35,691 [WARN] PackLoader:240 - Cannot read IP mode file for STMicroelectronics.X-CUBE-TOUCHGFX.4.25.0
2025-03-18 12:06:35,726 [WARN] PackLoader:240 - Cannot read IP mode file for STMicroelectronics.FP-SNS-STBOX1.2.0.0
2025-03-18 12:06:35,770 [WARN] PackLoader:240 - Cannot read IP mode file for STMicroelectronics.X-CUBE-SUBG2.5.0.0
2025-03-18 12:06:35,803 [WARN] PackLoader:240 - Cannot read IP mode file for STMicroelectronics.X-CUBE-AZRTOS-H7RS.1.1.0
2025-03-18 12:06:35,817 [WARN] PackLoader:240 - Cannot read IP mode file for Cesanta.I-CUBE-Mongoose.7.13.0
2025-03-18 12:06:35,867 [WARN] PackLoader:240 - Cannot read IP mode file for STMicroelectronics.X-CUBE-AZRTOS-G4.2.0.0
2025-03-18 12:06:35,895 [WARN] PackLoader:240 - Cannot read IP mode file for STMicroelectronics.X-CUBE-ISPU.2.0.0
2025-03-18 12:06:35,934 [ERROR] Engine:466 - C:\Users\talur\.stm32cubemx\thirdparties\pdsc\STMicroelectronics.X-CUBE-IPS.3.1.0.pdsc: PDSC version is not supported
2025-03-18 12:06:35,982 [INFO] WebApp:186 - Connection restablished
2025-03-18 12:06:35,985 [WARN] PackLoader:240 - Cannot read IP mode file for STMicroelectronics.X-CUBE-ALS.1.0.2
2025-03-18 12:06:36,016 [INFO] WebApp:220 - Starting web application
2025-03-18 12:06:36,017 [INFO] WebApp:578 - Web application path used C:\ST\STM32CubeIDE_1.16.1\STM32CubeIDE\plugins\com.st.stm32cube.common.mx_6.12.1.202409122256\db\plugins\mcufinder\reactClient1\index.html
2025-03-18 12:06:36,019 [WARN] PackLoader:240 - Cannot read IP mode file for STMicroelectronics.X-CUBE-TOUCHGFX.4.24.0
2025-03-18 12:06:36,054 [WARN] PackLoader:240 - Cannot read IP mode file for STMicroelectronics.X-CUBE-TOUCHGFX.4.24.2
2025-03-18 12:06:36,088 [WARN] PackLoader:240 - Cannot read IP mode file for STMicroelectronics.X-CUBE-TOUCHGFX.4.24.1
2025-03-18 12:06:36,110 [WARN] PackLoader:240 - Cannot read IP mode file for wolfSSL.I-CUBE-wolfTPM.3.4.0
2025-03-18 12:06:36,151 [WARN] PackLoader:240 - Cannot read IP mode file for portGmbH.I-Cube-SoM-uGOAL.1.1.0
2025-03-18 12:06:36,217 [WARN] PackLoader:240 - Cannot read IP mode file for STMicroelectronics.X-CUBE-AZRTOS-H7RS.1.0.0
2025-03-18 12:06:36,264 [WARN] PackLoader:240 - Cannot read IP mode file for STMicroelectronics.FP-ATR-ASTRA1.2.0.0
2025-03-18 12:06:36,318 [WARN] PackLoader:240 - Cannot read IP mode file for STMicroelectronics.X-CUBE-TOF1.3.4.2
2025-03-18 12:06:36,396 [WARN] PackLoader:240 - Cannot read IP mode file for Infineon.AIROC-Wi-Fi-Bluetooth-STM32.1.6.1
2025-03-18 12:06:36,412 [WARN] PackLoader:240 - Cannot read IP mode file for wolfSSL.I-CUBE-wolfSSH.1.4.17
2025-03-18 12:06:36,415 [INFO] ThirdParty:978 - Integrity check success = true
2025-03-18 12:06:36,416 [INFO] IntegrityCheckThread:100 - exiting critical section [integrity check]
2025-03-18 12:06:36,417 [INFO] IntegrityCheckThread:103 - End integrity checks thread
2025-03-18 12:29:31,005 [INFO] WebApp:189 - Connection lost
2025-03-18 12:29:31,828 [INFO] WebApp:186 - Connection restablished
2025-03-18 12:41:51,003 [INFO] WebApp:189 - Connection lost
2025-03-18 12:41:51,890 [INFO] WebApp:186 - Connection restablished
2025-03-18 13:44:49,994 [INFO] WebApp:189 - Connection lost
2025-03-18 13:44:50,524 [INFO] WebApp:186 - Connection restablished
2025-03-18 13:45:28,512 [INFO] WebApp:189 - Connection lost
2025-03-18 13:45:28,886 [INFO] WebApp:186 - Connection restablished
2025-03-18 13:45:46,500 [INFO] WebApp:189 - Connection lost
2025-03-18 13:45:46,791 [INFO] WebApp:186 - Connection restablished
2025-03-18 13:47:44,514 [INFO] WebApp:189 - Connection lost
2025-03-18 13:47:44,862 [INFO] WebApp:186 - Connection restablished
2025-03-18 13:49:39,000 [INFO] WebApp:189 - Connection lost
2025-03-18 13:49:39,331 [INFO] WebApp:186 - Connection restablished
2025-03-18 13:50:17,492 [INFO] WebApp:189 - Connection lost
2025-03-18 13:50:17,942 [INFO] WebApp:186 - Connection restablished
2025-03-18 13:51:02,994 [INFO] WebApp:189 - Connection lost
2025-03-18 13:51:03,471 [INFO] WebApp:186 - Connection restablished
2025-03-18 13:51:30,025 [INFO] WebApp:189 - Connection lost
2025-03-18 13:51:30,281 [INFO] WebApp:186 - Connection restablished
2025-03-18 13:53:10,007 [INFO] WebApp:189 - Connection lost
2025-03-18 13:53:10,379 [INFO] WebApp:186 - Connection restablished
2025-03-18 13:54:20,052 [INFO] WebApp:189 - Connection lost
2025-03-18 13:54:20,659 [INFO] WebApp:186 - Connection restablished
2025-03-18 13:54:52,467 [INFO] WebApp:189 - Connection lost
2025-03-18 13:54:52,807 [INFO] WebApp:186 - Connection restablished
2025-03-18 13:55:23,009 [INFO] WebApp:189 - Connection lost
2025-03-18 13:55:23,364 [INFO] WebApp:186 - Connection restablished
2025-03-18 13:56:06,017 [INFO] WebApp:189 - Connection lost
2025-03-18 13:56:06,373 [INFO] WebApp:186 - Connection restablished
2025-03-18 13:56:22,998 [INFO] WebApp:189 - Connection lost
2025-03-18 13:56:23,278 [INFO] WebApp:186 - Connection restablished
2025-03-18 13:56:46,478 [INFO] WebApp:189 - Connection lost
2025-03-18 13:56:47,357 [INFO] WebApp:186 - Connection restablished
2025-03-18 13:57:15,970 [INFO] WebApp:189 - Connection lost
2025-03-18 13:57:16,240 [INFO] WebApp:186 - Connection restablished
2025-03-18 13:58:41,484 [INFO] WebApp:189 - Connection lost
2025-03-18 13:58:42,378 [INFO] WebApp:186 - Connection restablished
2025-03-18 13:59:25,497 [INFO] WebApp:189 - Connection lost
2025-03-18 13:59:25,848 [INFO] WebApp:186 - Connection restablished
2025-03-18 14:00:14,003 [INFO] WebApp:189 - Connection lost
2025-03-18 14:00:14,453 [INFO] WebApp:186 - Connection restablished
2025-03-18 14:00:46,025 [INFO] WebApp:189 - Connection lost
2025-03-18 14:00:50,540 [INFO] WebApp:186 - Connection restablished
2025-03-18 14:01:14,010 [INFO] WebApp:189 - Connection lost
2025-03-18 14:01:14,287 [INFO] WebApp:186 - Connection restablished
2025-03-18 14:01:57,986 [INFO] WebApp:189 - Connection lost
2025-03-18 14:01:58,356 [INFO] WebApp:186 - Connection restablished
2025-03-18 14:02:27,501 [INFO] WebApp:189 - Connection lost
2025-03-18 14:02:27,988 [INFO] WebApp:186 - Connection restablished
2025-03-18 14:03:14,511 [INFO] WebApp:189 - Connection lost
2025-03-18 14:03:14,856 [INFO] WebApp:186 - Connection restablished
2025-03-18 14:03:52,005 [INFO] WebApp:189 - Connection lost
2025-03-18 14:03:52,354 [INFO] WebApp:186 - Connection restablished
2025-03-18 14:04:06,996 [INFO] WebApp:189 - Connection lost
2025-03-18 14:04:07,358 [INFO] WebApp:186 - Connection restablished
2025-03-18 14:04:38,992 [INFO] WebApp:189 - Connection lost
2025-03-18 14:04:39,327 [INFO] WebApp:186 - Connection restablished
2025-03-18 14:05:36,987 [INFO] WebApp:189 - Connection lost
2025-03-18 14:05:37,458 [INFO] WebApp:186 - Connection restablished
2025-03-18 14:06:35,019 [INFO] WebApp:189 - Connection lost
2025-03-18 14:06:35,541 [INFO] WebApp:186 - Connection restablished
2025-03-18 14:07:28,021 [INFO] WebApp:189 - Connection lost
2025-03-18 14:07:28,360 [INFO] WebApp:186 - Connection restablished
2025-03-18 14:08:00,025 [INFO] WebApp:189 - Connection lost
2025-03-18 14:08:00,468 [INFO] WebApp:186 - Connection restablished
2025-03-18 14:10:00,485 [INFO] WebApp:189 - Connection lost
2025-03-18 14:10:00,976 [INFO] WebApp:186 - Connection restablished
2025-03-18 14:10:39,270 [INFO] WebApp:189 - Connection lost
2025-03-18 14:16:47,989 [INFO] WebApp:186 - Connection restablished
2025-03-18 14:36:09,024 [INFO] WebApp:189 - Connection lost
2025-03-18 14:36:20,494 [INFO] WebApp:186 - Connection restablished
2025-03-18 16:35:04,852 [INFO] WebApp:189 - Connection lost
2025-03-18 16:35:05,335 [INFO] WebApp:186 - Connection restablished
2025-03-18 16:35:07,557 [INFO] WebApp:189 - Connection lost
2025-03-18 16:35:07,847 [INFO] WebApp:186 - Connection restablished
2025-03-18 16:36:29,933 [INFO] WebApp:189 - Connection lost
2025-03-18 16:36:53,713 [INFO] WebApp:186 - Connection restablished
2025-03-18 17:44:58,045 [INFO] WebApp:189 - Connection lost
2025-03-18 17:45:09,494 [INFO] WebApp:186 - Connection restablished
2025-03-18 17:48:35,009 [INFO] WebApp:189 - Connection lost
2025-03-18 17:48:51,804 [INFO] WebApp:186 - Connection restablished
2025-03-18 18:20:34,197 [INFO] WebApp:189 - Connection lost
2025-03-18 18:26:58,816 [ERROR] ConfigurationRetriever:142 - IOException on connection: sw-center.st.com
2025-03-18 18:26:58,819 [ERROR] ConfigurationRetriever:142 - IOException on connection: sw-center.st.com
2025-03-18 18:26:58,820 [ERROR] ConfigurationRetriever:142 - IOException on connection: sw-center.st.com
2025-03-18 18:27:00,850 [ERROR] LogOutputStream:75 - [STDERR_REDIRECT] 
2025-03-18 18:27:00,852 [ERROR] LogOutputStream:75 - [STDERR_REDIRECT] 
2025-03-18 18:32:45,683 [INFO] Activator:176 - 


2025-03-18 18:32:45,687 [INFO] Activator:177 - !SESSION log4j initialized
2025-03-18 18:32:56,340 [INFO] LogOutputStream:77 - [STDOUT_REDIRECT] 
2025-03-18 18:33:01,277 [INFO] ApplicationProperties:184 - Using Application install path: C:\ST\STM32CubeIDE_1.16.1\STM32CubeIDE\plugins\com.st.stm32cube.common.mx_6.12.1.202409122256
2025-03-18 18:33:01,320 [INFO] DbMcusXml:78 - Set database path to: C:\ST\STM32CubeIDE_1.16.1\STM32CubeIDE\plugins\com.st.stm32cube.common.mx_6.12.1.202409122256\\db\/mcu/
2025-03-18 18:33:01,321 [INFO] ApiDb:274 - Set plugin database path to: C:\ST\STM32CubeIDE_1.16.1\STM32CubeIDE\plugins\com.st.stm32cube.common.mx_6.12.1.202409122256\\db\/plugins/boardmanager/
2025-03-18 18:33:01,321 [WARN] ApiDb:259 - Overriding images path with different value:  => C:\ST\STM32CubeIDE_1.16.1\STM32CubeIDE\plugins\com.st.stm32cube.common.mx_6.12.1.202409122256\\db\/plugins/mcufinder/images/
2025-03-18 18:33:01,343 [INFO] ApiDb:250 - Set database path to: C:\Users\talur\.stmcufinder\plugins\mcufinder//mcu/
2025-03-18 18:33:01,347 [INFO] DbMcusAds:125 - Set database path to: C:\Users\talur\.stmcufinder\plugins\mcufinder//mcu/
2025-03-18 18:33:01,355 [INFO] CrossReferenceDbSqlite:203 - Set database path to: C:\Users\talur\.stmcufinder\plugins\mcufinder//mcu/cs/
2025-03-18 18:33:01,641 [INFO] RulesReader:64 - Compatibility file has been processed (297 Rules)
2025-03-18 18:33:01,869 [INFO] DbMcusXml:78 - Set database path to: C:\ST\STM32CubeIDE_1.16.1\STM32CubeIDE\plugins\com.st.stm32cube.common.mx_6.12.1.202409122256\\db\/mcu/
2025-03-18 18:33:01,870 [INFO] ApiDb:274 - Set plugin database path to: C:\ST\STM32CubeIDE_1.16.1\STM32CubeIDE\plugins\com.st.stm32cube.common.mx_6.12.1.202409122256\\db\/plugins/boardmanager/
2025-03-18 18:33:01,871 [INFO] ApiDb:261 - Set plugin images path to: C:\ST\STM32CubeIDE_1.16.1\STM32CubeIDE\plugins\com.st.stm32cube.common.mx_6.12.1.202409122256\\db\/plugins/mcufinder/images/
2025-03-18 18:33:01,871 [WARN] DbFile:41 - Overriding database path with different value: C:\Users\talur\.stmcufinder\plugins\mcufinder/ => C:\Users\talur\.stmcufinder\plugins\mcufinder
2025-03-18 18:33:01,871 [INFO] ApiDb:250 - Set database path to: C:\Users\talur\.stmcufinder\plugins\mcufinder//mcu/
2025-03-18 18:33:01,871 [WARN] DbFile:41 - Overriding database path with different value: C:\Users\talur\.stmcufinder\plugins\mcufinder/ => C:\Users\talur\.stmcufinder\plugins\mcufinder
2025-03-18 18:33:01,872 [INFO] DbMcusAds:125 - Set database path to: C:\Users\talur\.stmcufinder\plugins\mcufinder//mcu/
2025-03-18 18:33:01,872 [WARN] DbFile:41 - Overriding database path with different value: C:\Users\talur\.stmcufinder\plugins\mcufinder/ => C:\Users\talur\.stmcufinder\plugins\mcufinder
2025-03-18 18:33:01,872 [WARN] DbFile:41 - Overriding database path with different value: C:\Users\talur\.stmcufinder\plugins\mcufinder/ => C:\Users\talur\.stmcufinder\plugins\mcufinder
2025-03-18 18:33:01,872 [INFO] CrossReferenceDbSqlite:203 - Set database path to: C:\Users\talur\.stmcufinder\plugins\mcufinder//mcu/cs/
2025-03-18 18:33:02,058 [INFO] MainPanel:268 - HeapMemory: 268435456
2025-03-18 18:33:02,344 [INFO] DbMcusXml:78 - Set database path to: C:\ST\STM32CubeIDE_1.16.1\STM32CubeIDE\plugins\com.st.stm32cube.common.mx_6.12.1.202409122256\\db\/mcu/
2025-03-18 18:33:02,345 [INFO] ApiDb:274 - Set plugin database path to: C:\ST\STM32CubeIDE_1.16.1\STM32CubeIDE\plugins\com.st.stm32cube.common.mx_6.12.1.202409122256\\db\/plugins/boardmanager/
2025-03-18 18:33:02,345 [INFO] ApiDb:261 - Set plugin images path to: C:\ST\STM32CubeIDE_1.16.1\STM32CubeIDE\plugins\com.st.stm32cube.common.mx_6.12.1.202409122256\\db\/plugins/mcufinder/images/
2025-03-18 18:33:02,347 [WARN] DbFile:41 - Overriding database path with different value: C:\Users\talur\.stmcufinder\plugins\mcufinder/ => C:\Users\talur\.stmcufinder\plugins\mcufinder
2025-03-18 18:33:02,350 [INFO] ApiDb:250 - Set database path to: C:\Users\talur\.stmcufinder\plugins\mcufinder//mcu/
2025-03-18 18:33:02,351 [WARN] DbFile:41 - Overriding database path with different value: C:\Users\talur\.stmcufinder\plugins\mcufinder/ => C:\Users\talur\.stmcufinder\plugins\mcufinder
2025-03-18 18:33:02,351 [INFO] DbMcusAds:125 - Set database path to: C:\Users\talur\.stmcufinder\plugins\mcufinder//mcu/
2025-03-18 18:33:02,351 [WARN] DbFile:41 - Overriding database path with different value: C:\Users\talur\.stmcufinder\plugins\mcufinder/ => C:\Users\talur\.stmcufinder\plugins\mcufinder
2025-03-18 18:33:02,351 [WARN] DbFile:41 - Overriding database path with different value: C:\Users\talur\.stmcufinder\plugins\mcufinder/ => C:\Users\talur\.stmcufinder\plugins\mcufinder
2025-03-18 18:33:02,351 [INFO] CrossReferenceDbSqlite:203 - Set database path to: C:\Users\talur\.stmcufinder\plugins\mcufinder//mcu/cs/
2025-03-18 18:33:02,397 [INFO] ApplicationProperties:184 - Using Application install path: C:\ST\STM32CubeIDE_1.16.1\STM32CubeIDE\plugins\com.st.stm32cube.common.mx_6.12.1.202409122256
2025-03-18 18:33:02,402 [INFO] PluginManage:196 - Search for loadable plugins [exclusion list=, ]
2025-03-18 18:33:02,406 [INFO] PluginManage:310 - Check plugin analytics
2025-03-18 18:33:02,899 [INFO] AnalyticsPlugin:253 - Accepted Software Licenses: 
2025-03-18 18:33:02,901 [INFO] AnalyticsPlugin:255 - Accepted CMSIS Pack Licenses: 
2025-03-18 18:33:02,902 [INFO] AnalyticsPlugin:257 - Accepted Firmware Licenses: FW.F4.1.28.0
2025-03-18 18:33:02,915 [INFO] PluginManage:359 - Loaded plugin analytics (category:tool,tabindex:-1)
2025-03-18 18:33:02,919 [INFO] PluginManage:310 - Check plugin cadmodel
2025-03-18 18:33:02,981 [INFO] CADModel:105 - Init CAD model plugin
2025-03-18 18:33:02,983 [INFO] PluginManage:359 - Loaded plugin cadmodel (category:power,tabindex:5)
2025-03-18 18:33:02,983 [INFO] PluginManage:310 - Check plugin clock
2025-03-18 18:33:03,045 [INFO] PluginManage:359 - Loaded plugin clock (category:base,tabindex:2)
2025-03-18 18:33:03,047 [INFO] PluginManage:310 - Check plugin ddr
2025-03-18 18:33:03,057 [INFO] PluginManage:359 - Loaded plugin ddr (category:tool,tabindex:6)
2025-03-18 18:33:03,058 [INFO] PluginManage:310 - Check plugin filemanager
2025-03-18 18:33:03,385 [INFO] PluginManage:359 - Loaded plugin filemanager (category:base,tabindex:10)
2025-03-18 18:33:03,386 [INFO] PluginManage:310 - Check plugin ipmanager
2025-03-18 18:33:03,407 [INFO] PluginManage:359 - Loaded plugin ipmanager (category:base,tabindex:5)
2025-03-18 18:33:03,408 [INFO] PluginManage:310 - Check plugin lpbam
2025-03-18 18:33:03,451 [INFO] PluginManage:359 - Loaded plugin lpbam (category:base,tabindex:0)
2025-03-18 18:33:03,452 [INFO] PluginManage:310 - Check plugin memorymap
2025-03-18 18:33:03,520 [INFO] PluginManage:359 - Loaded plugin memorymap (category:base,tabindex:4)
2025-03-18 18:33:03,520 [INFO] PluginManage:310 - Check plugin pinoutandconfiguration
2025-03-18 18:33:03,566 [INFO] PluginManage:359 - Loaded plugin pinoutandconfiguration (category:base,tabindex:1)
2025-03-18 18:33:03,567 [INFO] PluginManage:310 - Check plugin pinoutconfig
2025-03-18 18:33:03,862 [WARN] SupportedApi:132 - Cannot load RTOS API schema: s4s-elt-must-match.1: The content of 'definitions' must match (annotation?, (simpleType | complexType)?, (unique | key | keyref)*)). A problem was found starting at: attribute.
2025-03-18 18:33:04,175 [INFO] PluginManage:359 - Loaded plugin pinoutconfig (category:base,tabindex:0)
2025-03-18 18:33:04,177 [INFO] PluginManage:310 - Check plugin power
2025-03-18 18:33:04,249 [INFO] PluginManage:359 - Loaded plugin power (category:power,tabindex:4)
2025-03-18 18:33:04,249 [INFO] PluginManage:310 - Check plugin projectmanager
2025-03-18 18:33:04,299 [INFO] PluginManage:359 - Loaded plugin projectmanager (category:projectmanager,tabindex:4)
2025-03-18 18:33:04,301 [INFO] PluginManage:310 - Check plugin rif
2025-03-18 18:33:04,354 [INFO] PluginManage:359 - Loaded plugin rif (category:base,tabindex:3)
2025-03-18 18:33:04,354 [INFO] PluginManage:310 - Check plugin thirdparty
2025-03-18 18:33:05,237 [INFO] PluginManage:359 - Loaded plugin thirdparty (category:base,tabindex:-1)
2025-03-18 18:33:05,236 [WARN] IntegrityCheckThread:84 - waiting for thirdparty lock release [integrity check]
2025-03-18 18:33:05,237 [INFO] PluginManage:310 - Check plugin tools
2025-03-18 18:33:05,237 [INFO] IntegrityCheckThread:86 - entering critical section [integrity check]
2025-03-18 18:33:05,240 [INFO] ThirdPartyUpdaterWithRetryManager:70 - Updater plugin not ready yet. [1/15]
2025-03-18 18:33:05,377 [INFO] PluginManage:359 - Loaded plugin tools (category:base,tabindex:7)
2025-03-18 18:33:05,379 [INFO] PluginManage:310 - Check plugin tutovideos
2025-03-18 18:33:06,034 [INFO] PluginManage:359 - Loaded plugin tutovideos (category:base,tabindex:-1)
2025-03-18 18:33:06,035 [INFO] PluginManage:310 - Check plugin updater
2025-03-18 18:33:06,090 [INFO] PluginManage:359 - Loaded plugin updater (category:base,tabindex:12)
2025-03-18 18:33:06,091 [INFO] PluginManage:310 - Check plugin userauth
2025-03-18 18:33:06,107 [INFO] UserAuth:113 - Init User Auth plugin
2025-03-18 18:33:06,108 [INFO] PluginManage:359 - Loaded plugin userauth (category:base,tabindex:14)
2025-03-18 18:33:06,109 [INFO] PluginManage:283 - PluginManage : Loaded plugins [18]
2025-03-18 18:33:07,054 [INFO] PinOutPanel:1561 - setPackage(No Configuration,No Configuration)
2025-03-18 18:33:07,371 [INFO] CADModel:165 - CPN selected for project level
2025-03-18 18:33:07,372 [INFO] CADModel:114 - Register for checkConnection events
2025-03-18 18:33:07,463 [INFO] IPUIPlugin:80 - create IPUIPlugin
2025-03-18 18:33:07,464 [INFO] PluginManager:220 - loadIPPluginJar : add adc
2025-03-18 18:33:07,612 [INFO] IPUIPlugin:80 - create IPUIPlugin
2025-03-18 18:33:07,613 [INFO] PluginManager:220 - loadIPPluginJar : add aes
2025-03-18 18:33:07,840 [INFO] IPUIPlugin:80 - create IPUIPlugin
2025-03-18 18:33:07,841 [INFO] PluginManager:220 - loadIPPluginJar : add can
2025-03-18 18:33:07,972 [INFO] IPUIPlugin:80 - create IPUIPlugin
2025-03-18 18:33:07,973 [INFO] PluginManager:220 - loadIPPluginJar : add comp
2025-03-18 18:33:08,156 [INFO] IPUIPlugin:80 - create IPUIPlugin
2025-03-18 18:33:08,157 [INFO] PluginManager:220 - loadIPPluginJar : add cryp
2025-03-18 18:33:08,225 [INFO] IPUIPlugin:80 - create IPUIPlugin
2025-03-18 18:33:08,225 [INFO] PluginManager:220 - loadIPPluginJar : add ddr_ctrl_phy
2025-03-18 18:33:08,242 [INFO] ThirdPartyUpdaterWithRetryManager:70 - Updater plugin not ready yet. [2/15]
2025-03-18 18:33:08,379 [INFO] IPUIPlugin:80 - create IPUIPlugin
2025-03-18 18:33:08,380 [INFO] PluginManager:220 - loadIPPluginJar : add dfsdm
2025-03-18 18:33:08,449 [INFO] IPUIPlugin:80 - create IPUIPlugin
2025-03-18 18:33:08,451 [INFO] PluginManager:220 - loadIPPluginJar : add dma
2025-03-18 18:33:08,714 [INFO] IPUIPlugin:80 - create IPUIPlugin
2025-03-18 18:33:08,715 [INFO] PluginManager:220 - loadIPPluginJar : add dma3
2025-03-18 18:33:09,053 [INFO] IPUIPlugin:80 - create IPUIPlugin
2025-03-18 18:33:09,054 [INFO] PluginManager:220 - loadIPPluginJar : add extmemmanager
2025-03-18 18:33:09,378 [INFO] IPUIPlugin:80 - create IPUIPlugin
2025-03-18 18:33:09,380 [INFO] PluginManager:220 - loadIPPluginJar : add fatfs
2025-03-18 18:33:09,629 [INFO] IPUIPlugin:80 - create IPUIPlugin
2025-03-18 18:33:09,630 [INFO] PluginManager:220 - loadIPPluginJar : add fmc
2025-03-18 18:33:09,692 [INFO] IPUIPlugin:80 - create IPUIPlugin
2025-03-18 18:33:09,693 [INFO] PluginManager:220 - loadIPPluginJar : add freertos
2025-03-18 18:33:09,796 [INFO] IPUIPlugin:80 - create IPUIPlugin
2025-03-18 18:33:09,798 [INFO] PluginManager:220 - loadIPPluginJar : add genericplugin
2025-03-18 18:33:10,533 [INFO] IPUIPlugin:80 - create IPUIPlugin
2025-03-18 18:33:10,534 [INFO] PluginManager:220 - loadIPPluginJar : add gfxmmu
2025-03-18 18:33:11,218 [INFO] IPUIPlugin:80 - create IPUIPlugin
2025-03-18 18:33:11,219 [INFO] PluginManager:220 - loadIPPluginJar : add gic
2025-03-18 18:33:11,245 [INFO] ThirdPartyUpdaterWithRetryManager:70 - Updater plugin not ready yet. [3/15]
2025-03-18 18:33:11,277 [INFO] IPUIPlugin:80 - create IPUIPlugin
2025-03-18 18:33:11,279 [INFO] PluginManager:220 - loadIPPluginJar : add gpio
2025-03-18 18:33:12,090 [INFO] IPUIPlugin:80 - create IPUIPlugin
2025-03-18 18:33:12,090 [INFO] PluginManager:220 - loadIPPluginJar : add gtzc
2025-03-18 18:33:12,494 [INFO] IPUIPlugin:80 - create IPUIPlugin
2025-03-18 18:33:12,495 [INFO] PluginManager:220 - loadIPPluginJar : add hash
2025-03-18 18:33:12,954 [INFO] IPUIPlugin:80 - create IPUIPlugin
2025-03-18 18:33:12,956 [INFO] PluginManager:220 - loadIPPluginJar : add i2c
2025-03-18 18:33:13,550 [INFO] IPUIPlugin:80 - create IPUIPlugin
2025-03-18 18:33:13,551 [INFO] PluginManager:220 - loadIPPluginJar : add i2s
2025-03-18 18:33:13,831 [INFO] IPUIPlugin:80 - create IPUIPlugin
2025-03-18 18:33:13,831 [INFO] PluginManager:220 - loadIPPluginJar : add i3c
2025-03-18 18:33:14,296 [INFO] ThirdPartyUpdaterWithRetryManager:70 - Updater plugin not ready yet. [4/15]
2025-03-18 18:33:14,617 [INFO] IPUIPlugin:80 - create IPUIPlugin
2025-03-18 18:33:14,618 [INFO] PluginManager:220 - loadIPPluginJar : add ipddr
2025-03-18 18:33:15,074 [INFO] IPUIPlugin:80 - create IPUIPlugin
2025-03-18 18:33:15,075 [INFO] PluginManager:220 - loadIPPluginJar : add linkedlist
2025-03-18 18:33:15,339 [INFO] IPUIPlugin:80 - create IPUIPlugin
2025-03-18 18:33:15,341 [INFO] PluginManager:220 - loadIPPluginJar : add lorawan
2025-03-18 18:33:15,886 [INFO] IPUIPlugin:80 - create IPUIPlugin
2025-03-18 18:33:15,888 [INFO] PluginManager:220 - loadIPPluginJar : add ltdc
2025-03-18 18:33:16,024 [INFO] IPUIPlugin:80 - create IPUIPlugin
2025-03-18 18:33:16,026 [INFO] PluginManager:220 - loadIPPluginJar : add mdma
2025-03-18 18:33:16,133 [INFO] IPUIPlugin:80 - create IPUIPlugin
2025-03-18 18:33:16,135 [INFO] PluginManager:220 - loadIPPluginJar : add nvic
2025-03-18 18:33:16,402 [INFO] IPUIPlugin:80 - create IPUIPlugin
2025-03-18 18:33:16,402 [INFO] PluginManager:220 - loadIPPluginJar : add opamp
2025-03-18 18:33:16,868 [INFO] IPUIPlugin:80 - create IPUIPlugin
2025-03-18 18:33:16,870 [INFO] PluginManager:220 - loadIPPluginJar : add openamp
2025-03-18 18:33:17,137 [INFO] IPUIPlugin:80 - create IPUIPlugin
2025-03-18 18:33:17,138 [INFO] PluginManager:220 - loadIPPluginJar : add pdm2pcm
2025-03-18 18:33:17,209 [INFO] IPUIPlugin:80 - create IPUIPlugin
2025-03-18 18:33:17,227 [INFO] PluginManager:220 - loadIPPluginJar : add plateformsettings
2025-03-18 18:33:17,316 [INFO] ThirdPartyUpdaterWithRetryManager:70 - Updater plugin not ready yet. [5/15]
2025-03-18 18:33:17,453 [INFO] IPUIPlugin:80 - create IPUIPlugin
2025-03-18 18:33:17,455 [INFO] PluginManager:220 - loadIPPluginJar : add quadspi
2025-03-18 18:33:17,632 [INFO] IPUIPlugin:80 - create IPUIPlugin
2025-03-18 18:33:17,636 [INFO] PluginManager:220 - loadIPPluginJar : add radio
2025-03-18 18:33:17,692 [INFO] IPUIPlugin:80 - create IPUIPlugin
2025-03-18 18:33:17,694 [INFO] PluginManager:220 - loadIPPluginJar : add resmgrutility
2025-03-18 18:33:17,935 [INFO] IPUIPlugin:80 - create IPUIPlugin
2025-03-18 18:33:17,937 [INFO] PluginManager:220 - loadIPPluginJar : add sai
2025-03-18 18:33:18,249 [INFO] IPUIPlugin:80 - create IPUIPlugin
2025-03-18 18:33:18,250 [INFO] PluginManager:220 - loadIPPluginJar : add spi
2025-03-18 18:33:18,573 [INFO] IPUIPlugin:80 - create IPUIPlugin
2025-03-18 18:33:18,573 [INFO] PluginManager:220 - loadIPPluginJar : add stm32_wpan
2025-03-18 18:33:18,652 [INFO] IPUIPlugin:80 - create IPUIPlugin
2025-03-18 18:33:18,652 [INFO] PluginManager:220 - loadIPPluginJar : add tim
2025-03-18 18:33:18,880 [INFO] IPUIPlugin:80 - create IPUIPlugin
2025-03-18 18:33:18,882 [INFO] PluginManager:220 - loadIPPluginJar : add touchsensing
2025-03-18 18:33:18,988 [INFO] IPUIPlugin:80 - create IPUIPlugin
2025-03-18 18:33:18,988 [INFO] PluginManager:220 - loadIPPluginJar : add tracer_emb
2025-03-18 18:33:19,141 [INFO] IPUIPlugin:80 - create IPUIPlugin
2025-03-18 18:33:19,145 [INFO] PluginManager:220 - loadIPPluginJar : add ts
2025-03-18 18:33:19,316 [INFO] IPUIPlugin:80 - create IPUIPlugin
2025-03-18 18:33:19,317 [INFO] PluginManager:220 - loadIPPluginJar : add tsc
2025-03-18 18:33:19,403 [INFO] IPUIPlugin:80 - create IPUIPlugin
2025-03-18 18:33:19,404 [INFO] PluginManager:220 - loadIPPluginJar : add ucpd
2025-03-18 18:33:19,615 [INFO] IPUIPlugin:80 - create IPUIPlugin
2025-03-18 18:33:19,616 [INFO] PluginManager:220 - loadIPPluginJar : add usart
2025-03-18 18:33:19,776 [INFO] IPUIPlugin:80 - create IPUIPlugin
2025-03-18 18:33:19,776 [INFO] PluginManager:220 - loadIPPluginJar : add usbx
2025-03-18 18:33:20,033 [INFO] CADModel:165 - CPN selected for project level
2025-03-18 18:33:20,034 [INFO] CADModel:114 - Register for checkConnection events
2025-03-18 18:33:20,036 [FATAL] Updater:334 - Updater called before beeing initialized
2025-03-18 18:33:20,041 [ERROR] CADModel:125 - Updater not yet initialized, retry later 
2025-03-18 18:33:20,319 [INFO] ThirdPartyUpdaterWithRetryManager:70 - Updater plugin not ready yet. [6/15]
2025-03-18 18:33:20,962 [INFO] CADModel:165 - CPN selected for project level
2025-03-18 18:33:20,970 [INFO] CADModel:114 - Register for checkConnection events
2025-03-18 18:33:20,970 [FATAL] Updater:334 - Updater called before beeing initialized
2025-03-18 18:33:20,971 [ERROR] CADModel:125 - Updater not yet initialized, retry later 
2025-03-18 18:33:20,988 [FATAL] Updater:334 - Updater called before beeing initialized
2025-03-18 18:33:21,283 [FATAL] Updater:334 - Updater called before beeing initialized
2025-03-18 18:33:21,307 [INFO] DbMcusAds:53 - JSON generation date=Thu Mar 06 20:24:21 IST 2025 (1741272861825)
2025-03-18 18:33:21,307 [FATAL] Updater:334 - Updater called before beeing initialized
2025-03-18 18:33:21,392 [WARN] DetailPanel:346 - Failed to get advertising image, set to default
2025-03-18 18:33:21,526 [FATAL] Updater:334 - Updater called before beeing initialized
2025-03-18 18:33:21,532 [FATAL] Updater:334 - Updater called before beeing initialized
2025-03-18 18:33:21,532 [FATAL] Updater:334 - Updater called before beeing initialized
2025-03-18 18:33:21,532 [WARN] DetailPanel:346 - Failed to get advertising image, set to default
2025-03-18 18:33:21,535 [FATAL] Updater:334 - Updater called before beeing initialized
2025-03-18 18:33:21,710 [ERROR] Updater:1164 - MainUpdater not yet initialized. External WinMGr cannot be set.
2025-03-18 18:33:21,737 [INFO] Updater:1100 - Updater Version found : 6.12.1
2025-03-18 18:33:21,785 [INFO] ApplicationProperties:184 - Using Application install path: C:\ST\STM32CubeIDE_1.16.1\STM32CubeIDE\plugins\com.st.stm32cube.common.mx_6.12.1.202409122256
2025-03-18 18:33:23,321 [FATAL] Updater:334 - Updater called before beeing initialized
2025-03-18 18:33:23,321 [ERROR] IntegrityCheckThread:130 - Cannot retrieve database content from updater: error 21
2025-03-18 18:33:23,322 [INFO] ThirdParty:978 - Integrity check success = false
2025-03-18 18:33:23,322 [INFO] IntegrityCheckThread:100 - exiting critical section [integrity check]
2025-03-18 18:33:23,322 [INFO] IntegrityCheckThread:103 - End integrity checks thread
2025-03-18 18:33:23,409 [ERROR] LogOutputStream:75 - [STDERR_REDIRECT] Mar 18, 2025 6:33:23 PM java.util.prefs.WindowsPreferences <init>
2025-03-18 18:33:23,411 [ERROR] LogOutputStream:75 - [STDERR_REDIRECT] WARNING: Could not open/create prefs root node Software\JavaSoft\Prefs at root 0xffffffff80000002. Windows RegCreateKeyEx(...) returned error code 5.
2025-03-18 18:33:23,412 [ERROR] LogOutputStream:75 - [STDERR_REDIRECT] 
2025-03-18 18:33:24,343 [INFO] MainUpdater:2873 - connection check result : 10
2025-03-18 18:33:24,346 [INFO] MainUpdater:290 - Updater Check For Update Now.
2025-03-18 18:33:24,349 [INFO] MicroXplorer:498 - Change Database Version : DB.6.0.121
2025-03-18 18:33:24,410 [INFO] McuFinderGlobals:63 - Set McuFinder mode to 2 (CubeIDE integrated)
2025-03-18 18:33:24,410 [INFO] UserAuth:179 - activating auth plugin
2025-03-18 18:33:24,434 [INFO] UserAuth:417 - Internet connection configuration mode: 1
2025-03-18 18:33:24,593 [INFO] JxBrowserEngine:152 - Initiate JxBrowser Engine with user profile folder
2025-03-18 18:33:25,050 [INFO] CheckServerUpdateThread:120 - End of CheckServer Thread
2025-03-18 18:33:31,915 [INFO] WebApp:167 - Instantiating new browser for Auth
2025-03-18 18:33:33,942 [INFO] WebApp:448 - Apply proxy settings
2025-03-18 18:33:33,944 [INFO] WebApp:533 - Chromium requires no authentication
2025-03-18 18:33:33,967 [INFO] WebApp:476 - Direct internet connection detected
2025-03-18 18:33:34,023 [INFO] WebApp:869 - Register for checkConnection events
2025-03-18 18:33:34,023 [INFO] WebApp:448 - Apply proxy settings
2025-03-18 18:33:34,023 [INFO] WebApp:533 - Chromium requires no authentication
2025-03-18 18:33:34,024 [INFO] WebApp:476 - Direct internet connection detected
2025-03-18 18:33:34,388 [INFO] WebApp:186 - Connection restablished
2025-03-18 18:33:34,638 [INFO] WebApp:220 - Starting web application
2025-03-18 18:33:34,639 [INFO] WebApp:578 - Web application path used C:\ST\STM32CubeIDE_1.16.1\STM32CubeIDE\plugins\com.st.stm32cube.common.mx_6.12.1.202409122256\db\plugins\mcufinder\reactClient1\index.html
2025-03-18 20:17:10,246 [ERROR] LogOutputStream:75 - [STDERR_REDIRECT] 
