2025-03-11 17:02:42,418 [INFO] Activator:176 - 


2025-03-11 17:02:42,429 [INFO] Activator:177 - !SESSION log4j initialized
2025-03-11 17:02:51,976 [INFO] LogOutputStream:77 - [STDOUT_REDIRECT] 
2025-03-11 17:02:54,079 [INFO] ApplicationProperties:184 - Using Application install path: C:\ST\STM32CubeIDE_1.16.1\STM32CubeIDE\plugins\com.st.stm32cube.common.mx_6.12.1.202409122256
2025-03-11 17:02:54,105 [INFO] DbMcusXml:78 - Set database path to: C:\ST\STM32CubeIDE_1.16.1\STM32CubeIDE\plugins\com.st.stm32cube.common.mx_6.12.1.202409122256\\db\/mcu/
2025-03-11 17:02:54,106 [INFO] ApiDb:274 - Set plugin database path to: C:\ST\STM32CubeIDE_1.16.1\STM32CubeIDE\plugins\com.st.stm32cube.common.mx_6.12.1.202409122256\\db\/plugins/boardmanager/
2025-03-11 17:02:54,107 [WARN] ApiDb:259 - Overriding images path with different value:  => C:\ST\STM32CubeIDE_1.16.1\STM32CubeIDE\plugins\com.st.stm32cube.common.mx_6.12.1.202409122256\\db\/plugins/mcufinder/images/
2025-03-11 17:02:54,124 [INFO] ApiDb:250 - Set database path to: C:\Users\talur\.stmcufinder\plugins\mcufinder//mcu/
2025-03-11 17:02:54,125 [INFO] DbMcusAds:125 - Set database path to: C:\Users\talur\.stmcufinder\plugins\mcufinder//mcu/
2025-03-11 17:02:54,129 [INFO] CrossReferenceDbSqlite:203 - Set database path to: C:\Users\talur\.stmcufinder\plugins\mcufinder//mcu/cs/
2025-03-11 17:02:54,267 [INFO] RulesReader:64 - Compatibility file has been processed (297 Rules)
2025-03-11 17:02:54,383 [INFO] DbMcusXml:78 - Set database path to: C:\ST\STM32CubeIDE_1.16.1\STM32CubeIDE\plugins\com.st.stm32cube.common.mx_6.12.1.202409122256\\db\/mcu/
2025-03-11 17:02:54,383 [INFO] ApiDb:274 - Set plugin database path to: C:\ST\STM32CubeIDE_1.16.1\STM32CubeIDE\plugins\com.st.stm32cube.common.mx_6.12.1.202409122256\\db\/plugins/boardmanager/
2025-03-11 17:02:54,383 [INFO] ApiDb:261 - Set plugin images path to: C:\ST\STM32CubeIDE_1.16.1\STM32CubeIDE\plugins\com.st.stm32cube.common.mx_6.12.1.202409122256\\db\/plugins/mcufinder/images/
2025-03-11 17:02:54,383 [WARN] DbFile:41 - Overriding database path with different value: C:\Users\talur\.stmcufinder\plugins\mcufinder/ => C:\Users\talur\.stmcufinder\plugins\mcufinder
2025-03-11 17:02:54,384 [INFO] ApiDb:250 - Set database path to: C:\Users\talur\.stmcufinder\plugins\mcufinder//mcu/
2025-03-11 17:02:54,384 [WARN] DbFile:41 - Overriding database path with different value: C:\Users\talur\.stmcufinder\plugins\mcufinder/ => C:\Users\talur\.stmcufinder\plugins\mcufinder
2025-03-11 17:02:54,384 [INFO] DbMcusAds:125 - Set database path to: C:\Users\talur\.stmcufinder\plugins\mcufinder//mcu/
2025-03-11 17:02:54,384 [WARN] DbFile:41 - Overriding database path with different value: C:\Users\talur\.stmcufinder\plugins\mcufinder/ => C:\Users\talur\.stmcufinder\plugins\mcufinder
2025-03-11 17:02:54,384 [WARN] DbFile:41 - Overriding database path with different value: C:\Users\talur\.stmcufinder\plugins\mcufinder/ => C:\Users\talur\.stmcufinder\plugins\mcufinder
2025-03-11 17:02:54,384 [INFO] CrossReferenceDbSqlite:203 - Set database path to: C:\Users\talur\.stmcufinder\plugins\mcufinder//mcu/cs/
2025-03-11 17:02:54,514 [INFO] MainPanel:268 - HeapMemory: 268435456
2025-03-11 17:02:54,679 [INFO] DbMcusXml:78 - Set database path to: C:\ST\STM32CubeIDE_1.16.1\STM32CubeIDE\plugins\com.st.stm32cube.common.mx_6.12.1.202409122256\\db\/mcu/
2025-03-11 17:02:54,679 [INFO] ApiDb:274 - Set plugin database path to: C:\ST\STM32CubeIDE_1.16.1\STM32CubeIDE\plugins\com.st.stm32cube.common.mx_6.12.1.202409122256\\db\/plugins/boardmanager/
2025-03-11 17:02:54,679 [INFO] ApiDb:261 - Set plugin images path to: C:\ST\STM32CubeIDE_1.16.1\STM32CubeIDE\plugins\com.st.stm32cube.common.mx_6.12.1.202409122256\\db\/plugins/mcufinder/images/
2025-03-11 17:02:54,680 [WARN] DbFile:41 - Overriding database path with different value: C:\Users\talur\.stmcufinder\plugins\mcufinder/ => C:\Users\talur\.stmcufinder\plugins\mcufinder
2025-03-11 17:02:54,680 [INFO] ApiDb:250 - Set database path to: C:\Users\talur\.stmcufinder\plugins\mcufinder//mcu/
2025-03-11 17:02:54,680 [WARN] DbFile:41 - Overriding database path with different value: C:\Users\talur\.stmcufinder\plugins\mcufinder/ => C:\Users\talur\.stmcufinder\plugins\mcufinder
2025-03-11 17:02:54,680 [INFO] DbMcusAds:125 - Set database path to: C:\Users\talur\.stmcufinder\plugins\mcufinder//mcu/
2025-03-11 17:02:54,680 [WARN] DbFile:41 - Overriding database path with different value: C:\Users\talur\.stmcufinder\plugins\mcufinder/ => C:\Users\talur\.stmcufinder\plugins\mcufinder
2025-03-11 17:02:54,680 [WARN] DbFile:41 - Overriding database path with different value: C:\Users\talur\.stmcufinder\plugins\mcufinder/ => C:\Users\talur\.stmcufinder\plugins\mcufinder
2025-03-11 17:02:54,680 [INFO] CrossReferenceDbSqlite:203 - Set database path to: C:\Users\talur\.stmcufinder\plugins\mcufinder//mcu/cs/
2025-03-11 17:02:54,707 [INFO] ApplicationProperties:184 - Using Application install path: C:\ST\STM32CubeIDE_1.16.1\STM32CubeIDE\plugins\com.st.stm32cube.common.mx_6.12.1.202409122256
2025-03-11 17:02:54,709 [INFO] PluginManage:196 - Search for loadable plugins [exclusion list=, ]
2025-03-11 17:02:54,711 [INFO] PluginManage:310 - Check plugin analytics
2025-03-11 17:02:54,960 [INFO] AnalyticsPlugin:253 - Accepted Software Licenses: 
2025-03-11 17:02:54,960 [INFO] AnalyticsPlugin:255 - Accepted CMSIS Pack Licenses: 
2025-03-11 17:02:54,961 [INFO] AnalyticsPlugin:257 - Accepted Firmware Licenses: FW.F4.1.28.0
2025-03-11 17:02:54,966 [INFO] PluginManage:359 - Loaded plugin analytics (category:tool,tabindex:-1)
2025-03-11 17:02:54,966 [INFO] PluginManage:310 - Check plugin cadmodel
2025-03-11 17:02:54,995 [INFO] CADModel:105 - Init CAD model plugin
2025-03-11 17:02:54,995 [INFO] PluginManage:359 - Loaded plugin cadmodel (category:power,tabindex:5)
2025-03-11 17:02:54,995 [INFO] PluginManage:310 - Check plugin clock
2025-03-11 17:02:55,028 [INFO] PluginManage:359 - Loaded plugin clock (category:base,tabindex:2)
2025-03-11 17:02:55,029 [INFO] PluginManage:310 - Check plugin ddr
2025-03-11 17:02:55,033 [INFO] PluginManage:359 - Loaded plugin ddr (category:tool,tabindex:6)
2025-03-11 17:02:55,034 [INFO] PluginManage:310 - Check plugin filemanager
2025-03-11 17:02:55,236 [INFO] PluginManage:359 - Loaded plugin filemanager (category:base,tabindex:10)
2025-03-11 17:02:55,236 [INFO] PluginManage:310 - Check plugin ipmanager
2025-03-11 17:02:55,247 [INFO] PluginManage:359 - Loaded plugin ipmanager (category:base,tabindex:5)
2025-03-11 17:02:55,247 [INFO] PluginManage:310 - Check plugin lpbam
2025-03-11 17:02:55,273 [INFO] PluginManage:359 - Loaded plugin lpbam (category:base,tabindex:0)
2025-03-11 17:02:55,273 [INFO] PluginManage:310 - Check plugin memorymap
2025-03-11 17:02:55,304 [INFO] PluginManage:359 - Loaded plugin memorymap (category:base,tabindex:4)
2025-03-11 17:02:55,305 [INFO] PluginManage:310 - Check plugin pinoutandconfiguration
2025-03-11 17:02:55,332 [INFO] PluginManage:359 - Loaded plugin pinoutandconfiguration (category:base,tabindex:1)
2025-03-11 17:02:55,332 [INFO] PluginManage:310 - Check plugin pinoutconfig
2025-03-11 17:02:55,485 [WARN] SupportedApi:132 - Cannot load RTOS API schema: s4s-elt-must-match.1: The content of 'definitions' must match (annotation?, (simpleType | complexType)?, (unique | key | keyref)*)). A problem was found starting at: attribute.
2025-03-11 17:02:55,703 [INFO] PluginManage:359 - Loaded plugin pinoutconfig (category:base,tabindex:0)
2025-03-11 17:02:55,703 [INFO] PluginManage:310 - Check plugin power
2025-03-11 17:02:55,742 [INFO] PluginManage:359 - Loaded plugin power (category:power,tabindex:4)
2025-03-11 17:02:55,742 [INFO] PluginManage:310 - Check plugin projectmanager
2025-03-11 17:02:55,770 [INFO] PluginManage:359 - Loaded plugin projectmanager (category:projectmanager,tabindex:4)
2025-03-11 17:02:55,770 [INFO] PluginManage:310 - Check plugin rif
2025-03-11 17:02:55,801 [INFO] PluginManage:359 - Loaded plugin rif (category:base,tabindex:3)
2025-03-11 17:02:55,801 [INFO] PluginManage:310 - Check plugin thirdparty
2025-03-11 17:02:56,162 [INFO] PluginManage:359 - Loaded plugin thirdparty (category:base,tabindex:-1)
2025-03-11 17:02:56,162 [WARN] IntegrityCheckThread:84 - waiting for thirdparty lock release [integrity check]
2025-03-11 17:02:56,162 [INFO] PluginManage:310 - Check plugin tools
2025-03-11 17:02:56,162 [INFO] IntegrityCheckThread:86 - entering critical section [integrity check]
2025-03-11 17:02:56,164 [INFO] ThirdPartyUpdaterWithRetryManager:70 - Updater plugin not ready yet. [1/15]
2025-03-11 17:02:56,225 [INFO] PluginManage:359 - Loaded plugin tools (category:base,tabindex:7)
2025-03-11 17:02:56,225 [INFO] PluginManage:310 - Check plugin tutovideos
2025-03-11 17:02:56,511 [INFO] PluginManage:359 - Loaded plugin tutovideos (category:base,tabindex:-1)
2025-03-11 17:02:56,512 [INFO] PluginManage:310 - Check plugin updater
2025-03-11 17:02:56,535 [INFO] PluginManage:359 - Loaded plugin updater (category:base,tabindex:12)
2025-03-11 17:02:56,535 [INFO] PluginManage:310 - Check plugin userauth
2025-03-11 17:02:56,544 [INFO] UserAuth:113 - Init User Auth plugin
2025-03-11 17:02:56,544 [INFO] PluginManage:359 - Loaded plugin userauth (category:base,tabindex:14)
2025-03-11 17:02:56,544 [INFO] PluginManage:283 - PluginManage : Loaded plugins [18]
2025-03-11 17:02:56,883 [INFO] PinOutPanel:1561 - setPackage(No Configuration,No Configuration)
2025-03-11 17:02:57,046 [INFO] CADModel:165 - CPN selected for project level
2025-03-11 17:02:57,046 [INFO] CADModel:114 - Register for checkConnection events
2025-03-11 17:02:57,112 [INFO] IPUIPlugin:80 - create IPUIPlugin
2025-03-11 17:02:57,112 [INFO] PluginManager:220 - loadIPPluginJar : add adc
2025-03-11 17:02:57,221 [INFO] IPUIPlugin:80 - create IPUIPlugin
2025-03-11 17:02:57,221 [INFO] PluginManager:220 - loadIPPluginJar : add aes
2025-03-11 17:02:57,315 [INFO] IPUIPlugin:80 - create IPUIPlugin
2025-03-11 17:02:57,316 [INFO] PluginManager:220 - loadIPPluginJar : add can
2025-03-11 17:02:57,396 [INFO] IPUIPlugin:80 - create IPUIPlugin
2025-03-11 17:02:57,397 [INFO] PluginManager:220 - loadIPPluginJar : add comp
2025-03-11 17:02:57,499 [INFO] IPUIPlugin:80 - create IPUIPlugin
2025-03-11 17:02:57,500 [INFO] PluginManager:220 - loadIPPluginJar : add cryp
2025-03-11 17:02:57,527 [INFO] IPUIPlugin:80 - create IPUIPlugin
2025-03-11 17:02:57,527 [INFO] PluginManager:220 - loadIPPluginJar : add ddr_ctrl_phy
2025-03-11 17:02:57,598 [INFO] IPUIPlugin:80 - create IPUIPlugin
2025-03-11 17:02:57,598 [INFO] PluginManager:220 - loadIPPluginJar : add dfsdm
2025-03-11 17:02:57,625 [INFO] IPUIPlugin:80 - create IPUIPlugin
2025-03-11 17:02:57,627 [INFO] PluginManager:220 - loadIPPluginJar : add dma
2025-03-11 17:02:57,780 [INFO] IPUIPlugin:80 - create IPUIPlugin
2025-03-11 17:02:57,782 [INFO] PluginManager:220 - loadIPPluginJar : add dma3
2025-03-11 17:02:57,866 [INFO] IPUIPlugin:80 - create IPUIPlugin
2025-03-11 17:02:57,867 [INFO] PluginManager:220 - loadIPPluginJar : add extmemmanager
2025-03-11 17:02:57,914 [INFO] IPUIPlugin:80 - create IPUIPlugin
2025-03-11 17:02:57,914 [INFO] PluginManager:220 - loadIPPluginJar : add fatfs
2025-03-11 17:02:58,009 [INFO] IPUIPlugin:80 - create IPUIPlugin
2025-03-11 17:02:58,009 [INFO] PluginManager:220 - loadIPPluginJar : add fmc
2025-03-11 17:02:58,035 [INFO] IPUIPlugin:80 - create IPUIPlugin
2025-03-11 17:02:58,035 [INFO] PluginManager:220 - loadIPPluginJar : add freertos
2025-03-11 17:02:58,082 [INFO] IPUIPlugin:80 - create IPUIPlugin
2025-03-11 17:02:58,082 [INFO] PluginManager:220 - loadIPPluginJar : add genericplugin
2025-03-11 17:02:58,305 [INFO] IPUIPlugin:80 - create IPUIPlugin
2025-03-11 17:02:58,305 [INFO] PluginManager:220 - loadIPPluginJar : add gfxmmu
2025-03-11 17:02:58,536 [INFO] IPUIPlugin:80 - create IPUIPlugin
2025-03-11 17:02:58,536 [INFO] PluginManager:220 - loadIPPluginJar : add gic
2025-03-11 17:02:58,560 [INFO] IPUIPlugin:80 - create IPUIPlugin
2025-03-11 17:02:58,560 [INFO] PluginManager:220 - loadIPPluginJar : add gpio
2025-03-11 17:02:58,760 [INFO] IPUIPlugin:80 - create IPUIPlugin
2025-03-11 17:02:58,760 [INFO] PluginManager:220 - loadIPPluginJar : add gtzc
2025-03-11 17:02:58,852 [INFO] IPUIPlugin:80 - create IPUIPlugin
2025-03-11 17:02:58,852 [INFO] PluginManager:220 - loadIPPluginJar : add hash
2025-03-11 17:02:58,996 [INFO] IPUIPlugin:80 - create IPUIPlugin
2025-03-11 17:02:58,996 [INFO] PluginManager:220 - loadIPPluginJar : add i2c
2025-03-11 17:02:59,098 [INFO] IPUIPlugin:80 - create IPUIPlugin
2025-03-11 17:02:59,098 [INFO] PluginManager:220 - loadIPPluginJar : add i2s
2025-03-11 17:02:59,164 [INFO] ThirdPartyUpdaterWithRetryManager:70 - Updater plugin not ready yet. [2/15]
2025-03-11 17:02:59,174 [INFO] IPUIPlugin:80 - create IPUIPlugin
2025-03-11 17:02:59,175 [INFO] PluginManager:220 - loadIPPluginJar : add i3c
2025-03-11 17:02:59,331 [INFO] IPUIPlugin:80 - create IPUIPlugin
2025-03-11 17:02:59,331 [INFO] PluginManager:220 - loadIPPluginJar : add ipddr
2025-03-11 17:02:59,482 [INFO] IPUIPlugin:80 - create IPUIPlugin
2025-03-11 17:02:59,482 [INFO] PluginManager:220 - loadIPPluginJar : add linkedlist
2025-03-11 17:02:59,488 [INFO] IPUIPlugin:80 - create IPUIPlugin
2025-03-11 17:02:59,488 [INFO] PluginManager:220 - loadIPPluginJar : add lorawan
2025-03-11 17:02:59,550 [INFO] IPUIPlugin:80 - create IPUIPlugin
2025-03-11 17:02:59,550 [INFO] PluginManager:220 - loadIPPluginJar : add ltdc
2025-03-11 17:02:59,569 [INFO] IPUIPlugin:80 - create IPUIPlugin
2025-03-11 17:02:59,570 [INFO] PluginManager:220 - loadIPPluginJar : add mdma
2025-03-11 17:02:59,590 [INFO] IPUIPlugin:80 - create IPUIPlugin
2025-03-11 17:02:59,590 [INFO] PluginManager:220 - loadIPPluginJar : add nvic
2025-03-11 17:02:59,656 [INFO] IPUIPlugin:80 - create IPUIPlugin
2025-03-11 17:02:59,656 [INFO] PluginManager:220 - loadIPPluginJar : add opamp
2025-03-11 17:02:59,759 [INFO] IPUIPlugin:80 - create IPUIPlugin
2025-03-11 17:02:59,759 [INFO] PluginManager:220 - loadIPPluginJar : add openamp
2025-03-11 17:02:59,828 [INFO] IPUIPlugin:80 - create IPUIPlugin
2025-03-11 17:02:59,829 [INFO] PluginManager:220 - loadIPPluginJar : add pdm2pcm
2025-03-11 17:02:59,850 [INFO] IPUIPlugin:80 - create IPUIPlugin
2025-03-11 17:02:59,853 [INFO] PluginManager:220 - loadIPPluginJar : add plateformsettings
2025-03-11 17:02:59,894 [INFO] IPUIPlugin:80 - create IPUIPlugin
2025-03-11 17:02:59,894 [INFO] PluginManager:220 - loadIPPluginJar : add quadspi
2025-03-11 17:02:59,939 [INFO] IPUIPlugin:80 - create IPUIPlugin
2025-03-11 17:02:59,940 [INFO] PluginManager:220 - loadIPPluginJar : add radio
2025-03-11 17:02:59,960 [INFO] IPUIPlugin:80 - create IPUIPlugin
2025-03-11 17:02:59,961 [INFO] PluginManager:220 - loadIPPluginJar : add resmgrutility
2025-03-11 17:03:00,039 [INFO] IPUIPlugin:80 - create IPUIPlugin
2025-03-11 17:03:00,040 [INFO] PluginManager:220 - loadIPPluginJar : add sai
2025-03-11 17:03:00,101 [INFO] IPUIPlugin:80 - create IPUIPlugin
2025-03-11 17:03:00,101 [INFO] PluginManager:220 - loadIPPluginJar : add spi
2025-03-11 17:03:00,207 [INFO] IPUIPlugin:80 - create IPUIPlugin
2025-03-11 17:03:00,207 [INFO] PluginManager:220 - loadIPPluginJar : add stm32_wpan
2025-03-11 17:03:00,211 [INFO] IPUIPlugin:80 - create IPUIPlugin
2025-03-11 17:03:00,211 [INFO] PluginManager:220 - loadIPPluginJar : add tim
2025-03-11 17:03:00,303 [INFO] IPUIPlugin:80 - create IPUIPlugin
2025-03-11 17:03:00,303 [INFO] PluginManager:220 - loadIPPluginJar : add touchsensing
2025-03-11 17:03:00,308 [INFO] IPUIPlugin:80 - create IPUIPlugin
2025-03-11 17:03:00,308 [INFO] PluginManager:220 - loadIPPluginJar : add tracer_emb
2025-03-11 17:03:00,313 [INFO] IPUIPlugin:80 - create IPUIPlugin
2025-03-11 17:03:00,313 [INFO] PluginManager:220 - loadIPPluginJar : add ts
2025-03-11 17:03:00,353 [INFO] IPUIPlugin:80 - create IPUIPlugin
2025-03-11 17:03:00,353 [INFO] PluginManager:220 - loadIPPluginJar : add tsc
2025-03-11 17:03:00,388 [INFO] IPUIPlugin:80 - create IPUIPlugin
2025-03-11 17:03:00,388 [INFO] PluginManager:220 - loadIPPluginJar : add ucpd
2025-03-11 17:03:00,462 [INFO] IPUIPlugin:80 - create IPUIPlugin
2025-03-11 17:03:00,462 [INFO] PluginManager:220 - loadIPPluginJar : add usart
2025-03-11 17:03:00,526 [INFO] IPUIPlugin:80 - create IPUIPlugin
2025-03-11 17:03:00,526 [INFO] PluginManager:220 - loadIPPluginJar : add usbx
2025-03-11 17:03:00,669 [INFO] CADModel:165 - CPN selected for project level
2025-03-11 17:03:00,669 [INFO] CADModel:114 - Register for checkConnection events
2025-03-11 17:03:00,670 [FATAL] Updater:334 - Updater called before beeing initialized
2025-03-11 17:03:00,670 [ERROR] CADModel:125 - Updater not yet initialized, retry later 
2025-03-11 17:03:00,871 [INFO] CADModel:165 - CPN selected for project level
2025-03-11 17:03:00,871 [INFO] CADModel:114 - Register for checkConnection events
2025-03-11 17:03:00,871 [FATAL] Updater:334 - Updater called before beeing initialized
2025-03-11 17:03:00,871 [ERROR] CADModel:125 - Updater not yet initialized, retry later 
2025-03-11 17:03:00,875 [FATAL] Updater:334 - Updater called before beeing initialized
2025-03-11 17:03:01,022 [FATAL] Updater:334 - Updater called before beeing initialized
2025-03-11 17:03:01,037 [INFO] DbMcusAds:53 - JSON generation date=Tue Dec 17 21:31:15 IST 2024 (1734451275111)
2025-03-11 17:03:01,037 [FATAL] Updater:334 - Updater called before beeing initialized
2025-03-11 17:03:01,081 [WARN] DetailPanel:346 - Failed to get advertising image, set to default
2025-03-11 17:03:01,171 [FATAL] Updater:334 - Updater called before beeing initialized
2025-03-11 17:03:01,174 [FATAL] Updater:334 - Updater called before beeing initialized
2025-03-11 17:03:01,174 [FATAL] Updater:334 - Updater called before beeing initialized
2025-03-11 17:03:01,174 [WARN] DetailPanel:346 - Failed to get advertising image, set to default
2025-03-11 17:03:01,175 [FATAL] Updater:334 - Updater called before beeing initialized
2025-03-11 17:03:01,250 [ERROR] Updater:1164 - MainUpdater not yet initialized. External WinMGr cannot be set.
2025-03-11 17:03:01,266 [INFO] Updater:1100 - Updater Version found : 6.12.1
2025-03-11 17:03:01,293 [INFO] ApplicationProperties:184 - Using Application install path: C:\ST\STM32CubeIDE_1.16.1\STM32CubeIDE\plugins\com.st.stm32cube.common.mx_6.12.1.202409122256
2025-03-11 17:03:02,165 [INFO] ThirdPartyUpdaterWithRetryManager:70 - Updater plugin not ready yet. [3/15]
2025-03-11 17:03:02,882 [ERROR] LogOutputStream:75 - [STDERR_REDIRECT] Mar 11, 2025 5:03:02 PM java.util.prefs.WindowsPreferences <init>
2025-03-11 17:03:02,884 [ERROR] LogOutputStream:75 - [STDERR_REDIRECT] WARNING: Could not open/create prefs root node Software\JavaSoft\Prefs at root 0xffffffff80000002. Windows RegCreateKeyEx(...) returned error code 5.
2025-03-11 17:03:02,884 [ERROR] LogOutputStream:75 - [STDERR_REDIRECT] 
2025-03-11 17:03:03,264 [INFO] MainUpdater:2873 - connection check result : 10
2025-03-11 17:03:03,265 [INFO] MainUpdater:290 - Updater Check For Update Now.
2025-03-11 17:03:03,266 [INFO] MicroXplorer:498 - Change Database Version : DB.6.0.121
2025-03-11 17:03:03,279 [INFO] McuFinderGlobals:63 - Set McuFinder mode to 2 (CubeIDE integrated)
2025-03-11 17:03:03,280 [INFO] UserAuth:179 - activating auth plugin
2025-03-11 17:03:03,286 [INFO] UserAuth:417 - Internet connection configuration mode: 1
2025-03-11 17:03:03,362 [INFO] JxBrowserEngine:152 - Initiate JxBrowser Engine with user profile folder
2025-03-11 17:03:03,610 [INFO] CheckServerUpdateThread:120 - End of CheckServer Thread
2025-03-11 17:03:05,608 [WARN] PackLoader:240 - Cannot read IP mode file for STMicroelectronics.FP-SNS-MOTENVWB1.1.4.0
2025-03-11 17:03:05,644 [WARN] PackLoader:240 - Cannot read IP mode file for STMicroelectronics.FP-ATR-ASTRA1.2.0.2
2025-03-11 17:03:05,666 [WARN] PackLoader:240 - Cannot read IP mode file for STMicroelectronics.FP-ATR-ASTRA1.2.0.1
2025-03-11 17:03:05,690 [WARN] PackLoader:240 - Cannot read IP mode file for STMicroelectronics.X-CUBE-SMBUS.2.1.0
2025-03-11 17:03:05,717 [WARN] PackLoader:240 - Cannot read IP mode file for STMicroelectronics.X-CUBE-WB05N.1.1.0
2025-03-11 17:03:05,782 [WARN] PackLoader:240 - Cannot read IP mode file for STMicroelectronics.X-CUBE-AZRTOS-F7.1.1.0
2025-03-11 17:03:05,900 [WARN] PackLoader:240 - Cannot read IP mode file for STMicroelectronics.X-CUBE-MEMS1.11.0.0
2025-03-11 17:03:06,112 [WARN] PackLoader:240 - Cannot read IP mode file for STMicroelectronics.FP-SNS-FLIGHT1.5.0.2
2025-03-11 17:03:06,149 [WARN] PackLoader:240 - Cannot read IP mode file for STMicroelectronics.X-CUBE-DISPLAY.3.0.0
2025-03-11 17:03:06,181 [WARN] PackLoader:240 - Cannot read IP mode file for STMicroelectronics.X-CUBE-BLE1.7.0.0
2025-03-11 17:03:06,214 [WARN] PackLoader:240 - Cannot read IP mode file for STMicroelectronics.X-CUBE-NFC10.1.0.0
2025-03-11 17:03:06,250 [WARN] PackLoader:240 - Cannot read IP mode file for STMicroelectronics.X-CUBE-BLEMGR.4.0.0
2025-03-11 17:03:06,281 [WARN] PackLoader:240 - Cannot read IP mode file for emotas.I-CUBE-CANOPEN.1.3.0
2025-03-11 17:03:06,310 [WARN] PackLoader:240 - Cannot read IP mode file for STMicroelectronics.X-CUBE-BLEMGR.3.1.0
2025-03-11 17:03:06,347 [WARN] PackLoader:240 - Cannot read IP mode file for STMicroelectronics.X-CUBE-AI.10.0.0
2025-03-11 17:03:06,375 [WARN] PackLoader:240 - Cannot read IP mode file for STMicroelectronics.FP-SNS-SMARTAG2.1.2.0
2025-03-11 17:03:06,463 [WARN] PackLoader:240 - Cannot read IP mode file for STMicroelectronics.X-CUBE-MEMS1.11.1.0
2025-03-11 17:03:06,652 [INFO] LogOutputStream:77 - [STDOUT_REDIRECT] 1 : Invalid condition id : UX_CORESTACK_Condition cause : null
2025-03-11 17:03:06,653 [INFO] LogOutputStream:77 - [STDOUT_REDIRECT] 1 : Invalid condition id : UX_CORESTACK_Condition cause : null
2025-03-11 17:03:06,655 [INFO] LogOutputStream:77 - [STDOUT_REDIRECT] 1 : Invalid condition id : UX_CORESTACK_Condition cause : null
2025-03-11 17:03:06,656 [INFO] LogOutputStream:77 - [STDOUT_REDIRECT] 1 : Invalid condition id : UX_CORESTACK_Condition cause : null
2025-03-11 17:03:06,658 [INFO] LogOutputStream:77 - [STDOUT_REDIRECT] 1 : Invalid condition id : UX_CORESTACK_Condition cause : null
2025-03-11 17:03:06,662 [WARN] PackLoader:240 - Cannot read IP mode file for STMicroelectronics.X-CUBE-AZRTOS-WL.2.0.0
2025-03-11 17:03:06,692 [WARN] PackLoader:240 - Cannot read IP mode file for STMicroelectronics.FP-SNS-MOTENV1.5.0.0
2025-03-11 17:03:06,720 [WARN] PackLoader:240 - Cannot read IP mode file for wolfSSL.I-CUBE-wolfMQTT.1.19.0
2025-03-11 17:03:06,750 [WARN] PackLoader:240 - Cannot read IP mode file for WES.I-CUBE-Cesium.1.3.0
2025-03-11 17:03:06,777 [WARN] PackLoader:240 - Cannot read IP mode file for STMicroelectronics.X-CUBE-BLE2.3.3.0
2025-03-11 17:03:06,809 [WARN] PackLoader:240 - Cannot read IP mode file for STMicroelectronics.X-CUBE-NFC9.1.0.0
2025-03-11 17:03:06,833 [WARN] PackLoader:240 - Cannot read IP mode file for STMicroelectronics.X-CUBE-BLE1.7.1.0
2025-03-11 17:03:06,860 [WARN] PackLoader:240 - Cannot read IP mode file for STMicroelectronics.X-CUBE-TCPP.4.1.0
2025-03-11 17:03:06,906 [WARN] PackLoader:240 - Cannot read IP mode file for STMicroelectronics.X-CUBE-AZRTOS-G0.1.1.0
2025-03-11 17:03:06,941 [WARN] PackLoader:240 - Cannot read IP mode file for STMicroelectronics.X-CUBE-SAFEA1.1.2.2
2025-03-11 17:03:06,968 [WARN] PackLoader:240 - Cannot read IP mode file for STMicroelectronics.X-CUBE-NFC4.3.0.0
2025-03-11 17:03:06,994 [WARN] PackLoader:240 - Cannot read IP mode file for EmbeddedOffice.I-CUBE-FS-RTOS.1.0.1
2025-03-11 17:03:06,995 [ERROR] ConditionMgr:805 - Attr not supported : Dmpu
2025-03-11 17:03:06,995 [ERROR] ConditionMgr:805 - Attr not supported : Dmpu
2025-03-11 17:03:06,995 [ERROR] ConditionMgr:805 - Attr not supported : Dmpu
2025-03-11 17:03:06,995 [ERROR] ConditionMgr:805 - Attr not supported : Dmpu
2025-03-11 17:03:06,995 [ERROR] ConditionMgr:805 - Attr not supported : Dmpu
2025-03-11 17:03:06,995 [ERROR] ConditionMgr:805 - Attr not supported : Dmpu
2025-03-11 17:03:06,995 [ERROR] ConditionMgr:805 - Attr not supported : Dmpu
2025-03-11 17:03:06,995 [ERROR] ConditionMgr:805 - Attr not supported : Dmpu
2025-03-11 17:03:06,995 [ERROR] ConditionMgr:805 - Attr not supported : Dmpu
2025-03-11 17:03:06,995 [ERROR] ConditionMgr:805 - Attr not supported : Dmpu
2025-03-11 17:03:06,995 [ERROR] ConditionMgr:805 - Attr not supported : Dmpu
2025-03-11 17:03:06,995 [ERROR] ConditionMgr:805 - Attr not supported : Dmpu
2025-03-11 17:03:06,996 [ERROR] ConditionMgr:805 - Attr not supported : Dmpu
2025-03-11 17:03:06,996 [ERROR] ConditionMgr:805 - Attr not supported : Dmpu
2025-03-11 17:03:06,996 [ERROR] ConditionMgr:805 - Attr not supported : Dmpu
2025-03-11 17:03:06,996 [ERROR] ConditionMgr:805 - Attr not supported : Dmpu
2025-03-11 17:03:06,996 [ERROR] ConditionMgr:805 - Attr not supported : Dmpu
2025-03-11 17:03:06,996 [ERROR] ConditionMgr:805 - Attr not supported : Dmpu
2025-03-11 17:03:06,996 [ERROR] ConditionMgr:805 - Attr not supported : Dmpu
2025-03-11 17:03:06,996 [ERROR] ConditionMgr:805 - Attr not supported : Dmpu
2025-03-11 17:03:06,996 [ERROR] ConditionMgr:805 - Attr not supported : Dmpu
2025-03-11 17:03:06,996 [ERROR] ConditionMgr:805 - Attr not supported : Dmpu
2025-03-11 17:03:06,996 [ERROR] ConditionMgr:805 - Attr not supported : Dmpu
2025-03-11 17:03:06,996 [ERROR] ConditionMgr:805 - Attr not supported : Dmpu
2025-03-11 17:03:06,996 [ERROR] ConditionMgr:805 - Attr not supported : Dmpu
2025-03-11 17:03:06,996 [ERROR] ConditionMgr:805 - Attr not supported : Dmpu
2025-03-11 17:03:06,996 [ERROR] ConditionMgr:805 - Attr not supported : Dmpu
2025-03-11 17:03:06,996 [ERROR] ConditionMgr:805 - Attr not supported : Dmpu
2025-03-11 17:03:06,997 [ERROR] ConditionMgr:805 - Attr not supported : Dmpu
2025-03-11 17:03:06,997 [ERROR] ConditionMgr:805 - Attr not supported : Dmpu
2025-03-11 17:03:06,997 [ERROR] ConditionMgr:805 - Attr not supported : Dmpu
2025-03-11 17:03:06,997 [ERROR] ConditionMgr:805 - Attr not supported : Dmpu
2025-03-11 17:03:06,997 [ERROR] ConditionMgr:805 - Attr not supported : Dmpu
2025-03-11 17:03:06,997 [ERROR] ConditionMgr:805 - Attr not supported : Dmpu
2025-03-11 17:03:06,997 [ERROR] ConditionMgr:805 - Attr not supported : Dmpu
2025-03-11 17:03:06,997 [ERROR] ConditionMgr:805 - Attr not supported : Dmpu
2025-03-11 17:03:06,997 [ERROR] ConditionMgr:805 - Attr not supported : Dmpu
2025-03-11 17:03:06,997 [ERROR] ConditionMgr:805 - Attr not supported : Dmpu
2025-03-11 17:03:06,997 [ERROR] ConditionMgr:805 - Attr not supported : Dmpu
2025-03-11 17:03:06,997 [ERROR] ConditionMgr:805 - Attr not supported : Dmpu
2025-03-11 17:03:06,997 [ERROR] ConditionMgr:805 - Attr not supported : Dmpu
2025-03-11 17:03:06,998 [ERROR] ConditionMgr:805 - Attr not supported : Dmpu
2025-03-11 17:03:06,998 [ERROR] ConditionMgr:805 - Attr not supported : Dmpu
2025-03-11 17:03:06,998 [ERROR] ConditionMgr:805 - Attr not supported : Dmpu
2025-03-11 17:03:06,998 [ERROR] ConditionMgr:805 - Attr not supported : Dmpu
2025-03-11 17:03:06,998 [ERROR] ConditionMgr:805 - Attr not supported : Dmpu
2025-03-11 17:03:06,998 [ERROR] ConditionMgr:805 - Attr not supported : Dmpu
2025-03-11 17:03:06,998 [ERROR] ConditionMgr:805 - Attr not supported : Dmpu
2025-03-11 17:03:06,998 [ERROR] ConditionMgr:805 - Attr not supported : Dmpu
2025-03-11 17:03:06,998 [ERROR] ConditionMgr:805 - Attr not supported : Dmpu
2025-03-11 17:03:06,998 [ERROR] ConditionMgr:805 - Attr not supported : Dmpu
2025-03-11 17:03:06,998 [ERROR] ConditionMgr:805 - Attr not supported : Dmpu
2025-03-11 17:03:06,999 [ERROR] ConditionMgr:805 - Attr not supported : Dmpu
2025-03-11 17:03:06,999 [ERROR] ConditionMgr:805 - Attr not supported : Dmpu
2025-03-11 17:03:06,999 [ERROR] ConditionMgr:805 - Attr not supported : Dmpu
2025-03-11 17:03:06,999 [ERROR] ConditionMgr:805 - Attr not supported : Dmpu
2025-03-11 17:03:06,999 [ERROR] ConditionMgr:805 - Attr not supported : Dmpu
2025-03-11 17:03:06,999 [ERROR] ConditionMgr:805 - Attr not supported : Dmpu
2025-03-11 17:03:06,999 [ERROR] ConditionMgr:805 - Attr not supported : Dmpu
2025-03-11 17:03:06,999 [ERROR] ConditionMgr:805 - Attr not supported : Dmpu
2025-03-11 17:03:06,999 [ERROR] ConditionMgr:805 - Attr not supported : Dmpu
2025-03-11 17:03:06,999 [ERROR] ConditionMgr:805 - Attr not supported : Dmpu
2025-03-11 17:03:07,000 [ERROR] ConditionMgr:805 - Attr not supported : Dmpu
2025-03-11 17:03:07,000 [ERROR] ConditionMgr:805 - Attr not supported : Dmpu
2025-03-11 17:03:07,021 [ERROR] Engine:466 - C:\Users\talur\.stm32cubemx\thirdparties\pdsc\STMicroelectronics.X-CUBE-TCPP.4.2.0.pdsc: PDSC version is not supported
2025-03-11 17:03:07,051 [WARN] PackLoader:240 - Cannot read IP mode file for RealThread.X-CUBE-RT-Thread_Nano.4.1.1
2025-03-11 17:03:07,080 [WARN] PackLoader:240 - Cannot read IP mode file for STMicroelectronics.FP-ATR-SIGFOX1.3.2.0
2025-03-11 17:03:07,105 [WARN] PackLoader:240 - Cannot read IP mode file for wolfSSL.I-CUBE-wolfSSL.5.7.2
2025-03-11 17:03:07,131 [WARN] ConditionMgr:438 - getConditionDescription Invalid condition id : Cortex-A Device cause : null
2025-03-11 17:03:07,166 [WARN] ConditionMgr:1039 - genDependencies : Invalid condition id : Cortex-A Device cause : null
2025-03-11 17:03:07,166 [WARN] ConditionMgr:1039 - genDependencies : Invalid condition id : Cortex-A Device cause : null
2025-03-11 17:03:07,166 [WARN] ConditionMgr:1039 - genDependencies : Invalid condition id : Cortex-A Device cause : null
2025-03-11 17:03:07,199 [WARN] PackLoader:240 - Cannot read IP mode file for STMicroelectronics.X-CUBE-EEPRMA1.5.1.0
2025-03-11 17:03:07,250 [WARN] PackLoader:240 - Cannot read IP mode file for wolfSSL.I-CUBE-wolfSSL.5.7.4
2025-03-11 17:03:07,368 [WARN] PackLoader:240 - Cannot read IP mode file for ITTIA_DB.I-CUBE-ITTIADB.8.9.0
2025-03-11 17:03:07,469 [WARN] PackLoader:240 - Cannot read IP mode file for SEGGER.I-CUBE-embOS.1.3.1
2025-03-11 17:03:07,569 [WARN] PackLoader:240 - Cannot read IP mode file for STMicroelectronics.X-CUBE-ALGOBUILD.1.4.0
2025-03-11 17:03:07,609 [WARN] PackLoader:240 - Cannot read IP mode file for STMicroelectronics.X-CUBE-AI.9.1.0
2025-03-11 17:03:07,716 [WARN] PackLoader:240 - Cannot read IP mode file for STMicroelectronics.X-CUBE-AZRTOS-F4.1.1.0
2025-03-11 17:03:07,756 [WARN] PackLoader:240 - Cannot read IP mode file for STMicroelectronics.X-CUBE-ISPU.2.1.0
2025-03-11 17:03:07,795 [WARN] PackLoader:240 - Cannot read IP mode file for STMicroelectronics.X-CUBE-FREERTOS.1.2.0
2025-03-11 17:03:07,861 [WARN] PackLoader:240 - Cannot read IP mode file for STMicroelectronics.X-CUBE-AZRTOS-L5.2.0.0
2025-03-11 17:03:07,915 [WARN] PackLoader:240 - Cannot read IP mode file for STMicroelectronics.X-CUBE-NFC6.3.1.0
2025-03-11 17:03:08,048 [WARN] PackLoader:240 - Cannot read IP mode file for STMicroelectronics.X-CUBE-DPower.1.2.0
2025-03-11 17:03:08,182 [WARN] PackLoader:240 - Cannot read IP mode file for STMicroelectronics.X-CUBE-AI.9.0.0
2025-03-11 17:03:08,249 [WARN] PackLoader:240 - Cannot read IP mode file for STMicroelectronics.X-CUBE-FREERTOS.1.3.0
2025-03-11 17:03:08,279 [WARN] PackLoader:240 - Cannot read IP mode file for STMicroelectronics.X-CUBE-NFC7.1.0.1
2025-03-11 17:03:08,347 [WARN] ConditionMgr:438 - getConditionDescription Invalid condition id : LAN8742 Phy interface Condition cause : null
2025-03-11 17:03:08,349 [WARN] PackLoader:240 - Cannot read IP mode file for STMicroelectronics.X-CUBE-AZRTOS-L4.2.0.0
2025-03-11 17:03:08,353 [WARN] ConditionMgr:1039 - genDependencies : Invalid condition id : LAN8742 Phy interface Condition cause : null
2025-03-11 17:03:08,354 [WARN] ConditionMgr:1039 - genDependencies : Invalid condition id : LAN8742 Phy interface Condition cause : null
2025-03-11 17:03:08,355 [WARN] ConditionMgr:1039 - genDependencies : Invalid condition id : LAN8742 Phy interface Condition cause : null
2025-03-11 17:03:08,391 [WARN] PackLoader:240 - Cannot read IP mode file for STMicroelectronics.X-CUBE-SFXS2LP1.4.0.0
2025-03-11 17:03:08,452 [WARN] PackLoader:240 - Cannot read IP mode file for STMicroelectronics.X-CUBE-AZRTOS-H7.3.3.0
2025-03-11 17:03:08,497 [WARN] PackLoader:240 - Cannot read IP mode file for STMicroelectronics.X-CUBE-IPS.3.0.0
2025-03-11 17:03:08,554 [WARN] ConditionMgr:438 - getConditionDescription Invalid condition id : UX DEVICE CLASS RTOS Condition cause : null
2025-03-11 17:03:08,555 [WARN] ConditionMgr:438 - getConditionDescription Invalid condition id : UX DEVICE CLASS RTOS Condition cause : null
2025-03-11 17:03:08,559 [WARN] PackLoader:240 - Cannot read IP mode file for STMicroelectronics.X-CUBE-AZRTOS-WB.2.0.0
2025-03-11 17:03:08,560 [WARN] ConditionMgr:1039 - genDependencies : Invalid condition id : UX DEVICE CLASS RTOS Condition cause : null
2025-03-11 17:03:08,560 [WARN] ConditionMgr:1039 - genDependencies : Invalid condition id : UX DEVICE CLASS RTOS Condition cause : null
2025-03-11 17:03:08,561 [WARN] ConditionMgr:1039 - genDependencies : Invalid condition id : UX DEVICE CLASS RTOS Condition cause : null
2025-03-11 17:03:08,562 [WARN] ConditionMgr:1039 - genDependencies : Invalid condition id : UX DEVICE CLASS RTOS Condition cause : null
2025-03-11 17:03:08,563 [WARN] ConditionMgr:1039 - genDependencies : Invalid condition id : UX DEVICE CLASS RTOS Condition cause : null
2025-03-11 17:03:08,603 [WARN] PackLoader:240 - Cannot read IP mode file for STMicroelectronics.X-CUBE-GNSS1.7.0.0
2025-03-11 17:03:08,640 [WARN] PackLoader:240 - Cannot read IP mode file for STMicroelectronics.X-CUBE-GNSS1.7.0.1
2025-03-11 17:03:08,693 [WARN] PackLoader:240 - Cannot read IP mode file for STMicroelectronics.X-CUBE-TOUCHGFX.4.25.0
2025-03-11 17:03:08,755 [WARN] PackLoader:240 - Cannot read IP mode file for STMicroelectronics.FP-SNS-STBOX1.2.0.0
2025-03-11 17:03:08,810 [WARN] PackLoader:240 - Cannot read IP mode file for STMicroelectronics.X-CUBE-SUBG2.5.0.0
2025-03-11 17:03:08,856 [WARN] PackLoader:240 - Cannot read IP mode file for Cesanta.I-CUBE-Mongoose.7.13.0
2025-03-11 17:03:08,928 [WARN] PackLoader:240 - Cannot read IP mode file for STMicroelectronics.X-CUBE-AZRTOS-G4.2.0.0
2025-03-11 17:03:08,973 [WARN] PackLoader:240 - Cannot read IP mode file for STMicroelectronics.X-CUBE-ISPU.2.0.0
2025-03-11 17:03:09,034 [ERROR] Engine:466 - C:\Users\talur\.stm32cubemx\thirdparties\pdsc\STMicroelectronics.X-CUBE-IPS.3.1.0.pdsc: PDSC version is not supported
2025-03-11 17:03:09,091 [WARN] PackLoader:240 - Cannot read IP mode file for STMicroelectronics.X-CUBE-ALS.1.0.2
2025-03-11 17:03:09,139 [WARN] PackLoader:240 - Cannot read IP mode file for STMicroelectronics.X-CUBE-TOUCHGFX.4.24.0
2025-03-11 17:03:09,181 [WARN] PackLoader:240 - Cannot read IP mode file for STMicroelectronics.X-CUBE-TOUCHGFX.4.24.2
2025-03-11 17:03:09,216 [WARN] PackLoader:240 - Cannot read IP mode file for STMicroelectronics.X-CUBE-TOUCHGFX.4.24.1
2025-03-11 17:03:09,226 [WARN] PackLoader:240 - Cannot read IP mode file for wolfSSL.I-CUBE-wolfTPM.3.4.0
2025-03-11 17:03:09,263 [WARN] PackLoader:240 - Cannot read IP mode file for portGmbH.I-Cube-SoM-uGOAL.1.1.0
2025-03-11 17:03:09,329 [WARN] PackLoader:240 - Cannot read IP mode file for STMicroelectronics.X-CUBE-AZRTOS-H7RS.1.0.0
2025-03-11 17:03:09,345 [WARN] PackLoader:240 - Cannot read IP mode file for STMicroelectronics.FP-ATR-ASTRA1.2.0.0
2025-03-11 17:03:09,390 [WARN] PackLoader:240 - Cannot read IP mode file for STMicroelectronics.X-CUBE-TOF1.3.4.2
2025-03-11 17:03:09,426 [INFO] WebApp:167 - Instantiating new browser for Auth
2025-03-11 17:03:09,471 [WARN] PackLoader:240 - Cannot read IP mode file for Infineon.AIROC-Wi-Fi-Bluetooth-STM32.1.6.1
2025-03-11 17:03:09,531 [WARN] PackLoader:240 - Cannot read IP mode file for wolfSSL.I-CUBE-wolfSSH.1.4.17
2025-03-11 17:03:09,538 [INFO] ThirdParty:978 - Integrity check success = true
2025-03-11 17:03:09,538 [INFO] IntegrityCheckThread:100 - exiting critical section [integrity check]
2025-03-11 17:03:09,538 [INFO] IntegrityCheckThread:103 - End integrity checks thread
2025-03-11 17:03:10,768 [INFO] WebApp:448 - Apply proxy settings
2025-03-11 17:03:10,768 [INFO] WebApp:533 - Chromium requires no authentication
2025-03-11 17:03:10,783 [INFO] WebApp:476 - Direct internet connection detected
2025-03-11 17:03:10,816 [INFO] WebApp:869 - Register for checkConnection events
2025-03-11 17:03:10,816 [INFO] WebApp:448 - Apply proxy settings
2025-03-11 17:03:10,816 [INFO] WebApp:533 - Chromium requires no authentication
2025-03-11 17:03:10,818 [INFO] WebApp:476 - Direct internet connection detected
2025-03-11 17:03:11,077 [INFO] WebApp:220 - Starting web application
2025-03-11 17:03:11,078 [INFO] WebApp:578 - Web application path used C:\ST\STM32CubeIDE_1.16.1\STM32CubeIDE\plugins\com.st.stm32cube.common.mx_6.12.1.202409122256\db\plugins\mcufinder\reactClient1\index.html
2025-03-11 17:03:11,296 [INFO] WebApp:186 - Connection restablished
2025-03-11 17:03:12,716 [INFO] McuFinderGlobals:63 - Set McuFinder mode to 2 (CubeIDE integrated)
2025-03-11 17:03:12,747 [INFO] MainUpdater:2873 - connection check result : 10
2025-03-11 17:03:12,781 [INFO] McuFinderGlobals:76 - Set McuFinderConnectedMode to true
2025-03-11 17:03:13,036 [INFO] ServerAccessManage:473 - Download File mcusAds.json._tmp_
2025-03-11 17:03:13,157 [INFO] LoadUrlFilesThread:156 - End of LoadUrlFiles Thread
2025-03-11 17:03:13,313 [INFO] ServerAccessManage:473 - Download File cube-finder-db.zip
2025-03-11 17:03:20,224 [INFO] FileExtend:240 - Unzip File : cube-finder-db.zip
2025-03-11 17:03:20,226 [INFO] FileExtend:255 - Standard Zip Deflate
2025-03-11 17:03:21,854 [INFO] LoadUrlFilesThread:156 - End of LoadUrlFiles Thread
2025-03-11 17:03:22,788 [INFO] ServerAccessManage:473 - Download File crdb.zip
2025-03-11 17:03:23,633 [INFO] FileExtend:240 - Unzip File : crdb.zip
2025-03-11 17:03:23,634 [INFO] FileExtend:255 - Standard Zip Deflate
2025-03-11 17:03:24,280 [INFO] LoadUrlFilesThread:156 - End of LoadUrlFiles Thread
2025-03-11 17:03:24,403 [INFO] ServerAccessManage:473 - Download File tutoVideoDB.zip
2025-03-11 17:03:24,434 [INFO] FileExtend:240 - Unzip File : tutoVideoDB.zip
2025-03-11 17:03:24,435 [INFO] FileExtend:255 - Standard Zip Deflate
2025-03-11 17:03:24,574 [INFO] LoadUrlFilesThread:156 - End of LoadUrlFiles Thread
2025-03-11 17:03:24,577 [WARN] DbFile:41 - Overriding database path with different value: C:\Users\talur\.stmcufinder\plugins\mcufinder/ => C:\Users\talur\.stmcufinder\plugins\mcufinder
2025-03-11 17:03:24,701 [INFO] ServerAccessManage:473 - Download File api_config.json
2025-03-11 17:03:24,815 [INFO] LoadUrlFilesThread:156 - End of LoadUrlFiles Thread
2025-03-11 17:03:24,817 [INFO] DbMcusAds:53 - JSON generation date=Thu Mar 06 20:24:21 IST 2025 (1741272861825)
2025-03-11 17:03:24,997 [INFO] ServerAccessManage:473 - Download File 
2025-03-11 17:03:25,074 [INFO] LoadUrlFilesThread:185 - End of LoadServerUrlFiles without Thread
2025-03-11 17:03:25,075 [INFO] TargetSelectorAdapter:259 - Refresh data is successful
2025-03-11 17:03:25,262 [INFO] ApiDb:581 - Connected to CubeFinder SQLite database (C:\Users\talur\.stmcufinder\plugins\mcufinder\mcu\cube-finder-db.db)
2025-03-11 17:03:25,348 [INFO] ApiDb:668 - CubeFinder database Data Model version=2.1
2025-03-11 17:03:25,349 [INFO] ApiDb:669 - CubeFinder database Configuration version=3.0.39
2025-03-11 17:03:25,349 [INFO] ApiDb:670 - CubeFinder database generation date=2025-03-07 (1741340029)
2025-03-11 17:03:25,349 [INFO] ApiDb:671 - CubeFinder database FW Pack versions=[FP-ATR-ASTRA1_V2.0.0, FP-SNS-FLIGHT1_V5.0.2, FP-SNS-MOTENV1_V5.0.0, FP-SNS-MOTENVWB1_V1.4.0, FP-SNS-SMARTAG2_V1.2.0, FP-SNS-STBOX1_V2.0.0, STM32Cube_FW_C0_V1.4.0, STM32Cube_FW_F4_V1.28.1, STM32Cube_FW_F7_V1.17.2, STM32Cube_FW_G0_V1.6.2, STM32Cube_FW_G4_V1.6.1, STM32Cube_FW_H5_V1.5.0, STM32Cube_FW_H7RS_V1.2.0, STM32Cube_FW_H7_V1.12.1, STM32Cube_FW_L0_V1.12.2, STM32Cube_FW_L4_V1.18.1, STM32Cube_FW_L5_V1.5.1, STM32Cube_FW_N6_V1.1.0, STM32Cube_FW_U0_V1.2.0, STM32Cube_FW_U3_V1.1.0, STM32Cube_FW_U5_V1.7.0, STM32Cube_FW_WB0_V1.2.0, STM32Cube_FW_WBA_V1.6.0, STM32Cube_FW_WB_V1.22.0, STM32Cube_FW_WL3_V1.1.0, STM32Cube_FW_WL_V1.3.1, X-CUBE-ALGOBUILD_V1.4.0, X-CUBE-ALS_V1.0.2, X-CUBE-AZRTOS-F4_V1.1.0, X-CUBE-AZRTOS-F7_V1.1.0, X-CUBE-AZRTOS-G0_V1.1.0, X-CUBE-AZRTOS-G4_V2.0.0, X-CUBE-AZRTOS-H7RS_V1.0.0, X-CUBE-AZRTOS-H7_V3.3.0, X-CUBE-AZRTOS-L4_V2.0.0, X-CUBE-AZRTOS-L5_V2.0.0, X-CUBE-AZRTOS-WB_V2.0.0, X-CUBE-AZRTOS-WL_V2.0.0, X-CUBE-BLE1_V7.1.0, X-CUBE-BLE2_V3.3.0, X-CUBE-BLEMGR_V4.0.0, X-CUBE-EEPRMA1_V5.1.0, X-CUBE-FREERTOS_V1.3.0, X-CUBE-GNSS1_V6.0.0, X-CUBE-MEMS1_V11.1.0, X-CUBE-NFC4_V3.0.0, X-CUBE-NFC7_V1.0.1, X-CUBE-SFXS2LP1_V4.0.0, X-CUBE-SUBG2_V5.0.0, X-CUBE-TOF1_V3.4.2]
2025-03-11 17:03:27,467 [INFO] ApiDb:240 - Found 646 in-development CPN: [B-G473E-ZEST1S, B-WB1M-WPAN1, B-WL5M-SUBG1, NUCLEO-C031C6, NUCLEO-C071RB, NUCLEO-H503RB, NUCLEO-H533RE, NUCLEO-H563ZI, NUCLEO-H7S3L8, NUCLEO-U031R8, NUCLEO-U083RC, NUCLEO-U545RE-Q, NUCLEO-U5A5ZJ-Q, NUCLEO-WB05KZ, NUCLEO-WB07CC, NUCLEO-WB09KE, NUCLEO-WBA52CG, NUCLEO-WBA55CG, STEVAL-PROTEUS1, STEVAL-SMARTAG2, STEVAL-STWINBX1, STM320518-EVAL, STM32C0116-DK, STM32C011D6Y3TR, STM32C011D6Y6TR, STM32C011F4P3, STM32C011F4P6, STM32C011F4U3, STM32C011F4U6TR, STM32C011F6P3, STM32C011F6P6, STM32C011F6U3, STM32C011F6U6TR, STM32C011J4M3, STM32C011J4M6, STM32C011J6M3, STM32C011J6M6, STM32C0316-DK, STM32C031C4T3, STM32C031C4T6, STM32C031C4U3, STM32C031C4U6, STM32C031C6T3, STM32C031C6T6, STM32C031C6U3, STM32C031C6U6, STM32C031F4P3, STM32C031F4P6, STM32C031F6P3, STM32C031F6P6, STM32C031G4U3, STM32C031G4U6, STM32C031G6U3, STM32C031G6U6, STM32C031K4T3, STM32C031K4T6, STM32C031K4U3, STM32C031K4U6, STM32C031K6T3, STM32C031K6T6, STM32C031K6U3, STM32C031K6U6, STM32C071C8T6, STM32C071C8T6N, STM32C071C8U6, STM32C071C8U6N, STM32C071CBT6, STM32C071CBT6N, STM32C071CBU6, STM32C071CBU6N, STM32C071F8P6, STM32C071F8P6N, STM32C071FBP6, STM32C071FBP6N, STM32C071FBY6TR, STM32C071G8U6, STM32C071G8U6N, STM32C071GBU6, STM32C071GBU6N, STM32C071K8T6, STM32C071K8T6N, STM32C071K8U6, STM32C071K8U6N, STM32C071KBT6, STM32C071KBT6N, STM32C071KBU6, STM32C071KBU6N, STM32C071R8T6, STM32C071R8T6N, STM32C071RBI6N, STM32C071RBT6, STM32C071RBT6N, STM32G071K8TXN, STM32G071K8UXN, STM32G081GBU6N, STM32G081KBT6N, STM32G081KBUXN, STM32G0B1CCT6N, STM32G0B1KCT6, STM32G0B1NEY6TR, STM32G0B1RCT6N, STM32G0C1CCT6, STM32G0C1CCT6N, STM32G0C1CCU6N, STM32G0C1CET6N, STM32G0C1CEU6N, STM32G0C1KCT6, STM32G0C1NEY6TR, STM32G0C1RCI6N, STM32G0C1RCT6N, STM32G0C1REI6N, STM32G0C1RET6N, STM32G0C1VCI6, STM32G0C1VEI6, STM32G411C6T3, STM32G411C6T6, STM32G411C6U3, STM32G411C6U6, STM32G411C8T3, STM32G411C8T6, STM32G411C8U3, STM32G411C8U6, STM32G411CBT3, STM32G411CBT6, STM32G411CBU3, STM32G411CBU6, STM32G411K6T3, STM32G411K6T6, STM32G411K6U3, STM32G411K6U6, STM32G411K8T3, STM32G411K8T6, STM32G411K8U3, STM32G411K8U6, STM32G411KBT3, STM32G411KBT6, STM32G411KBU3, STM32G411KBU6, STM32G411M6T3, STM32G411M6T6, STM32G411M8T3, STM32G411M8T6, STM32G411MBT3, STM32G411MBT6, STM32G411R6T3, STM32G411R6T6, STM32G411R8T3, STM32G411R8T6, STM32G411RBT3, STM32G411RBT6, STM32G414CBT3, STM32G414CBT6, STM32G414CBU3, STM32G414CBU6, STM32G414CCT3, STM32G414CCT6, STM32G414CCU3, STM32G414CCU6, STM32G414MBT3, STM32G414MBT6, STM32G414MCT3, STM32G414MCT6, STM32G414RBT3, STM32G414RBT6, STM32G414RCT3, STM32G414RCT6, STM32G414VBT3, STM32G414VBT6, STM32G414VCT3, STM32G414VCT6, STM32G431CBT3Z, STM32G431RBT3Z, STM32G471CCT6, STM32G471CCU6, STM32G471CET3, STM32G471CET6, STM32G471CEU3, STM32G471CEU6, STM32G471MCT6, STM32G471MET3, STM32G471MET6, STM32G471MEY6TR, STM32G471QCT6, STM32G471QET3, STM32G471RCT6, STM32G471RET3, STM32G471RET6, STM32G471VCH6, STM32G471VCI6, STM32G471VCT6, STM32G471VEH3, STM32G471VEH6, STM32G471VEI3, STM32G471VEI6, STM32G471VET3, STM32G471VET6, STM32G473QET3Z, STM32G473RET3Z, STM32G474CCT6, STM32G491RET3Z, STM32H503CBT6, STM32H503CBU6, STM32H503EBY6TR, STM32H503KBU6, STM32H503RBT6, STM32H523CCT6, STM32H523CCU6, STM32H523CET6, STM32H523CEU6, STM32H523HEY6TR, STM32H523RCT6, STM32H523RET6, STM32H523VCI6, STM32H523VCT6, STM32H523VEI6, STM32H523VET6, STM32H523ZCJ6, STM32H523ZCT6, STM32H523ZEJ6, STM32H523ZET6, STM32H533CET6, STM32H533CEU6, STM32H533HEY6TR, STM32H533RET6, STM32H533VEI6, STM32H533VET6, STM32H533ZEJ6, STM32H533ZET6, STM32H562AGI6, STM32H562AII6, STM32H562IGK6, STM32H562IGT6, STM32H562IIK6, STM32H562IIT6, STM32H562RGT6, STM32H562RGV6, STM32H562RIT6, STM32H562RIV6, STM32H562VGT6, STM32H562VIT6, STM32H562ZGT6, STM32H562ZIT6, STM32H563AGI6, STM32H563AII3Q, STM32H563AII6, STM32H563IGK6, STM32H563IGT6, STM32H563IIK3Q, STM32H563IIK6, STM32H563IIT3Q, STM32H563IIT6, STM32H563MIY3QTR, STM32H563RGT6, STM32H563RGV6, STM32H563RIT6, STM32H563RIV6, STM32H563VGT6, STM32H563VIT3Q, STM32H563VIT6, STM32H563ZGT6, STM32H563ZIT3Q, STM32H563ZIT6, STM32H573AII3Q, STM32H573AII6, STM32H573I-DK, STM32H573IIK3Q, STM32H573IIK6, STM32H573IIT3Q, STM32H573IIT6, STM32H573MIY3QTR, STM32H573RIT6, STM32H573RIV6, STM32H573VIT3Q, STM32H573VIT6, STM32H573ZIT3Q, STM32H573ZIT6, STM32H7R3A8I6, STM32H7R3I8K6, STM32H7R3I8T6, STM32H7R3L8H6, STM32H7R3L8H6H, STM32H7R3R8V6, STM32H7R3V8H6, STM32H7R3V8T6, STM32H7R3V8Y6TR, STM32H7R3Z8J6, STM32H7R3Z8T6, STM32H7R7A8I6, STM32H7R7I8K6, STM32H7R7I8T6, STM32H7R7L8H6, STM32H7R7L8H6H, STM32H7R7Z8J6, STM32H7S3A8I6, STM32H7S3I8K6, STM32H7S3I8T6, STM32H7S3L8H6, STM32H7S3L8H6H, STM32H7S3R8V6, STM32H7S3V8H6, STM32H7S3V8T6, STM32H7S3V8Y6TR, STM32H7S3Z8J6, STM32H7S3Z8T6, STM32H7S78-DK, STM32H7S7A8I6, STM32H7S7I8K6, STM32H7S7I8T6, STM32H7S7L8H6, STM32H7S7L8H6H, STM32H7S7Z8J6, STM32L4R5QGI6STR, STM32MP131AAE3, STM32MP131AAF3, STM32MP131AAG3, STM32MP131CAE3, STM32MP131CAF3, STM32MP131CAG3, STM32MP131DAE7, STM32MP131DAF7, STM32MP131DAG7, STM32MP131FAE7, STM32MP131FAF7, STM32MP131FAG7, STM32MP133AAE3, STM32MP133AAF3, STM32MP133AAG3, STM32MP133CAE3, STM32MP133CAF3, STM32MP133CAG3, STM32MP133DAE7, STM32MP133DAF7, STM32MP133DAG7, STM32MP133FAE7, STM32MP133FAF7, STM32MP133FAG7, STM32MP135AAE3, STM32MP135AAF3, STM32MP135AAG3, STM32MP135CAE3, STM32MP135CAF3, STM32MP135CAG3, STM32MP135DAE7, STM32MP135DAF7, STM32MP135DAG7, STM32MP135F-DK, STM32MP135FAE7, STM32MP135FAF7, STM32MP135FAF7T, STM32MP135FAF7U, STM32MP135FAG7, STM32MP251AAI3, STM32MP251AAK3, STM32MP251AAL3, STM32MP251CAI3, STM32MP251CAK3, STM32MP251CAL3, STM32MP251DAI3, STM32MP251DAK3, STM32MP251DAL3, STM32MP251FAI3, STM32MP251FAK3, STM32MP251FAL3, STM32MP253AAI3, STM32MP253AAK3, STM32MP253AAL3, STM32MP253CAI3, STM32MP253CAK3, STM32MP253CAL3, STM32MP253DAI3, STM32MP253DAK3, STM32MP253DAL3, STM32MP253FAI3, STM32MP253FAK3, STM32MP253FAL3, STM32MP255AAI3, STM32MP255AAK3, STM32MP255AAL3, STM32MP255CAI3, STM32MP255CAK3, STM32MP255CAL3, STM32MP255DAI3, STM32MP255DAK3, STM32MP255DAL3, STM32MP255FAI3, STM32MP255FAK3, STM32MP255FAL3, STM32MP257AAI3, STM32MP257AAK3, STM32MP257AAL3, STM32MP257CAI3, STM32MP257CAK3, STM32MP257CAL3, STM32MP257DAI3, STM32MP257DAK3, STM32MP257DAL3, STM32MP257F-DK, STM32MP257F-EV1, STM32MP257FAI3, STM32MP257FAK3, STM32MP257FAL3, STM32U031C6T6, STM32U031C6U6, STM32U031C8T6, STM32U031C8U6, STM32U031F4P6, STM32U031F6P6, STM32U031F8P6, STM32U031G6Y6TR, STM32U031G8Y6TR, STM32U031K4U6, STM32U031K6U6, STM32U031K8U6, STM32U031R6I6, STM32U031R6T6, STM32U031R8I6, STM32U031R8T6, STM32U073C8T6, STM32U073C8U6, STM32U073CBT6, STM32U073CBU6, STM32U073CCT6, STM32U073CCU6, STM32U073H8Y6TR, STM32U073HBY6TR, STM32U073HCY6TR, STM32U073K8U6, STM32U073KBU6, STM32U073KCU6, STM32U073M8I6, STM32U073M8T6, STM32U073MBI6, STM32U073MBT6, STM32U073MCI6, STM32U073MCT6, STM32U073R8I6, STM32U073R8T6, STM32U073RBI6, STM32U073RBT6, STM32U073RCI6, STM32U073RCT6, STM32U083C-DK, STM32U083CCT6, STM32U083CCU6, STM32U083HCY6TR, STM32U083KCU6, STM32U083MCI6, STM32U083MCT6, STM32U083RCI6, STM32U083RCT6, STM32U535CBT6, STM32U535CBT6Q, STM32U535CBU6, STM32U535CBU6Q, STM32U535CCT6, STM32U535CCT6Q, STM32U535CCU6, STM32U535CCU6Q, STM32U535CET6, STM32U535CET6Q, STM32U535CEU6, STM32U535CEU6Q, STM32U535JEY6QTR, STM32U535NCY6QTR, STM32U535NEY6QTR, STM32U535RBI6, STM32U535RBI6Q, STM32U535RBT6, STM32U535RBT6Q, STM32U535RCI6, STM32U535RCI6Q, STM32U535RCT6, STM32U535RCT6Q, STM32U535REI6, STM32U535REI6Q, STM32U535RET6, STM32U535RET6Q, STM32U535VCI6, STM32U535VCI6Q, STM32U535VCT6, STM32U535VCT6Q, STM32U535VEI6, STM32U535VEI6Q, STM32U535VET6, STM32U535VET6Q, STM32U545CET6, STM32U545CET6Q, STM32U545CEU6, STM32U545CEU6Q, STM32U545JEY6QTR, STM32U545NEY6QTR, STM32U545REI6, STM32U545REI6Q, STM32U545RET6, STM32U545RET6Q, STM32U545VEI6, STM32U545VEI6Q, STM32U545VET6, STM32U545VET6Q, STM32U595AIH6, STM32U595AIH6Q, STM32U595AJH6, STM32U595AJH6Q, STM32U595QII6, STM32U595QII6Q, STM32U595QJI6, STM32U595QJI6Q, STM32U595RIT6, STM32U595RIT6Q, STM32U595RJT6, STM32U595RJT6Q, STM32U595VIT6, STM32U595VIT6Q, STM32U595VJT6, STM32U595VJT6Q, STM32U595ZIT6, STM32U595ZIT6Q, STM32U595ZIY6QTR, STM32U595ZJT6, STM32U595ZJT6Q, STM32U595ZJY6QTR, STM32U599BJY6QTR, STM32U599NIH6Q, STM32U599NJH6Q, STM32U599VIT6Q, STM32U599VJT6, STM32U599VJT6Q, STM32U599ZIT6Q, STM32U599ZIY6QTR, STM32U599ZJT6Q, STM32U599ZJY6QTR, STM32U5A5AJH6, STM32U5A5AJH6Q, STM32U5A5QII3Q , STM32U5A5QJI6, STM32U5A5QJI6Q, STM32U5A5RJT6, STM32U5A5RJT6Q, STM32U5A5VJT6, STM32U5A5VJT6Q, STM32U5A5ZJT6, STM32U5A5ZJT6Q, STM32U5A5ZJY6QTR, STM32U5A9BJY6QTR, STM32U5A9J-DK, STM32U5A9NJH6Q, STM32U5A9VJT6Q, STM32U5A9ZJT6Q, STM32U5A9ZJY6QTR, STM32U5F7VIT6, STM32U5F7VIT6Q, STM32U5F7VJT6, STM32U5F7VJT6Q, STM32U5F9BJY6QTR, STM32U5F9NJH6Q, STM32U5F9VIT6Q, STM32U5F9VJT6Q, STM32U5F9ZIJ6QTR, STM32U5F9ZIT6Q, STM32U5F9ZJJ6QTR, STM32U5F9ZJT6Q, STM32U5G7VJT6, STM32U5G7VJT6Q, STM32U5G9BJY6QTR, STM32U5G9J-DK1, STM32U5G9J-DK2, STM32U5G9NJH6Q, STM32U5G9VJT6Q, STM32U5G9ZJJ6QTR, STM32U5G9ZJT6Q, STM32WB05KZV6TR, STM32WB05KZV7TR, STM32WB05TZF6TR, STM32WB05TZF7TR, STM32WB06CCF6TR, STM32WB06CCF7TR, STM32WB06CCV6TR, STM32WB06CCV7TR, STM32WB06KCV6TR, STM32WB06KCV7TR, STM32WB07CCF6TR, STM32WB07CCF7TR, STM32WB07CCV6TR, STM32WB07CCV7TR, STM32WB07KCV6TR, STM32WB07KCV7TR, STM32WB09KEV6TR, STM32WB09KEV7TR, STM32WB09TEF6TR, STM32WB09TEF7TR, STM32WB1MMCH6, STM32WBA50KGU6, STM32WBA50KGU6TR, STM32WBA52CEU6, STM32WBA52CEU6TR, STM32WBA52CEU7, STM32WBA52CEU7TR, STM32WBA52CGU6, STM32WBA52CGU6TR, STM32WBA52CGU6U, STM32WBA52CGU7, STM32WBA52CGU7TR, STM32WBA52KEU6, STM32WBA52KEU6TR, STM32WBA52KGU6, STM32WBA52KGU6TR, STM32WBA54CEU6, STM32WBA54CEU6TR, STM32WBA54CEU7, STM32WBA54CEU7TR, STM32WBA54CGU6, STM32WBA54CGU6TR, STM32WBA54CGU7, STM32WBA54CGU7TR, STM32WBA54KEU6, STM32WBA54KEU6TR, STM32WBA54KEU7, STM32WBA54KEU7TR, STM32WBA54KGU6, STM32WBA54KGU6TR, STM32WBA54KGU7, STM32WBA54KGU7TR, STM32WBA55CEU6, STM32WBA55CEU6TR, STM32WBA55CEU7, STM32WBA55CEU7TR, STM32WBA55CGU6, STM32WBA55CGU6TR, STM32WBA55CGU6U, STM32WBA55CGU7, STM32WBA55CGU7TR, STM32WBA55G-DK1, STM32WBA55HEF6, STM32WBA55HEF7, STM32WBA55HGF6, STM32WBA55HGF7, STM32WBA55UEI6, STM32WBA55UEI6TR, STM32WBA55UEI7, STM32WBA55UEI7TR, STM32WBA55UGI6, STM32WBA55UGI6TR, STM32WBA55UGI7, STM32WBA55UGI7TR, STM32WL5MOCH6, STM32WL5MOCH6TR]
2025-03-11 17:03:27,473 [INFO] DbMcus:218 - Found 4608 MCUs, 4608 are supported
2025-03-11 17:03:27,474 [INFO] ApiDb:423 - Load user favorites file C:\Users\talur/.stm32cubeide/favorites.mcus.txt: 0 item(s)
2025-03-11 17:03:27,475 [INFO] ApiDb:427 - User favorites MCUs=[]
2025-03-11 17:03:27,475 [INFO] DbMcus:224 - Set 0 / 0 favorites MCUs
2025-03-11 17:03:28,068 [INFO] ApiDb:668 - CubeFinder database Data Model version=2.1
2025-03-11 17:03:28,068 [INFO] ApiDb:669 - CubeFinder database Configuration version=3.0.39
2025-03-11 17:03:28,068 [INFO] ApiDb:670 - CubeFinder database generation date=2025-03-07 (1741340029)
2025-03-11 17:03:28,068 [INFO] ApiDb:671 - CubeFinder database FW Pack versions=[FP-ATR-ASTRA1_V2.0.0, FP-SNS-FLIGHT1_V5.0.2, FP-SNS-MOTENV1_V5.0.0, FP-SNS-MOTENVWB1_V1.4.0, FP-SNS-SMARTAG2_V1.2.0, FP-SNS-STBOX1_V2.0.0, STM32Cube_FW_C0_V1.4.0, STM32Cube_FW_F4_V1.28.1, STM32Cube_FW_F7_V1.17.2, STM32Cube_FW_G0_V1.6.2, STM32Cube_FW_G4_V1.6.1, STM32Cube_FW_H5_V1.5.0, STM32Cube_FW_H7RS_V1.2.0, STM32Cube_FW_H7_V1.12.1, STM32Cube_FW_L0_V1.12.2, STM32Cube_FW_L4_V1.18.1, STM32Cube_FW_L5_V1.5.1, STM32Cube_FW_N6_V1.1.0, STM32Cube_FW_U0_V1.2.0, STM32Cube_FW_U3_V1.1.0, STM32Cube_FW_U5_V1.7.0, STM32Cube_FW_WB0_V1.2.0, STM32Cube_FW_WBA_V1.6.0, STM32Cube_FW_WB_V1.22.0, STM32Cube_FW_WL3_V1.1.0, STM32Cube_FW_WL_V1.3.1, X-CUBE-ALGOBUILD_V1.4.0, X-CUBE-ALS_V1.0.2, X-CUBE-AZRTOS-F4_V1.1.0, X-CUBE-AZRTOS-F7_V1.1.0, X-CUBE-AZRTOS-G0_V1.1.0, X-CUBE-AZRTOS-G4_V2.0.0, X-CUBE-AZRTOS-H7RS_V1.0.0, X-CUBE-AZRTOS-H7_V3.3.0, X-CUBE-AZRTOS-L4_V2.0.0, X-CUBE-AZRTOS-L5_V2.0.0, X-CUBE-AZRTOS-WB_V2.0.0, X-CUBE-AZRTOS-WL_V2.0.0, X-CUBE-BLE1_V7.1.0, X-CUBE-BLE2_V3.3.0, X-CUBE-BLEMGR_V4.0.0, X-CUBE-EEPRMA1_V5.1.0, X-CUBE-FREERTOS_V1.3.0, X-CUBE-GNSS1_V6.0.0, X-CUBE-MEMS1_V11.1.0, X-CUBE-NFC4_V3.0.0, X-CUBE-NFC7_V1.0.1, X-CUBE-SFXS2LP1_V4.0.0, X-CUBE-SUBG2_V5.0.0, X-CUBE-TOF1_V3.4.2]
2025-03-11 17:03:28,120 [INFO] DbBoardsSqlite:226 - include board P-NUCLEO-WB55-NUCLEO as a kit item of type 'Nucleo-64'
2025-03-11 17:03:28,120 [INFO] DbBoardsSqlite:226 - include board P-NUCLEO-WB55-USBDONGLE as a kit item of type 'Nucleo USB Dongle'
2025-03-11 17:03:28,120 [INFO] DbBoardsSqlite:226 - include board STEVAL-IDP005V1 as a kit item of type 'Evaluation Board'
2025-03-11 17:03:28,120 [INFO] DbBoardsSqlite:226 - include board STEVAL-IDP005V2 as a kit item of type 'Evaluation Board'
2025-03-11 17:03:28,189 [INFO] ApiDb:240 - Found 646 in-development CPN: [B-G473E-ZEST1S, B-WB1M-WPAN1, B-WL5M-SUBG1, NUCLEO-C031C6, NUCLEO-C071RB, NUCLEO-H503RB, NUCLEO-H533RE, NUCLEO-H563ZI, NUCLEO-H7S3L8, NUCLEO-U031R8, NUCLEO-U083RC, NUCLEO-U545RE-Q, NUCLEO-U5A5ZJ-Q, NUCLEO-WB05KZ, NUCLEO-WB07CC, NUCLEO-WB09KE, NUCLEO-WBA52CG, NUCLEO-WBA55CG, STEVAL-PROTEUS1, STEVAL-SMARTAG2, STEVAL-STWINBX1, STM320518-EVAL, STM32C0116-DK, STM32C011D6Y3TR, STM32C011D6Y6TR, STM32C011F4P3, STM32C011F4P6, STM32C011F4U3, STM32C011F4U6TR, STM32C011F6P3, STM32C011F6P6, STM32C011F6U3, STM32C011F6U6TR, STM32C011J4M3, STM32C011J4M6, STM32C011J6M3, STM32C011J6M6, STM32C0316-DK, STM32C031C4T3, STM32C031C4T6, STM32C031C4U3, STM32C031C4U6, STM32C031C6T3, STM32C031C6T6, STM32C031C6U3, STM32C031C6U6, STM32C031F4P3, STM32C031F4P6, STM32C031F6P3, STM32C031F6P6, STM32C031G4U3, STM32C031G4U6, STM32C031G6U3, STM32C031G6U6, STM32C031K4T3, STM32C031K4T6, STM32C031K4U3, STM32C031K4U6, STM32C031K6T3, STM32C031K6T6, STM32C031K6U3, STM32C031K6U6, STM32C071C8T6, STM32C071C8T6N, STM32C071C8U6, STM32C071C8U6N, STM32C071CBT6, STM32C071CBT6N, STM32C071CBU6, STM32C071CBU6N, STM32C071F8P6, STM32C071F8P6N, STM32C071FBP6, STM32C071FBP6N, STM32C071FBY6TR, STM32C071G8U6, STM32C071G8U6N, STM32C071GBU6, STM32C071GBU6N, STM32C071K8T6, STM32C071K8T6N, STM32C071K8U6, STM32C071K8U6N, STM32C071KBT6, STM32C071KBT6N, STM32C071KBU6, STM32C071KBU6N, STM32C071R8T6, STM32C071R8T6N, STM32C071RBI6N, STM32C071RBT6, STM32C071RBT6N, STM32G071K8TXN, STM32G071K8UXN, STM32G081GBU6N, STM32G081KBT6N, STM32G081KBUXN, STM32G0B1CCT6N, STM32G0B1KCT6, STM32G0B1NEY6TR, STM32G0B1RCT6N, STM32G0C1CCT6, STM32G0C1CCT6N, STM32G0C1CCU6N, STM32G0C1CET6N, STM32G0C1CEU6N, STM32G0C1KCT6, STM32G0C1NEY6TR, STM32G0C1RCI6N, STM32G0C1RCT6N, STM32G0C1REI6N, STM32G0C1RET6N, STM32G0C1VCI6, STM32G0C1VEI6, STM32G411C6T3, STM32G411C6T6, STM32G411C6U3, STM32G411C6U6, STM32G411C8T3, STM32G411C8T6, STM32G411C8U3, STM32G411C8U6, STM32G411CBT3, STM32G411CBT6, STM32G411CBU3, STM32G411CBU6, STM32G411K6T3, STM32G411K6T6, STM32G411K6U3, STM32G411K6U6, STM32G411K8T3, STM32G411K8T6, STM32G411K8U3, STM32G411K8U6, STM32G411KBT3, STM32G411KBT6, STM32G411KBU3, STM32G411KBU6, STM32G411M6T3, STM32G411M6T6, STM32G411M8T3, STM32G411M8T6, STM32G411MBT3, STM32G411MBT6, STM32G411R6T3, STM32G411R6T6, STM32G411R8T3, STM32G411R8T6, STM32G411RBT3, STM32G411RBT6, STM32G414CBT3, STM32G414CBT6, STM32G414CBU3, STM32G414CBU6, STM32G414CCT3, STM32G414CCT6, STM32G414CCU3, STM32G414CCU6, STM32G414MBT3, STM32G414MBT6, STM32G414MCT3, STM32G414MCT6, STM32G414RBT3, STM32G414RBT6, STM32G414RCT3, STM32G414RCT6, STM32G414VBT3, STM32G414VBT6, STM32G414VCT3, STM32G414VCT6, STM32G431CBT3Z, STM32G431RBT3Z, STM32G471CCT6, STM32G471CCU6, STM32G471CET3, STM32G471CET6, STM32G471CEU3, STM32G471CEU6, STM32G471MCT6, STM32G471MET3, STM32G471MET6, STM32G471MEY6TR, STM32G471QCT6, STM32G471QET3, STM32G471RCT6, STM32G471RET3, STM32G471RET6, STM32G471VCH6, STM32G471VCI6, STM32G471VCT6, STM32G471VEH3, STM32G471VEH6, STM32G471VEI3, STM32G471VEI6, STM32G471VET3, STM32G471VET6, STM32G473QET3Z, STM32G473RET3Z, STM32G474CCT6, STM32G491RET3Z, STM32H503CBT6, STM32H503CBU6, STM32H503EBY6TR, STM32H503KBU6, STM32H503RBT6, STM32H523CCT6, STM32H523CCU6, STM32H523CET6, STM32H523CEU6, STM32H523HEY6TR, STM32H523RCT6, STM32H523RET6, STM32H523VCI6, STM32H523VCT6, STM32H523VEI6, STM32H523VET6, STM32H523ZCJ6, STM32H523ZCT6, STM32H523ZEJ6, STM32H523ZET6, STM32H533CET6, STM32H533CEU6, STM32H533HEY6TR, STM32H533RET6, STM32H533VEI6, STM32H533VET6, STM32H533ZEJ6, STM32H533ZET6, STM32H562AGI6, STM32H562AII6, STM32H562IGK6, STM32H562IGT6, STM32H562IIK6, STM32H562IIT6, STM32H562RGT6, STM32H562RGV6, STM32H562RIT6, STM32H562RIV6, STM32H562VGT6, STM32H562VIT6, STM32H562ZGT6, STM32H562ZIT6, STM32H563AGI6, STM32H563AII3Q, STM32H563AII6, STM32H563IGK6, STM32H563IGT6, STM32H563IIK3Q, STM32H563IIK6, STM32H563IIT3Q, STM32H563IIT6, STM32H563MIY3QTR, STM32H563RGT6, STM32H563RGV6, STM32H563RIT6, STM32H563RIV6, STM32H563VGT6, STM32H563VIT3Q, STM32H563VIT6, STM32H563ZGT6, STM32H563ZIT3Q, STM32H563ZIT6, STM32H573AII3Q, STM32H573AII6, STM32H573I-DK, STM32H573IIK3Q, STM32H573IIK6, STM32H573IIT3Q, STM32H573IIT6, STM32H573MIY3QTR, STM32H573RIT6, STM32H573RIV6, STM32H573VIT3Q, STM32H573VIT6, STM32H573ZIT3Q, STM32H573ZIT6, STM32H7R3A8I6, STM32H7R3I8K6, STM32H7R3I8T6, STM32H7R3L8H6, STM32H7R3L8H6H, STM32H7R3R8V6, STM32H7R3V8H6, STM32H7R3V8T6, STM32H7R3V8Y6TR, STM32H7R3Z8J6, STM32H7R3Z8T6, STM32H7R7A8I6, STM32H7R7I8K6, STM32H7R7I8T6, STM32H7R7L8H6, STM32H7R7L8H6H, STM32H7R7Z8J6, STM32H7S3A8I6, STM32H7S3I8K6, STM32H7S3I8T6, STM32H7S3L8H6, STM32H7S3L8H6H, STM32H7S3R8V6, STM32H7S3V8H6, STM32H7S3V8T6, STM32H7S3V8Y6TR, STM32H7S3Z8J6, STM32H7S3Z8T6, STM32H7S78-DK, STM32H7S7A8I6, STM32H7S7I8K6, STM32H7S7I8T6, STM32H7S7L8H6, STM32H7S7L8H6H, STM32H7S7Z8J6, STM32L4R5QGI6STR, STM32MP131AAE3, STM32MP131AAF3, STM32MP131AAG3, STM32MP131CAE3, STM32MP131CAF3, STM32MP131CAG3, STM32MP131DAE7, STM32MP131DAF7, STM32MP131DAG7, STM32MP131FAE7, STM32MP131FAF7, STM32MP131FAG7, STM32MP133AAE3, STM32MP133AAF3, STM32MP133AAG3, STM32MP133CAE3, STM32MP133CAF3, STM32MP133CAG3, STM32MP133DAE7, STM32MP133DAF7, STM32MP133DAG7, STM32MP133FAE7, STM32MP133FAF7, STM32MP133FAG7, STM32MP135AAE3, STM32MP135AAF3, STM32MP135AAG3, STM32MP135CAE3, STM32MP135CAF3, STM32MP135CAG3, STM32MP135DAE7, STM32MP135DAF7, STM32MP135DAG7, STM32MP135F-DK, STM32MP135FAE7, STM32MP135FAF7, STM32MP135FAF7T, STM32MP135FAF7U, STM32MP135FAG7, STM32MP251AAI3, STM32MP251AAK3, STM32MP251AAL3, STM32MP251CAI3, STM32MP251CAK3, STM32MP251CAL3, STM32MP251DAI3, STM32MP251DAK3, STM32MP251DAL3, STM32MP251FAI3, STM32MP251FAK3, STM32MP251FAL3, STM32MP253AAI3, STM32MP253AAK3, STM32MP253AAL3, STM32MP253CAI3, STM32MP253CAK3, STM32MP253CAL3, STM32MP253DAI3, STM32MP253DAK3, STM32MP253DAL3, STM32MP253FAI3, STM32MP253FAK3, STM32MP253FAL3, STM32MP255AAI3, STM32MP255AAK3, STM32MP255AAL3, STM32MP255CAI3, STM32MP255CAK3, STM32MP255CAL3, STM32MP255DAI3, STM32MP255DAK3, STM32MP255DAL3, STM32MP255FAI3, STM32MP255FAK3, STM32MP255FAL3, STM32MP257AAI3, STM32MP257AAK3, STM32MP257AAL3, STM32MP257CAI3, STM32MP257CAK3, STM32MP257CAL3, STM32MP257DAI3, STM32MP257DAK3, STM32MP257DAL3, STM32MP257F-DK, STM32MP257F-EV1, STM32MP257FAI3, STM32MP257FAK3, STM32MP257FAL3, STM32U031C6T6, STM32U031C6U6, STM32U031C8T6, STM32U031C8U6, STM32U031F4P6, STM32U031F6P6, STM32U031F8P6, STM32U031G6Y6TR, STM32U031G8Y6TR, STM32U031K4U6, STM32U031K6U6, STM32U031K8U6, STM32U031R6I6, STM32U031R6T6, STM32U031R8I6, STM32U031R8T6, STM32U073C8T6, STM32U073C8U6, STM32U073CBT6, STM32U073CBU6, STM32U073CCT6, STM32U073CCU6, STM32U073H8Y6TR, STM32U073HBY6TR, STM32U073HCY6TR, STM32U073K8U6, STM32U073KBU6, STM32U073KCU6, STM32U073M8I6, STM32U073M8T6, STM32U073MBI6, STM32U073MBT6, STM32U073MCI6, STM32U073MCT6, STM32U073R8I6, STM32U073R8T6, STM32U073RBI6, STM32U073RBT6, STM32U073RCI6, STM32U073RCT6, STM32U083C-DK, STM32U083CCT6, STM32U083CCU6, STM32U083HCY6TR, STM32U083KCU6, STM32U083MCI6, STM32U083MCT6, STM32U083RCI6, STM32U083RCT6, STM32U535CBT6, STM32U535CBT6Q, STM32U535CBU6, STM32U535CBU6Q, STM32U535CCT6, STM32U535CCT6Q, STM32U535CCU6, STM32U535CCU6Q, STM32U535CET6, STM32U535CET6Q, STM32U535CEU6, STM32U535CEU6Q, STM32U535JEY6QTR, STM32U535NCY6QTR, STM32U535NEY6QTR, STM32U535RBI6, STM32U535RBI6Q, STM32U535RBT6, STM32U535RBT6Q, STM32U535RCI6, STM32U535RCI6Q, STM32U535RCT6, STM32U535RCT6Q, STM32U535REI6, STM32U535REI6Q, STM32U535RET6, STM32U535RET6Q, STM32U535VCI6, STM32U535VCI6Q, STM32U535VCT6, STM32U535VCT6Q, STM32U535VEI6, STM32U535VEI6Q, STM32U535VET6, STM32U535VET6Q, STM32U545CET6, STM32U545CET6Q, STM32U545CEU6, STM32U545CEU6Q, STM32U545JEY6QTR, STM32U545NEY6QTR, STM32U545REI6, STM32U545REI6Q, STM32U545RET6, STM32U545RET6Q, STM32U545VEI6, STM32U545VEI6Q, STM32U545VET6, STM32U545VET6Q, STM32U595AIH6, STM32U595AIH6Q, STM32U595AJH6, STM32U595AJH6Q, STM32U595QII6, STM32U595QII6Q, STM32U595QJI6, STM32U595QJI6Q, STM32U595RIT6, STM32U595RIT6Q, STM32U595RJT6, STM32U595RJT6Q, STM32U595VIT6, STM32U595VIT6Q, STM32U595VJT6, STM32U595VJT6Q, STM32U595ZIT6, STM32U595ZIT6Q, STM32U595ZIY6QTR, STM32U595ZJT6, STM32U595ZJT6Q, STM32U595ZJY6QTR, STM32U599BJY6QTR, STM32U599NIH6Q, STM32U599NJH6Q, STM32U599VIT6Q, STM32U599VJT6, STM32U599VJT6Q, STM32U599ZIT6Q, STM32U599ZIY6QTR, STM32U599ZJT6Q, STM32U599ZJY6QTR, STM32U5A5AJH6, STM32U5A5AJH6Q, STM32U5A5QII3Q , STM32U5A5QJI6, STM32U5A5QJI6Q, STM32U5A5RJT6, STM32U5A5RJT6Q, STM32U5A5VJT6, STM32U5A5VJT6Q, STM32U5A5ZJT6, STM32U5A5ZJT6Q, STM32U5A5ZJY6QTR, STM32U5A9BJY6QTR, STM32U5A9J-DK, STM32U5A9NJH6Q, STM32U5A9VJT6Q, STM32U5A9ZJT6Q, STM32U5A9ZJY6QTR, STM32U5F7VIT6, STM32U5F7VIT6Q, STM32U5F7VJT6, STM32U5F7VJT6Q, STM32U5F9BJY6QTR, STM32U5F9NJH6Q, STM32U5F9VIT6Q, STM32U5F9VJT6Q, STM32U5F9ZIJ6QTR, STM32U5F9ZIT6Q, STM32U5F9ZJJ6QTR, STM32U5F9ZJT6Q, STM32U5G7VJT6, STM32U5G7VJT6Q, STM32U5G9BJY6QTR, STM32U5G9J-DK1, STM32U5G9J-DK2, STM32U5G9NJH6Q, STM32U5G9VJT6Q, STM32U5G9ZJJ6QTR, STM32U5G9ZJT6Q, STM32WB05KZV6TR, STM32WB05KZV7TR, STM32WB05TZF6TR, STM32WB05TZF7TR, STM32WB06CCF6TR, STM32WB06CCF7TR, STM32WB06CCV6TR, STM32WB06CCV7TR, STM32WB06KCV6TR, STM32WB06KCV7TR, STM32WB07CCF6TR, STM32WB07CCF7TR, STM32WB07CCV6TR, STM32WB07CCV7TR, STM32WB07KCV6TR, STM32WB07KCV7TR, STM32WB09KEV6TR, STM32WB09KEV7TR, STM32WB09TEF6TR, STM32WB09TEF7TR, STM32WB1MMCH6, STM32WBA50KGU6, STM32WBA50KGU6TR, STM32WBA52CEU6, STM32WBA52CEU6TR, STM32WBA52CEU7, STM32WBA52CEU7TR, STM32WBA52CGU6, STM32WBA52CGU6TR, STM32WBA52CGU6U, STM32WBA52CGU7, STM32WBA52CGU7TR, STM32WBA52KEU6, STM32WBA52KEU6TR, STM32WBA52KGU6, STM32WBA52KGU6TR, STM32WBA54CEU6, STM32WBA54CEU6TR, STM32WBA54CEU7, STM32WBA54CEU7TR, STM32WBA54CGU6, STM32WBA54CGU6TR, STM32WBA54CGU7, STM32WBA54CGU7TR, STM32WBA54KEU6, STM32WBA54KEU6TR, STM32WBA54KEU7, STM32WBA54KEU7TR, STM32WBA54KGU6, STM32WBA54KGU6TR, STM32WBA54KGU7, STM32WBA54KGU7TR, STM32WBA55CEU6, STM32WBA55CEU6TR, STM32WBA55CEU7, STM32WBA55CEU7TR, STM32WBA55CGU6, STM32WBA55CGU6TR, STM32WBA55CGU6U, STM32WBA55CGU7, STM32WBA55CGU7TR, STM32WBA55G-DK1, STM32WBA55HEF6, STM32WBA55HEF7, STM32WBA55HGF6, STM32WBA55HGF7, STM32WBA55UEI6, STM32WBA55UEI6TR, STM32WBA55UEI7, STM32WBA55UEI7TR, STM32WBA55UGI6, STM32WBA55UGI6TR, STM32WBA55UGI7, STM32WBA55UGI7TR, STM32WL5MOCH6, STM32WL5MOCH6TR]
2025-03-11 17:03:28,242 [INFO] BoardInfo:889 - No configuration file found for board NUCLEO-C051C8
2025-03-11 17:03:28,244 [INFO] DbBoards:161 - Board is not supported: NUCLEO-C051C8
2025-03-11 17:03:28,248 [INFO] BoardInfo:889 - No configuration file found for board NUCLEO-C092RC
2025-03-11 17:03:28,249 [INFO] DbBoards:161 - Board is not supported: NUCLEO-C092RC
2025-03-11 17:03:28,374 [INFO] BoardInfo:889 - No configuration file found for board NUCLEO-N657X0-Q
2025-03-11 17:03:28,375 [INFO] DbBoards:161 - Board is not supported: NUCLEO-N657X0-Q
2025-03-11 17:03:28,396 [INFO] BoardInfo:889 - No configuration file found for board NUCLEO-WBA65RI
2025-03-11 17:03:28,397 [INFO] DbBoards:161 - Board is not supported: NUCLEO-WBA65RI
2025-03-11 17:03:28,398 [INFO] BoardInfo:889 - No configuration file found for board NUCLEO-WL33CC1
2025-03-11 17:03:28,398 [INFO] DbBoards:161 - Board is not supported: NUCLEO-WL33CC1
2025-03-11 17:03:28,401 [INFO] BoardInfo:889 - No configuration file found for board NUCLEO-WL33CC2
2025-03-11 17:03:28,401 [INFO] DbBoards:161 - Board is not supported: NUCLEO-WL33CC2
2025-03-11 17:03:28,409 [INFO] BoardInfo:889 - No configuration file found for board P-NUCLEO-WB55
2025-03-11 17:03:28,410 [INFO] DbBoards:161 - Kit is not supported: P-NUCLEO-WB55
2025-03-11 17:03:28,417 [INFO] BoardInfo:889 - No configuration file found for board STEVAL-BFA001V1B
2025-03-11 17:03:28,418 [INFO] DbBoards:161 - Kit is not supported: STEVAL-BFA001V1B
2025-03-11 17:03:28,419 [INFO] BoardInfo:889 - No configuration file found for board STEVAL-BFA001V2B
2025-03-11 17:03:28,420 [INFO] DbBoards:161 - Kit is not supported: STEVAL-BFA001V2B
2025-03-11 17:03:28,594 [INFO] BoardInfo:889 - No configuration file found for board STM32N6570-DK
2025-03-11 17:03:28,595 [INFO] DbBoards:161 - Board is not supported: STM32N6570-DK
2025-03-11 17:03:28,611 [INFO] BoardInfo:889 - No configuration file found for board STM32WBA65I-DK1
2025-03-11 17:03:28,611 [INFO] DbBoards:161 - Board is not supported: STM32WBA65I-DK1
2025-03-11 17:03:28,612 [INFO] DbBoards:168 - Found 209 boards, 198 are supported
2025-03-11 17:03:28,612 [INFO] DbBoards:169 - Found 209 boards, 25 of them is supported for  Bsp
2025-03-11 17:03:28,619 [INFO] ApiDb:423 - Load user favorites file C:\Users\talur/.stm32cubeide/favorites.boards.txt: 0 item(s)
2025-03-11 17:03:28,619 [INFO] ApiDb:427 - User favorites Boards=[]
2025-03-11 17:03:28,619 [INFO] DbBoards:198 - Set 0 / 0 favorites Boards
2025-03-11 17:03:28,622 [INFO] ApiDb:668 - CubeFinder database Data Model version=2.1
2025-03-11 17:03:28,622 [INFO] ApiDb:669 - CubeFinder database Configuration version=3.0.39
2025-03-11 17:03:28,622 [INFO] ApiDb:670 - CubeFinder database generation date=2025-03-07 (1741340029)
2025-03-11 17:03:28,622 [INFO] ApiDb:671 - CubeFinder database FW Pack versions=[FP-ATR-ASTRA1_V2.0.0, FP-SNS-FLIGHT1_V5.0.2, FP-SNS-MOTENV1_V5.0.0, FP-SNS-MOTENVWB1_V1.4.0, FP-SNS-SMARTAG2_V1.2.0, FP-SNS-STBOX1_V2.0.0, STM32Cube_FW_C0_V1.4.0, STM32Cube_FW_F4_V1.28.1, STM32Cube_FW_F7_V1.17.2, STM32Cube_FW_G0_V1.6.2, STM32Cube_FW_G4_V1.6.1, STM32Cube_FW_H5_V1.5.0, STM32Cube_FW_H7RS_V1.2.0, STM32Cube_FW_H7_V1.12.1, STM32Cube_FW_L0_V1.12.2, STM32Cube_FW_L4_V1.18.1, STM32Cube_FW_L5_V1.5.1, STM32Cube_FW_N6_V1.1.0, STM32Cube_FW_U0_V1.2.0, STM32Cube_FW_U3_V1.1.0, STM32Cube_FW_U5_V1.7.0, STM32Cube_FW_WB0_V1.2.0, STM32Cube_FW_WBA_V1.6.0, STM32Cube_FW_WB_V1.22.0, STM32Cube_FW_WL3_V1.1.0, STM32Cube_FW_WL_V1.3.1, X-CUBE-ALGOBUILD_V1.4.0, X-CUBE-ALS_V1.0.2, X-CUBE-AZRTOS-F4_V1.1.0, X-CUBE-AZRTOS-F7_V1.1.0, X-CUBE-AZRTOS-G0_V1.1.0, X-CUBE-AZRTOS-G4_V2.0.0, X-CUBE-AZRTOS-H7RS_V1.0.0, X-CUBE-AZRTOS-H7_V3.3.0, X-CUBE-AZRTOS-L4_V2.0.0, X-CUBE-AZRTOS-L5_V2.0.0, X-CUBE-AZRTOS-WB_V2.0.0, X-CUBE-AZRTOS-WL_V2.0.0, X-CUBE-BLE1_V7.1.0, X-CUBE-BLE2_V3.3.0, X-CUBE-BLEMGR_V4.0.0, X-CUBE-EEPRMA1_V5.1.0, X-CUBE-FREERTOS_V1.3.0, X-CUBE-GNSS1_V6.0.0, X-CUBE-MEMS1_V11.1.0, X-CUBE-NFC4_V3.0.0, X-CUBE-NFC7_V1.0.1, X-CUBE-SFXS2LP1_V4.0.0, X-CUBE-SUBG2_V5.0.0, X-CUBE-TOF1_V3.4.2]
2025-03-11 17:03:29,333 [ERROR] DbExamplesSqlite:437 - Missing JSON key: board_cpn
2025-03-11 17:03:29,333 [ERROR] DbExamplesSqlite:437 - Missing JSON key: board_cpn
2025-03-11 17:03:29,334 [ERROR] DbExamplesSqlite:437 - Missing JSON key: board_cpn
2025-03-11 17:03:29,334 [ERROR] DbExamplesSqlite:437 - Missing JSON key: board_cpn
2025-03-11 17:03:29,485 [ERROR] DbExamplesSqlite:437 - Missing JSON key: board_cpn
2025-03-11 17:03:29,485 [ERROR] DbExamplesSqlite:437 - Missing JSON key: board_cpn
2025-03-11 17:03:29,485 [ERROR] DbExamplesSqlite:437 - Missing JSON key: board_cpn
2025-03-11 17:03:29,485 [ERROR] DbExamplesSqlite:437 - Missing JSON key: board_cpn
2025-03-11 17:03:29,486 [ERROR] DbExamplesSqlite:437 - Missing JSON key: board_cpn
2025-03-11 17:03:29,486 [ERROR] DbExamplesSqlite:437 - Missing JSON key: board_cpn
2025-03-11 17:03:29,486 [ERROR] DbExamplesSqlite:437 - Missing JSON key: board_cpn
2025-03-11 17:03:29,486 [ERROR] DbExamplesSqlite:437 - Missing JSON key: board_cpn
2025-03-11 17:03:29,486 [ERROR] DbExamplesSqlite:437 - Missing JSON key: board_cpn
2025-03-11 17:03:29,667 [ERROR] DbExamplesSqlite:437 - Missing JSON key: board_cpn
2025-03-11 17:03:29,676 [INFO] DbExamplesSqlite:395 - Ignored 46 examples not supported by CubeIDE
2025-03-11 17:03:29,677 [INFO] DbExamplesSqlite:396 - Found 10814 examples active
2025-03-11 17:03:29,677 [INFO] DbExamplesSqlite:397 - Found 0 examples obsolete
2025-03-11 17:03:29,677 [INFO] DbExamplesSqlite:398 - Found 0 examples under development
2025-03-11 17:03:29,677 [INFO] DbExamplesSqlite:399 - Found 79 examples not building
2025-03-11 17:03:29,680 [INFO] DbExamples:125 - Found 10847 examples
2025-03-11 17:03:29,786 [ERROR] DbExamples:208 - Found 324 examples with invalid data (board or MCU)
2025-03-11 17:03:29,787 [INFO] DbExamples:222 - Found 132 boards with related examples
2025-03-11 17:03:29,789 [INFO] DbExamples:235 - Found 109 MCUs with related examples
2025-03-11 17:03:29,842 [INFO] ApiDb:423 - Load user favorites file C:\Users\talur/.stm32cubeide/favorites.examples.txt: 0 item(s)
2025-03-11 17:03:29,842 [INFO] ApiDb:427 - User favorites Examples=[]
2025-03-11 17:03:29,842 [INFO] DbExamples:250 - Set 0 / 0 favorites Examples
2025-03-11 17:03:30,337 [INFO] McuFinderGlobals:76 - Set McuFinderConnectedMode to true
2025-03-11 17:03:30,352 [INFO] MultiScanPanel:200 - Auto-refresh data requested => check proxy status ongoing
2025-03-11 17:03:30,358 [INFO] FinderPluginLoader:95 - Searching for filters in installed packs
2025-03-11 17:03:32,588 [INFO] LoadUrlFilesThread:185 - End of LoadServerUrlFiles without Thread
2025-03-11 17:03:32,664 [INFO] DetailPanel:341 - Set advertising image to C:/Users/talur/STM32Cube/Repository/\en.prom-stm32u3-mcu-finder.jpg
2025-03-11 17:03:37,012 [INFO] MultiScanPanel:200 - Auto-refresh data requested => check proxy status ongoing
2025-03-11 17:03:37,274 [INFO] LoadUrlFilesThread:185 - End of LoadServerUrlFiles without Thread
2025-03-11 17:03:37,275 [INFO] DetailPanel:341 - Set advertising image to C:/Users/talur/STM32Cube/Repository/\en.prom-stm32u3-mcu-finder.jpg
2025-03-11 17:03:37,297 [INFO] DbBoards:642 - Loading board mini-images...
2025-03-11 17:03:40,149 [INFO] DbBoards:665 - Loaded 209 board mini-images
2025-03-11 17:03:48,104 [INFO] BoardResultTable:719 - Mark Board STM32F407G-DISC1 as favorite
2025-03-11 17:04:24,900 [INFO] McuFinderGlobals:76 - Set McuFinderConnectedMode to true
2025-03-11 17:04:24,906 [INFO] ApiDb:448 - Save user favorites file C:\Users\talur/.stm32cubeide/favorites.mcus.txt: 0 item(s)
2025-03-11 17:04:24,908 [INFO] ApiDb:452 - User favorites MCUs=[]
2025-03-11 17:04:24,911 [INFO] ApiDb:448 - Save user favorites file C:\Users\talur/.stm32cubeide/favorites.boards.txt: 1 item(s)
2025-03-11 17:04:24,912 [INFO] ApiDb:452 - User favorites Boards=[STM32F407G-DISC1]
2025-03-11 19:39:47,768 [INFO] WebApp:189 - Connection lost
2025-03-11 19:39:48,629 [INFO] WebApp:186 - Connection restablished
2025-03-11 19:40:25,978 [INFO] WebApp:189 - Connection lost
2025-03-11 19:40:26,365 [INFO] WebApp:186 - Connection restablished
2025-03-11 19:41:38,447 [INFO] WebApp:189 - Connection lost
2025-03-11 19:41:38,907 [INFO] WebApp:186 - Connection restablished
2025-03-11 19:46:27,456 [INFO] WebApp:189 - Connection lost
2025-03-11 19:46:27,903 [INFO] WebApp:186 - Connection restablished
2025-03-11 19:58:34,433 [INFO] WebApp:189 - Connection lost
2025-03-11 19:58:34,802 [INFO] WebApp:186 - Connection restablished
2025-03-11 19:59:06,917 [INFO] WebApp:189 - Connection lost
2025-03-11 19:59:07,258 [INFO] WebApp:186 - Connection restablished
2025-03-11 19:59:24,960 [INFO] WebApp:189 - Connection lost
2025-03-11 19:59:25,277 [INFO] WebApp:186 - Connection restablished
2025-03-11 20:00:26,971 [INFO] WebApp:189 - Connection lost
2025-03-11 20:00:27,386 [INFO] WebApp:186 - Connection restablished
2025-03-11 20:00:53,445 [INFO] WebApp:189 - Connection lost
2025-03-11 20:00:53,741 [INFO] WebApp:186 - Connection restablished
2025-03-11 20:01:10,931 [INFO] WebApp:189 - Connection lost
2025-03-11 20:01:11,211 [INFO] WebApp:186 - Connection restablished
2025-03-11 20:01:43,445 [INFO] WebApp:189 - Connection lost
2025-03-11 20:01:43,769 [INFO] WebApp:186 - Connection restablished
2025-03-11 20:02:04,933 [INFO] WebApp:189 - Connection lost
2025-03-11 20:02:05,236 [INFO] WebApp:186 - Connection restablished
2025-03-11 20:02:31,438 [INFO] WebApp:189 - Connection lost
2025-03-11 20:02:31,765 [INFO] WebApp:186 - Connection restablished
2025-03-11 20:03:35,949 [INFO] WebApp:189 - Connection lost
2025-03-11 20:03:36,411 [INFO] WebApp:186 - Connection restablished
2025-03-11 20:04:03,945 [INFO] WebApp:189 - Connection lost
2025-03-11 20:04:04,279 [INFO] WebApp:186 - Connection restablished
2025-03-11 20:04:45,943 [INFO] WebApp:189 - Connection lost
2025-03-11 20:04:46,274 [INFO] WebApp:186 - Connection restablished
2025-03-11 20:05:07,970 [INFO] WebApp:189 - Connection lost
2025-03-11 20:05:08,397 [INFO] WebApp:186 - Connection restablished
2025-03-11 20:05:42,464 [INFO] WebApp:189 - Connection lost
2025-03-11 20:05:42,805 [INFO] WebApp:186 - Connection restablished
2025-03-11 20:06:38,968 [INFO] WebApp:189 - Connection lost
2025-03-11 20:06:39,408 [INFO] WebApp:186 - Connection restablished
2025-03-11 20:07:02,471 [INFO] WebApp:189 - Connection lost
2025-03-11 20:07:02,747 [INFO] WebApp:186 - Connection restablished
2025-03-11 20:08:31,973 [INFO] WebApp:189 - Connection lost
2025-03-11 20:08:32,297 [INFO] WebApp:186 - Connection restablished
2025-03-11 20:09:30,942 [INFO] WebApp:189 - Connection lost
2025-03-11 20:09:31,267 [INFO] WebApp:186 - Connection restablished
2025-03-11 20:10:03,454 [INFO] WebApp:189 - Connection lost
2025-03-11 20:10:03,892 [INFO] WebApp:186 - Connection restablished
2025-03-11 20:10:21,439 [INFO] WebApp:189 - Connection lost
2025-03-11 20:10:21,708 [INFO] WebApp:186 - Connection restablished
2025-03-11 20:11:53,924 [INFO] WebApp:189 - Connection lost
2025-03-11 20:11:54,249 [INFO] WebApp:186 - Connection restablished
2025-03-11 20:13:35,938 [INFO] WebApp:189 - Connection lost
2025-03-11 20:13:36,388 [INFO] WebApp:186 - Connection restablished
2025-03-11 21:11:06,584 [INFO] WebApp:388 - JxBrowser engine has been closed 
2025-03-11 21:11:08,600 [ERROR] LogOutputStream:75 - [STDERR_REDIRECT] 
