2025-03-19 13:05:53,047 [INFO] Activator:176 - 


2025-03-19 13:05:53,056 [INFO] Activator:177 - !SESSION log4j initialized
2025-03-19 13:06:03,120 [INFO] LogOutputStream:77 - [STDOUT_REDIRECT] 
2025-03-19 13:06:05,002 [INFO] ApplicationProperties:184 - Using Application install path: C:\ST\STM32CubeIDE_1.16.1\STM32CubeIDE\plugins\com.st.stm32cube.common.mx_6.12.1.202409122256
2025-03-19 13:06:05,036 [INFO] DbMcusXml:78 - Set database path to: C:\ST\STM32CubeIDE_1.16.1\STM32CubeIDE\plugins\com.st.stm32cube.common.mx_6.12.1.202409122256\\db\/mcu/
2025-03-19 13:06:05,037 [INFO] ApiDb:274 - Set plugin database path to: C:\ST\STM32CubeIDE_1.16.1\STM32CubeIDE\plugins\com.st.stm32cube.common.mx_6.12.1.202409122256\\db\/plugins/boardmanager/
2025-03-19 13:06:05,038 [WARN] ApiDb:259 - Overriding images path with different value:  => C:\ST\STM32CubeIDE_1.16.1\STM32CubeIDE\plugins\com.st.stm32cube.common.mx_6.12.1.202409122256\\db\/plugins/mcufinder/images/
2025-03-19 13:06:05,052 [INFO] ApiDb:250 - Set database path to: C:\Users\talur\.stmcufinder\plugins\mcufinder//mcu/
2025-03-19 13:06:05,054 [INFO] DbMcusAds:125 - Set database path to: C:\Users\talur\.stmcufinder\plugins\mcufinder//mcu/
2025-03-19 13:06:05,058 [INFO] CrossReferenceDbSqlite:203 - Set database path to: C:\Users\talur\.stmcufinder\plugins\mcufinder//mcu/cs/
2025-03-19 13:06:05,243 [INFO] RulesReader:64 - Compatibility file has been processed (297 Rules)
2025-03-19 13:06:05,398 [INFO] DbMcusXml:78 - Set database path to: C:\ST\STM32CubeIDE_1.16.1\STM32CubeIDE\plugins\com.st.stm32cube.common.mx_6.12.1.202409122256\\db\/mcu/
2025-03-19 13:06:05,398 [INFO] ApiDb:274 - Set plugin database path to: C:\ST\STM32CubeIDE_1.16.1\STM32CubeIDE\plugins\com.st.stm32cube.common.mx_6.12.1.202409122256\\db\/plugins/boardmanager/
2025-03-19 13:06:05,399 [INFO] ApiDb:261 - Set plugin images path to: C:\ST\STM32CubeIDE_1.16.1\STM32CubeIDE\plugins\com.st.stm32cube.common.mx_6.12.1.202409122256\\db\/plugins/mcufinder/images/
2025-03-19 13:06:05,399 [WARN] DbFile:41 - Overriding database path with different value: C:\Users\talur\.stmcufinder\plugins\mcufinder/ => C:\Users\talur\.stmcufinder\plugins\mcufinder
2025-03-19 13:06:05,400 [INFO] ApiDb:250 - Set database path to: C:\Users\talur\.stmcufinder\plugins\mcufinder//mcu/
2025-03-19 13:06:05,400 [WARN] DbFile:41 - Overriding database path with different value: C:\Users\talur\.stmcufinder\plugins\mcufinder/ => C:\Users\talur\.stmcufinder\plugins\mcufinder
2025-03-19 13:06:05,400 [INFO] DbMcusAds:125 - Set database path to: C:\Users\talur\.stmcufinder\plugins\mcufinder//mcu/
2025-03-19 13:06:05,400 [WARN] DbFile:41 - Overriding database path with different value: C:\Users\talur\.stmcufinder\plugins\mcufinder/ => C:\Users\talur\.stmcufinder\plugins\mcufinder
2025-03-19 13:06:05,400 [WARN] DbFile:41 - Overriding database path with different value: C:\Users\talur\.stmcufinder\plugins\mcufinder/ => C:\Users\talur\.stmcufinder\plugins\mcufinder
2025-03-19 13:06:05,401 [INFO] CrossReferenceDbSqlite:203 - Set database path to: C:\Users\talur\.stmcufinder\plugins\mcufinder//mcu/cs/
2025-03-19 13:06:05,544 [INFO] MainPanel:268 - HeapMemory: 268435456
2025-03-19 13:06:05,712 [INFO] DbMcusXml:78 - Set database path to: C:\ST\STM32CubeIDE_1.16.1\STM32CubeIDE\plugins\com.st.stm32cube.common.mx_6.12.1.202409122256\\db\/mcu/
2025-03-19 13:06:05,712 [INFO] ApiDb:274 - Set plugin database path to: C:\ST\STM32CubeIDE_1.16.1\STM32CubeIDE\plugins\com.st.stm32cube.common.mx_6.12.1.202409122256\\db\/plugins/boardmanager/
2025-03-19 13:06:05,712 [INFO] ApiDb:261 - Set plugin images path to: C:\ST\STM32CubeIDE_1.16.1\STM32CubeIDE\plugins\com.st.stm32cube.common.mx_6.12.1.202409122256\\db\/plugins/mcufinder/images/
2025-03-19 13:06:05,713 [WARN] DbFile:41 - Overriding database path with different value: C:\Users\talur\.stmcufinder\plugins\mcufinder/ => C:\Users\talur\.stmcufinder\plugins\mcufinder
2025-03-19 13:06:05,713 [INFO] ApiDb:250 - Set database path to: C:\Users\talur\.stmcufinder\plugins\mcufinder//mcu/
2025-03-19 13:06:05,713 [WARN] DbFile:41 - Overriding database path with different value: C:\Users\talur\.stmcufinder\plugins\mcufinder/ => C:\Users\talur\.stmcufinder\plugins\mcufinder
2025-03-19 13:06:05,713 [INFO] DbMcusAds:125 - Set database path to: C:\Users\talur\.stmcufinder\plugins\mcufinder//mcu/
2025-03-19 13:06:05,713 [WARN] DbFile:41 - Overriding database path with different value: C:\Users\talur\.stmcufinder\plugins\mcufinder/ => C:\Users\talur\.stmcufinder\plugins\mcufinder
2025-03-19 13:06:05,713 [WARN] DbFile:41 - Overriding database path with different value: C:\Users\talur\.stmcufinder\plugins\mcufinder/ => C:\Users\talur\.stmcufinder\plugins\mcufinder
2025-03-19 13:06:05,714 [INFO] CrossReferenceDbSqlite:203 - Set database path to: C:\Users\talur\.stmcufinder\plugins\mcufinder//mcu/cs/
2025-03-19 13:06:05,739 [INFO] ApplicationProperties:184 - Using Application install path: C:\ST\STM32CubeIDE_1.16.1\STM32CubeIDE\plugins\com.st.stm32cube.common.mx_6.12.1.202409122256
2025-03-19 13:06:05,742 [INFO] PluginManage:196 - Search for loadable plugins [exclusion list=, ]
2025-03-19 13:06:05,744 [INFO] PluginManage:310 - Check plugin analytics
2025-03-19 13:06:06,060 [INFO] AnalyticsPlugin:253 - Accepted Software Licenses: 
2025-03-19 13:06:06,061 [INFO] AnalyticsPlugin:255 - Accepted CMSIS Pack Licenses: 
2025-03-19 13:06:06,061 [INFO] AnalyticsPlugin:257 - Accepted Firmware Licenses: FW.F4.1.28.0
2025-03-19 13:06:06,065 [INFO] PluginManage:359 - Loaded plugin analytics (category:tool,tabindex:-1)
2025-03-19 13:06:06,066 [INFO] PluginManage:310 - Check plugin cadmodel
2025-03-19 13:06:06,101 [INFO] CADModel:105 - Init CAD model plugin
2025-03-19 13:06:06,102 [INFO] PluginManage:359 - Loaded plugin cadmodel (category:power,tabindex:5)
2025-03-19 13:06:06,102 [INFO] PluginManage:310 - Check plugin clock
2025-03-19 13:06:06,142 [INFO] PluginManage:359 - Loaded plugin clock (category:base,tabindex:2)
2025-03-19 13:06:06,142 [INFO] PluginManage:310 - Check plugin ddr
2025-03-19 13:06:06,147 [INFO] PluginManage:359 - Loaded plugin ddr (category:tool,tabindex:6)
2025-03-19 13:06:06,147 [INFO] PluginManage:310 - Check plugin filemanager
2025-03-19 13:06:06,384 [INFO] PluginManage:359 - Loaded plugin filemanager (category:base,tabindex:10)
2025-03-19 13:06:06,385 [INFO] PluginManage:310 - Check plugin ipmanager
2025-03-19 13:06:06,397 [INFO] PluginManage:359 - Loaded plugin ipmanager (category:base,tabindex:5)
2025-03-19 13:06:06,397 [INFO] PluginManage:310 - Check plugin lpbam
2025-03-19 13:06:06,426 [INFO] PluginManage:359 - Loaded plugin lpbam (category:base,tabindex:0)
2025-03-19 13:06:06,427 [INFO] PluginManage:310 - Check plugin memorymap
2025-03-19 13:06:06,471 [INFO] PluginManage:359 - Loaded plugin memorymap (category:base,tabindex:4)
2025-03-19 13:06:06,471 [INFO] PluginManage:310 - Check plugin pinoutandconfiguration
2025-03-19 13:06:06,505 [INFO] PluginManage:359 - Loaded plugin pinoutandconfiguration (category:base,tabindex:1)
2025-03-19 13:06:06,506 [INFO] PluginManage:310 - Check plugin pinoutconfig
2025-03-19 13:06:06,672 [WARN] SupportedApi:132 - Cannot load RTOS API schema: s4s-elt-must-match.1: The content of 'definitions' must match (annotation?, (simpleType | complexType)?, (unique | key | keyref)*)). A problem was found starting at: attribute.
2025-03-19 13:06:06,888 [INFO] PluginManage:359 - Loaded plugin pinoutconfig (category:base,tabindex:0)
2025-03-19 13:06:06,888 [INFO] PluginManage:310 - Check plugin power
2025-03-19 13:06:06,930 [INFO] PluginManage:359 - Loaded plugin power (category:power,tabindex:4)
2025-03-19 13:06:06,930 [INFO] PluginManage:310 - Check plugin projectmanager
2025-03-19 13:06:07,024 [INFO] PluginManage:359 - Loaded plugin projectmanager (category:projectmanager,tabindex:4)
2025-03-19 13:06:07,026 [INFO] PluginManage:310 - Check plugin rif
2025-03-19 13:06:07,134 [INFO] PluginManage:359 - Loaded plugin rif (category:base,tabindex:3)
2025-03-19 13:06:07,135 [INFO] PluginManage:310 - Check plugin thirdparty
2025-03-19 13:06:07,712 [INFO] PluginManage:359 - Loaded plugin thirdparty (category:base,tabindex:-1)
2025-03-19 13:06:07,713 [WARN] IntegrityCheckThread:84 - waiting for thirdparty lock release [integrity check]
2025-03-19 13:06:07,713 [INFO] IntegrityCheckThread:86 - entering critical section [integrity check]
2025-03-19 13:06:07,713 [INFO] PluginManage:310 - Check plugin tools
2025-03-19 13:06:07,714 [INFO] ThirdPartyUpdaterWithRetryManager:70 - Updater plugin not ready yet. [1/15]
2025-03-19 13:06:07,801 [INFO] PluginManage:359 - Loaded plugin tools (category:base,tabindex:7)
2025-03-19 13:06:07,801 [INFO] PluginManage:310 - Check plugin tutovideos
2025-03-19 13:06:08,108 [INFO] PluginManage:359 - Loaded plugin tutovideos (category:base,tabindex:-1)
2025-03-19 13:06:08,110 [INFO] PluginManage:310 - Check plugin updater
2025-03-19 13:06:08,144 [INFO] PluginManage:359 - Loaded plugin updater (category:base,tabindex:12)
2025-03-19 13:06:08,144 [INFO] PluginManage:310 - Check plugin userauth
2025-03-19 13:06:08,154 [INFO] UserAuth:113 - Init User Auth plugin
2025-03-19 13:06:08,155 [INFO] PluginManage:359 - Loaded plugin userauth (category:base,tabindex:14)
2025-03-19 13:06:08,156 [INFO] PluginManage:283 - PluginManage : Loaded plugins [18]
2025-03-19 13:06:08,646 [INFO] PinOutPanel:1561 - setPackage(No Configuration,No Configuration)
2025-03-19 13:06:08,851 [INFO] CADModel:165 - CPN selected for project level
2025-03-19 13:06:08,852 [INFO] CADModel:114 - Register for checkConnection events
2025-03-19 13:06:08,906 [INFO] IPUIPlugin:80 - create IPUIPlugin
2025-03-19 13:06:08,907 [INFO] PluginManager:220 - loadIPPluginJar : add adc
2025-03-19 13:06:08,983 [INFO] IPUIPlugin:80 - create IPUIPlugin
2025-03-19 13:06:08,983 [INFO] PluginManager:220 - loadIPPluginJar : add aes
2025-03-19 13:06:09,078 [INFO] IPUIPlugin:80 - create IPUIPlugin
2025-03-19 13:06:09,079 [INFO] PluginManager:220 - loadIPPluginJar : add can
2025-03-19 13:06:09,135 [INFO] IPUIPlugin:80 - create IPUIPlugin
2025-03-19 13:06:09,135 [INFO] PluginManager:220 - loadIPPluginJar : add comp
2025-03-19 13:06:09,213 [INFO] IPUIPlugin:80 - create IPUIPlugin
2025-03-19 13:06:09,213 [INFO] PluginManager:220 - loadIPPluginJar : add cryp
2025-03-19 13:06:09,233 [INFO] IPUIPlugin:80 - create IPUIPlugin
2025-03-19 13:06:09,235 [INFO] PluginManager:220 - loadIPPluginJar : add ddr_ctrl_phy
2025-03-19 13:06:09,292 [INFO] IPUIPlugin:80 - create IPUIPlugin
2025-03-19 13:06:09,292 [INFO] PluginManager:220 - loadIPPluginJar : add dfsdm
2025-03-19 13:06:09,315 [INFO] IPUIPlugin:80 - create IPUIPlugin
2025-03-19 13:06:09,315 [INFO] PluginManager:220 - loadIPPluginJar : add dma
2025-03-19 13:06:09,401 [INFO] IPUIPlugin:80 - create IPUIPlugin
2025-03-19 13:06:09,402 [INFO] PluginManager:220 - loadIPPluginJar : add dma3
2025-03-19 13:06:09,482 [INFO] IPUIPlugin:80 - create IPUIPlugin
2025-03-19 13:06:09,482 [INFO] PluginManager:220 - loadIPPluginJar : add extmemmanager
2025-03-19 13:06:09,528 [INFO] IPUIPlugin:80 - create IPUIPlugin
2025-03-19 13:06:09,528 [INFO] PluginManager:220 - loadIPPluginJar : add fatfs
2025-03-19 13:06:09,613 [INFO] IPUIPlugin:80 - create IPUIPlugin
2025-03-19 13:06:09,613 [INFO] PluginManager:220 - loadIPPluginJar : add fmc
2025-03-19 13:06:09,640 [INFO] IPUIPlugin:80 - create IPUIPlugin
2025-03-19 13:06:09,640 [INFO] PluginManager:220 - loadIPPluginJar : add freertos
2025-03-19 13:06:09,676 [INFO] IPUIPlugin:80 - create IPUIPlugin
2025-03-19 13:06:09,676 [INFO] PluginManager:220 - loadIPPluginJar : add genericplugin
2025-03-19 13:06:09,857 [INFO] IPUIPlugin:80 - create IPUIPlugin
2025-03-19 13:06:09,857 [INFO] PluginManager:220 - loadIPPluginJar : add gfxmmu
2025-03-19 13:06:10,131 [INFO] IPUIPlugin:80 - create IPUIPlugin
2025-03-19 13:06:10,131 [INFO] PluginManager:220 - loadIPPluginJar : add gic
2025-03-19 13:06:10,158 [INFO] IPUIPlugin:80 - create IPUIPlugin
2025-03-19 13:06:10,159 [INFO] PluginManager:220 - loadIPPluginJar : add gpio
2025-03-19 13:06:10,357 [INFO] IPUIPlugin:80 - create IPUIPlugin
2025-03-19 13:06:10,357 [INFO] PluginManager:220 - loadIPPluginJar : add gtzc
2025-03-19 13:06:10,428 [INFO] IPUIPlugin:80 - create IPUIPlugin
2025-03-19 13:06:10,428 [INFO] PluginManager:220 - loadIPPluginJar : add hash
2025-03-19 13:06:10,526 [INFO] IPUIPlugin:80 - create IPUIPlugin
2025-03-19 13:06:10,526 [INFO] PluginManager:220 - loadIPPluginJar : add i2c
2025-03-19 13:06:10,600 [INFO] IPUIPlugin:80 - create IPUIPlugin
2025-03-19 13:06:10,601 [INFO] PluginManager:220 - loadIPPluginJar : add i2s
2025-03-19 13:06:10,681 [INFO] IPUIPlugin:80 - create IPUIPlugin
2025-03-19 13:06:10,681 [INFO] PluginManager:220 - loadIPPluginJar : add i3c
2025-03-19 13:06:10,715 [INFO] ThirdPartyUpdaterWithRetryManager:70 - Updater plugin not ready yet. [2/15]
2025-03-19 13:06:10,871 [INFO] IPUIPlugin:80 - create IPUIPlugin
2025-03-19 13:06:10,871 [INFO] PluginManager:220 - loadIPPluginJar : add ipddr
2025-03-19 13:06:11,062 [INFO] IPUIPlugin:80 - create IPUIPlugin
2025-03-19 13:06:11,062 [INFO] PluginManager:220 - loadIPPluginJar : add linkedlist
2025-03-19 13:06:11,133 [INFO] IPUIPlugin:80 - create IPUIPlugin
2025-03-19 13:06:11,133 [INFO] PluginManager:220 - loadIPPluginJar : add lorawan
2025-03-19 13:06:11,209 [INFO] IPUIPlugin:80 - create IPUIPlugin
2025-03-19 13:06:11,209 [INFO] PluginManager:220 - loadIPPluginJar : add ltdc
2025-03-19 13:06:11,236 [INFO] IPUIPlugin:80 - create IPUIPlugin
2025-03-19 13:06:11,236 [INFO] PluginManager:220 - loadIPPluginJar : add mdma
2025-03-19 13:06:11,264 [INFO] IPUIPlugin:80 - create IPUIPlugin
2025-03-19 13:06:11,264 [INFO] PluginManager:220 - loadIPPluginJar : add nvic
2025-03-19 13:06:11,340 [INFO] IPUIPlugin:80 - create IPUIPlugin
2025-03-19 13:06:11,340 [INFO] PluginManager:220 - loadIPPluginJar : add opamp
2025-03-19 13:06:11,460 [INFO] IPUIPlugin:80 - create IPUIPlugin
2025-03-19 13:06:11,460 [INFO] PluginManager:220 - loadIPPluginJar : add openamp
2025-03-19 13:06:11,542 [INFO] IPUIPlugin:80 - create IPUIPlugin
2025-03-19 13:06:11,542 [INFO] PluginManager:220 - loadIPPluginJar : add pdm2pcm
2025-03-19 13:06:11,565 [INFO] IPUIPlugin:80 - create IPUIPlugin
2025-03-19 13:06:11,567 [INFO] PluginManager:220 - loadIPPluginJar : add plateformsettings
2025-03-19 13:06:11,606 [INFO] IPUIPlugin:80 - create IPUIPlugin
2025-03-19 13:06:11,606 [INFO] PluginManager:220 - loadIPPluginJar : add quadspi
2025-03-19 13:06:11,655 [INFO] IPUIPlugin:80 - create IPUIPlugin
2025-03-19 13:06:11,656 [INFO] PluginManager:220 - loadIPPluginJar : add radio
2025-03-19 13:06:11,676 [INFO] IPUIPlugin:80 - create IPUIPlugin
2025-03-19 13:06:11,676 [INFO] PluginManager:220 - loadIPPluginJar : add resmgrutility
2025-03-19 13:06:11,767 [INFO] IPUIPlugin:80 - create IPUIPlugin
2025-03-19 13:06:11,768 [INFO] PluginManager:220 - loadIPPluginJar : add sai
2025-03-19 13:06:11,845 [INFO] IPUIPlugin:80 - create IPUIPlugin
2025-03-19 13:06:11,845 [INFO] PluginManager:220 - loadIPPluginJar : add spi
2025-03-19 13:06:11,958 [INFO] IPUIPlugin:80 - create IPUIPlugin
2025-03-19 13:06:11,958 [INFO] PluginManager:220 - loadIPPluginJar : add stm32_wpan
2025-03-19 13:06:12,000 [INFO] IPUIPlugin:80 - create IPUIPlugin
2025-03-19 13:06:12,000 [INFO] PluginManager:220 - loadIPPluginJar : add tim
2025-03-19 13:06:12,174 [INFO] IPUIPlugin:80 - create IPUIPlugin
2025-03-19 13:06:12,174 [INFO] PluginManager:220 - loadIPPluginJar : add touchsensing
2025-03-19 13:06:12,243 [INFO] IPUIPlugin:80 - create IPUIPlugin
2025-03-19 13:06:12,243 [INFO] PluginManager:220 - loadIPPluginJar : add tracer_emb
2025-03-19 13:06:12,287 [INFO] IPUIPlugin:80 - create IPUIPlugin
2025-03-19 13:06:12,287 [INFO] PluginManager:220 - loadIPPluginJar : add ts
2025-03-19 13:06:12,335 [INFO] IPUIPlugin:80 - create IPUIPlugin
2025-03-19 13:06:12,335 [INFO] PluginManager:220 - loadIPPluginJar : add tsc
2025-03-19 13:06:12,404 [INFO] IPUIPlugin:80 - create IPUIPlugin
2025-03-19 13:06:12,404 [INFO] PluginManager:220 - loadIPPluginJar : add ucpd
2025-03-19 13:06:12,593 [INFO] IPUIPlugin:80 - create IPUIPlugin
2025-03-19 13:06:12,593 [INFO] PluginManager:220 - loadIPPluginJar : add usart
2025-03-19 13:06:12,670 [INFO] IPUIPlugin:80 - create IPUIPlugin
2025-03-19 13:06:12,670 [INFO] PluginManager:220 - loadIPPluginJar : add usbx
2025-03-19 13:06:12,827 [INFO] CADModel:165 - CPN selected for project level
2025-03-19 13:06:12,827 [INFO] CADModel:114 - Register for checkConnection events
2025-03-19 13:06:12,828 [FATAL] Updater:334 - Updater called before beeing initialized
2025-03-19 13:06:12,828 [ERROR] CADModel:125 - Updater not yet initialized, retry later 
2025-03-19 13:06:13,082 [INFO] CADModel:165 - CPN selected for project level
2025-03-19 13:06:13,082 [INFO] CADModel:114 - Register for checkConnection events
2025-03-19 13:06:13,082 [FATAL] Updater:334 - Updater called before beeing initialized
2025-03-19 13:06:13,082 [ERROR] CADModel:125 - Updater not yet initialized, retry later 
2025-03-19 13:06:13,089 [FATAL] Updater:334 - Updater called before beeing initialized
2025-03-19 13:06:13,258 [FATAL] Updater:334 - Updater called before beeing initialized
2025-03-19 13:06:13,272 [INFO] DbMcusAds:53 - JSON generation date=Thu Mar 06 20:24:21 IST 2025 (1741272861825)
2025-03-19 13:06:13,273 [FATAL] Updater:334 - Updater called before beeing initialized
2025-03-19 13:06:13,330 [WARN] DetailPanel:346 - Failed to get advertising image, set to default
2025-03-19 13:06:13,440 [FATAL] Updater:334 - Updater called before beeing initialized
2025-03-19 13:06:13,443 [FATAL] Updater:334 - Updater called before beeing initialized
2025-03-19 13:06:13,443 [FATAL] Updater:334 - Updater called before beeing initialized
2025-03-19 13:06:13,443 [WARN] DetailPanel:346 - Failed to get advertising image, set to default
2025-03-19 13:06:13,444 [FATAL] Updater:334 - Updater called before beeing initialized
2025-03-19 13:06:13,548 [ERROR] Updater:1164 - MainUpdater not yet initialized. External WinMGr cannot be set.
2025-03-19 13:06:13,567 [INFO] Updater:1100 - Updater Version found : 6.12.1
2025-03-19 13:06:13,596 [INFO] ApplicationProperties:184 - Using Application install path: C:\ST\STM32CubeIDE_1.16.1\STM32CubeIDE\plugins\com.st.stm32cube.common.mx_6.12.1.202409122256
2025-03-19 13:06:13,716 [INFO] ThirdPartyUpdaterWithRetryManager:70 - Updater plugin not ready yet. [3/15]
2025-03-19 13:06:15,242 [ERROR] LogOutputStream:75 - [STDERR_REDIRECT] Mar 19, 2025 1:06:15 PM java.util.prefs.WindowsPreferences <init>
2025-03-19 13:06:15,248 [ERROR] LogOutputStream:75 - [STDERR_REDIRECT] WARNING: Could not open/create prefs root node Software\JavaSoft\Prefs at root 0xffffffff80000002. Windows RegCreateKeyEx(...) returned error code 5.
2025-03-19 13:06:15,249 [ERROR] LogOutputStream:75 - [STDERR_REDIRECT] 
2025-03-19 13:06:16,458 [INFO] MainUpdater:2873 - connection check result : 10
2025-03-19 13:06:16,463 [INFO] MainUpdater:290 - Updater Check For Update Now.
2025-03-19 13:06:16,464 [INFO] MicroXplorer:498 - Change Database Version : DB.6.0.121
2025-03-19 13:06:16,525 [INFO] McuFinderGlobals:63 - Set McuFinder mode to 2 (CubeIDE integrated)
2025-03-19 13:06:16,528 [INFO] UserAuth:179 - activating auth plugin
2025-03-19 13:06:16,537 [INFO] UserAuth:417 - Internet connection configuration mode: 1
2025-03-19 13:06:16,695 [INFO] JxBrowserEngine:152 - Initiate JxBrowser Engine with user profile folder
2025-03-19 13:06:16,719 [WARN] MainUpdater:1194 - Updater busy. Cannot search thirdparties
2025-03-19 13:06:16,720 [INFO] ThirdPartyUpdaterWithRetryManager:96 - Updater plugin is busy. [1/15]
2025-03-19 13:06:17,057 [INFO] CheckServerUpdateThread:120 - End of CheckServer Thread
2025-03-19 13:06:20,551 [WARN] PackLoader:240 - Cannot read IP mode file for STMicroelectronics.FP-SNS-MOTENVWB1.1.4.0
2025-03-19 13:06:20,588 [WARN] PackLoader:240 - Cannot read IP mode file for STMicroelectronics.FP-ATR-ASTRA1.2.0.2
2025-03-19 13:06:20,614 [WARN] PackLoader:240 - Cannot read IP mode file for STMicroelectronics.FP-ATR-ASTRA1.2.0.1
2025-03-19 13:06:20,648 [WARN] PackLoader:240 - Cannot read IP mode file for STMicroelectronics.X-CUBE-SMBUS.2.1.0
2025-03-19 13:06:20,679 [WARN] PackLoader:240 - Cannot read IP mode file for STMicroelectronics.X-CUBE-WB05N.1.1.0
2025-03-19 13:06:20,752 [WARN] PackLoader:240 - Cannot read IP mode file for STMicroelectronics.X-CUBE-AZRTOS-F7.1.1.0
2025-03-19 13:06:20,896 [WARN] PackLoader:240 - Cannot read IP mode file for STMicroelectronics.X-CUBE-MEMS1.11.0.0
2025-03-19 13:06:21,159 [WARN] PackLoader:240 - Cannot read IP mode file for STMicroelectronics.FP-SNS-FLIGHT1.5.0.2
2025-03-19 13:06:21,196 [WARN] PackLoader:240 - Cannot read IP mode file for STMicroelectronics.X-CUBE-DISPLAY.3.0.0
2025-03-19 13:06:21,231 [WARN] PackLoader:240 - Cannot read IP mode file for STMicroelectronics.X-CUBE-BLE1.7.0.0
2025-03-19 13:06:21,262 [WARN] PackLoader:240 - Cannot read IP mode file for STMicroelectronics.X-CUBE-NFC10.1.0.0
2025-03-19 13:06:21,309 [WARN] PackLoader:240 - Cannot read IP mode file for STMicroelectronics.X-CUBE-BLEMGR.4.0.0
2025-03-19 13:06:21,341 [WARN] PackLoader:240 - Cannot read IP mode file for emotas.I-CUBE-CANOPEN.1.3.0
2025-03-19 13:06:21,377 [WARN] PackLoader:240 - Cannot read IP mode file for STMicroelectronics.X-CUBE-BLEMGR.3.1.0
2025-03-19 13:06:21,410 [WARN] PackLoader:240 - Cannot read IP mode file for STMicroelectronics.X-CUBE-AI.10.0.0
2025-03-19 13:06:21,440 [WARN] PackLoader:240 - Cannot read IP mode file for STMicroelectronics.FP-SNS-SMARTAG2.1.2.0
2025-03-19 13:06:21,470 [ERROR] Engine:466 - C:\Users\talur\.stm32cubemx\thirdparties\pdsc\STMicroelectronics.FP-SNS-FLIGHT1.5.1.0.pdsc: PDSC version is not supported
2025-03-19 13:06:21,568 [WARN] PackLoader:240 - Cannot read IP mode file for STMicroelectronics.X-CUBE-MEMS1.11.1.0
2025-03-19 13:06:21,881 [INFO] LogOutputStream:77 - [STDOUT_REDIRECT] 1 : Invalid condition id : UX_CORESTACK_Condition cause : null
2025-03-19 13:06:21,882 [INFO] LogOutputStream:77 - [STDOUT_REDIRECT] 1 : Invalid condition id : UX_CORESTACK_Condition cause : null
2025-03-19 13:06:21,883 [INFO] LogOutputStream:77 - [STDOUT_REDIRECT] 1 : Invalid condition id : UX_CORESTACK_Condition cause : null
2025-03-19 13:06:21,885 [INFO] LogOutputStream:77 - [STDOUT_REDIRECT] 1 : Invalid condition id : UX_CORESTACK_Condition cause : null
2025-03-19 13:06:21,887 [INFO] LogOutputStream:77 - [STDOUT_REDIRECT] 1 : Invalid condition id : UX_CORESTACK_Condition cause : null
2025-03-19 13:06:21,892 [WARN] PackLoader:240 - Cannot read IP mode file for STMicroelectronics.X-CUBE-AZRTOS-WL.2.0.0
2025-03-19 13:06:21,930 [WARN] PackLoader:240 - Cannot read IP mode file for STMicroelectronics.FP-SNS-MOTENV1.5.0.0
2025-03-19 13:06:21,958 [WARN] PackLoader:240 - Cannot read IP mode file for wolfSSL.I-CUBE-wolfMQTT.1.19.0
2025-03-19 13:06:21,996 [WARN] PackLoader:240 - Cannot read IP mode file for WES.I-CUBE-Cesium.1.3.0
2025-03-19 13:06:22,027 [WARN] PackLoader:240 - Cannot read IP mode file for STMicroelectronics.X-CUBE-BLE2.3.3.0
2025-03-19 13:06:22,055 [WARN] PackLoader:240 - Cannot read IP mode file for STMicroelectronics.X-CUBE-NFC9.1.0.0
2025-03-19 13:06:22,092 [WARN] PackLoader:240 - Cannot read IP mode file for STMicroelectronics.X-CUBE-BLE1.7.1.0
2025-03-19 13:06:22,160 [WARN] PackLoader:240 - Cannot read IP mode file for STMicroelectronics.X-CUBE-TCPP.4.1.0
2025-03-19 13:06:22,456 [WARN] PackLoader:240 - Cannot read IP mode file for STMicroelectronics.X-CUBE-AZRTOS-G0.1.1.0
2025-03-19 13:06:22,507 [WARN] PackLoader:240 - Cannot read IP mode file for STMicroelectronics.X-CUBE-SAFEA1.1.2.2
2025-03-19 13:06:22,542 [WARN] PackLoader:240 - Cannot read IP mode file for STMicroelectronics.X-CUBE-NFC4.3.0.0
2025-03-19 13:06:22,583 [WARN] PackLoader:240 - Cannot read IP mode file for EmbeddedOffice.I-CUBE-FS-RTOS.1.0.1
2025-03-19 13:06:22,585 [ERROR] ConditionMgr:805 - Attr not supported : Dmpu
2025-03-19 13:06:22,585 [ERROR] ConditionMgr:805 - Attr not supported : Dmpu
2025-03-19 13:06:22,585 [ERROR] ConditionMgr:805 - Attr not supported : Dmpu
2025-03-19 13:06:22,586 [ERROR] ConditionMgr:805 - Attr not supported : Dmpu
2025-03-19 13:06:22,586 [ERROR] ConditionMgr:805 - Attr not supported : Dmpu
2025-03-19 13:06:22,586 [ERROR] ConditionMgr:805 - Attr not supported : Dmpu
2025-03-19 13:06:22,586 [ERROR] ConditionMgr:805 - Attr not supported : Dmpu
2025-03-19 13:06:22,586 [ERROR] ConditionMgr:805 - Attr not supported : Dmpu
2025-03-19 13:06:22,586 [ERROR] ConditionMgr:805 - Attr not supported : Dmpu
2025-03-19 13:06:22,586 [ERROR] ConditionMgr:805 - Attr not supported : Dmpu
2025-03-19 13:06:22,586 [ERROR] ConditionMgr:805 - Attr not supported : Dmpu
2025-03-19 13:06:22,586 [ERROR] ConditionMgr:805 - Attr not supported : Dmpu
2025-03-19 13:06:22,586 [ERROR] ConditionMgr:805 - Attr not supported : Dmpu
2025-03-19 13:06:22,587 [ERROR] ConditionMgr:805 - Attr not supported : Dmpu
2025-03-19 13:06:22,587 [ERROR] ConditionMgr:805 - Attr not supported : Dmpu
2025-03-19 13:06:22,587 [ERROR] ConditionMgr:805 - Attr not supported : Dmpu
2025-03-19 13:06:22,587 [ERROR] ConditionMgr:805 - Attr not supported : Dmpu
2025-03-19 13:06:22,587 [ERROR] ConditionMgr:805 - Attr not supported : Dmpu
2025-03-19 13:06:22,587 [ERROR] ConditionMgr:805 - Attr not supported : Dmpu
2025-03-19 13:06:22,587 [ERROR] ConditionMgr:805 - Attr not supported : Dmpu
2025-03-19 13:06:22,587 [ERROR] ConditionMgr:805 - Attr not supported : Dmpu
2025-03-19 13:06:22,587 [ERROR] ConditionMgr:805 - Attr not supported : Dmpu
2025-03-19 13:06:22,587 [ERROR] ConditionMgr:805 - Attr not supported : Dmpu
2025-03-19 13:06:22,587 [ERROR] ConditionMgr:805 - Attr not supported : Dmpu
2025-03-19 13:06:22,588 [ERROR] ConditionMgr:805 - Attr not supported : Dmpu
2025-03-19 13:06:22,588 [ERROR] ConditionMgr:805 - Attr not supported : Dmpu
2025-03-19 13:06:22,588 [ERROR] ConditionMgr:805 - Attr not supported : Dmpu
2025-03-19 13:06:22,588 [ERROR] ConditionMgr:805 - Attr not supported : Dmpu
2025-03-19 13:06:22,588 [ERROR] ConditionMgr:805 - Attr not supported : Dmpu
2025-03-19 13:06:22,588 [ERROR] ConditionMgr:805 - Attr not supported : Dmpu
2025-03-19 13:06:22,588 [ERROR] ConditionMgr:805 - Attr not supported : Dmpu
2025-03-19 13:06:22,588 [ERROR] ConditionMgr:805 - Attr not supported : Dmpu
2025-03-19 13:06:22,588 [ERROR] ConditionMgr:805 - Attr not supported : Dmpu
2025-03-19 13:06:22,588 [ERROR] ConditionMgr:805 - Attr not supported : Dmpu
2025-03-19 13:06:22,588 [ERROR] ConditionMgr:805 - Attr not supported : Dmpu
2025-03-19 13:06:22,588 [ERROR] ConditionMgr:805 - Attr not supported : Dmpu
2025-03-19 13:06:22,588 [ERROR] ConditionMgr:805 - Attr not supported : Dmpu
2025-03-19 13:06:22,588 [ERROR] ConditionMgr:805 - Attr not supported : Dmpu
2025-03-19 13:06:22,588 [ERROR] ConditionMgr:805 - Attr not supported : Dmpu
2025-03-19 13:06:22,588 [ERROR] ConditionMgr:805 - Attr not supported : Dmpu
2025-03-19 13:06:22,590 [ERROR] ConditionMgr:805 - Attr not supported : Dmpu
2025-03-19 13:06:22,590 [ERROR] ConditionMgr:805 - Attr not supported : Dmpu
2025-03-19 13:06:22,590 [ERROR] ConditionMgr:805 - Attr not supported : Dmpu
2025-03-19 13:06:22,590 [ERROR] ConditionMgr:805 - Attr not supported : Dmpu
2025-03-19 13:06:22,590 [ERROR] ConditionMgr:805 - Attr not supported : Dmpu
2025-03-19 13:06:22,590 [ERROR] ConditionMgr:805 - Attr not supported : Dmpu
2025-03-19 13:06:22,590 [ERROR] ConditionMgr:805 - Attr not supported : Dmpu
2025-03-19 13:06:22,590 [ERROR] ConditionMgr:805 - Attr not supported : Dmpu
2025-03-19 13:06:22,590 [ERROR] ConditionMgr:805 - Attr not supported : Dmpu
2025-03-19 13:06:22,590 [ERROR] ConditionMgr:805 - Attr not supported : Dmpu
2025-03-19 13:06:22,591 [ERROR] ConditionMgr:805 - Attr not supported : Dmpu
2025-03-19 13:06:22,591 [ERROR] ConditionMgr:805 - Attr not supported : Dmpu
2025-03-19 13:06:22,591 [ERROR] ConditionMgr:805 - Attr not supported : Dmpu
2025-03-19 13:06:22,591 [ERROR] ConditionMgr:805 - Attr not supported : Dmpu
2025-03-19 13:06:22,591 [ERROR] ConditionMgr:805 - Attr not supported : Dmpu
2025-03-19 13:06:22,591 [ERROR] ConditionMgr:805 - Attr not supported : Dmpu
2025-03-19 13:06:22,591 [ERROR] ConditionMgr:805 - Attr not supported : Dmpu
2025-03-19 13:06:22,591 [ERROR] ConditionMgr:805 - Attr not supported : Dmpu
2025-03-19 13:06:22,592 [ERROR] ConditionMgr:805 - Attr not supported : Dmpu
2025-03-19 13:06:22,592 [ERROR] ConditionMgr:805 - Attr not supported : Dmpu
2025-03-19 13:06:22,592 [ERROR] ConditionMgr:805 - Attr not supported : Dmpu
2025-03-19 13:06:22,592 [ERROR] ConditionMgr:805 - Attr not supported : Dmpu
2025-03-19 13:06:22,592 [ERROR] ConditionMgr:805 - Attr not supported : Dmpu
2025-03-19 13:06:22,592 [ERROR] ConditionMgr:805 - Attr not supported : Dmpu
2025-03-19 13:06:22,620 [ERROR] Engine:466 - C:\Users\talur\.stm32cubemx\thirdparties\pdsc\STMicroelectronics.X-CUBE-TCPP.4.2.0.pdsc: PDSC version is not supported
2025-03-19 13:06:22,658 [WARN] PackLoader:240 - Cannot read IP mode file for RealThread.X-CUBE-RT-Thread_Nano.4.1.1
2025-03-19 13:06:22,702 [WARN] PackLoader:240 - Cannot read IP mode file for STMicroelectronics.FP-ATR-SIGFOX1.3.2.0
2025-03-19 13:06:22,741 [WARN] PackLoader:240 - Cannot read IP mode file for wolfSSL.I-CUBE-wolfSSL.5.7.2
2025-03-19 13:06:22,779 [WARN] ConditionMgr:438 - getConditionDescription Invalid condition id : Cortex-A Device cause : null
2025-03-19 13:06:22,937 [WARN] ConditionMgr:1039 - genDependencies : Invalid condition id : Cortex-A Device cause : null
2025-03-19 13:06:22,938 [WARN] ConditionMgr:1039 - genDependencies : Invalid condition id : Cortex-A Device cause : null
2025-03-19 13:06:22,938 [WARN] ConditionMgr:1039 - genDependencies : Invalid condition id : Cortex-A Device cause : null
2025-03-19 13:06:22,978 [WARN] PackLoader:240 - Cannot read IP mode file for STMicroelectronics.X-CUBE-EEPRMA1.5.1.0
2025-03-19 13:06:23,016 [WARN] PackLoader:240 - Cannot read IP mode file for wolfSSL.I-CUBE-wolfSSL.5.7.4
2025-03-19 13:06:23,057 [WARN] PackLoader:240 - Cannot read IP mode file for ITTIA_DB.I-CUBE-ITTIADB.8.9.0
2025-03-19 13:06:23,127 [WARN] PackLoader:240 - Cannot read IP mode file for SEGGER.I-CUBE-embOS.1.3.1
2025-03-19 13:06:23,223 [WARN] PackLoader:240 - Cannot read IP mode file for STMicroelectronics.X-CUBE-ALGOBUILD.1.4.0
2025-03-19 13:06:23,276 [WARN] PackLoader:240 - Cannot read IP mode file for STMicroelectronics.X-CUBE-AI.9.1.0
2025-03-19 13:06:23,343 [WARN] PackLoader:240 - Cannot read IP mode file for STMicroelectronics.X-CUBE-AZRTOS-F4.1.1.0
2025-03-19 13:06:23,385 [WARN] PackLoader:240 - Cannot read IP mode file for STMicroelectronics.X-CUBE-ISPU.2.1.0
2025-03-19 13:06:23,428 [WARN] PackLoader:240 - Cannot read IP mode file for STMicroelectronics.X-CUBE-FREERTOS.1.2.0
2025-03-19 13:06:23,493 [WARN] PackLoader:240 - Cannot read IP mode file for STMicroelectronics.X-CUBE-AZRTOS-L5.2.0.0
2025-03-19 13:06:23,548 [WARN] PackLoader:240 - Cannot read IP mode file for STMicroelectronics.X-CUBE-NFC6.3.1.0
2025-03-19 13:06:23,591 [WARN] PackLoader:240 - Cannot read IP mode file for STMicroelectronics.X-CUBE-DPower.1.2.0
2025-03-19 13:06:23,648 [WARN] PackLoader:240 - Cannot read IP mode file for STMicroelectronics.X-CUBE-AI.9.0.0
2025-03-19 13:06:23,704 [WARN] PackLoader:240 - Cannot read IP mode file for STMicroelectronics.X-CUBE-FREERTOS.1.3.0
2025-03-19 13:06:23,712 [INFO] WebApp:167 - Instantiating new browser for Auth
2025-03-19 13:06:23,746 [WARN] PackLoader:240 - Cannot read IP mode file for STMicroelectronics.X-CUBE-NFC7.1.0.1
2025-03-19 13:06:23,819 [WARN] ConditionMgr:438 - getConditionDescription Invalid condition id : LAN8742 Phy interface Condition cause : null
2025-03-19 13:06:23,820 [WARN] PackLoader:240 - Cannot read IP mode file for STMicroelectronics.X-CUBE-AZRTOS-L4.2.0.0
2025-03-19 13:06:23,822 [WARN] ConditionMgr:1039 - genDependencies : Invalid condition id : LAN8742 Phy interface Condition cause : null
2025-03-19 13:06:23,823 [WARN] ConditionMgr:1039 - genDependencies : Invalid condition id : LAN8742 Phy interface Condition cause : null
2025-03-19 13:06:23,824 [WARN] ConditionMgr:1039 - genDependencies : Invalid condition id : LAN8742 Phy interface Condition cause : null
2025-03-19 13:06:23,868 [WARN] PackLoader:240 - Cannot read IP mode file for STMicroelectronics.X-CUBE-SFXS2LP1.4.0.0
2025-03-19 13:06:23,943 [WARN] PackLoader:240 - Cannot read IP mode file for STMicroelectronics.X-CUBE-AZRTOS-H7.3.3.0
2025-03-19 13:06:23,995 [WARN] PackLoader:240 - Cannot read IP mode file for STMicroelectronics.X-CUBE-IPS.3.0.0
2025-03-19 13:06:24,059 [WARN] ConditionMgr:438 - getConditionDescription Invalid condition id : UX DEVICE CLASS RTOS Condition cause : null
2025-03-19 13:06:24,060 [WARN] ConditionMgr:438 - getConditionDescription Invalid condition id : UX DEVICE CLASS RTOS Condition cause : null
2025-03-19 13:06:24,064 [WARN] PackLoader:240 - Cannot read IP mode file for STMicroelectronics.X-CUBE-AZRTOS-WB.2.0.0
2025-03-19 13:06:24,065 [WARN] ConditionMgr:1039 - genDependencies : Invalid condition id : UX DEVICE CLASS RTOS Condition cause : null
2025-03-19 13:06:24,066 [WARN] ConditionMgr:1039 - genDependencies : Invalid condition id : UX DEVICE CLASS RTOS Condition cause : null
2025-03-19 13:06:24,067 [WARN] ConditionMgr:1039 - genDependencies : Invalid condition id : UX DEVICE CLASS RTOS Condition cause : null
2025-03-19 13:06:24,068 [WARN] ConditionMgr:1039 - genDependencies : Invalid condition id : UX DEVICE CLASS RTOS Condition cause : null
2025-03-19 13:06:24,068 [WARN] ConditionMgr:1039 - genDependencies : Invalid condition id : UX DEVICE CLASS RTOS Condition cause : null
2025-03-19 13:06:24,201 [WARN] PackLoader:240 - Cannot read IP mode file for STMicroelectronics.X-CUBE-GNSS1.7.0.0
2025-03-19 13:06:24,239 [WARN] PackLoader:240 - Cannot read IP mode file for STMicroelectronics.X-CUBE-GNSS1.7.0.1
2025-03-19 13:06:24,281 [WARN] PackLoader:240 - Cannot read IP mode file for STMicroelectronics.X-CUBE-TOUCHGFX.4.25.0
2025-03-19 13:06:24,336 [WARN] PackLoader:240 - Cannot read IP mode file for STMicroelectronics.FP-SNS-STBOX1.2.0.0
2025-03-19 13:06:24,389 [WARN] PackLoader:240 - Cannot read IP mode file for STMicroelectronics.X-CUBE-SUBG2.5.0.0
2025-03-19 13:06:24,480 [WARN] PackLoader:240 - Cannot read IP mode file for STMicroelectronics.X-CUBE-AZRTOS-H7RS.1.1.0
2025-03-19 13:06:24,543 [WARN] PackLoader:240 - Cannot read IP mode file for Cesanta.I-CUBE-Mongoose.7.13.0
2025-03-19 13:06:24,605 [WARN] PackLoader:240 - Cannot read IP mode file for STMicroelectronics.X-CUBE-AZRTOS-G4.2.0.0
2025-03-19 13:06:24,645 [WARN] PackLoader:240 - Cannot read IP mode file for STMicroelectronics.X-CUBE-ISPU.2.0.0
2025-03-19 13:06:24,694 [ERROR] Engine:466 - C:\Users\talur\.stm32cubemx\thirdparties\pdsc\STMicroelectronics.X-CUBE-IPS.3.1.0.pdsc: PDSC version is not supported
2025-03-19 13:06:24,733 [WARN] PackLoader:240 - Cannot read IP mode file for STMicroelectronics.X-CUBE-ALS.1.0.2
2025-03-19 13:06:24,772 [WARN] PackLoader:240 - Cannot read IP mode file for STMicroelectronics.X-CUBE-TOUCHGFX.4.24.0
2025-03-19 13:06:24,807 [WARN] PackLoader:240 - Cannot read IP mode file for STMicroelectronics.X-CUBE-TOUCHGFX.4.24.2
2025-03-19 13:06:24,841 [WARN] PackLoader:240 - Cannot read IP mode file for STMicroelectronics.X-CUBE-TOUCHGFX.4.24.1
2025-03-19 13:06:24,885 [WARN] PackLoader:240 - Cannot read IP mode file for wolfSSL.I-CUBE-wolfTPM.3.4.0
2025-03-19 13:06:24,925 [WARN] PackLoader:240 - Cannot read IP mode file for portGmbH.I-Cube-SoM-uGOAL.1.1.0
2025-03-19 13:06:24,987 [WARN] PackLoader:240 - Cannot read IP mode file for STMicroelectronics.X-CUBE-AZRTOS-H7RS.1.0.0
2025-03-19 13:06:25,031 [WARN] PackLoader:240 - Cannot read IP mode file for STMicroelectronics.FP-ATR-ASTRA1.2.0.0
2025-03-19 13:06:25,075 [WARN] PackLoader:240 - Cannot read IP mode file for STMicroelectronics.X-CUBE-TOF1.3.4.2
2025-03-19 13:06:25,144 [WARN] PackLoader:240 - Cannot read IP mode file for Infineon.AIROC-Wi-Fi-Bluetooth-STM32.1.6.1
2025-03-19 13:06:25,242 [WARN] PackLoader:240 - Cannot read IP mode file for wolfSSL.I-CUBE-wolfSSH.1.4.17
2025-03-19 13:06:25,244 [INFO] ThirdParty:978 - Integrity check success = true
2025-03-19 13:06:25,244 [INFO] IntegrityCheckThread:100 - exiting critical section [integrity check]
2025-03-19 13:06:25,245 [INFO] IntegrityCheckThread:103 - End integrity checks thread
2025-03-19 13:06:25,941 [INFO] WebApp:448 - Apply proxy settings
2025-03-19 13:06:25,942 [INFO] WebApp:533 - Chromium requires no authentication
2025-03-19 13:06:25,961 [INFO] WebApp:476 - Direct internet connection detected
2025-03-19 13:06:26,011 [INFO] WebApp:869 - Register for checkConnection events
2025-03-19 13:06:26,012 [INFO] WebApp:448 - Apply proxy settings
2025-03-19 13:06:26,012 [INFO] WebApp:533 - Chromium requires no authentication
2025-03-19 13:06:26,013 [INFO] WebApp:476 - Direct internet connection detected
2025-03-19 13:06:26,354 [INFO] WebApp:186 - Connection restablished
2025-03-19 13:06:26,414 [INFO] WebApp:220 - Starting web application
2025-03-19 13:06:26,415 [INFO] WebApp:578 - Web application path used C:\ST\STM32CubeIDE_1.16.1\STM32CubeIDE\plugins\com.st.stm32cube.common.mx_6.12.1.202409122256\db\plugins\mcufinder\reactClient1\index.html
2025-03-19 16:00:16,620 [INFO] WebApp:189 - Connection lost
2025-03-19 16:00:17,288 [INFO] WebApp:186 - Connection restablished
2025-03-19 16:00:19,354 [INFO] WebApp:189 - Connection lost
2025-03-19 16:00:19,638 [INFO] WebApp:186 - Connection restablished
2025-03-19 18:33:36,604 [INFO] WebApp:189 - Connection lost
2025-03-19 18:33:37,118 [INFO] WebApp:186 - Connection restablished
2025-03-19 18:33:39,506 [INFO] WebApp:189 - Connection lost
2025-03-19 18:33:39,912 [INFO] WebApp:186 - Connection restablished
2025-03-19 19:00:43,303 [INFO] WebApp:189 - Connection lost
2025-03-19 19:01:01,560 [INFO] WebApp:186 - Connection restablished
2025-03-19 19:01:39,026 [INFO] WebApp:189 - Connection lost
2025-03-19 19:01:45,008 [INFO] WebApp:186 - Connection restablished
2025-03-19 19:12:47,166 [ERROR] LogOutputStream:75 - [STDERR_REDIRECT] 
2025-03-19 19:12:47,167 [ERROR] LogOutputStream:75 - [STDERR_REDIRECT] 
